<?xml version="1.0" encoding="UTF-8"?>
<testsuite name="home.kafka.consumer.KafkaTopologyTest" tests="1" skipped="0" failures="0" errors="0" timestamp="2018-03-21T08:06:23" hostname="alex-pc" time="14.387">
  <properties/>
  <testcase name="testTopology" classname="home.kafka.consumer.KafkaTopologyTest" time="14.387"/>
  <system-out><![CDATA[09:06:19.649 [Test worker] DEBUG org.springframework.test.context.junit4.SpringJUnit4ClassRunner - SpringJUnit4ClassRunner constructor called with [class home.kafka.consumer.KafkaTopologyTest]
09:06:19.656 [Test worker] DEBUG org.springframework.test.context.BootstrapUtils - Instantiating CacheAwareContextLoaderDelegate from class [org.springframework.test.context.cache.DefaultCacheAwareContextLoaderDelegate]
09:06:19.661 [Test worker] DEBUG org.springframework.test.context.BootstrapUtils - Instantiating BootstrapContext using constructor [public org.springframework.test.context.support.DefaultBootstrapContext(java.lang.Class,org.springframework.test.context.CacheAwareContextLoaderDelegate)]
09:06:19.673 [Test worker] DEBUG org.springframework.test.context.BootstrapUtils - Instantiating TestContextBootstrapper for test class [home.kafka.consumer.KafkaTopologyTest] from class [org.springframework.boot.test.context.SpringBootTestContextBootstrapper]
09:06:19.680 [Test worker] INFO org.springframework.boot.test.context.SpringBootTestContextBootstrapper - Neither @ContextConfiguration nor @ContextHierarchy found for test class [home.kafka.consumer.KafkaTopologyTest], using SpringBootContextLoader
09:06:19.691 [Test worker] DEBUG org.springframework.test.context.support.AbstractContextLoader - Did not detect default resource location for test class [home.kafka.consumer.KafkaTopologyTest]: class path resource [home/kafka/consumer/KafkaTopologyTest-context.xml] does not exist
09:06:19.692 [Test worker] DEBUG org.springframework.test.context.support.AbstractContextLoader - Did not detect default resource location for test class [home.kafka.consumer.KafkaTopologyTest]: class path resource [home/kafka/consumer/KafkaTopologyTestContext.groovy] does not exist
09:06:19.692 [Test worker] INFO org.springframework.test.context.support.AbstractContextLoader - Could not detect default resource locations for test class [home.kafka.consumer.KafkaTopologyTest]: no resource found for suffixes {-context.xml, Context.groovy}.
09:06:19.730 [Test worker] DEBUG org.springframework.test.context.support.ActiveProfilesUtils - Could not find an 'annotation declaring class' for annotation type [org.springframework.test.context.ActiveProfiles] and class [home.kafka.consumer.KafkaTopologyTest]
09:06:19.823 [Test worker] DEBUG org.springframework.boot.test.context.SpringBootTestContextBootstrapper - @TestExecutionListeners is not present for class [home.kafka.consumer.KafkaTopologyTest]: using defaults.
09:06:19.824 [Test worker] INFO org.springframework.boot.test.context.SpringBootTestContextBootstrapper - Loaded default TestExecutionListener class names from location [META-INF/spring.factories]: [org.springframework.boot.test.autoconfigure.restdocs.RestDocsTestExecutionListener, org.springframework.boot.test.autoconfigure.web.client.MockRestServiceServerResetTestExecutionListener, org.springframework.boot.test.autoconfigure.web.servlet.MockMvcPrintOnlyOnFailureTestExecutionListener, org.springframework.boot.test.autoconfigure.web.servlet.WebDriverTestExecutionListener, org.springframework.boot.test.mock.mockito.MockitoTestExecutionListener, org.springframework.boot.test.mock.mockito.ResetMocksTestExecutionListener, org.springframework.test.context.web.ServletTestExecutionListener, org.springframework.test.context.support.DirtiesContextBeforeModesTestExecutionListener, org.springframework.test.context.support.DependencyInjectionTestExecutionListener, org.springframework.test.context.support.DirtiesContextTestExecutionListener, org.springframework.test.context.transaction.TransactionalTestExecutionListener, org.springframework.test.context.jdbc.SqlScriptsTestExecutionListener]
09:06:19.828 [Test worker] DEBUG org.springframework.boot.test.context.SpringBootTestContextBootstrapper - Skipping candidate TestExecutionListener [org.springframework.test.context.web.ServletTestExecutionListener] due to a missing dependency. Specify custom listener classes or make the default listener classes and their required dependencies available. Offending class: [javax/servlet/ServletContext]
09:06:19.891 [Test worker] INFO org.springframework.boot.test.context.SpringBootTestContextBootstrapper - Using TestExecutionListeners: [org.springframework.test.context.support.DirtiesContextBeforeModesTestExecutionListener@2cd11585, org.springframework.boot.test.mock.mockito.MockitoTestExecutionListener@4c1209c9, org.springframework.boot.test.autoconfigure.SpringBootDependencyInjectionTestExecutionListener@17c18206, org.springframework.test.context.support.DirtiesContextTestExecutionListener@b889d51, org.springframework.test.context.transaction.TransactionalTestExecutionListener@2f51dc98, org.springframework.test.context.jdbc.SqlScriptsTestExecutionListener@7351d4fa, org.springframework.boot.test.autoconfigure.restdocs.RestDocsTestExecutionListener@689ba924, org.springframework.boot.test.autoconfigure.web.client.MockRestServiceServerResetTestExecutionListener@27b6c373, org.springframework.boot.test.autoconfigure.web.servlet.MockMvcPrintOnlyOnFailureTestExecutionListener@6227e01, org.springframework.boot.test.autoconfigure.web.servlet.WebDriverTestExecutionListener@7ba99c3b, org.springframework.boot.test.mock.mockito.ResetMocksTestExecutionListener@4e4ed8e3]
09:06:19.893 [Test worker] DEBUG org.springframework.test.annotation.ProfileValueUtils - Retrieved @ProfileValueSourceConfiguration [null] for test class [home.kafka.consumer.KafkaTopologyTest]
09:06:19.893 [Test worker] DEBUG org.springframework.test.annotation.ProfileValueUtils - Retrieved ProfileValueSource type [class org.springframework.test.annotation.SystemProfileValueSource] for class [home.kafka.consumer.KafkaTopologyTest]
09:06:19.893 [Test worker] DEBUG org.springframework.test.annotation.ProfileValueUtils - Retrieved @ProfileValueSourceConfiguration [null] for test class [home.kafka.consumer.KafkaTopologyTest]
09:06:19.893 [Test worker] DEBUG org.springframework.test.annotation.ProfileValueUtils - Retrieved ProfileValueSource type [class org.springframework.test.annotation.SystemProfileValueSource] for class [home.kafka.consumer.KafkaTopologyTest]
09:06:19.896 [Test worker] DEBUG org.springframework.test.annotation.ProfileValueUtils - Retrieved @ProfileValueSourceConfiguration [null] for test class [home.kafka.consumer.KafkaTopologyTest]
09:06:19.896 [Test worker] DEBUG org.springframework.test.annotation.ProfileValueUtils - Retrieved ProfileValueSource type [class org.springframework.test.annotation.SystemProfileValueSource] for class [home.kafka.consumer.KafkaTopologyTest]
09:06:20.026 [Test worker] INFO org.apache.zookeeper.server.ZooKeeperServer - Server environment:zookeeper.version=3.4.10-39d3a4f269333c922ed3db283be479f9deacaa0f, built on 03/23/2017 10:13 GMT
09:06:20.026 [Test worker] INFO org.apache.zookeeper.server.ZooKeeperServer - Server environment:host.name=alex-pc
09:06:20.026 [Test worker] INFO org.apache.zookeeper.server.ZooKeeperServer - Server environment:java.version=9.0.4
09:06:20.026 [Test worker] INFO org.apache.zookeeper.server.ZooKeeperServer - Server environment:java.vendor=Oracle Corporation
09:06:20.027 [Test worker] INFO org.apache.zookeeper.server.ZooKeeperServer - Server environment:java.home=/usr/lib/jvm/java-9-openjdk
09:06:20.027 [Test worker] INFO org.apache.zookeeper.server.ZooKeeperServer - Server environment:java.class.path=/home/alex/.gradle/caches/4.5.1/workerMain/gradle-worker.jar:/home/alex/src/tetralog-examples/kafka-consumer-earning/build/classes/java/test:/home/alex/src/tetralog-examples/kafka-consumer-earning/build/resources/test:/home/alex/src/tetralog-examples/kafka-consumer-earning/build/classes/java/main:/home/alex/src/tetralog-examples/kafka-consumer-earning/build/resources/main:/home/alex/.gradle/caches/modules-2/files-2.1/org.springframework.boot/spring-boot-starter-actuator/2.0.0.RELEASE/22d7f64be5452ddad3fd0d651c818de658a18f3e/spring-boot-starter-actuator-2.0.0.RELEASE.jar:/home/alex/.gradle/caches/modules-2/files-2.1/org.springframework.boot/spring-boot-starter-webflux/2.0.0.RELEASE/e62ffe86d692cc5cc1e1cd5e96c27e524c1bb8fd/spring-boot-starter-webflux-2.0.0.RELEASE.jar:/home/alex/.m2/repository/home/kafka-payload/1.2/kafka-payload-1.2.jar:/home/alex/.gradle/caches/modules-2/files-2.1/org.springframework.kafka/spring-kafka/2.1.4.RELEASE/a3c791ec3fc4948df7450311ecaed03263908fd2/spring-kafka-2.1.4.RELEASE.jar:/home/alex/.gradle/caches/modules-2/files-2.1/org.apache.kafka/kafka-streams/1.0.0/a6c87c367176beb7650eb2df173fd9fe6e38656f/kafka-streams-1.0.0.jar:/home/alex/.gradle/caches/modules-2/files-2.1/javax.xml.bind/jaxb-api/2.2.8/f0287831b3e3550b82b5bd19152d460061859ce6/jaxb-api-2.2.8.jar:/home/alex/.gradle/caches/modules-2/files-2.1/org.springframework.boot/spring-boot-starter-test/2.0.0.RELEASE/4ff0e1d9bd315a4a5867e9c6128691cac8b37348/spring-boot-starter-test-2.0.0.RELEASE.jar:/home/alex/.gradle/caches/modules-2/files-2.1/io.projectreactor/reactor-test/3.1.5.RELEASE/d54acad5cead02ad02821945161724e42389bd7c/reactor-test-3.1.5.RELEASE.jar:/home/alex/.gradle/caches/modules-2/files-2.1/org.springframework.kafka/spring-kafka-test/2.1.4.RELEASE/75f2e32e5298836783cd824b5e4387b92a97b0e/spring-kafka-test-2.1.4.RELEASE.jar:/home/alex/.gradle/caches/modules-2/files-2.1/org.springframework.boot/spring-boot-starter-json/2.0.0.RELEASE/5a09c939d8bd60d7f163c1c0c20a3127ba9fffa/spring-boot-starter-json-2.0.0.RELEASE.jar:/home/alex/.gradle/caches/modules-2/files-2.1/org.springframework.boot/spring-boot-starter/2.0.0.RELEASE/6d7d8e4bf053cd1833f3c7dbce676bc274f0892f/spring-boot-starter-2.0.0.RELEASE.jar:/home/alex/.gradle/caches/modules-2/files-2.1/org.springframework.boot/spring-boot-actuator-autoconfigure/2.0.0.RELEASE/ffaa094aef881dbb30621f6f042dcfec125ffe9/spring-boot-actuator-autoconfigure-2.0.0.RELEASE.jar:/home/alex/.gradle/caches/modules-2/files-2.1/io.micrometer/micrometer-core/1.0.1/698281b5829a16ddea19f3a5d4414d7ece1d3f11/micrometer-core-1.0.1.jar:/home/alex/.gradle/caches/modules-2/files-2.1/org.springframework.boot/spring-boot-starter-reactor-netty/2.0.0.RELEASE/73645f53ad7a9ecac382e15b85f6a04a45615e36/spring-boot-starter-reactor-netty-2.0.0.RELEASE.jar:/home/alex/.gradle/caches/modules-2/files-2.1/org.hibernate.validator/hibernate-validator/6.0.7.Final/8b9d9c7ec8c73963ea0fe81912fc67711a4ef76/hibernate-validator-6.0.7.Final.jar:/home/alex/.gradle/caches/modules-2/files-2.1/org.springframework/spring-webflux/5.0.4.RELEASE/4439ead1f8e413f7ae920704fb35b5b5a8847f1d/spring-webflux-5.0.4.RELEASE.jar:/home/alex/.gradle/caches/modules-2/files-2.1/org.springframework/spring-web/5.0.4.RELEASE/9565bbc67bf1a850a6505deaa5103931712a7b80/spring-web-5.0.4.RELEASE.jar:/home/alex/.gradle/caches/modules-2/files-2.1/org.synchronoss.cloud/nio-multipart-parser/1.1.0/c6c417fec6612584b1c34d4dd98c5a4e47e8c754/nio-multipart-parser-1.1.0.jar:/home/alex/.gradle/caches/modules-2/files-2.1/org.springframework.boot/spring-boot-test-autoconfigure/2.0.0.RELEASE/db0595321e96929d9473cf061f3408972d03c6aa/spring-boot-test-autoconfigure-2.0.0.RELEASE.jar:/home/alex/.gradle/caches/modules-2/files-2.1/org.springframework.boot/spring-boot-test/2.0.0.RELEASE/1565e78c2801bd3c7ece0a8ddc08e5ed53676878/spring-boot-test-2.0.0.RELEASE.jar:/home/alex/.gradle/caches/modules-2/files-2.1/org.springframework.boot/spring-boot-autoconfigure/2.0.0.RELEASE/c89896a469ecf92996ecba40755919896ace5470/spring-boot-autoconfigure-2.0.0.RELEASE.jar:/home/alex/.gradle/caches/modules-2/files-2.1/org.springframework.boot/spring-boot-actuator/2.0.0.RELEASE/309a5d45b09e361d29c9e7d1def644d70a50173b/spring-boot-actuator-2.0.0.RELEASE.jar:/home/alex/.gradle/caches/modules-2/files-2.1/org.springframework.boot/spring-boot/2.0.0.RELEASE/771da2071ff14a47f108642a641c204ae4ef7b15/spring-boot-2.0.0.RELEASE.jar:/home/alex/.gradle/caches/modules-2/files-2.1/org.springframework/spring-context/5.0.4.RELEASE/3e76d08c851113077642c5704f0f94d5ce58e905/spring-context-5.0.4.RELEASE.jar:/home/alex/.gradle/caches/modules-2/files-2.1/org.springframework/spring-messaging/5.0.4.RELEASE/21c0ee684684c50a6b13eaa894b2ceb3860dff12/spring-messaging-5.0.4.RELEASE.jar:/home/alex/.gradle/caches/modules-2/files-2.1/org.springframework/spring-tx/5.0.4.RELEASE/7afc193c5d2b812ee6d2ccaf6fcc81fb83bfb4a7/spring-tx-5.0.4.RELEASE.jar:/home/alex/.gradle/caches/modules-2/files-2.1/org.springframework.retry/spring-retry/1.2.2.RELEASE/638928732585c450e461f0a132b6834ad7cf3af0/spring-retry-1.2.2.RELEASE.jar:/home/alex/.gradle/caches/modules-2/files-2.1/org.apache.kafka/kafka_2.11/1.0.0/c21875affc4842d83c4590d61614fec7f99325b1/kafka_2.11-1.0.0.jar:/home/alex/.gradle/caches/modules-2/files-2.1/org.apache.kafka/kafka_2.11/1.0.0/6be10c39e6d5033c6aca1f64446d205c60b0dd19/kafka_2.11-1.0.0-test.jar:/home/alex/.gradle/caches/modules-2/files-2.1/org.apache.kafka/connect-json/1.0.0/4bcd05d3bcc2f04673407b2c483d783362677f0e/connect-json-1.0.0.jar:/home/alex/.gradle/caches/modules-2/files-2.1/org.apache.kafka/connect-api/1.0.0/ef429b6530db431bf8611aaebe6796fbb72499c/connect-api-1.0.0.jar:/home/alex/.gradle/caches/modules-2/files-2.1/org.apache.kafka/kafka-clients/1.0.0/98a12cfff3a5b7ca77e68aba7adccfd817b2d846/kafka-clients-1.0.0.jar:/home/alex/.gradle/caches/modules-2/files-2.1/org.apache.kafka/kafka-clients/1.0.0/33c05e2e1b33bf68ce5c8bb39b0ba7c2ac0338df/kafka-clients-1.0.0-test.jar:/home/alex/.gradle/caches/modules-2/files-2.1/com.jayway.jsonpath/json-path/2.4.0/765a4401ceb2dc8d40553c2075eb80a8fa35c2ae/json-path-2.4.0.jar:/home/alex/.gradle/caches/modules-2/files-2.1/org.synchronoss.cloud/nio-stream-storage/1.1.3/986dba5f6e5eed20f0dba6ddc8e8a64a9ebdc2f3/nio-stream-storage-1.1.3.jar:/home/alex/.gradle/caches/modules-2/files-2.1/com.yammer.metrics/metrics-core/2.2.0/f82c035cfa786d3cbec362c38c22a5f5b1bc8724/metrics-core-2.2.0.jar:/home/alex/.gradle/caches/modules-2/files-2.1/com.101tec/zkclient/0.10/c54d4b5a5e89af75a80b6d5857400165ce5188d0/zkclient-0.10.jar:/home/alex/.gradle/caches/modules-2/files-2.1/org.springframework.boot/spring-boot-starter-logging/2.0.0.RELEASE/fe939b71659ef1f98a53cce0b5bcf771685cf6a6/spring-boot-starter-logging-2.0.0.RELEASE.jar:/home/alex/.gradle/caches/modules-2/files-2.1/ch.qos.logback/logback-classic/1.2.3/7c4f3c474fb2c041d8028740440937705ebb473a/logback-classic-1.2.3.jar:/home/alex/.gradle/caches/modules-2/files-2.1/org.apache.logging.log4j/log4j-to-slf4j/2.10.0/f7e631ccf49cfc0aefa4a2a728da7d374c05bd3c/log4j-to-slf4j-2.10.0.jar:/home/alex/.gradle/caches/modules-2/files-2.1/org.slf4j/jul-to-slf4j/1.7.25/af5364cd6679bfffb114f0dec8a157aaa283b76/jul-to-slf4j-1.7.25.jar:/home/alex/.gradle/caches/modules-2/files-2.1/org.apache.zookeeper/zookeeper/3.4.10/8eebdbb7a9df83e02eaa42d0e5da0b57bf2e4da/zookeeper-3.4.10.jar:/home/alex/.gradle/caches/modules-2/files-2.1/org.slf4j/slf4j-api/1.7.25/da76ca59f6a57ee3102f8f9bd9cee742973efa8a/slf4j-api-1.7.25.jar:/home/alex/.gradle/caches/modules-2/files-2.1/org.rocksdb/rocksdbjni/5.7.3/421b44ad957a2b6cce5adedc204db551831b553d/rocksdbjni-5.7.3.jar:/home/alex/.gradle/caches/modules-2/files-2.1/com.fasterxml.jackson.datatype/jackson-datatype-jsr310/2.9.4/12d52679a6615c7972ea25bd8ebb60b191fe79b7/jackson-datatype-jsr310-2.9.4.jar:/home/alex/.gradle/caches/modules-2/files-2.1/com.fasterxml.jackson.datatype/jackson-datatype-jdk8/2.9.4/63ac052d52a70a15820d3dc07ea757826fd51d40/jackson-datatype-jdk8-2.9.4.jar:/home/alex/.gradle/caches/modules-2/files-2.1/com.fasterxml.jackson.module/jackson-module-parameter-names/2.9.4/5833c819877c3e85bad847f4d2fa4e70379217c6/jackson-module-parameter-names-2.9.4.jar:/home/alex/.gradle/caches/modules-2/files-2.1/com.fasterxml.jackson.core/jackson-databind/2.9.4/498bbc3b94f566982c7f7c6d4d303fce365529be/jackson-databind-2.9.4.jar:/home/alex/.gradle/caches/modules-2/files-2.1/com.fasterxml.jackson.core/jackson-core/2.9.4/a9a71ec1aa37da47db168fede9a4a5fb5e374320/jackson-core-2.9.4.jar:/home/alex/.gradle/caches/modules-2/files-2.1/junit/junit/4.12/2973d150c0dc1fefe998f834810d68f278ea58ec/junit-4.12.jar:/home/alex/.gradle/caches/modules-2/files-2.1/org.assertj/assertj-core/3.9.1/c5ce126b15f28d56cd8f960c1a6a058b9c9aea87/assertj-core-3.9.1.jar:/home/alex/.gradle/caches/modules-2/files-2.1/org.mockito/mockito-core/2.15.0/b84bfbbc29cd22c9529409627af6ea2897f4fa85/mockito-core-2.15.0.jar:/home/alex/.gradle/caches/modules-2/files-2.1/org.hamcrest/hamcrest-library/1.3/4785a3c21320980282f9f33d0d1264a69040538f/hamcrest-library-1.3.jar:/home/alex/.gradle/caches/modules-2/files-2.1/org.hamcrest/hamcrest-core/1.3/42a25dc3219429f0e5d060061f71acb49bf010a0/hamcrest-core-1.3.jar:/home/alex/.gradle/caches/modules-2/files-2.1/org.skyscreamer/jsonassert/1.5.0/6c9d5fe2f59da598d9aefc1cfc6528ff3cf32df3/jsonassert-1.5.0.jar:/home/alex/.gradle/caches/modules-2/files-2.1/org.springframework/spring-test/5.0.4.RELEASE/3fc10b6535a113593fa8780951465012a7677e21/spring-test-5.0.4.RELEASE.jar:/home/alex/.gradle/caches/modules-2/files-2.1/org.springframework/spring-aop/5.0.4.RELEASE/f8e029e54c0267dadb6b9f713f3feb54ec4f3a0e/spring-aop-5.0.4.RELEASE.jar:/home/alex/.gradle/caches/modules-2/files-2.1/org.springframework/spring-beans/5.0.4.RELEASE/7a8c3d48d4c33621e64d1399721d8e067450fcbd/spring-beans-5.0.4.RELEASE.jar:/home/alex/.gradle/caches/modules-2/files-2.1/org.springframework/spring-expression/5.0.4.RELEASE/4bda161f2e34c1486f2527a23eb47293567f473c/spring-expression-5.0.4.RELEASE.jar:/home/alex/.gradle/caches/modules-2/files-2.1/org.springframework/spring-core/5.0.4.RELEASE/2221a957b5561a34f044350ba4e30ef5870254a3/spring-core-5.0.4.RELEASE.jar:/home/alex/.gradle/caches/modules-2/files-2.1/org.xmlunit/xmlunit-core/2.5.1/4ffdb346572a7356f7521cd3119ce5287d2e339d/xmlunit-core-2.5.1.jar:/home/alex/.gradle/caches/modules-2/files-2.1/io.projectreactor.ipc/reactor-netty/0.7.5.RELEASE/a0153cc761873de10de654a5d3fb580f760d5a79/reactor-netty-0.7.5.RELEASE.jar:/home/alex/.gradle/caches/modules-2/files-2.1/io.projectreactor/reactor-core/3.1.5.RELEASE/bae1d739d0eaf1466ca7d78c4a7b1d0502849658/reactor-core-3.1.5.RELEASE.jar:/home/alex/.gradle/caches/modules-2/files-2.1/javax.annotation/javax.annotation-api/1.3.2/934c04d3cfef185a8008e7bf34331b79730a9d43/javax.annotation-api-1.3.2.jar:/home/alex/.gradle/caches/modules-2/files-2.1/org.yaml/snakeyaml/1.19/2d998d3d674b172a588e54ab619854d073f555b5/snakeyaml-1.19.jar:/home/alex/.gradle/caches/modules-2/files-2.1/org.hdrhistogram/HdrHistogram/2.1.10/9e1ac84eed220281841b75e72fb9de5a297fbf04/HdrHistogram-2.1.10.jar:/home/alex/.gradle/caches/modules-2/files-2.1/org.latencyutils/LatencyUtils/2.0.3/769c0b82cb2421c8256300e907298a9410a2a3d3/LatencyUtils-2.0.3.jar:/home/alex/.gradle/caches/modules-2/files-2.1/javax.validation/validation-api/2.0.1.Final/cb855558e6271b1b32e716d24cb85c7f583ce09e/validation-api-2.0.1.Final.jar:/home/alex/.gradle/caches/modules-2/files-2.1/org.jboss.logging/jboss-logging/3.3.2.Final/3789d00e859632e6c6206adc0c71625559e6e3b0/jboss-logging-3.3.2.Final.jar:/home/alex/.gradle/caches/modules-2/files-2.1/com.fasterxml/classmate/1.3.4/3d5f48f10bbe4eb7bd862f10c0583be2e0053c6/classmate-1.3.4.jar:/home/alex/.gradle/caches/modules-2/files-2.1/org.lz4/lz4-java/1.4/9bedb74f461a87ff2161bdf0778ad8ca6bad3e1c/lz4-java-1.4.jar:/home/alex/.gradle/caches/modules-2/files-2.1/org.xerial.snappy/snappy-java/1.1.4/d94ae6d7d27242eaa4b6c323f881edbb98e48da6/snappy-java-1.1.4.jar:/home/alex/.gradle/caches/modules-2/files-2.1/com.fasterxml.jackson.core/jackson-annotations/2.9.0/7c10d545325e3a6e72e06381afe469fd40eb701/jackson-annotations-2.9.0.jar:/home/alex/.gradle/caches/modules-2/files-2.1/net.minidev/json-smart/2.3/7396407491352ce4fa30de92efb158adb76b5b/json-smart-2.3.jar:/home/alex/.gradle/caches/modules-2/files-2.1/net.bytebuddy/byte-buddy/1.7.10/3c8ec287c0a5bd04b1e3f11723bc46a50346602b/byte-buddy-1.7.10.jar:/home/alex/.gradle/caches/modules-2/files-2.1/net.bytebuddy/byte-buddy-agent/1.7.10/9b092a8fb9112b89f6cb23fc929cfb931b14007b/byte-buddy-agent-1.7.10.jar:/home/alex/.gradle/caches/modules-2/files-2.1/org.objenesis/objenesis/2.6/639033469776fd37c08358c6b92a4761feb2af4b/objenesis-2.6.jar:/home/alex/.gradle/caches/modules-2/files-2.1/com.vaadin.external.google/android-json/0.0.20131108.vaadin1/fa26d351fe62a6a17f5cda1287c1c6110dec413f/android-json-0.0.20131108.vaadin1.jar:/home/alex/.gradle/caches/modules-2/files-2.1/org.springframework/spring-jcl/5.0.4.RELEASE/3053e2bad0a18571bdbb9596ce51f9d458f5934f/spring-jcl-5.0.4.RELEASE.jar:/home/alex/.gradle/caches/modules-2/files-2.1/org.reactivestreams/reactive-streams/1.0.2/323964c36556eb0e6209f65c1cef72b53b461ab8/reactive-streams-1.0.2.jar:/home/alex/.gradle/caches/modules-2/files-2.1/net.sf.jopt-simple/jopt-simple/5.0.4/4fdac2fbe92dfad86aa6e9301736f6b4342a3f5c/jopt-simple-5.0.4.jar:/home/alex/.gradle/caches/modules-2/files-2.1/org.scala-lang/scala-library/2.11.11/e283d2b7fde6504f6a86458b1f6af465353907cc/scala-library-2.11.11.jar:/home/alex/.gradle/caches/modules-2/files-2.1/io.netty/netty-handler-proxy/4.1.22.Final/8eabe24f0b8e95d0873964666ad070179ca81e72/netty-handler-proxy-4.1.22.Final.jar:/home/alex/.gradle/caches/modules-2/files-2.1/io.netty/netty-codec-http/4.1.22.Final/3805f3ca0d57630200defc7f9bb6ed3382dcb10b/netty-codec-http-4.1.22.Final.jar:/home/alex/.gradle/caches/modules-2/files-2.1/io.netty/netty-handler/4.1.22.Final/a3a16b17d5a5ed6f784b0daba95e28d940356109/netty-handler-4.1.22.Final.jar:/home/alex/.gradle/caches/modules-2/files-2.1/io.netty/netty-transport-native-epoll/4.1.22.Final/8d2149a9381fe8e38c44a9433d752aaa060bd4d3/netty-transport-native-epoll-4.1.22.Final.jar:/home/alex/.gradle/caches/modules-2/files-2.1/net.minidev/accessors-smart/1.2/c592b500269bfde36096641b01238a8350f8aa31/accessors-smart-1.2.jar:/home/alex/.gradle/caches/modules-2/files-2.1/ch.qos.logback/logback-core/1.2.3/864344400c3d4d92dfeb0a305dc87d953677c03c/logback-core-1.2.3.jar:/home/alex/.gradle/caches/modules-2/files-2.1/org.apache.logging.log4j/log4j-api/2.10.0/fec5797a55b786184a537abd39c3fa1449d752d6/log4j-api-2.10.0.jar:/home/alex/.gradle/caches/modules-2/files-2.1/io.netty/netty-codec-socks/4.1.22.Final/d077b39da2dedc5dc5db50a44e5f4c30353e86f3/netty-codec-socks-4.1.22.Final.jar:/home/alex/.gradle/caches/modules-2/files-2.1/io.netty/netty-codec/4.1.22.Final/239c0af275952e70bb4adf7cf8c03d88ddc394c9/netty-codec-4.1.22.Final.jar:/home/alex/.gradle/caches/modules-2/files-2.1/io.netty/netty-transport-native-unix-common/4.1.22.Final/6bacdbb3711aa9db2984da0b0ed7c5bc838136d2/netty-transport-native-unix-common-4.1.22.Final.jar:/home/alex/.gradle/caches/modules-2/files-2.1/io.netty/netty-transport/4.1.22.Final/3bd455cd9e5e5fb2e08fd9cd0acfa54c079ca989/netty-transport-4.1.22.Final.jar:/home/alex/.gradle/caches/modules-2/files-2.1/io.netty/netty-buffer/4.1.22.Final/15e964a2095031364f534a6e21977f5ee9ca32a9/netty-buffer-4.1.22.Final.jar:/home/alex/.gradle/caches/modules-2/files-2.1/io.netty/netty-resolver/4.1.22.Final/b5484d17a97cb57b07d2a1ac092c249e47234c17/netty-resolver-4.1.22.Final.jar:/home/alex/.gradle/caches/modules-2/files-2.1/io.netty/netty-common/4.1.22.Final/56ff4deca53fc791ed59ac2b72eb6718714a4de9/netty-common-4.1.22.Final.jar:/home/alex/.gradle/caches/modules-2/files-2.1/org.ow2.asm/asm/5.0.4/da08b8cce7bbf903602a25a3a163ae252435795/asm-5.0.4.jar:/home/alex/.gradle/caches/modules-2/files-2.1/log4j/log4j/1.2.16/7999a63bfccbc7c247a9aea10d83d4272bd492c6/log4j-1.2.16.jar
09:06:20.030 [Test worker] INFO org.apache.zookeeper.server.ZooKeeperServer - Server environment:java.library.path=/usr/java/packages/lib:/usr/lib64:/lib64:/lib:/usr/lib
09:06:20.030 [Test worker] INFO org.apache.zookeeper.server.ZooKeeperServer - Server environment:java.io.tmpdir=/tmp
09:06:20.030 [Test worker] INFO org.apache.zookeeper.server.ZooKeeperServer - Server environment:java.compiler=<NA>
09:06:20.030 [Test worker] INFO org.apache.zookeeper.server.ZooKeeperServer - Server environment:os.name=Linux
09:06:20.030 [Test worker] INFO org.apache.zookeeper.server.ZooKeeperServer - Server environment:os.arch=amd64
09:06:20.030 [Test worker] INFO org.apache.zookeeper.server.ZooKeeperServer - Server environment:os.version=4.14.27-1-MANJARO
09:06:20.030 [Test worker] INFO org.apache.zookeeper.server.ZooKeeperServer - Server environment:user.name=alex
09:06:20.030 [Test worker] INFO org.apache.zookeeper.server.ZooKeeperServer - Server environment:user.home=/home/alex
09:06:20.030 [Test worker] INFO org.apache.zookeeper.server.ZooKeeperServer - Server environment:user.dir=/home/alex/src/tetralog-examples/kafka-consumer-earning
09:06:20.031 [Test worker] DEBUG org.apache.zookeeper.server.persistence.FileTxnSnapLog - Opening datadir:/tmp/kafka-15038824487112032816 snapDir:/tmp/kafka-5509948410268468845
09:06:20.038 [Test worker] INFO org.apache.zookeeper.server.ZooKeeperServer - Created server with tickTime 500 minSessionTimeout 1000 maxSessionTimeout 10000 datadir /tmp/kafka-15038824487112032816/version-2 snapdir /tmp/kafka-5509948410268468845/version-2
09:06:20.042 [Test worker] INFO org.apache.zookeeper.server.NIOServerCnxnFactory - binding to port /127.0.0.1:0
09:06:20.053 [Test worker] ERROR org.apache.zookeeper.server.ZooKeeperServer - ZKShutdownHandler is not registered, so ZooKeeper server won't take any action on ERROR or SHUTDOWN server state changes
09:06:20.057 [Test worker] DEBUG org.I0Itec.zkclient.ZkConnection - Creating new ZookKeeper instance to connect to 127.0.0.1:46253.
09:06:20.058 [ZkClient-EventThread-30-127.0.0.1:46253] INFO org.I0Itec.zkclient.ZkEventThread - Starting ZkClient event thread.
09:06:20.060 [Test worker] INFO org.apache.zookeeper.ZooKeeper - Client environment:zookeeper.version=3.4.10-39d3a4f269333c922ed3db283be479f9deacaa0f, built on 03/23/2017 10:13 GMT
09:06:20.060 [Test worker] INFO org.apache.zookeeper.ZooKeeper - Client environment:host.name=alex-pc
09:06:20.060 [Test worker] INFO org.apache.zookeeper.ZooKeeper - Client environment:java.version=9.0.4
09:06:20.060 [Test worker] INFO org.apache.zookeeper.ZooKeeper - Client environment:java.vendor=Oracle Corporation
09:06:20.060 [Test worker] INFO org.apache.zookeeper.ZooKeeper - Client environment:java.home=/usr/lib/jvm/java-9-openjdk
09:06:20.060 [Test worker] INFO org.apache.zookeeper.ZooKeeper - Client environment:java.class.path=/home/alex/.gradle/caches/4.5.1/workerMain/gradle-worker.jar:/home/alex/src/tetralog-examples/kafka-consumer-earning/build/classes/java/test:/home/alex/src/tetralog-examples/kafka-consumer-earning/build/resources/test:/home/alex/src/tetralog-examples/kafka-consumer-earning/build/classes/java/main:/home/alex/src/tetralog-examples/kafka-consumer-earning/build/resources/main:/home/alex/.gradle/caches/modules-2/files-2.1/org.springframework.boot/spring-boot-starter-actuator/2.0.0.RELEASE/22d7f64be5452ddad3fd0d651c818de658a18f3e/spring-boot-starter-actuator-2.0.0.RELEASE.jar:/home/alex/.gradle/caches/modules-2/files-2.1/org.springframework.boot/spring-boot-starter-webflux/2.0.0.RELEASE/e62ffe86d692cc5cc1e1cd5e96c27e524c1bb8fd/spring-boot-starter-webflux-2.0.0.RELEASE.jar:/home/alex/.m2/repository/home/kafka-payload/1.2/kafka-payload-1.2.jar:/home/alex/.gradle/caches/modules-2/files-2.1/org.springframework.kafka/spring-kafka/2.1.4.RELEASE/a3c791ec3fc4948df7450311ecaed03263908fd2/spring-kafka-2.1.4.RELEASE.jar:/home/alex/.gradle/caches/modules-2/files-2.1/org.apache.kafka/kafka-streams/1.0.0/a6c87c367176beb7650eb2df173fd9fe6e38656f/kafka-streams-1.0.0.jar:/home/alex/.gradle/caches/modules-2/files-2.1/javax.xml.bind/jaxb-api/2.2.8/f0287831b3e3550b82b5bd19152d460061859ce6/jaxb-api-2.2.8.jar:/home/alex/.gradle/caches/modules-2/files-2.1/org.springframework.boot/spring-boot-starter-test/2.0.0.RELEASE/4ff0e1d9bd315a4a5867e9c6128691cac8b37348/spring-boot-starter-test-2.0.0.RELEASE.jar:/home/alex/.gradle/caches/modules-2/files-2.1/io.projectreactor/reactor-test/3.1.5.RELEASE/d54acad5cead02ad02821945161724e42389bd7c/reactor-test-3.1.5.RELEASE.jar:/home/alex/.gradle/caches/modules-2/files-2.1/org.springframework.kafka/spring-kafka-test/2.1.4.RELEASE/75f2e32e5298836783cd824b5e4387b92a97b0e/spring-kafka-test-2.1.4.RELEASE.jar:/home/alex/.gradle/caches/modules-2/files-2.1/org.springframework.boot/spring-boot-starter-json/2.0.0.RELEASE/5a09c939d8bd60d7f163c1c0c20a3127ba9fffa/spring-boot-starter-json-2.0.0.RELEASE.jar:/home/alex/.gradle/caches/modules-2/files-2.1/org.springframework.boot/spring-boot-starter/2.0.0.RELEASE/6d7d8e4bf053cd1833f3c7dbce676bc274f0892f/spring-boot-starter-2.0.0.RELEASE.jar:/home/alex/.gradle/caches/modules-2/files-2.1/org.springframework.boot/spring-boot-actuator-autoconfigure/2.0.0.RELEASE/ffaa094aef881dbb30621f6f042dcfec125ffe9/spring-boot-actuator-autoconfigure-2.0.0.RELEASE.jar:/home/alex/.gradle/caches/modules-2/files-2.1/io.micrometer/micrometer-core/1.0.1/698281b5829a16ddea19f3a5d4414d7ece1d3f11/micrometer-core-1.0.1.jar:/home/alex/.gradle/caches/modules-2/files-2.1/org.springframework.boot/spring-boot-starter-reactor-netty/2.0.0.RELEASE/73645f53ad7a9ecac382e15b85f6a04a45615e36/spring-boot-starter-reactor-netty-2.0.0.RELEASE.jar:/home/alex/.gradle/caches/modules-2/files-2.1/org.hibernate.validator/hibernate-validator/6.0.7.Final/8b9d9c7ec8c73963ea0fe81912fc67711a4ef76/hibernate-validator-6.0.7.Final.jar:/home/alex/.gradle/caches/modules-2/files-2.1/org.springframework/spring-webflux/5.0.4.RELEASE/4439ead1f8e413f7ae920704fb35b5b5a8847f1d/spring-webflux-5.0.4.RELEASE.jar:/home/alex/.gradle/caches/modules-2/files-2.1/org.springframework/spring-web/5.0.4.RELEASE/9565bbc67bf1a850a6505deaa5103931712a7b80/spring-web-5.0.4.RELEASE.jar:/home/alex/.gradle/caches/modules-2/files-2.1/org.synchronoss.cloud/nio-multipart-parser/1.1.0/c6c417fec6612584b1c34d4dd98c5a4e47e8c754/nio-multipart-parser-1.1.0.jar:/home/alex/.gradle/caches/modules-2/files-2.1/org.springframework.boot/spring-boot-test-autoconfigure/2.0.0.RELEASE/db0595321e96929d9473cf061f3408972d03c6aa/spring-boot-test-autoconfigure-2.0.0.RELEASE.jar:/home/alex/.gradle/caches/modules-2/files-2.1/org.springframework.boot/spring-boot-test/2.0.0.RELEASE/1565e78c2801bd3c7ece0a8ddc08e5ed53676878/spring-boot-test-2.0.0.RELEASE.jar:/home/alex/.gradle/caches/modules-2/files-2.1/org.springframework.boot/spring-boot-autoconfigure/2.0.0.RELEASE/c89896a469ecf92996ecba40755919896ace5470/spring-boot-autoconfigure-2.0.0.RELEASE.jar:/home/alex/.gradle/caches/modules-2/files-2.1/org.springframework.boot/spring-boot-actuator/2.0.0.RELEASE/309a5d45b09e361d29c9e7d1def644d70a50173b/spring-boot-actuator-2.0.0.RELEASE.jar:/home/alex/.gradle/caches/modules-2/files-2.1/org.springframework.boot/spring-boot/2.0.0.RELEASE/771da2071ff14a47f108642a641c204ae4ef7b15/spring-boot-2.0.0.RELEASE.jar:/home/alex/.gradle/caches/modules-2/files-2.1/org.springframework/spring-context/5.0.4.RELEASE/3e76d08c851113077642c5704f0f94d5ce58e905/spring-context-5.0.4.RELEASE.jar:/home/alex/.gradle/caches/modules-2/files-2.1/org.springframework/spring-messaging/5.0.4.RELEASE/21c0ee684684c50a6b13eaa894b2ceb3860dff12/spring-messaging-5.0.4.RELEASE.jar:/home/alex/.gradle/caches/modules-2/files-2.1/org.springframework/spring-tx/5.0.4.RELEASE/7afc193c5d2b812ee6d2ccaf6fcc81fb83bfb4a7/spring-tx-5.0.4.RELEASE.jar:/home/alex/.gradle/caches/modules-2/files-2.1/org.springframework.retry/spring-retry/1.2.2.RELEASE/638928732585c450e461f0a132b6834ad7cf3af0/spring-retry-1.2.2.RELEASE.jar:/home/alex/.gradle/caches/modules-2/files-2.1/org.apache.kafka/kafka_2.11/1.0.0/c21875affc4842d83c4590d61614fec7f99325b1/kafka_2.11-1.0.0.jar:/home/alex/.gradle/caches/modules-2/files-2.1/org.apache.kafka/kafka_2.11/1.0.0/6be10c39e6d5033c6aca1f64446d205c60b0dd19/kafka_2.11-1.0.0-test.jar:/home/alex/.gradle/caches/modules-2/files-2.1/org.apache.kafka/connect-json/1.0.0/4bcd05d3bcc2f04673407b2c483d783362677f0e/connect-json-1.0.0.jar:/home/alex/.gradle/caches/modules-2/files-2.1/org.apache.kafka/connect-api/1.0.0/ef429b6530db431bf8611aaebe6796fbb72499c/connect-api-1.0.0.jar:/home/alex/.gradle/caches/modules-2/files-2.1/org.apache.kafka/kafka-clients/1.0.0/98a12cfff3a5b7ca77e68aba7adccfd817b2d846/kafka-clients-1.0.0.jar:/home/alex/.gradle/caches/modules-2/files-2.1/org.apache.kafka/kafka-clients/1.0.0/33c05e2e1b33bf68ce5c8bb39b0ba7c2ac0338df/kafka-clients-1.0.0-test.jar:/home/alex/.gradle/caches/modules-2/files-2.1/com.jayway.jsonpath/json-path/2.4.0/765a4401ceb2dc8d40553c2075eb80a8fa35c2ae/json-path-2.4.0.jar:/home/alex/.gradle/caches/modules-2/files-2.1/org.synchronoss.cloud/nio-stream-storage/1.1.3/986dba5f6e5eed20f0dba6ddc8e8a64a9ebdc2f3/nio-stream-storage-1.1.3.jar:/home/alex/.gradle/caches/modules-2/files-2.1/com.yammer.metrics/metrics-core/2.2.0/f82c035cfa786d3cbec362c38c22a5f5b1bc8724/metrics-core-2.2.0.jar:/home/alex/.gradle/caches/modules-2/files-2.1/com.101tec/zkclient/0.10/c54d4b5a5e89af75a80b6d5857400165ce5188d0/zkclient-0.10.jar:/home/alex/.gradle/caches/modules-2/files-2.1/org.springframework.boot/spring-boot-starter-logging/2.0.0.RELEASE/fe939b71659ef1f98a53cce0b5bcf771685cf6a6/spring-boot-starter-logging-2.0.0.RELEASE.jar:/home/alex/.gradle/caches/modules-2/files-2.1/ch.qos.logback/logback-classic/1.2.3/7c4f3c474fb2c041d8028740440937705ebb473a/logback-classic-1.2.3.jar:/home/alex/.gradle/caches/modules-2/files-2.1/org.apache.logging.log4j/log4j-to-slf4j/2.10.0/f7e631ccf49cfc0aefa4a2a728da7d374c05bd3c/log4j-to-slf4j-2.10.0.jar:/home/alex/.gradle/caches/modules-2/files-2.1/org.slf4j/jul-to-slf4j/1.7.25/af5364cd6679bfffb114f0dec8a157aaa283b76/jul-to-slf4j-1.7.25.jar:/home/alex/.gradle/caches/modules-2/files-2.1/org.apache.zookeeper/zookeeper/3.4.10/8eebdbb7a9df83e02eaa42d0e5da0b57bf2e4da/zookeeper-3.4.10.jar:/home/alex/.gradle/caches/modules-2/files-2.1/org.slf4j/slf4j-api/1.7.25/da76ca59f6a57ee3102f8f9bd9cee742973efa8a/slf4j-api-1.7.25.jar:/home/alex/.gradle/caches/modules-2/files-2.1/org.rocksdb/rocksdbjni/5.7.3/421b44ad957a2b6cce5adedc204db551831b553d/rocksdbjni-5.7.3.jar:/home/alex/.gradle/caches/modules-2/files-2.1/com.fasterxml.jackson.datatype/jackson-datatype-jsr310/2.9.4/12d52679a6615c7972ea25bd8ebb60b191fe79b7/jackson-datatype-jsr310-2.9.4.jar:/home/alex/.gradle/caches/modules-2/files-2.1/com.fasterxml.jackson.datatype/jackson-datatype-jdk8/2.9.4/63ac052d52a70a15820d3dc07ea757826fd51d40/jackson-datatype-jdk8-2.9.4.jar:/home/alex/.gradle/caches/modules-2/files-2.1/com.fasterxml.jackson.module/jackson-module-parameter-names/2.9.4/5833c819877c3e85bad847f4d2fa4e70379217c6/jackson-module-parameter-names-2.9.4.jar:/home/alex/.gradle/caches/modules-2/files-2.1/com.fasterxml.jackson.core/jackson-databind/2.9.4/498bbc3b94f566982c7f7c6d4d303fce365529be/jackson-databind-2.9.4.jar:/home/alex/.gradle/caches/modules-2/files-2.1/com.fasterxml.jackson.core/jackson-core/2.9.4/a9a71ec1aa37da47db168fede9a4a5fb5e374320/jackson-core-2.9.4.jar:/home/alex/.gradle/caches/modules-2/files-2.1/junit/junit/4.12/2973d150c0dc1fefe998f834810d68f278ea58ec/junit-4.12.jar:/home/alex/.gradle/caches/modules-2/files-2.1/org.assertj/assertj-core/3.9.1/c5ce126b15f28d56cd8f960c1a6a058b9c9aea87/assertj-core-3.9.1.jar:/home/alex/.gradle/caches/modules-2/files-2.1/org.mockito/mockito-core/2.15.0/b84bfbbc29cd22c9529409627af6ea2897f4fa85/mockito-core-2.15.0.jar:/home/alex/.gradle/caches/modules-2/files-2.1/org.hamcrest/hamcrest-library/1.3/4785a3c21320980282f9f33d0d1264a69040538f/hamcrest-library-1.3.jar:/home/alex/.gradle/caches/modules-2/files-2.1/org.hamcrest/hamcrest-core/1.3/42a25dc3219429f0e5d060061f71acb49bf010a0/hamcrest-core-1.3.jar:/home/alex/.gradle/caches/modules-2/files-2.1/org.skyscreamer/jsonassert/1.5.0/6c9d5fe2f59da598d9aefc1cfc6528ff3cf32df3/jsonassert-1.5.0.jar:/home/alex/.gradle/caches/modules-2/files-2.1/org.springframework/spring-test/5.0.4.RELEASE/3fc10b6535a113593fa8780951465012a7677e21/spring-test-5.0.4.RELEASE.jar:/home/alex/.gradle/caches/modules-2/files-2.1/org.springframework/spring-aop/5.0.4.RELEASE/f8e029e54c0267dadb6b9f713f3feb54ec4f3a0e/spring-aop-5.0.4.RELEASE.jar:/home/alex/.gradle/caches/modules-2/files-2.1/org.springframework/spring-beans/5.0.4.RELEASE/7a8c3d48d4c33621e64d1399721d8e067450fcbd/spring-beans-5.0.4.RELEASE.jar:/home/alex/.gradle/caches/modules-2/files-2.1/org.springframework/spring-expression/5.0.4.RELEASE/4bda161f2e34c1486f2527a23eb47293567f473c/spring-expression-5.0.4.RELEASE.jar:/home/alex/.gradle/caches/modules-2/files-2.1/org.springframework/spring-core/5.0.4.RELEASE/2221a957b5561a34f044350ba4e30ef5870254a3/spring-core-5.0.4.RELEASE.jar:/home/alex/.gradle/caches/modules-2/files-2.1/org.xmlunit/xmlunit-core/2.5.1/4ffdb346572a7356f7521cd3119ce5287d2e339d/xmlunit-core-2.5.1.jar:/home/alex/.gradle/caches/modules-2/files-2.1/io.projectreactor.ipc/reactor-netty/0.7.5.RELEASE/a0153cc761873de10de654a5d3fb580f760d5a79/reactor-netty-0.7.5.RELEASE.jar:/home/alex/.gradle/caches/modules-2/files-2.1/io.projectreactor/reactor-core/3.1.5.RELEASE/bae1d739d0eaf1466ca7d78c4a7b1d0502849658/reactor-core-3.1.5.RELEASE.jar:/home/alex/.gradle/caches/modules-2/files-2.1/javax.annotation/javax.annotation-api/1.3.2/934c04d3cfef185a8008e7bf34331b79730a9d43/javax.annotation-api-1.3.2.jar:/home/alex/.gradle/caches/modules-2/files-2.1/org.yaml/snakeyaml/1.19/2d998d3d674b172a588e54ab619854d073f555b5/snakeyaml-1.19.jar:/home/alex/.gradle/caches/modules-2/files-2.1/org.hdrhistogram/HdrHistogram/2.1.10/9e1ac84eed220281841b75e72fb9de5a297fbf04/HdrHistogram-2.1.10.jar:/home/alex/.gradle/caches/modules-2/files-2.1/org.latencyutils/LatencyUtils/2.0.3/769c0b82cb2421c8256300e907298a9410a2a3d3/LatencyUtils-2.0.3.jar:/home/alex/.gradle/caches/modules-2/files-2.1/javax.validation/validation-api/2.0.1.Final/cb855558e6271b1b32e716d24cb85c7f583ce09e/validation-api-2.0.1.Final.jar:/home/alex/.gradle/caches/modules-2/files-2.1/org.jboss.logging/jboss-logging/3.3.2.Final/3789d00e859632e6c6206adc0c71625559e6e3b0/jboss-logging-3.3.2.Final.jar:/home/alex/.gradle/caches/modules-2/files-2.1/com.fasterxml/classmate/1.3.4/3d5f48f10bbe4eb7bd862f10c0583be2e0053c6/classmate-1.3.4.jar:/home/alex/.gradle/caches/modules-2/files-2.1/org.lz4/lz4-java/1.4/9bedb74f461a87ff2161bdf0778ad8ca6bad3e1c/lz4-java-1.4.jar:/home/alex/.gradle/caches/modules-2/files-2.1/org.xerial.snappy/snappy-java/1.1.4/d94ae6d7d27242eaa4b6c323f881edbb98e48da6/snappy-java-1.1.4.jar:/home/alex/.gradle/caches/modules-2/files-2.1/com.fasterxml.jackson.core/jackson-annotations/2.9.0/7c10d545325e3a6e72e06381afe469fd40eb701/jackson-annotations-2.9.0.jar:/home/alex/.gradle/caches/modules-2/files-2.1/net.minidev/json-smart/2.3/7396407491352ce4fa30de92efb158adb76b5b/json-smart-2.3.jar:/home/alex/.gradle/caches/modules-2/files-2.1/net.bytebuddy/byte-buddy/1.7.10/3c8ec287c0a5bd04b1e3f11723bc46a50346602b/byte-buddy-1.7.10.jar:/home/alex/.gradle/caches/modules-2/files-2.1/net.bytebuddy/byte-buddy-agent/1.7.10/9b092a8fb9112b89f6cb23fc929cfb931b14007b/byte-buddy-agent-1.7.10.jar:/home/alex/.gradle/caches/modules-2/files-2.1/org.objenesis/objenesis/2.6/639033469776fd37c08358c6b92a4761feb2af4b/objenesis-2.6.jar:/home/alex/.gradle/caches/modules-2/files-2.1/com.vaadin.external.google/android-json/0.0.20131108.vaadin1/fa26d351fe62a6a17f5cda1287c1c6110dec413f/android-json-0.0.20131108.vaadin1.jar:/home/alex/.gradle/caches/modules-2/files-2.1/org.springframework/spring-jcl/5.0.4.RELEASE/3053e2bad0a18571bdbb9596ce51f9d458f5934f/spring-jcl-5.0.4.RELEASE.jar:/home/alex/.gradle/caches/modules-2/files-2.1/org.reactivestreams/reactive-streams/1.0.2/323964c36556eb0e6209f65c1cef72b53b461ab8/reactive-streams-1.0.2.jar:/home/alex/.gradle/caches/modules-2/files-2.1/net.sf.jopt-simple/jopt-simple/5.0.4/4fdac2fbe92dfad86aa6e9301736f6b4342a3f5c/jopt-simple-5.0.4.jar:/home/alex/.gradle/caches/modules-2/files-2.1/org.scala-lang/scala-library/2.11.11/e283d2b7fde6504f6a86458b1f6af465353907cc/scala-library-2.11.11.jar:/home/alex/.gradle/caches/modules-2/files-2.1/io.netty/netty-handler-proxy/4.1.22.Final/8eabe24f0b8e95d0873964666ad070179ca81e72/netty-handler-proxy-4.1.22.Final.jar:/home/alex/.gradle/caches/modules-2/files-2.1/io.netty/netty-codec-http/4.1.22.Final/3805f3ca0d57630200defc7f9bb6ed3382dcb10b/netty-codec-http-4.1.22.Final.jar:/home/alex/.gradle/caches/modules-2/files-2.1/io.netty/netty-handler/4.1.22.Final/a3a16b17d5a5ed6f784b0daba95e28d940356109/netty-handler-4.1.22.Final.jar:/home/alex/.gradle/caches/modules-2/files-2.1/io.netty/netty-transport-native-epoll/4.1.22.Final/8d2149a9381fe8e38c44a9433d752aaa060bd4d3/netty-transport-native-epoll-4.1.22.Final.jar:/home/alex/.gradle/caches/modules-2/files-2.1/net.minidev/accessors-smart/1.2/c592b500269bfde36096641b01238a8350f8aa31/accessors-smart-1.2.jar:/home/alex/.gradle/caches/modules-2/files-2.1/ch.qos.logback/logback-core/1.2.3/864344400c3d4d92dfeb0a305dc87d953677c03c/logback-core-1.2.3.jar:/home/alex/.gradle/caches/modules-2/files-2.1/org.apache.logging.log4j/log4j-api/2.10.0/fec5797a55b786184a537abd39c3fa1449d752d6/log4j-api-2.10.0.jar:/home/alex/.gradle/caches/modules-2/files-2.1/io.netty/netty-codec-socks/4.1.22.Final/d077b39da2dedc5dc5db50a44e5f4c30353e86f3/netty-codec-socks-4.1.22.Final.jar:/home/alex/.gradle/caches/modules-2/files-2.1/io.netty/netty-codec/4.1.22.Final/239c0af275952e70bb4adf7cf8c03d88ddc394c9/netty-codec-4.1.22.Final.jar:/home/alex/.gradle/caches/modules-2/files-2.1/io.netty/netty-transport-native-unix-common/4.1.22.Final/6bacdbb3711aa9db2984da0b0ed7c5bc838136d2/netty-transport-native-unix-common-4.1.22.Final.jar:/home/alex/.gradle/caches/modules-2/files-2.1/io.netty/netty-transport/4.1.22.Final/3bd455cd9e5e5fb2e08fd9cd0acfa54c079ca989/netty-transport-4.1.22.Final.jar:/home/alex/.gradle/caches/modules-2/files-2.1/io.netty/netty-buffer/4.1.22.Final/15e964a2095031364f534a6e21977f5ee9ca32a9/netty-buffer-4.1.22.Final.jar:/home/alex/.gradle/caches/modules-2/files-2.1/io.netty/netty-resolver/4.1.22.Final/b5484d17a97cb57b07d2a1ac092c249e47234c17/netty-resolver-4.1.22.Final.jar:/home/alex/.gradle/caches/modules-2/files-2.1/io.netty/netty-common/4.1.22.Final/56ff4deca53fc791ed59ac2b72eb6718714a4de9/netty-common-4.1.22.Final.jar:/home/alex/.gradle/caches/modules-2/files-2.1/org.ow2.asm/asm/5.0.4/da08b8cce7bbf903602a25a3a163ae252435795/asm-5.0.4.jar:/home/alex/.gradle/caches/modules-2/files-2.1/log4j/log4j/1.2.16/7999a63bfccbc7c247a9aea10d83d4272bd492c6/log4j-1.2.16.jar
09:06:20.061 [Test worker] INFO org.apache.zookeeper.ZooKeeper - Client environment:java.library.path=/usr/java/packages/lib:/usr/lib64:/lib64:/lib:/usr/lib
09:06:20.061 [Test worker] INFO org.apache.zookeeper.ZooKeeper - Client environment:java.io.tmpdir=/tmp
09:06:20.061 [Test worker] INFO org.apache.zookeeper.ZooKeeper - Client environment:java.compiler=<NA>
09:06:20.061 [Test worker] INFO org.apache.zookeeper.ZooKeeper - Client environment:os.name=Linux
09:06:20.061 [Test worker] INFO org.apache.zookeeper.ZooKeeper - Client environment:os.arch=amd64
09:06:20.061 [Test worker] INFO org.apache.zookeeper.ZooKeeper - Client environment:os.version=4.14.27-1-MANJARO
09:06:20.061 [Test worker] INFO org.apache.zookeeper.ZooKeeper - Client environment:user.name=alex
09:06:20.061 [Test worker] INFO org.apache.zookeeper.ZooKeeper - Client environment:user.home=/home/alex
09:06:20.061 [Test worker] INFO org.apache.zookeeper.ZooKeeper - Client environment:user.dir=/home/alex/src/tetralog-examples/kafka-consumer-earning
09:06:20.062 [Test worker] INFO org.apache.zookeeper.ZooKeeper - Initiating client connection, connectString=127.0.0.1:46253 sessionTimeout=6000 watcher=org.I0Itec.zkclient.ZkClient@1fccca34
09:06:20.063 [Test worker] DEBUG org.apache.zookeeper.ClientCnxn - zookeeper.disableAutoWatchReset is false
09:06:20.067 [Test worker] DEBUG org.I0Itec.zkclient.ZkClient - Awaiting connection to Zookeeper server
09:06:20.067 [Test worker] INFO org.I0Itec.zkclient.ZkClient - Waiting for keeper state SyncConnected
09:06:20.069 [Test worker-SendThread(127.0.0.1:46253)] INFO org.apache.zookeeper.ClientCnxn - Opening socket connection to server 127.0.0.1/127.0.0.1:46253. Will not attempt to authenticate using SASL (unknown error)
09:06:20.070 [Test worker-SendThread(127.0.0.1:46253)] INFO org.apache.zookeeper.ClientCnxn - Socket connection established to 127.0.0.1/127.0.0.1:46253, initiating session
09:06:20.070 [NIOServerCxn.Factory:/127.0.0.1:0] INFO org.apache.zookeeper.server.NIOServerCnxnFactory - Accepted socket connection from /127.0.0.1:58074
09:06:20.072 [Test worker-SendThread(127.0.0.1:46253)] DEBUG org.apache.zookeeper.ClientCnxn - Session establishment request sent on 127.0.0.1/127.0.0.1:46253
09:06:20.075 [NIOServerCxn.Factory:/127.0.0.1:0] DEBUG org.apache.zookeeper.server.ZooKeeperServer - Session establishment request from client /127.0.0.1:58074 client's lastZxid is 0x0
09:06:20.076 [NIOServerCxn.Factory:/127.0.0.1:0] INFO org.apache.zookeeper.server.ZooKeeperServer - Client attempting to establish new session at /127.0.0.1:58074
09:06:20.079 [SyncThread:0] INFO org.apache.zookeeper.server.persistence.FileTxnLog - Creating new log file: log.1
09:06:20.080 [SyncThread:0] DEBUG org.apache.zookeeper.server.FinalRequestProcessor - Processing request:: sessionid:0x1624798348d0000 type:createSession cxid:0x0 zxid:0x1 txntype:-10 reqpath:n/a
09:06:20.082 [SyncThread:0] DEBUG org.apache.zookeeper.server.FinalRequestProcessor - sessionid:0x1624798348d0000 type:createSession cxid:0x0 zxid:0x1 txntype:-10 reqpath:n/a
09:06:20.084 [SyncThread:0] INFO org.apache.zookeeper.server.ZooKeeperServer - Established session 0x1624798348d0000 with negotiated timeout 6000 for client /127.0.0.1:58074
09:06:20.085 [Test worker-SendThread(127.0.0.1:46253)] INFO org.apache.zookeeper.ClientCnxn - Session establishment complete on server 127.0.0.1/127.0.0.1:46253, sessionid = 0x1624798348d0000, negotiated timeout = 6000
09:06:20.087 [Test worker-EventThread] DEBUG org.I0Itec.zkclient.ZkClient - Received event: WatchedEvent state:SyncConnected type:None path:null
09:06:20.087 [Test worker-EventThread] INFO org.I0Itec.zkclient.ZkClient - zookeeper state changed (SyncConnected)
09:06:20.087 [Test worker-EventThread] DEBUG org.I0Itec.zkclient.ZkClient - Leaving process event
09:06:20.087 [Test worker] DEBUG org.I0Itec.zkclient.ZkClient - State is SyncConnected
09:06:20.196 [Test worker] INFO kafka.server.KafkaConfig - KafkaConfig values: 
	advertised.host.name = null
	advertised.listeners = null
	advertised.port = null
	alter.config.policy.class.name = null
	authorizer.class.name = 
	auto.create.topics.enable = true
	auto.leader.rebalance.enable = true
	background.threads = 10
	broker.id = 0
	broker.id.generation.enable = true
	broker.rack = null
	compression.type = producer
	connections.max.idle.ms = 600000
	controlled.shutdown.enable = true
	controlled.shutdown.max.retries = 3
	controlled.shutdown.retry.backoff.ms = 100
	controller.socket.timeout.ms = 1000
	create.topic.policy.class.name = null
	default.replication.factor = 1
	delete.records.purgatory.purge.interval.requests = 1
	delete.topic.enable = true
	fetch.purgatory.purge.interval.requests = 1000
	group.initial.rebalance.delay.ms = 0
	group.max.session.timeout.ms = 300000
	group.min.session.timeout.ms = 6000
	host.name = 
	inter.broker.listener.name = null
	inter.broker.protocol.version = 1.0-IV0
	leader.imbalance.check.interval.seconds = 300
	leader.imbalance.per.broker.percentage = 10
	listener.security.protocol.map = PLAINTEXT:PLAINTEXT,SSL:SSL,SASL_PLAINTEXT:SASL_PLAINTEXT,SASL_SSL:SASL_SSL
	listeners = PLAINTEXT://localhost:0
	log.cleaner.backoff.ms = 15000
	log.cleaner.dedupe.buffer.size = 2097152
	log.cleaner.delete.retention.ms = 86400000
	log.cleaner.enable = true
	log.cleaner.io.buffer.load.factor = 0.9
	log.cleaner.io.buffer.size = 524288
	log.cleaner.io.max.bytes.per.second = 1.7976931348623157E308
	log.cleaner.min.cleanable.ratio = 0.5
	log.cleaner.min.compaction.lag.ms = 0
	log.cleaner.threads = 1
	log.cleanup.policy = [delete]
	log.dir = /tmp/kafka-16223251101292506653
	log.dirs = null
	log.flush.interval.messages = 9223372036854775807
	log.flush.interval.ms = null
	log.flush.offset.checkpoint.interval.ms = 60000
	log.flush.scheduler.interval.ms = 9223372036854775807
	log.flush.start.offset.checkpoint.interval.ms = 60000
	log.index.interval.bytes = 4096
	log.index.size.max.bytes = 10485760
	log.message.format.version = 1.0-IV0
	log.message.timestamp.difference.max.ms = 9223372036854775807
	log.message.timestamp.type = CreateTime
	log.preallocate = false
	log.retention.bytes = -1
	log.retention.check.interval.ms = 300000
	log.retention.hours = 168
	log.retention.minutes = null
	log.retention.ms = null
	log.roll.hours = 168
	log.roll.jitter.hours = 0
	log.roll.jitter.ms = null
	log.roll.ms = null
	log.segment.bytes = 1073741824
	log.segment.delete.delay.ms = 1000
	max.connections.per.ip = 2147483647
	max.connections.per.ip.overrides = 
	message.max.bytes = 1000012
	metric.reporters = []
	metrics.num.samples = 2
	metrics.recording.level = INFO
	metrics.sample.window.ms = 30000
	min.insync.replicas = 1
	num.io.threads = 8
	num.network.threads = 3
	num.partitions = 1
	num.recovery.threads.per.data.dir = 1
	num.replica.fetchers = 1
	offset.metadata.max.bytes = 4096
	offsets.commit.required.acks = -1
	offsets.commit.timeout.ms = 5000
	offsets.load.buffer.size = 5242880
	offsets.retention.check.interval.ms = 600000
	offsets.retention.minutes = 1440
	offsets.topic.compression.codec = 0
	offsets.topic.num.partitions = 5
	offsets.topic.replication.factor = 1
	offsets.topic.segment.bytes = 104857600
	port = 9092
	principal.builder.class = null
	producer.purgatory.purge.interval.requests = 1000
	queued.max.request.bytes = -1
	queued.max.requests = 500
	quota.consumer.default = 9223372036854775807
	quota.producer.default = 9223372036854775807
	quota.window.num = 11
	quota.window.size.seconds = 1
	replica.fetch.backoff.ms = 1000
	replica.fetch.max.bytes = 1048576
	replica.fetch.min.bytes = 1
	replica.fetch.response.max.bytes = 10485760
	replica.fetch.wait.max.ms = 500
	replica.high.watermark.checkpoint.interval.ms = 5000
	replica.lag.time.max.ms = 10000
	replica.socket.receive.buffer.bytes = 65536
	replica.socket.timeout.ms = 1000
	replication.quota.window.num = 11
	replication.quota.window.size.seconds = 1
	request.timeout.ms = 30000
	reserved.broker.max.id = 1000
	sasl.enabled.mechanisms = [GSSAPI]
	sasl.kerberos.kinit.cmd = /usr/bin/kinit
	sasl.kerberos.min.time.before.relogin = 60000
	sasl.kerberos.principal.to.local.rules = [DEFAULT]
	sasl.kerberos.service.name = null
	sasl.kerberos.ticket.renew.jitter = 0.05
	sasl.kerberos.ticket.renew.window.factor = 0.8
	sasl.mechanism.inter.broker.protocol = GSSAPI
	security.inter.broker.protocol = PLAINTEXT
	socket.receive.buffer.bytes = 102400
	socket.request.max.bytes = 104857600
	socket.send.buffer.bytes = 102400
	ssl.cipher.suites = null
	ssl.client.auth = none
	ssl.enabled.protocols = [TLSv1.2, TLSv1.1, TLSv1]
	ssl.endpoint.identification.algorithm = null
	ssl.key.password = null
	ssl.keymanager.algorithm = SunX509
	ssl.keystore.location = null
	ssl.keystore.password = null
	ssl.keystore.type = JKS
	ssl.protocol = TLS
	ssl.provider = null
	ssl.secure.random.implementation = null
	ssl.trustmanager.algorithm = PKIX
	ssl.truststore.location = null
	ssl.truststore.password = null
	ssl.truststore.type = JKS
	transaction.abort.timed.out.transaction.cleanup.interval.ms = 60000
	transaction.max.timeout.ms = 900000
	transaction.remove.expired.transaction.cleanup.interval.ms = 3600000
	transaction.state.log.load.buffer.size = 5242880
	transaction.state.log.min.isr = 2
	transaction.state.log.num.partitions = 50
	transaction.state.log.replication.factor = 3
	transaction.state.log.segment.bytes = 104857600
	transactional.id.expiration.ms = 604800000
	unclean.leader.election.enable = false
	zookeeper.connect = 127.0.0.1:46253
	zookeeper.connection.timeout.ms = 10000
	zookeeper.session.timeout.ms = 6000
	zookeeper.set.acl = false
	zookeeper.sync.time.ms = 2000

09:06:20.267 [Test worker] DEBUG org.I0Itec.zkclient.ZkConnection - Creating new ZookKeeper instance to connect to 127.0.0.1:46253.
09:06:20.267 [Test worker] INFO org.apache.zookeeper.ZooKeeper - Initiating client connection, connectString=127.0.0.1:46253 sessionTimeout=6000 watcher=org.I0Itec.zkclient.ZkClient@26a03795
09:06:20.267 [ZkClient-EventThread-35-127.0.0.1:46253] INFO org.I0Itec.zkclient.ZkEventThread - Starting ZkClient event thread.
09:06:20.267 [Test worker] DEBUG org.I0Itec.zkclient.ZkClient - Awaiting connection to Zookeeper server
09:06:20.267 [Test worker] INFO org.I0Itec.zkclient.ZkClient - Waiting for keeper state SyncConnected
09:06:20.267 [Test worker-SendThread(127.0.0.1:46253)] INFO org.apache.zookeeper.ClientCnxn - Opening socket connection to server 127.0.0.1/127.0.0.1:46253. Will not attempt to authenticate using SASL (unknown error)
09:06:20.268 [Test worker-SendThread(127.0.0.1:46253)] INFO org.apache.zookeeper.ClientCnxn - Socket connection established to 127.0.0.1/127.0.0.1:46253, initiating session
09:06:20.268 [NIOServerCxn.Factory:/127.0.0.1:0] INFO org.apache.zookeeper.server.NIOServerCnxnFactory - Accepted socket connection from /127.0.0.1:58076
09:06:20.268 [Test worker-SendThread(127.0.0.1:46253)] DEBUG org.apache.zookeeper.ClientCnxn - Session establishment request sent on 127.0.0.1/127.0.0.1:46253
09:06:20.268 [NIOServerCxn.Factory:/127.0.0.1:0] DEBUG org.apache.zookeeper.server.ZooKeeperServer - Session establishment request from client /127.0.0.1:58076 client's lastZxid is 0x0
09:06:20.269 [NIOServerCxn.Factory:/127.0.0.1:0] INFO org.apache.zookeeper.server.ZooKeeperServer - Client attempting to establish new session at /127.0.0.1:58076
09:06:20.269 [SyncThread:0] DEBUG org.apache.zookeeper.server.FinalRequestProcessor - Processing request:: sessionid:0x1624798348d0001 type:createSession cxid:0x0 zxid:0x2 txntype:-10 reqpath:n/a
09:06:20.269 [SyncThread:0] DEBUG org.apache.zookeeper.server.FinalRequestProcessor - sessionid:0x1624798348d0001 type:createSession cxid:0x0 zxid:0x2 txntype:-10 reqpath:n/a
09:06:20.270 [SyncThread:0] INFO org.apache.zookeeper.server.ZooKeeperServer - Established session 0x1624798348d0001 with negotiated timeout 6000 for client /127.0.0.1:58076
09:06:20.270 [Test worker-SendThread(127.0.0.1:46253)] INFO org.apache.zookeeper.ClientCnxn - Session establishment complete on server 127.0.0.1/127.0.0.1:46253, sessionid = 0x1624798348d0001, negotiated timeout = 6000
09:06:20.270 [Test worker-EventThread] DEBUG org.I0Itec.zkclient.ZkClient - Received event: WatchedEvent state:SyncConnected type:None path:null
09:06:20.271 [Test worker-EventThread] INFO org.I0Itec.zkclient.ZkClient - zookeeper state changed (SyncConnected)
09:06:20.271 [Test worker-EventThread] DEBUG org.I0Itec.zkclient.ZkClient - Leaving process event
09:06:20.271 [Test worker] DEBUG org.I0Itec.zkclient.ZkClient - State is SyncConnected
09:06:20.283 [SyncThread:0] DEBUG org.apache.zookeeper.server.FinalRequestProcessor - Processing request:: sessionid:0x1624798348d0001 type:exists cxid:0x1 zxid:0xfffffffffffffffe txntype:unknown reqpath:/consumers
09:06:20.283 [SyncThread:0] DEBUG org.apache.zookeeper.server.FinalRequestProcessor - sessionid:0x1624798348d0001 type:exists cxid:0x1 zxid:0xfffffffffffffffe txntype:unknown reqpath:/consumers
09:06:20.288 [Test worker-SendThread(127.0.0.1:46253)] DEBUG org.apache.zookeeper.ClientCnxn - Reading reply sessionid:0x1624798348d0001, packet:: clientPath:null serverPath:null finished:false header:: 1,3  replyHeader:: 1,2,-101  request:: '/consumers,F  response::  
09:06:20.291 [SyncThread:0] DEBUG org.apache.zookeeper.server.FinalRequestProcessor - Processing request:: sessionid:0x1624798348d0001 type:exists cxid:0x2 zxid:0xfffffffffffffffe txntype:unknown reqpath:/
09:06:20.291 [SyncThread:0] DEBUG org.apache.zookeeper.server.FinalRequestProcessor - sessionid:0x1624798348d0001 type:exists cxid:0x2 zxid:0xfffffffffffffffe txntype:unknown reqpath:/
09:06:20.293 [Test worker-SendThread(127.0.0.1:46253)] DEBUG org.apache.zookeeper.ClientCnxn - Reading reply sessionid:0x1624798348d0001, packet:: clientPath:null serverPath:null finished:false header:: 2,3  replyHeader:: 2,2,0  request:: '/,F  response:: s{0,0,0,0,0,-1,0,0,0,1,0} 
09:06:20.298 [SyncThread:0] DEBUG org.apache.zookeeper.server.FinalRequestProcessor - Processing request:: sessionid:0x1624798348d0001 type:create cxid:0x3 zxid:0x3 txntype:1 reqpath:n/a
09:06:20.299 [SyncThread:0] DEBUG org.apache.zookeeper.server.FinalRequestProcessor - sessionid:0x1624798348d0001 type:create cxid:0x3 zxid:0x3 txntype:1 reqpath:n/a
09:06:20.300 [Test worker-SendThread(127.0.0.1:46253)] DEBUG org.apache.zookeeper.ClientCnxn - Reading reply sessionid:0x1624798348d0001, packet:: clientPath:null serverPath:null finished:false header:: 3,1  replyHeader:: 3,3,0  request:: '/consumers,,v{s{31,s{'world,'anyone}}},0  response:: '/consumers 
09:06:20.301 [SyncThread:0] DEBUG org.apache.zookeeper.server.FinalRequestProcessor - Processing request:: sessionid:0x1624798348d0001 type:exists cxid:0x4 zxid:0xfffffffffffffffe txntype:unknown reqpath:/brokers/ids
09:06:20.302 [SyncThread:0] DEBUG org.apache.zookeeper.server.FinalRequestProcessor - sessionid:0x1624798348d0001 type:exists cxid:0x4 zxid:0xfffffffffffffffe txntype:unknown reqpath:/brokers/ids
09:06:20.302 [Test worker-SendThread(127.0.0.1:46253)] DEBUG org.apache.zookeeper.ClientCnxn - Reading reply sessionid:0x1624798348d0001, packet:: clientPath:null serverPath:null finished:false header:: 4,3  replyHeader:: 4,3,-101  request:: '/brokers/ids,F  response::  
09:06:20.304 [ProcessThread(sid:0 cport:46253):] INFO org.apache.zookeeper.server.PrepRequestProcessor - Got user-level KeeperException when processing sessionid:0x1624798348d0001 type:create cxid:0x5 zxid:0x4 txntype:-1 reqpath:n/a Error Path:/brokers Error:KeeperErrorCode = NoNode for /brokers
09:06:20.304 [SyncThread:0] DEBUG org.apache.zookeeper.server.FinalRequestProcessor - Processing request:: sessionid:0x1624798348d0001 type:create cxid:0x5 zxid:0x4 txntype:-1 reqpath:n/a
09:06:20.304 [SyncThread:0] DEBUG org.apache.zookeeper.server.DataTree - Ignoring processTxn failure hdr: -1 : error: -101
09:06:20.305 [Test worker-SendThread(127.0.0.1:46253)] DEBUG org.apache.zookeeper.ClientCnxn - Reading reply sessionid:0x1624798348d0001, packet:: clientPath:null serverPath:null finished:false header:: 5,1  replyHeader:: 5,4,-101  request:: '/brokers/ids,,v{s{31,s{'world,'anyone}}},0  response::  
09:06:20.306 [SyncThread:0] DEBUG org.apache.zookeeper.server.FinalRequestProcessor - Processing request:: sessionid:0x1624798348d0001 type:create cxid:0x6 zxid:0x5 txntype:1 reqpath:n/a
09:06:20.307 [SyncThread:0] DEBUG org.apache.zookeeper.server.FinalRequestProcessor - sessionid:0x1624798348d0001 type:create cxid:0x6 zxid:0x5 txntype:1 reqpath:n/a
09:06:20.308 [Test worker-SendThread(127.0.0.1:46253)] DEBUG org.apache.zookeeper.ClientCnxn - Reading reply sessionid:0x1624798348d0001, packet:: clientPath:null serverPath:null finished:false header:: 6,1  replyHeader:: 6,5,0  request:: '/brokers,,v{s{31,s{'world,'anyone}}},0  response:: '/brokers 
09:06:20.308 [SyncThread:0] DEBUG org.apache.zookeeper.server.FinalRequestProcessor - Processing request:: sessionid:0x1624798348d0001 type:create cxid:0x7 zxid:0x6 txntype:1 reqpath:n/a
09:06:20.308 [SyncThread:0] DEBUG org.apache.zookeeper.server.FinalRequestProcessor - sessionid:0x1624798348d0001 type:create cxid:0x7 zxid:0x6 txntype:1 reqpath:n/a
09:06:20.309 [Test worker-SendThread(127.0.0.1:46253)] DEBUG org.apache.zookeeper.ClientCnxn - Reading reply sessionid:0x1624798348d0001, packet:: clientPath:null serverPath:null finished:false header:: 7,1  replyHeader:: 7,6,0  request:: '/brokers/ids,,v{s{31,s{'world,'anyone}}},0  response:: '/brokers/ids 
09:06:20.309 [SyncThread:0] DEBUG org.apache.zookeeper.server.FinalRequestProcessor - Processing request:: sessionid:0x1624798348d0001 type:exists cxid:0x8 zxid:0xfffffffffffffffe txntype:unknown reqpath:/brokers/topics
09:06:20.309 [SyncThread:0] DEBUG org.apache.zookeeper.server.FinalRequestProcessor - sessionid:0x1624798348d0001 type:exists cxid:0x8 zxid:0xfffffffffffffffe txntype:unknown reqpath:/brokers/topics
09:06:20.310 [Test worker-SendThread(127.0.0.1:46253)] DEBUG org.apache.zookeeper.ClientCnxn - Reading reply sessionid:0x1624798348d0001, packet:: clientPath:null serverPath:null finished:false header:: 8,3  replyHeader:: 8,6,-101  request:: '/brokers/topics,F  response::  
09:06:20.311 [SyncThread:0] DEBUG org.apache.zookeeper.server.FinalRequestProcessor - Processing request:: sessionid:0x1624798348d0001 type:create cxid:0x9 zxid:0x7 txntype:1 reqpath:n/a
09:06:20.311 [SyncThread:0] DEBUG org.apache.zookeeper.server.FinalRequestProcessor - sessionid:0x1624798348d0001 type:create cxid:0x9 zxid:0x7 txntype:1 reqpath:n/a
09:06:20.312 [Test worker-SendThread(127.0.0.1:46253)] DEBUG org.apache.zookeeper.ClientCnxn - Reading reply sessionid:0x1624798348d0001, packet:: clientPath:null serverPath:null finished:false header:: 9,1  replyHeader:: 9,7,0  request:: '/brokers/topics,,v{s{31,s{'world,'anyone}}},0  response:: '/brokers/topics 
09:06:20.312 [SyncThread:0] DEBUG org.apache.zookeeper.server.FinalRequestProcessor - Processing request:: sessionid:0x1624798348d0001 type:exists cxid:0xa zxid:0xfffffffffffffffe txntype:unknown reqpath:/config/changes
09:06:20.312 [SyncThread:0] DEBUG org.apache.zookeeper.server.FinalRequestProcessor - sessionid:0x1624798348d0001 type:exists cxid:0xa zxid:0xfffffffffffffffe txntype:unknown reqpath:/config/changes
09:06:20.314 [Test worker-SendThread(127.0.0.1:46253)] DEBUG org.apache.zookeeper.ClientCnxn - Reading reply sessionid:0x1624798348d0001, packet:: clientPath:null serverPath:null finished:false header:: 10,3  replyHeader:: 10,7,-101  request:: '/config/changes,F  response::  
09:06:20.315 [ProcessThread(sid:0 cport:46253):] INFO org.apache.zookeeper.server.PrepRequestProcessor - Got user-level KeeperException when processing sessionid:0x1624798348d0001 type:create cxid:0xb zxid:0x8 txntype:-1 reqpath:n/a Error Path:/config Error:KeeperErrorCode = NoNode for /config
09:06:20.315 [SyncThread:0] DEBUG org.apache.zookeeper.server.FinalRequestProcessor - Processing request:: sessionid:0x1624798348d0001 type:create cxid:0xb zxid:0x8 txntype:-1 reqpath:n/a
09:06:20.315 [SyncThread:0] DEBUG org.apache.zookeeper.server.DataTree - Ignoring processTxn failure hdr: -1 : error: -101
09:06:20.316 [Test worker-SendThread(127.0.0.1:46253)] DEBUG org.apache.zookeeper.ClientCnxn - Reading reply sessionid:0x1624798348d0001, packet:: clientPath:null serverPath:null finished:false header:: 11,1  replyHeader:: 11,8,-101  request:: '/config/changes,,v{s{31,s{'world,'anyone}}},0  response::  
09:06:20.317 [SyncThread:0] DEBUG org.apache.zookeeper.server.FinalRequestProcessor - Processing request:: sessionid:0x1624798348d0001 type:create cxid:0xc zxid:0x9 txntype:1 reqpath:n/a
09:06:20.317 [SyncThread:0] DEBUG org.apache.zookeeper.server.FinalRequestProcessor - sessionid:0x1624798348d0001 type:create cxid:0xc zxid:0x9 txntype:1 reqpath:n/a
09:06:20.317 [Test worker-SendThread(127.0.0.1:46253)] DEBUG org.apache.zookeeper.ClientCnxn - Reading reply sessionid:0x1624798348d0001, packet:: clientPath:null serverPath:null finished:false header:: 12,1  replyHeader:: 12,9,0  request:: '/config,,v{s{31,s{'world,'anyone}}},0  response:: '/config 
09:06:20.318 [SyncThread:0] DEBUG org.apache.zookeeper.server.FinalRequestProcessor - Processing request:: sessionid:0x1624798348d0001 type:create cxid:0xd zxid:0xa txntype:1 reqpath:n/a
09:06:20.318 [SyncThread:0] DEBUG org.apache.zookeeper.server.FinalRequestProcessor - sessionid:0x1624798348d0001 type:create cxid:0xd zxid:0xa txntype:1 reqpath:n/a
09:06:20.319 [Test worker-SendThread(127.0.0.1:46253)] DEBUG org.apache.zookeeper.ClientCnxn - Reading reply sessionid:0x1624798348d0001, packet:: clientPath:null serverPath:null finished:false header:: 13,1  replyHeader:: 13,10,0  request:: '/config/changes,,v{s{31,s{'world,'anyone}}},0  response:: '/config/changes 
09:06:20.319 [SyncThread:0] DEBUG org.apache.zookeeper.server.FinalRequestProcessor - Processing request:: sessionid:0x1624798348d0001 type:exists cxid:0xe zxid:0xfffffffffffffffe txntype:unknown reqpath:/config/topics
09:06:20.319 [SyncThread:0] DEBUG org.apache.zookeeper.server.FinalRequestProcessor - sessionid:0x1624798348d0001 type:exists cxid:0xe zxid:0xfffffffffffffffe txntype:unknown reqpath:/config/topics
09:06:20.320 [Test worker-SendThread(127.0.0.1:46253)] DEBUG org.apache.zookeeper.ClientCnxn - Reading reply sessionid:0x1624798348d0001, packet:: clientPath:null serverPath:null finished:false header:: 14,3  replyHeader:: 14,10,-101  request:: '/config/topics,F  response::  
09:06:20.321 [SyncThread:0] DEBUG org.apache.zookeeper.server.FinalRequestProcessor - Processing request:: sessionid:0x1624798348d0001 type:create cxid:0xf zxid:0xb txntype:1 reqpath:n/a
09:06:20.321 [SyncThread:0] DEBUG org.apache.zookeeper.server.FinalRequestProcessor - sessionid:0x1624798348d0001 type:create cxid:0xf zxid:0xb txntype:1 reqpath:n/a
09:06:20.322 [Test worker-SendThread(127.0.0.1:46253)] DEBUG org.apache.zookeeper.ClientCnxn - Reading reply sessionid:0x1624798348d0001, packet:: clientPath:null serverPath:null finished:false header:: 15,1  replyHeader:: 15,11,0  request:: '/config/topics,,v{s{31,s{'world,'anyone}}},0  response:: '/config/topics 
09:06:20.322 [SyncThread:0] DEBUG org.apache.zookeeper.server.FinalRequestProcessor - Processing request:: sessionid:0x1624798348d0001 type:exists cxid:0x10 zxid:0xfffffffffffffffe txntype:unknown reqpath:/config/clients
09:06:20.322 [SyncThread:0] DEBUG org.apache.zookeeper.server.FinalRequestProcessor - sessionid:0x1624798348d0001 type:exists cxid:0x10 zxid:0xfffffffffffffffe txntype:unknown reqpath:/config/clients
09:06:20.323 [Test worker-SendThread(127.0.0.1:46253)] DEBUG org.apache.zookeeper.ClientCnxn - Reading reply sessionid:0x1624798348d0001, packet:: clientPath:null serverPath:null finished:false header:: 16,3  replyHeader:: 16,11,-101  request:: '/config/clients,F  response::  
09:06:20.323 [SyncThread:0] DEBUG org.apache.zookeeper.server.FinalRequestProcessor - Processing request:: sessionid:0x1624798348d0001 type:create cxid:0x11 zxid:0xc txntype:1 reqpath:n/a
09:06:20.324 [SyncThread:0] DEBUG org.apache.zookeeper.server.FinalRequestProcessor - sessionid:0x1624798348d0001 type:create cxid:0x11 zxid:0xc txntype:1 reqpath:n/a
09:06:20.324 [Test worker-SendThread(127.0.0.1:46253)] DEBUG org.apache.zookeeper.ClientCnxn - Reading reply sessionid:0x1624798348d0001, packet:: clientPath:null serverPath:null finished:false header:: 17,1  replyHeader:: 17,12,0  request:: '/config/clients,,v{s{31,s{'world,'anyone}}},0  response:: '/config/clients 
09:06:20.325 [SyncThread:0] DEBUG org.apache.zookeeper.server.FinalRequestProcessor - Processing request:: sessionid:0x1624798348d0001 type:exists cxid:0x12 zxid:0xfffffffffffffffe txntype:unknown reqpath:/admin/delete_topics
09:06:20.325 [SyncThread:0] DEBUG org.apache.zookeeper.server.FinalRequestProcessor - sessionid:0x1624798348d0001 type:exists cxid:0x12 zxid:0xfffffffffffffffe txntype:unknown reqpath:/admin/delete_topics
09:06:20.326 [Test worker-SendThread(127.0.0.1:46253)] DEBUG org.apache.zookeeper.ClientCnxn - Reading reply sessionid:0x1624798348d0001, packet:: clientPath:null serverPath:null finished:false header:: 18,3  replyHeader:: 18,12,-101  request:: '/admin/delete_topics,F  response::  
09:06:20.326 [ProcessThread(sid:0 cport:46253):] INFO org.apache.zookeeper.server.PrepRequestProcessor - Got user-level KeeperException when processing sessionid:0x1624798348d0001 type:create cxid:0x13 zxid:0xd txntype:-1 reqpath:n/a Error Path:/admin Error:KeeperErrorCode = NoNode for /admin
09:06:20.326 [SyncThread:0] DEBUG org.apache.zookeeper.server.FinalRequestProcessor - Processing request:: sessionid:0x1624798348d0001 type:create cxid:0x13 zxid:0xd txntype:-1 reqpath:n/a
09:06:20.326 [SyncThread:0] DEBUG org.apache.zookeeper.server.DataTree - Ignoring processTxn failure hdr: -1 : error: -101
09:06:20.327 [Test worker-SendThread(127.0.0.1:46253)] DEBUG org.apache.zookeeper.ClientCnxn - Reading reply sessionid:0x1624798348d0001, packet:: clientPath:null serverPath:null finished:false header:: 19,1  replyHeader:: 19,13,-101  request:: '/admin/delete_topics,,v{s{31,s{'world,'anyone}}},0  response::  
09:06:20.327 [SyncThread:0] DEBUG org.apache.zookeeper.server.FinalRequestProcessor - Processing request:: sessionid:0x1624798348d0001 type:create cxid:0x14 zxid:0xe txntype:1 reqpath:n/a
09:06:20.328 [SyncThread:0] DEBUG org.apache.zookeeper.server.FinalRequestProcessor - sessionid:0x1624798348d0001 type:create cxid:0x14 zxid:0xe txntype:1 reqpath:n/a
09:06:20.328 [Test worker-SendThread(127.0.0.1:46253)] DEBUG org.apache.zookeeper.ClientCnxn - Reading reply sessionid:0x1624798348d0001, packet:: clientPath:null serverPath:null finished:false header:: 20,1  replyHeader:: 20,14,0  request:: '/admin,,v{s{31,s{'world,'anyone}}},0  response:: '/admin 
09:06:20.329 [SyncThread:0] DEBUG org.apache.zookeeper.server.FinalRequestProcessor - Processing request:: sessionid:0x1624798348d0001 type:create cxid:0x15 zxid:0xf txntype:1 reqpath:n/a
09:06:20.329 [SyncThread:0] DEBUG org.apache.zookeeper.server.FinalRequestProcessor - sessionid:0x1624798348d0001 type:create cxid:0x15 zxid:0xf txntype:1 reqpath:n/a
09:06:20.329 [Test worker-SendThread(127.0.0.1:46253)] DEBUG org.apache.zookeeper.ClientCnxn - Reading reply sessionid:0x1624798348d0001, packet:: clientPath:null serverPath:null finished:false header:: 21,1  replyHeader:: 21,15,0  request:: '/admin/delete_topics,,v{s{31,s{'world,'anyone}}},0  response:: '/admin/delete_topics 
09:06:20.330 [SyncThread:0] DEBUG org.apache.zookeeper.server.FinalRequestProcessor - Processing request:: sessionid:0x1624798348d0001 type:exists cxid:0x16 zxid:0xfffffffffffffffe txntype:unknown reqpath:/brokers/seqid
09:06:20.330 [SyncThread:0] DEBUG org.apache.zookeeper.server.FinalRequestProcessor - sessionid:0x1624798348d0001 type:exists cxid:0x16 zxid:0xfffffffffffffffe txntype:unknown reqpath:/brokers/seqid
09:06:20.330 [Test worker-SendThread(127.0.0.1:46253)] DEBUG org.apache.zookeeper.ClientCnxn - Reading reply sessionid:0x1624798348d0001, packet:: clientPath:null serverPath:null finished:false header:: 22,3  replyHeader:: 22,15,-101  request:: '/brokers/seqid,F  response::  
09:06:20.331 [SyncThread:0] DEBUG org.apache.zookeeper.server.FinalRequestProcessor - Processing request:: sessionid:0x1624798348d0001 type:create cxid:0x17 zxid:0x10 txntype:1 reqpath:n/a
09:06:20.331 [SyncThread:0] DEBUG org.apache.zookeeper.server.FinalRequestProcessor - sessionid:0x1624798348d0001 type:create cxid:0x17 zxid:0x10 txntype:1 reqpath:n/a
09:06:20.332 [Test worker-SendThread(127.0.0.1:46253)] DEBUG org.apache.zookeeper.ClientCnxn - Reading reply sessionid:0x1624798348d0001, packet:: clientPath:null serverPath:null finished:false header:: 23,1  replyHeader:: 23,16,0  request:: '/brokers/seqid,,v{s{31,s{'world,'anyone}}},0  response:: '/brokers/seqid 
09:06:20.332 [SyncThread:0] DEBUG org.apache.zookeeper.server.FinalRequestProcessor - Processing request:: sessionid:0x1624798348d0001 type:exists cxid:0x18 zxid:0xfffffffffffffffe txntype:unknown reqpath:/isr_change_notification
09:06:20.332 [SyncThread:0] DEBUG org.apache.zookeeper.server.FinalRequestProcessor - sessionid:0x1624798348d0001 type:exists cxid:0x18 zxid:0xfffffffffffffffe txntype:unknown reqpath:/isr_change_notification
09:06:20.333 [Test worker-SendThread(127.0.0.1:46253)] DEBUG org.apache.zookeeper.ClientCnxn - Reading reply sessionid:0x1624798348d0001, packet:: clientPath:null serverPath:null finished:false header:: 24,3  replyHeader:: 24,16,-101  request:: '/isr_change_notification,F  response::  
09:06:20.333 [SyncThread:0] DEBUG org.apache.zookeeper.server.FinalRequestProcessor - Processing request:: sessionid:0x1624798348d0001 type:create cxid:0x19 zxid:0x11 txntype:1 reqpath:n/a
09:06:20.334 [SyncThread:0] DEBUG org.apache.zookeeper.server.FinalRequestProcessor - sessionid:0x1624798348d0001 type:create cxid:0x19 zxid:0x11 txntype:1 reqpath:n/a
09:06:20.334 [Test worker-SendThread(127.0.0.1:46253)] DEBUG org.apache.zookeeper.ClientCnxn - Reading reply sessionid:0x1624798348d0001, packet:: clientPath:null serverPath:null finished:false header:: 25,1  replyHeader:: 25,17,0  request:: '/isr_change_notification,,v{s{31,s{'world,'anyone}}},0  response:: '/isr_change_notification 
09:06:20.335 [SyncThread:0] DEBUG org.apache.zookeeper.server.FinalRequestProcessor - Processing request:: sessionid:0x1624798348d0001 type:exists cxid:0x1a zxid:0xfffffffffffffffe txntype:unknown reqpath:/latest_producer_id_block
09:06:20.335 [SyncThread:0] DEBUG org.apache.zookeeper.server.FinalRequestProcessor - sessionid:0x1624798348d0001 type:exists cxid:0x1a zxid:0xfffffffffffffffe txntype:unknown reqpath:/latest_producer_id_block
09:06:20.335 [Test worker-SendThread(127.0.0.1:46253)] DEBUG org.apache.zookeeper.ClientCnxn - Reading reply sessionid:0x1624798348d0001, packet:: clientPath:null serverPath:null finished:false header:: 26,3  replyHeader:: 26,17,-101  request:: '/latest_producer_id_block,F  response::  
09:06:20.336 [SyncThread:0] DEBUG org.apache.zookeeper.server.FinalRequestProcessor - Processing request:: sessionid:0x1624798348d0001 type:create cxid:0x1b zxid:0x12 txntype:1 reqpath:n/a
09:06:20.336 [SyncThread:0] DEBUG org.apache.zookeeper.server.FinalRequestProcessor - sessionid:0x1624798348d0001 type:create cxid:0x1b zxid:0x12 txntype:1 reqpath:n/a
09:06:20.337 [Test worker-SendThread(127.0.0.1:46253)] DEBUG org.apache.zookeeper.ClientCnxn - Reading reply sessionid:0x1624798348d0001, packet:: clientPath:null serverPath:null finished:false header:: 27,1  replyHeader:: 27,18,0  request:: '/latest_producer_id_block,,v{s{31,s{'world,'anyone}}},0  response:: '/latest_producer_id_block 
09:06:20.337 [SyncThread:0] DEBUG org.apache.zookeeper.server.FinalRequestProcessor - Processing request:: sessionid:0x1624798348d0001 type:exists cxid:0x1c zxid:0xfffffffffffffffe txntype:unknown reqpath:/log_dir_event_notification
09:06:20.337 [SyncThread:0] DEBUG org.apache.zookeeper.server.FinalRequestProcessor - sessionid:0x1624798348d0001 type:exists cxid:0x1c zxid:0xfffffffffffffffe txntype:unknown reqpath:/log_dir_event_notification
09:06:20.338 [Test worker-SendThread(127.0.0.1:46253)] DEBUG org.apache.zookeeper.ClientCnxn - Reading reply sessionid:0x1624798348d0001, packet:: clientPath:null serverPath:null finished:false header:: 28,3  replyHeader:: 28,18,-101  request:: '/log_dir_event_notification,F  response::  
09:06:20.338 [SyncThread:0] DEBUG org.apache.zookeeper.server.FinalRequestProcessor - Processing request:: sessionid:0x1624798348d0001 type:create cxid:0x1d zxid:0x13 txntype:1 reqpath:n/a
09:06:20.339 [SyncThread:0] DEBUG org.apache.zookeeper.server.FinalRequestProcessor - sessionid:0x1624798348d0001 type:create cxid:0x1d zxid:0x13 txntype:1 reqpath:n/a
09:06:20.339 [Test worker-SendThread(127.0.0.1:46253)] DEBUG org.apache.zookeeper.ClientCnxn - Reading reply sessionid:0x1624798348d0001, packet:: clientPath:null serverPath:null finished:false header:: 29,1  replyHeader:: 29,19,0  request:: '/log_dir_event_notification,,v{s{31,s{'world,'anyone}}},0  response:: '/log_dir_event_notification 
09:06:20.341 [SyncThread:0] DEBUG org.apache.zookeeper.server.FinalRequestProcessor - Processing request:: sessionid:0x1624798348d0001 type:getData cxid:0x1e zxid:0xfffffffffffffffe txntype:unknown reqpath:/cluster/id
09:06:20.341 [SyncThread:0] DEBUG org.apache.zookeeper.server.FinalRequestProcessor - sessionid:0x1624798348d0001 type:getData cxid:0x1e zxid:0xfffffffffffffffe txntype:unknown reqpath:/cluster/id
09:06:20.342 [Test worker-SendThread(127.0.0.1:46253)] DEBUG org.apache.zookeeper.ClientCnxn - Reading reply sessionid:0x1624798348d0001, packet:: clientPath:null serverPath:null finished:false header:: 30,4  replyHeader:: 30,19,-101  request:: '/cluster/id,F  response::  
09:06:20.437 [ProcessThread(sid:0 cport:46253):] INFO org.apache.zookeeper.server.PrepRequestProcessor - Got user-level KeeperException when processing sessionid:0x1624798348d0001 type:create cxid:0x1f zxid:0x14 txntype:-1 reqpath:n/a Error Path:/cluster Error:KeeperErrorCode = NoNode for /cluster
09:06:20.437 [SyncThread:0] DEBUG org.apache.zookeeper.server.FinalRequestProcessor - Processing request:: sessionid:0x1624798348d0001 type:create cxid:0x1f zxid:0x14 txntype:-1 reqpath:n/a
09:06:20.437 [SyncThread:0] DEBUG org.apache.zookeeper.server.DataTree - Ignoring processTxn failure hdr: -1 : error: -101
09:06:20.438 [Test worker-SendThread(127.0.0.1:46253)] DEBUG org.apache.zookeeper.ClientCnxn - Reading reply sessionid:0x1624798348d0001, packet:: clientPath:null serverPath:null finished:false header:: 31,1  replyHeader:: 31,20,-101  request:: '/cluster/id,#7b2276657273696f6e223a2231222c226964223a22746532323450734f514579746b4e766630492d767777227d,v{s{31,s{'world,'anyone}}},0  response::  
09:06:20.439 [SyncThread:0] DEBUG org.apache.zookeeper.server.FinalRequestProcessor - Processing request:: sessionid:0x1624798348d0001 type:create cxid:0x20 zxid:0x15 txntype:1 reqpath:n/a
09:06:20.439 [SyncThread:0] DEBUG org.apache.zookeeper.server.FinalRequestProcessor - sessionid:0x1624798348d0001 type:create cxid:0x20 zxid:0x15 txntype:1 reqpath:n/a
09:06:20.440 [Test worker-SendThread(127.0.0.1:46253)] DEBUG org.apache.zookeeper.ClientCnxn - Reading reply sessionid:0x1624798348d0001, packet:: clientPath:null serverPath:null finished:false header:: 32,1  replyHeader:: 32,21,0  request:: '/cluster,,v{s{31,s{'world,'anyone}}},0  response:: '/cluster 
09:06:20.441 [SyncThread:0] DEBUG org.apache.zookeeper.server.FinalRequestProcessor - Processing request:: sessionid:0x1624798348d0001 type:create cxid:0x21 zxid:0x16 txntype:1 reqpath:n/a
09:06:20.441 [SyncThread:0] DEBUG org.apache.zookeeper.server.FinalRequestProcessor - sessionid:0x1624798348d0001 type:create cxid:0x21 zxid:0x16 txntype:1 reqpath:n/a
09:06:20.441 [Test worker-SendThread(127.0.0.1:46253)] DEBUG org.apache.zookeeper.ClientCnxn - Reading reply sessionid:0x1624798348d0001, packet:: clientPath:null serverPath:null finished:false header:: 33,1  replyHeader:: 33,22,0  request:: '/cluster/id,#7b2276657273696f6e223a2231222c226964223a22746532323450734f514579746b4e766630492d767777227d,v{s{31,s{'world,'anyone}}},0  response:: '/cluster/id 
09:06:20.463 [Test worker] DEBUG org.apache.kafka.common.metrics.Metrics - Added sensor with name Fetch-delayQueue
09:06:20.464 [Test worker] DEBUG org.apache.kafka.common.metrics.Metrics - Added sensor with name Produce-delayQueue
09:06:20.465 [Test worker] DEBUG org.apache.kafka.common.metrics.Metrics - Added sensor with name Request-delayQueue
09:06:20.478 [SyncThread:0] DEBUG org.apache.zookeeper.server.FinalRequestProcessor - Processing request:: sessionid:0x1624798348d0001 type:getChildren cxid:0x22 zxid:0xfffffffffffffffe txntype:unknown reqpath:/brokers/topics
09:06:20.478 [SyncThread:0] DEBUG org.apache.zookeeper.server.FinalRequestProcessor - sessionid:0x1624798348d0001 type:getChildren cxid:0x22 zxid:0xfffffffffffffffe txntype:unknown reqpath:/brokers/topics
09:06:20.479 [Test worker-SendThread(127.0.0.1:46253)] DEBUG org.apache.zookeeper.ClientCnxn - Reading reply sessionid:0x1624798348d0001, packet:: clientPath:null serverPath:null finished:false header:: 34,8  replyHeader:: 34,22,0  request:: '/brokers/topics,F  response:: v{} 
09:06:20.516 [Test worker] DEBUG org.apache.kafka.common.metrics.Metrics - Added sensor with name MemoryPoolUtilization
09:06:20.653 [Test worker] DEBUG org.apache.kafka.common.metrics.Metrics - Added sensor with name connections-closed:listener-PLAINTEXTnetworkProcessor-0
09:06:20.655 [Test worker] DEBUG org.apache.kafka.common.metrics.Metrics - Added sensor with name connections-created:listener-PLAINTEXTnetworkProcessor-0
09:06:20.655 [Test worker] DEBUG org.apache.kafka.common.metrics.Metrics - Added sensor with name successful-authentication:listener-PLAINTEXTnetworkProcessor-0
09:06:20.655 [Test worker] DEBUG org.apache.kafka.common.metrics.Metrics - Added sensor with name failed-authentication:listener-PLAINTEXTnetworkProcessor-0
09:06:20.655 [Test worker] DEBUG org.apache.kafka.common.metrics.Metrics - Added sensor with name bytes-sent-received:listener-PLAINTEXTnetworkProcessor-0
09:06:20.656 [Test worker] DEBUG org.apache.kafka.common.metrics.Metrics - Added sensor with name bytes-sent:listener-PLAINTEXTnetworkProcessor-0
09:06:20.656 [Test worker] DEBUG org.apache.kafka.common.metrics.Metrics - Added sensor with name bytes-received:listener-PLAINTEXTnetworkProcessor-0
09:06:20.657 [Test worker] DEBUG org.apache.kafka.common.metrics.Metrics - Added sensor with name select-time:listener-PLAINTEXTnetworkProcessor-0
09:06:20.657 [Test worker] DEBUG org.apache.kafka.common.metrics.Metrics - Added sensor with name io-time:listener-PLAINTEXTnetworkProcessor-0
09:06:20.659 [Test worker] DEBUG org.apache.kafka.common.metrics.Metrics - Added sensor with name connections-closed:listener-PLAINTEXTnetworkProcessor-1
09:06:20.659 [Test worker] DEBUG org.apache.kafka.common.metrics.Metrics - Added sensor with name connections-created:listener-PLAINTEXTnetworkProcessor-1
09:06:20.659 [Test worker] DEBUG org.apache.kafka.common.metrics.Metrics - Added sensor with name successful-authentication:listener-PLAINTEXTnetworkProcessor-1
09:06:20.660 [Test worker] DEBUG org.apache.kafka.common.metrics.Metrics - Added sensor with name failed-authentication:listener-PLAINTEXTnetworkProcessor-1
09:06:20.660 [Test worker] DEBUG org.apache.kafka.common.metrics.Metrics - Added sensor with name bytes-sent-received:listener-PLAINTEXTnetworkProcessor-1
09:06:20.660 [Test worker] DEBUG org.apache.kafka.common.metrics.Metrics - Added sensor with name bytes-sent:listener-PLAINTEXTnetworkProcessor-1
09:06:20.660 [Test worker] DEBUG org.apache.kafka.common.metrics.Metrics - Added sensor with name bytes-received:listener-PLAINTEXTnetworkProcessor-1
09:06:20.661 [Test worker] DEBUG org.apache.kafka.common.metrics.Metrics - Added sensor with name select-time:listener-PLAINTEXTnetworkProcessor-1
09:06:20.661 [Test worker] DEBUG org.apache.kafka.common.metrics.Metrics - Added sensor with name io-time:listener-PLAINTEXTnetworkProcessor-1
09:06:20.662 [Test worker] DEBUG org.apache.kafka.common.metrics.Metrics - Added sensor with name connections-closed:listener-PLAINTEXTnetworkProcessor-2
09:06:20.662 [Test worker] DEBUG org.apache.kafka.common.metrics.Metrics - Added sensor with name connections-created:listener-PLAINTEXTnetworkProcessor-2
09:06:20.662 [Test worker] DEBUG org.apache.kafka.common.metrics.Metrics - Added sensor with name successful-authentication:listener-PLAINTEXTnetworkProcessor-2
09:06:20.663 [Test worker] DEBUG org.apache.kafka.common.metrics.Metrics - Added sensor with name failed-authentication:listener-PLAINTEXTnetworkProcessor-2
09:06:20.663 [Test worker] DEBUG org.apache.kafka.common.metrics.Metrics - Added sensor with name bytes-sent-received:listener-PLAINTEXTnetworkProcessor-2
09:06:20.663 [Test worker] DEBUG org.apache.kafka.common.metrics.Metrics - Added sensor with name bytes-sent:listener-PLAINTEXTnetworkProcessor-2
09:06:20.663 [Test worker] DEBUG org.apache.kafka.common.metrics.Metrics - Added sensor with name bytes-received:listener-PLAINTEXTnetworkProcessor-2
09:06:20.664 [Test worker] DEBUG org.apache.kafka.common.metrics.Metrics - Added sensor with name select-time:listener-PLAINTEXTnetworkProcessor-2
09:06:20.665 [Test worker] DEBUG org.apache.kafka.common.metrics.Metrics - Added sensor with name io-time:listener-PLAINTEXTnetworkProcessor-2
09:06:20.707 [SyncThread:0] DEBUG org.apache.zookeeper.server.FinalRequestProcessor - Processing request:: sessionid:0x1624798348d0001 type:exists cxid:0x23 zxid:0xfffffffffffffffe txntype:unknown reqpath:/controller
09:06:20.707 [SyncThread:0] DEBUG org.apache.zookeeper.server.FinalRequestProcessor - sessionid:0x1624798348d0001 type:exists cxid:0x23 zxid:0xfffffffffffffffe txntype:unknown reqpath:/controller
09:06:20.708 [Test worker-SendThread(127.0.0.1:46253)] DEBUG org.apache.zookeeper.ClientCnxn - Reading reply sessionid:0x1624798348d0001, packet:: clientPath:null serverPath:null finished:false header:: 35,3  replyHeader:: 35,22,-101  request:: '/controller,T  response::  
09:06:20.708 [controller-event-thread] DEBUG org.I0Itec.zkclient.ZkClient - Subscribed data changes for /controller
09:06:20.709 [SyncThread:0] DEBUG org.apache.zookeeper.server.FinalRequestProcessor - Processing request:: sessionid:0x1624798348d0001 type:getData cxid:0x24 zxid:0xfffffffffffffffe txntype:unknown reqpath:/controller
09:06:20.709 [SyncThread:0] DEBUG org.apache.zookeeper.server.FinalRequestProcessor - sessionid:0x1624798348d0001 type:getData cxid:0x24 zxid:0xfffffffffffffffe txntype:unknown reqpath:/controller
09:06:20.709 [Test worker-SendThread(127.0.0.1:46253)] DEBUG org.apache.zookeeper.ClientCnxn - Reading reply sessionid:0x1624798348d0001, packet:: clientPath:null serverPath:null finished:false header:: 36,4  replyHeader:: 36,22,-101  request:: '/controller,T  response::  
09:06:20.711 [SyncThread:0] DEBUG org.apache.zookeeper.server.FinalRequestProcessor - Processing request:: sessionid:0x1624798348d0001 type:getData cxid:0x25 zxid:0xfffffffffffffffe txntype:unknown reqpath:/brokers/topics/__consumer_offsets
09:06:20.711 [SyncThread:0] DEBUG org.apache.zookeeper.server.FinalRequestProcessor - sessionid:0x1624798348d0001 type:getData cxid:0x25 zxid:0xfffffffffffffffe txntype:unknown reqpath:/brokers/topics/__consumer_offsets
09:06:20.712 [Test worker-SendThread(127.0.0.1:46253)] DEBUG org.apache.zookeeper.ClientCnxn - Reading reply sessionid:0x1624798348d0001, packet:: clientPath:null serverPath:null finished:false header:: 37,4  replyHeader:: 37,22,-101  request:: '/brokers/topics/__consumer_offsets,F  response::  
09:06:20.713 [SyncThread:0] DEBUG org.apache.zookeeper.server.FinalRequestProcessor - Processing request:: sessionid:0x1624798348d0001 type:create cxid:0x26 zxid:0x17 txntype:1 reqpath:n/a
09:06:20.714 [SyncThread:0] DEBUG org.apache.zookeeper.server.FinalRequestProcessor - sessionid:0x1624798348d0001 type:create cxid:0x26 zxid:0x17 txntype:1 reqpath:n/a
09:06:20.714 [Test worker-SendThread(127.0.0.1:46253)] DEBUG org.apache.zookeeper.ClientCnxn - Got notification sessionid:0x1624798348d0001
09:06:20.714 [Test worker-SendThread(127.0.0.1:46253)] DEBUG org.apache.zookeeper.ClientCnxn - Got WatchedEvent state:SyncConnected type:NodeCreated path:/controller for sessionid 0x1624798348d0001
09:06:20.714 [Test worker-EventThread] DEBUG org.I0Itec.zkclient.ZkClient - Received event: WatchedEvent state:SyncConnected type:NodeCreated path:/controller
09:06:20.714 [Test worker-EventThread] DEBUG org.I0Itec.zkclient.ZkEventThread - New event: ZkEvent[Data of /controller changed sent to kafka.controller.ControllerChangeListener@6c09e01a]
09:06:20.714 [Test worker-SendThread(127.0.0.1:46253)] DEBUG org.apache.zookeeper.ClientCnxn - Reading reply sessionid:0x1624798348d0001, packet:: clientPath:/controller serverPath:/controller finished:false header:: 38,1  replyHeader:: 38,23,0  request:: '/controller,#7b2276657273696f6e223a312c2262726f6b65726964223a302c2274696d657374616d70223a2231353231363139353830373038227d,v{s{31,s{'world,'anyone}}},1  response:: '/controller 
09:06:20.714 [Test worker-EventThread] DEBUG org.I0Itec.zkclient.ZkClient - Leaving process event
09:06:20.714 [ZkClient-EventThread-35-127.0.0.1:46253] DEBUG org.I0Itec.zkclient.ZkEventThread - Delivering event #1 ZkEvent[Data of /controller changed sent to kafka.controller.ControllerChangeListener@6c09e01a]
09:06:20.715 [SyncThread:0] DEBUG org.apache.zookeeper.server.FinalRequestProcessor - Processing request:: sessionid:0x1624798348d0001 type:exists cxid:0x27 zxid:0xfffffffffffffffe txntype:unknown reqpath:/controller
09:06:20.715 [SyncThread:0] DEBUG org.apache.zookeeper.server.FinalRequestProcessor - sessionid:0x1624798348d0001 type:exists cxid:0x27 zxid:0xfffffffffffffffe txntype:unknown reqpath:/controller
09:06:20.715 [Test worker-SendThread(127.0.0.1:46253)] DEBUG org.apache.zookeeper.ClientCnxn - Reading reply sessionid:0x1624798348d0001, packet:: clientPath:null serverPath:null finished:false header:: 39,3  replyHeader:: 39,23,0  request:: '/controller,T  response:: s{23,23,1521619580713,1521619580713,0,0,0,99720860797829121,54,0,23} 
09:06:20.716 [SyncThread:0] DEBUG org.apache.zookeeper.server.FinalRequestProcessor - Processing request:: sessionid:0x1624798348d0001 type:getData cxid:0x28 zxid:0xfffffffffffffffe txntype:unknown reqpath:/controller
09:06:20.716 [SyncThread:0] DEBUG org.apache.zookeeper.server.FinalRequestProcessor - sessionid:0x1624798348d0001 type:getData cxid:0x28 zxid:0xfffffffffffffffe txntype:unknown reqpath:/controller
09:06:20.717 [Test worker-SendThread(127.0.0.1:46253)] DEBUG org.apache.zookeeper.ClientCnxn - Reading reply sessionid:0x1624798348d0001, packet:: clientPath:null serverPath:null finished:false header:: 40,4  replyHeader:: 40,23,0  request:: '/controller,T  response:: #7b2276657273696f6e223a312c2262726f6b65726964223a302c2274696d657374616d70223a2231353231363139353830373038227d,s{23,23,1521619580713,1521619580713,0,0,0,99720860797829121,54,0,23} 
09:06:20.717 [SyncThread:0] DEBUG org.apache.zookeeper.server.FinalRequestProcessor - Processing request:: sessionid:0x1624798348d0001 type:exists cxid:0x29 zxid:0xfffffffffffffffe txntype:unknown reqpath:/controller_epoch
09:06:20.717 [SyncThread:0] DEBUG org.apache.zookeeper.server.FinalRequestProcessor - sessionid:0x1624798348d0001 type:exists cxid:0x29 zxid:0xfffffffffffffffe txntype:unknown reqpath:/controller_epoch
09:06:20.718 [Test worker-SendThread(127.0.0.1:46253)] DEBUG org.apache.zookeeper.ClientCnxn - Reading reply sessionid:0x1624798348d0001, packet:: clientPath:null serverPath:null finished:false header:: 41,3  replyHeader:: 41,23,-101  request:: '/controller_epoch,F  response::  
09:06:20.719 [ProcessThread(sid:0 cport:46253):] INFO org.apache.zookeeper.server.PrepRequestProcessor - Got user-level KeeperException when processing sessionid:0x1624798348d0001 type:setData cxid:0x2a zxid:0x18 txntype:-1 reqpath:n/a Error Path:/controller_epoch Error:KeeperErrorCode = NoNode for /controller_epoch
09:06:20.719 [SyncThread:0] DEBUG org.apache.zookeeper.server.FinalRequestProcessor - Processing request:: sessionid:0x1624798348d0001 type:setData cxid:0x2a zxid:0x18 txntype:-1 reqpath:n/a
09:06:20.719 [SyncThread:0] DEBUG org.apache.zookeeper.server.DataTree - Ignoring processTxn failure hdr: -1 : error: -101
09:06:20.720 [Test worker-SendThread(127.0.0.1:46253)] DEBUG org.apache.zookeeper.ClientCnxn - Reading reply sessionid:0x1624798348d0001, packet:: clientPath:null serverPath:null finished:false header:: 42,5  replyHeader:: 42,24,-101  request:: '/controller_epoch,#31,0  response::  
09:06:20.720 [SyncThread:0] DEBUG org.apache.zookeeper.server.FinalRequestProcessor - Processing request:: sessionid:0x1624798348d0001 type:create cxid:0x2b zxid:0x19 txntype:1 reqpath:n/a
09:06:20.720 [SyncThread:0] DEBUG org.apache.zookeeper.server.FinalRequestProcessor - sessionid:0x1624798348d0001 type:create cxid:0x2b zxid:0x19 txntype:1 reqpath:n/a
09:06:20.720 [Test worker-SendThread(127.0.0.1:46253)] DEBUG org.apache.zookeeper.ClientCnxn - Reading reply sessionid:0x1624798348d0001, packet:: clientPath:null serverPath:null finished:false header:: 43,1  replyHeader:: 43,25,0  request:: '/controller_epoch,#31,v{s{31,s{'world,'anyone}}},0  response:: '/controller_epoch 
09:06:20.722 [SyncThread:0] DEBUG org.apache.zookeeper.server.FinalRequestProcessor - Processing request:: sessionid:0x1624798348d0001 type:getChildren cxid:0x2c zxid:0xfffffffffffffffe txntype:unknown reqpath:/log_dir_event_notification
09:06:20.722 [SyncThread:0] DEBUG org.apache.zookeeper.server.FinalRequestProcessor - sessionid:0x1624798348d0001 type:getChildren cxid:0x2c zxid:0xfffffffffffffffe txntype:unknown reqpath:/log_dir_event_notification
09:06:20.723 [SyncThread:0] DEBUG org.apache.zookeeper.server.FinalRequestProcessor - Processing request:: sessionid:0x1624798348d0001 type:getData cxid:0x2d zxid:0xfffffffffffffffe txntype:unknown reqpath:/latest_producer_id_block
09:06:20.723 [Test worker-SendThread(127.0.0.1:46253)] DEBUG org.apache.zookeeper.ClientCnxn - Reading reply sessionid:0x1624798348d0001, packet:: clientPath:null serverPath:null finished:false header:: 44,8  replyHeader:: 44,25,0  request:: '/log_dir_event_notification,F  response:: v{} 
09:06:20.723 [SyncThread:0] DEBUG org.apache.zookeeper.server.FinalRequestProcessor - sessionid:0x1624798348d0001 type:getData cxid:0x2d zxid:0xfffffffffffffffe txntype:unknown reqpath:/latest_producer_id_block
09:06:20.723 [Test worker-SendThread(127.0.0.1:46253)] DEBUG org.apache.zookeeper.ClientCnxn - Reading reply sessionid:0x1624798348d0001, packet:: clientPath:null serverPath:null finished:false header:: 45,4  replyHeader:: 45,25,0  request:: '/latest_producer_id_block,F  response:: ,s{18,18,1521619580336,1521619580336,0,0,0,0,0,0,18} 
09:06:20.724 [SyncThread:0] DEBUG org.apache.zookeeper.server.FinalRequestProcessor - Processing request:: sessionid:0x1624798348d0001 type:exists cxid:0x2e zxid:0xfffffffffffffffe txntype:unknown reqpath:/admin/reassign_partitions
09:06:20.724 [SyncThread:0] DEBUG org.apache.zookeeper.server.FinalRequestProcessor - sessionid:0x1624798348d0001 type:exists cxid:0x2e zxid:0xfffffffffffffffe txntype:unknown reqpath:/admin/reassign_partitions
09:06:20.725 [Test worker-SendThread(127.0.0.1:46253)] DEBUG org.apache.zookeeper.ClientCnxn - Reading reply sessionid:0x1624798348d0001, packet:: clientPath:null serverPath:null finished:false header:: 46,3  replyHeader:: 46,25,-101  request:: '/admin/reassign_partitions,T  response::  
09:06:20.725 [controller-event-thread] DEBUG org.I0Itec.zkclient.ZkClient - Subscribed data changes for /admin/reassign_partitions
09:06:20.727 [SyncThread:0] DEBUG org.apache.zookeeper.server.FinalRequestProcessor - Processing request:: sessionid:0x1624798348d0001 type:setData cxid:0x2f zxid:0x1a txntype:5 reqpath:n/a
09:06:20.727 [SyncThread:0] DEBUG org.apache.zookeeper.server.FinalRequestProcessor - sessionid:0x1624798348d0001 type:setData cxid:0x2f zxid:0x1a txntype:5 reqpath:n/a
09:06:20.727 [SyncThread:0] DEBUG org.apache.zookeeper.server.FinalRequestProcessor - Processing request:: sessionid:0x1624798348d0001 type:exists cxid:0x30 zxid:0xfffffffffffffffe txntype:unknown reqpath:/isr_change_notification
09:06:20.727 [SyncThread:0] DEBUG org.apache.zookeeper.server.FinalRequestProcessor - sessionid:0x1624798348d0001 type:exists cxid:0x30 zxid:0xfffffffffffffffe txntype:unknown reqpath:/isr_change_notification
09:06:20.727 [Test worker-SendThread(127.0.0.1:46253)] DEBUG org.apache.zookeeper.ClientCnxn - Reading reply sessionid:0x1624798348d0001, packet:: clientPath:null serverPath:null finished:false header:: 47,5  replyHeader:: 47,26,0  request:: '/latest_producer_id_block,#7b2276657273696f6e223a312c2262726f6b6572223a302c22626c6f636b5f7374617274223a2230222c22626c6f636b5f656e64223a22393939227d,0  response:: s{18,26,1521619580336,1521619580726,1,0,0,0,60,0,18} 
09:06:20.728 [Test worker-SendThread(127.0.0.1:46253)] DEBUG org.apache.zookeeper.ClientCnxn - Reading reply sessionid:0x1624798348d0001, packet:: clientPath:null serverPath:null finished:false header:: 48,3  replyHeader:: 48,26,0  request:: '/isr_change_notification,T  response:: s{17,17,1521619580333,1521619580333,0,0,0,0,0,0,17} 
09:06:20.728 [SyncThread:0] DEBUG org.apache.zookeeper.server.FinalRequestProcessor - Processing request:: sessionid:0x1624798348d0001 type:getChildren cxid:0x31 zxid:0xfffffffffffffffe txntype:unknown reqpath:/isr_change_notification
09:06:20.728 [SyncThread:0] DEBUG org.apache.zookeeper.server.FinalRequestProcessor - sessionid:0x1624798348d0001 type:getChildren cxid:0x31 zxid:0xfffffffffffffffe txntype:unknown reqpath:/isr_change_notification
09:06:20.728 [Test worker-SendThread(127.0.0.1:46253)] DEBUG org.apache.zookeeper.ClientCnxn - Reading reply sessionid:0x1624798348d0001, packet:: clientPath:null serverPath:null finished:false header:: 49,8  replyHeader:: 49,26,0  request:: '/isr_change_notification,T  response:: v{} 
09:06:20.730 [SyncThread:0] DEBUG org.apache.zookeeper.server.FinalRequestProcessor - Processing request:: sessionid:0x1624798348d0001 type:exists cxid:0x32 zxid:0xfffffffffffffffe txntype:unknown reqpath:/admin/preferred_replica_election
09:06:20.730 [SyncThread:0] DEBUG org.apache.zookeeper.server.FinalRequestProcessor - sessionid:0x1624798348d0001 type:exists cxid:0x32 zxid:0xfffffffffffffffe txntype:unknown reqpath:/admin/preferred_replica_election
09:06:20.730 [Test worker-SendThread(127.0.0.1:46253)] DEBUG org.apache.zookeeper.ClientCnxn - Reading reply sessionid:0x1624798348d0001, packet:: clientPath:null serverPath:null finished:false header:: 50,3  replyHeader:: 50,26,-101  request:: '/admin/preferred_replica_election,T  response::  
09:06:20.730 [controller-event-thread] DEBUG org.I0Itec.zkclient.ZkClient - Subscribed data changes for /admin/preferred_replica_election
09:06:20.731 [SyncThread:0] DEBUG org.apache.zookeeper.server.FinalRequestProcessor - Processing request:: sessionid:0x1624798348d0001 type:exists cxid:0x33 zxid:0xfffffffffffffffe txntype:unknown reqpath:/brokers/topics
09:06:20.731 [SyncThread:0] DEBUG org.apache.zookeeper.server.FinalRequestProcessor - sessionid:0x1624798348d0001 type:exists cxid:0x33 zxid:0xfffffffffffffffe txntype:unknown reqpath:/brokers/topics
09:06:20.731 [Test worker-SendThread(127.0.0.1:46253)] DEBUG org.apache.zookeeper.ClientCnxn - Reading reply sessionid:0x1624798348d0001, packet:: clientPath:null serverPath:null finished:false header:: 51,3  replyHeader:: 51,26,0  request:: '/brokers/topics,T  response:: s{7,7,1521619580310,1521619580310,0,0,0,0,0,0,7} 
09:06:20.732 [SyncThread:0] DEBUG org.apache.zookeeper.server.FinalRequestProcessor - Processing request:: sessionid:0x1624798348d0001 type:getChildren cxid:0x34 zxid:0xfffffffffffffffe txntype:unknown reqpath:/brokers/topics
09:06:20.732 [SyncThread:0] DEBUG org.apache.zookeeper.server.FinalRequestProcessor - sessionid:0x1624798348d0001 type:getChildren cxid:0x34 zxid:0xfffffffffffffffe txntype:unknown reqpath:/brokers/topics
09:06:20.732 [SyncThread:0] DEBUG org.apache.zookeeper.server.FinalRequestProcessor - Processing request:: sessionid:0x1624798348d0001 type:getData cxid:0x35 zxid:0xfffffffffffffffe txntype:unknown reqpath:/brokers/topics/__transaction_state
09:06:20.732 [Test worker-SendThread(127.0.0.1:46253)] DEBUG org.apache.zookeeper.ClientCnxn - Reading reply sessionid:0x1624798348d0001, packet:: clientPath:null serverPath:null finished:false header:: 52,8  replyHeader:: 52,26,0  request:: '/brokers/topics,T  response:: v{} 
09:06:20.732 [SyncThread:0] DEBUG org.apache.zookeeper.server.FinalRequestProcessor - sessionid:0x1624798348d0001 type:getData cxid:0x35 zxid:0xfffffffffffffffe txntype:unknown reqpath:/brokers/topics/__transaction_state
09:06:20.732 [Test worker-SendThread(127.0.0.1:46253)] DEBUG org.apache.zookeeper.ClientCnxn - Reading reply sessionid:0x1624798348d0001, packet:: clientPath:null serverPath:null finished:false header:: 53,4  replyHeader:: 53,26,-101  request:: '/brokers/topics/__transaction_state,F  response::  
09:06:20.733 [SyncThread:0] DEBUG org.apache.zookeeper.server.FinalRequestProcessor - Processing request:: sessionid:0x1624798348d0001 type:exists cxid:0x36 zxid:0xfffffffffffffffe txntype:unknown reqpath:/admin/delete_topics
09:06:20.733 [SyncThread:0] DEBUG org.apache.zookeeper.server.FinalRequestProcessor - sessionid:0x1624798348d0001 type:exists cxid:0x36 zxid:0xfffffffffffffffe txntype:unknown reqpath:/admin/delete_topics
09:06:20.733 [Test worker-SendThread(127.0.0.1:46253)] DEBUG org.apache.zookeeper.ClientCnxn - Reading reply sessionid:0x1624798348d0001, packet:: clientPath:null serverPath:null finished:false header:: 54,3  replyHeader:: 54,26,0  request:: '/admin/delete_topics,T  response:: s{15,15,1521619580328,1521619580328,0,0,0,0,0,0,15} 
09:06:20.734 [SyncThread:0] DEBUG org.apache.zookeeper.server.FinalRequestProcessor - Processing request:: sessionid:0x1624798348d0001 type:getChildren cxid:0x37 zxid:0xfffffffffffffffe txntype:unknown reqpath:/admin/delete_topics
09:06:20.734 [Test worker] DEBUG org.apache.kafka.common.metrics.Metrics - Added sensor with name connections-closed:
09:06:20.734 [SyncThread:0] DEBUG org.apache.zookeeper.server.FinalRequestProcessor - sessionid:0x1624798348d0001 type:getChildren cxid:0x37 zxid:0xfffffffffffffffe txntype:unknown reqpath:/admin/delete_topics
09:06:20.734 [Test worker] DEBUG org.apache.kafka.common.metrics.Metrics - Added sensor with name connections-created:
09:06:20.734 [Test worker-SendThread(127.0.0.1:46253)] DEBUG org.apache.zookeeper.ClientCnxn - Reading reply sessionid:0x1624798348d0001, packet:: clientPath:null serverPath:null finished:false header:: 55,8  replyHeader:: 55,26,0  request:: '/admin/delete_topics,T  response:: v{} 
09:06:20.734 [Test worker] DEBUG org.apache.kafka.common.metrics.Metrics - Added sensor with name successful-authentication:
09:06:20.734 [Test worker] DEBUG org.apache.kafka.common.metrics.Metrics - Added sensor with name failed-authentication:
09:06:20.734 [Test worker] DEBUG org.apache.kafka.common.metrics.Metrics - Added sensor with name bytes-sent-received:
09:06:20.735 [Test worker] DEBUG org.apache.kafka.common.metrics.Metrics - Added sensor with name bytes-sent:
09:06:20.735 [SyncThread:0] DEBUG org.apache.zookeeper.server.FinalRequestProcessor - Processing request:: sessionid:0x1624798348d0001 type:exists cxid:0x38 zxid:0xfffffffffffffffe txntype:unknown reqpath:/brokers/ids
09:06:20.735 [SyncThread:0] DEBUG org.apache.zookeeper.server.FinalRequestProcessor - sessionid:0x1624798348d0001 type:exists cxid:0x38 zxid:0xfffffffffffffffe txntype:unknown reqpath:/brokers/ids
09:06:20.735 [Test worker-SendThread(127.0.0.1:46253)] DEBUG org.apache.zookeeper.ClientCnxn - Reading reply sessionid:0x1624798348d0001, packet:: clientPath:null serverPath:null finished:false header:: 56,3  replyHeader:: 56,26,0  request:: '/brokers/ids,T  response:: s{6,6,1521619580308,1521619580308,0,0,0,0,0,0,6} 
09:06:20.735 [Test worker] DEBUG org.apache.kafka.common.metrics.Metrics - Added sensor with name bytes-received:
09:06:20.735 [Test worker] DEBUG org.apache.kafka.common.metrics.Metrics - Added sensor with name select-time:
09:06:20.735 [SyncThread:0] DEBUG org.apache.zookeeper.server.FinalRequestProcessor - Processing request:: sessionid:0x1624798348d0001 type:getChildren cxid:0x39 zxid:0xfffffffffffffffe txntype:unknown reqpath:/brokers/ids
09:06:20.735 [SyncThread:0] DEBUG org.apache.zookeeper.server.FinalRequestProcessor - sessionid:0x1624798348d0001 type:getChildren cxid:0x39 zxid:0xfffffffffffffffe txntype:unknown reqpath:/brokers/ids
09:06:20.736 [Test worker] DEBUG org.apache.kafka.common.metrics.Metrics - Added sensor with name io-time:
09:06:20.736 [Test worker-SendThread(127.0.0.1:46253)] DEBUG org.apache.zookeeper.ClientCnxn - Reading reply sessionid:0x1624798348d0001, packet:: clientPath:null serverPath:null finished:false header:: 57,8  replyHeader:: 57,26,0  request:: '/brokers/ids,T  response:: v{} 
09:06:20.736 [SyncThread:0] DEBUG org.apache.zookeeper.server.FinalRequestProcessor - Processing request:: sessionid:0x1624798348d0001 type:exists cxid:0x3a zxid:0xfffffffffffffffe txntype:unknown reqpath:/log_dir_event_notification
09:06:20.736 [SyncThread:0] DEBUG org.apache.zookeeper.server.FinalRequestProcessor - sessionid:0x1624798348d0001 type:exists cxid:0x3a zxid:0xfffffffffffffffe txntype:unknown reqpath:/log_dir_event_notification
09:06:20.737 [Test worker-SendThread(127.0.0.1:46253)] DEBUG org.apache.zookeeper.ClientCnxn - Reading reply sessionid:0x1624798348d0001, packet:: clientPath:null serverPath:null finished:false header:: 58,3  replyHeader:: 58,26,0  request:: '/log_dir_event_notification,T  response:: s{19,19,1521619580338,1521619580338,0,0,0,0,0,0,19} 
09:06:20.737 [SyncThread:0] DEBUG org.apache.zookeeper.server.FinalRequestProcessor - Processing request:: sessionid:0x1624798348d0001 type:getChildren cxid:0x3b zxid:0xfffffffffffffffe txntype:unknown reqpath:/log_dir_event_notification
09:06:20.737 [SyncThread:0] DEBUG org.apache.zookeeper.server.FinalRequestProcessor - sessionid:0x1624798348d0001 type:getChildren cxid:0x3b zxid:0xfffffffffffffffe txntype:unknown reqpath:/log_dir_event_notification
09:06:20.737 [Test worker-SendThread(127.0.0.1:46253)] DEBUG org.apache.zookeeper.ClientCnxn - Reading reply sessionid:0x1624798348d0001, packet:: clientPath:null serverPath:null finished:false header:: 59,8  replyHeader:: 59,26,0  request:: '/log_dir_event_notification,T  response:: v{} 
09:06:20.738 [SyncThread:0] DEBUG org.apache.zookeeper.server.FinalRequestProcessor - Processing request:: sessionid:0x1624798348d0001 type:getChildren cxid:0x3c zxid:0xfffffffffffffffe txntype:unknown reqpath:/brokers/ids
09:06:20.738 [SyncThread:0] DEBUG org.apache.zookeeper.server.FinalRequestProcessor - sessionid:0x1624798348d0001 type:getChildren cxid:0x3c zxid:0xfffffffffffffffe txntype:unknown reqpath:/brokers/ids
09:06:20.738 [Test worker-SendThread(127.0.0.1:46253)] DEBUG org.apache.zookeeper.ClientCnxn - Reading reply sessionid:0x1624798348d0001, packet:: clientPath:null serverPath:null finished:false header:: 60,8  replyHeader:: 60,26,0  request:: '/brokers/ids,T  response:: v{} 
09:06:20.756 [SyncThread:0] DEBUG org.apache.zookeeper.server.FinalRequestProcessor - Processing request:: sessionid:0x1624798348d0001 type:getChildren cxid:0x3d zxid:0xfffffffffffffffe txntype:unknown reqpath:/brokers/topics
09:06:20.756 [SyncThread:0] DEBUG org.apache.zookeeper.server.FinalRequestProcessor - sessionid:0x1624798348d0001 type:getChildren cxid:0x3d zxid:0xfffffffffffffffe txntype:unknown reqpath:/brokers/topics
09:06:20.757 [Test worker-SendThread(127.0.0.1:46253)] DEBUG org.apache.zookeeper.ClientCnxn - Reading reply sessionid:0x1624798348d0001, packet:: clientPath:null serverPath:null finished:false header:: 61,8  replyHeader:: 61,26,0  request:: '/brokers/topics,T  response:: v{} 
09:06:20.765 [ZkClient-EventThread-35-127.0.0.1:46253] DEBUG org.I0Itec.zkclient.ZkEventThread - Delivering event #1 done
09:06:20.769 [SyncThread:0] DEBUG org.apache.zookeeper.server.FinalRequestProcessor - Processing request:: sessionid:0x1624798348d0001 type:getData cxid:0x3e zxid:0xfffffffffffffffe txntype:unknown reqpath:/admin/reassign_partitions
09:06:20.769 [SyncThread:0] DEBUG org.apache.zookeeper.server.FinalRequestProcessor - sessionid:0x1624798348d0001 type:getData cxid:0x3e zxid:0xfffffffffffffffe txntype:unknown reqpath:/admin/reassign_partitions
09:06:20.770 [Test worker-SendThread(127.0.0.1:46253)] DEBUG org.apache.zookeeper.ClientCnxn - Reading reply sessionid:0x1624798348d0001, packet:: clientPath:null serverPath:null finished:false header:: 62,4  replyHeader:: 62,26,-101  request:: '/admin/reassign_partitions,T  response::  
09:06:20.774 [SyncThread:0] DEBUG org.apache.zookeeper.server.FinalRequestProcessor - Processing request:: sessionid:0x1624798348d0001 type:getChildren cxid:0x3f zxid:0xfffffffffffffffe txntype:unknown reqpath:/admin/delete_topics
09:06:20.774 [SyncThread:0] DEBUG org.apache.zookeeper.server.FinalRequestProcessor - sessionid:0x1624798348d0001 type:getChildren cxid:0x3f zxid:0xfffffffffffffffe txntype:unknown reqpath:/admin/delete_topics
09:06:20.774 [Test worker-SendThread(127.0.0.1:46253)] DEBUG org.apache.zookeeper.ClientCnxn - Reading reply sessionid:0x1624798348d0001, packet:: clientPath:null serverPath:null finished:false header:: 63,8  replyHeader:: 63,26,0  request:: '/admin/delete_topics,T  response:: v{} 
09:06:20.785 [SyncThread:0] DEBUG org.apache.zookeeper.server.FinalRequestProcessor - Processing request:: sessionid:0x1624798348d0001 type:exists cxid:0x40 zxid:0xfffffffffffffffe txntype:unknown reqpath:/config/changes
09:06:20.785 [SyncThread:0] DEBUG org.apache.zookeeper.server.FinalRequestProcessor - sessionid:0x1624798348d0001 type:exists cxid:0x40 zxid:0xfffffffffffffffe txntype:unknown reqpath:/config/changes
09:06:20.785 [Test worker-SendThread(127.0.0.1:46253)] DEBUG org.apache.zookeeper.ClientCnxn - Reading reply sessionid:0x1624798348d0001, packet:: clientPath:null serverPath:null finished:false header:: 64,3  replyHeader:: 64,26,0  request:: '/config/changes,F  response:: s{10,10,1521619580318,1521619580318,0,0,0,0,0,0,10} 
09:06:20.786 [SyncThread:0] DEBUG org.apache.zookeeper.server.FinalRequestProcessor - Processing request:: sessionid:0x1624798348d0001 type:exists cxid:0x41 zxid:0xfffffffffffffffe txntype:unknown reqpath:/config/changes
09:06:20.786 [SyncThread:0] DEBUG org.apache.zookeeper.server.FinalRequestProcessor - sessionid:0x1624798348d0001 type:exists cxid:0x41 zxid:0xfffffffffffffffe txntype:unknown reqpath:/config/changes
09:06:20.787 [Test worker-SendThread(127.0.0.1:46253)] DEBUG org.apache.zookeeper.ClientCnxn - Reading reply sessionid:0x1624798348d0001, packet:: clientPath:null serverPath:null finished:false header:: 65,3  replyHeader:: 65,26,0  request:: '/config/changes,T  response:: s{10,10,1521619580318,1521619580318,0,0,0,0,0,0,10} 
09:06:20.787 [SyncThread:0] DEBUG org.apache.zookeeper.server.FinalRequestProcessor - Processing request:: sessionid:0x1624798348d0001 type:getChildren cxid:0x42 zxid:0xfffffffffffffffe txntype:unknown reqpath:/config/changes
09:06:20.787 [SyncThread:0] DEBUG org.apache.zookeeper.server.FinalRequestProcessor - sessionid:0x1624798348d0001 type:getChildren cxid:0x42 zxid:0xfffffffffffffffe txntype:unknown reqpath:/config/changes
09:06:20.787 [SyncThread:0] DEBUG org.apache.zookeeper.server.FinalRequestProcessor - Processing request:: sessionid:0x1624798348d0001 type:getData cxid:0x43 zxid:0xfffffffffffffffe txntype:unknown reqpath:/admin/preferred_replica_election
09:06:20.788 [SyncThread:0] DEBUG org.apache.zookeeper.server.FinalRequestProcessor - sessionid:0x1624798348d0001 type:getData cxid:0x43 zxid:0xfffffffffffffffe txntype:unknown reqpath:/admin/preferred_replica_election
09:06:20.788 [Test worker-SendThread(127.0.0.1:46253)] DEBUG org.apache.zookeeper.ClientCnxn - Reading reply sessionid:0x1624798348d0001, packet:: clientPath:null serverPath:null finished:false header:: 66,8  replyHeader:: 66,26,0  request:: '/config/changes,T  response:: v{} 
09:06:20.788 [Test worker-SendThread(127.0.0.1:46253)] DEBUG org.apache.zookeeper.ClientCnxn - Reading reply sessionid:0x1624798348d0001, packet:: clientPath:null serverPath:null finished:false header:: 67,4  replyHeader:: 67,26,-101  request:: '/admin/preferred_replica_election,T  response::  
09:06:20.789 [SyncThread:0] DEBUG org.apache.zookeeper.server.FinalRequestProcessor - Processing request:: sessionid:0x1624798348d0001 type:getChildren cxid:0x44 zxid:0xfffffffffffffffe txntype:unknown reqpath:/config/changes
09:06:20.789 [SyncThread:0] DEBUG org.apache.zookeeper.server.FinalRequestProcessor - sessionid:0x1624798348d0001 type:getChildren cxid:0x44 zxid:0xfffffffffffffffe txntype:unknown reqpath:/config/changes
09:06:20.789 [Test worker-SendThread(127.0.0.1:46253)] DEBUG org.apache.zookeeper.ClientCnxn - Reading reply sessionid:0x1624798348d0001, packet:: clientPath:null serverPath:null finished:false header:: 68,8  replyHeader:: 68,26,0  request:: '/config/changes,T  response:: v{} 
09:06:20.790 [SyncThread:0] DEBUG org.apache.zookeeper.server.FinalRequestProcessor - Processing request:: sessionid:0x1624798348d0001 type:getChildren cxid:0x45 zxid:0xfffffffffffffffe txntype:unknown reqpath:/config/topics
09:06:20.790 [SyncThread:0] DEBUG org.apache.zookeeper.server.FinalRequestProcessor - sessionid:0x1624798348d0001 type:getChildren cxid:0x45 zxid:0xfffffffffffffffe txntype:unknown reqpath:/config/topics
09:06:20.790 [Test worker-SendThread(127.0.0.1:46253)] DEBUG org.apache.zookeeper.ClientCnxn - Reading reply sessionid:0x1624798348d0001, packet:: clientPath:null serverPath:null finished:false header:: 69,8  replyHeader:: 69,26,0  request:: '/config/topics,F  response:: v{} 
09:06:20.791 [SyncThread:0] DEBUG org.apache.zookeeper.server.FinalRequestProcessor - Processing request:: sessionid:0x1624798348d0001 type:getChildren cxid:0x46 zxid:0xfffffffffffffffe txntype:unknown reqpath:/config/clients
09:06:20.791 [SyncThread:0] DEBUG org.apache.zookeeper.server.FinalRequestProcessor - sessionid:0x1624798348d0001 type:getChildren cxid:0x46 zxid:0xfffffffffffffffe txntype:unknown reqpath:/config/clients
09:06:20.791 [Test worker-SendThread(127.0.0.1:46253)] DEBUG org.apache.zookeeper.ClientCnxn - Reading reply sessionid:0x1624798348d0001, packet:: clientPath:null serverPath:null finished:false header:: 70,8  replyHeader:: 70,26,0  request:: '/config/clients,F  response:: v{} 
09:06:20.791 [SyncThread:0] DEBUG org.apache.zookeeper.server.FinalRequestProcessor - Processing request:: sessionid:0x1624798348d0001 type:getChildren cxid:0x47 zxid:0xfffffffffffffffe txntype:unknown reqpath:/config/users
09:06:20.791 [SyncThread:0] DEBUG org.apache.zookeeper.server.FinalRequestProcessor - sessionid:0x1624798348d0001 type:getChildren cxid:0x47 zxid:0xfffffffffffffffe txntype:unknown reqpath:/config/users
09:06:20.792 [Test worker-SendThread(127.0.0.1:46253)] DEBUG org.apache.zookeeper.ClientCnxn - Reading reply sessionid:0x1624798348d0001, packet:: clientPath:null serverPath:null finished:false header:: 71,8  replyHeader:: 71,26,-101  request:: '/config/users,F  response:: v{} 
09:06:20.792 [ProcessThread(sid:0 cport:46253):] INFO org.apache.zookeeper.server.PrepRequestProcessor - Got user-level KeeperException when processing sessionid:0x1624798348d0001 type:delete cxid:0x48 zxid:0x1b txntype:-1 reqpath:n/a Error Path:/admin/preferred_replica_election Error:KeeperErrorCode = NoNode for /admin/preferred_replica_election
09:06:20.792 [SyncThread:0] DEBUG org.apache.zookeeper.server.FinalRequestProcessor - Processing request:: sessionid:0x1624798348d0001 type:delete cxid:0x48 zxid:0x1b txntype:-1 reqpath:n/a
09:06:20.792 [SyncThread:0] DEBUG org.apache.zookeeper.server.DataTree - Ignoring processTxn failure hdr: -1 : error: -101
09:06:20.792 [SyncThread:0] DEBUG org.apache.zookeeper.server.FinalRequestProcessor - Processing request:: sessionid:0x1624798348d0001 type:getChildren cxid:0x49 zxid:0xfffffffffffffffe txntype:unknown reqpath:/config/users
09:06:20.792 [SyncThread:0] DEBUG org.apache.zookeeper.server.FinalRequestProcessor - sessionid:0x1624798348d0001 type:getChildren cxid:0x49 zxid:0xfffffffffffffffe txntype:unknown reqpath:/config/users
09:06:20.792 [Test worker-SendThread(127.0.0.1:46253)] DEBUG org.apache.zookeeper.ClientCnxn - Reading reply sessionid:0x1624798348d0001, packet:: clientPath:null serverPath:null finished:false header:: 72,2  replyHeader:: 72,27,-101  request:: '/admin/preferred_replica_election,-1  response:: null
09:06:20.793 [Test worker-SendThread(127.0.0.1:46253)] DEBUG org.apache.zookeeper.ClientCnxn - Reading reply sessionid:0x1624798348d0001, packet:: clientPath:null serverPath:null finished:false header:: 73,8  replyHeader:: 73,27,-101  request:: '/config/users,F  response:: v{} 
09:06:20.794 [SyncThread:0] DEBUG org.apache.zookeeper.server.FinalRequestProcessor - Processing request:: sessionid:0x1624798348d0001 type:getChildren cxid:0x4a zxid:0xfffffffffffffffe txntype:unknown reqpath:/config/brokers
09:06:20.794 [SyncThread:0] DEBUG org.apache.zookeeper.server.FinalRequestProcessor - sessionid:0x1624798348d0001 type:getChildren cxid:0x4a zxid:0xfffffffffffffffe txntype:unknown reqpath:/config/brokers
09:06:20.794 [Test worker-SendThread(127.0.0.1:46253)] DEBUG org.apache.zookeeper.ClientCnxn - Reading reply sessionid:0x1624798348d0001, packet:: clientPath:null serverPath:null finished:false header:: 74,8  replyHeader:: 74,27,-101  request:: '/config/brokers,F  response:: v{} 
09:06:20.800 [ProcessThread(sid:0 cport:46253):] INFO org.apache.zookeeper.server.PrepRequestProcessor - Got user-level KeeperException when processing sessionid:0x1624798348d0001 type:create cxid:0x4b zxid:0x1c txntype:-1 reqpath:n/a Error Path:/brokers Error:KeeperErrorCode = NodeExists for /brokers
09:06:20.800 [SyncThread:0] DEBUG org.apache.zookeeper.server.FinalRequestProcessor - Processing request:: sessionid:0x1624798348d0001 type:create cxid:0x4b zxid:0x1c txntype:-1 reqpath:n/a
09:06:20.800 [SyncThread:0] DEBUG org.apache.zookeeper.server.DataTree - Ignoring processTxn failure hdr: -1 : error: -110
09:06:20.801 [Test worker-SendThread(127.0.0.1:46253)] DEBUG org.apache.zookeeper.ClientCnxn - Reading reply sessionid:0x1624798348d0001, packet:: clientPath:/brokers serverPath:/brokers finished:false header:: 75,1  replyHeader:: 75,28,-110  request:: '/brokers,,v{s{31,s{'world,'anyone}}},0  response::  
09:06:20.800 [ProcessThread(sid:0 cport:46253):] INFO org.apache.zookeeper.server.PrepRequestProcessor - Got user-level KeeperException when processing sessionid:0x1624798348d0001 type:create cxid:0x4c zxid:0x1d txntype:-1 reqpath:n/a Error Path:/brokers/ids Error:KeeperErrorCode = NodeExists for /brokers/ids
09:06:20.801 [SyncThread:0] DEBUG org.apache.zookeeper.server.FinalRequestProcessor - Processing request:: sessionid:0x1624798348d0001 type:create cxid:0x4c zxid:0x1d txntype:-1 reqpath:n/a
09:06:20.801 [SyncThread:0] DEBUG org.apache.zookeeper.server.DataTree - Ignoring processTxn failure hdr: -1 : error: -110
09:06:20.802 [SyncThread:0] DEBUG org.apache.zookeeper.server.FinalRequestProcessor - Processing request:: sessionid:0x1624798348d0001 type:create cxid:0x4d zxid:0x1e txntype:1 reqpath:n/a
09:06:20.802 [SyncThread:0] DEBUG org.apache.zookeeper.server.FinalRequestProcessor - sessionid:0x1624798348d0001 type:create cxid:0x4d zxid:0x1e txntype:1 reqpath:n/a
09:06:20.802 [Test worker-SendThread(127.0.0.1:46253)] DEBUG org.apache.zookeeper.ClientCnxn - Reading reply sessionid:0x1624798348d0001, packet:: clientPath:/brokers/ids serverPath:/brokers/ids finished:false header:: 76,1  replyHeader:: 76,29,-110  request:: '/brokers/ids,,v{s{31,s{'world,'anyone}}},0  response::  
09:06:20.802 [Test worker-SendThread(127.0.0.1:46253)] DEBUG org.apache.zookeeper.ClientCnxn - Got notification sessionid:0x1624798348d0001
09:06:20.802 [Test worker-SendThread(127.0.0.1:46253)] DEBUG org.apache.zookeeper.ClientCnxn - Got WatchedEvent state:SyncConnected type:NodeChildrenChanged path:/brokers/ids for sessionid 0x1624798348d0001
09:06:20.802 [Test worker-EventThread] DEBUG org.I0Itec.zkclient.ZkClient - Received event: WatchedEvent state:SyncConnected type:NodeChildrenChanged path:/brokers/ids
09:06:20.803 [Test worker-SendThread(127.0.0.1:46253)] DEBUG org.apache.zookeeper.ClientCnxn - Reading reply sessionid:0x1624798348d0001, packet:: clientPath:/brokers/ids/0 serverPath:/brokers/ids/0 finished:false header:: 77,1  replyHeader:: 77,30,0  request:: '/brokers/ids/0,#7b226c697374656e65725f73656375726974795f70726f746f636f6c5f6d6170223a7b22504c41494e54455854223a22504c41494e54455854227d2c22656e64706f696e7473223a5b22504c41494e544558543a2f2f6c6f63616c686f73743a3434303633225d2c226a6d785f706f7274223a2d312c22686f7374223a226c6f63616c686f7374222c2274696d657374616d70223a2231353231363139353830373938222c22706f7274223a34343036332c2276657273696f6e223a347d,v{s{31,s{'world,'anyone}}},1  response:: '/brokers/ids/0 
09:06:20.803 [Test worker-EventThread] DEBUG org.I0Itec.zkclient.ZkEventThread - New event: ZkEvent[Children of /brokers/ids changed sent to kafka.controller.BrokerChangeListener@2046e889]
09:06:20.803 [Test worker-EventThread] DEBUG org.I0Itec.zkclient.ZkClient - Leaving process event
09:06:20.803 [ZkClient-EventThread-35-127.0.0.1:46253] DEBUG org.I0Itec.zkclient.ZkEventThread - Delivering event #2 ZkEvent[Children of /brokers/ids changed sent to kafka.controller.BrokerChangeListener@2046e889]
09:06:20.803 [SyncThread:0] DEBUG org.apache.zookeeper.server.FinalRequestProcessor - Processing request:: sessionid:0x1624798348d0001 type:exists cxid:0x4e zxid:0xfffffffffffffffe txntype:unknown reqpath:/brokers/ids
09:06:20.803 [SyncThread:0] DEBUG org.apache.zookeeper.server.FinalRequestProcessor - sessionid:0x1624798348d0001 type:exists cxid:0x4e zxid:0xfffffffffffffffe txntype:unknown reqpath:/brokers/ids
09:06:20.804 [Test worker-SendThread(127.0.0.1:46253)] DEBUG org.apache.zookeeper.ClientCnxn - Reading reply sessionid:0x1624798348d0001, packet:: clientPath:null serverPath:null finished:false header:: 78,3  replyHeader:: 78,30,0  request:: '/brokers/ids,T  response:: s{6,6,1521619580308,1521619580308,0,1,0,0,0,1,30} 
09:06:20.804 [SyncThread:0] DEBUG org.apache.zookeeper.server.FinalRequestProcessor - Processing request:: sessionid:0x1624798348d0001 type:getChildren cxid:0x4f zxid:0xfffffffffffffffe txntype:unknown reqpath:/brokers/ids
09:06:20.804 [SyncThread:0] DEBUG org.apache.zookeeper.server.FinalRequestProcessor - sessionid:0x1624798348d0001 type:getChildren cxid:0x4f zxid:0xfffffffffffffffe txntype:unknown reqpath:/brokers/ids
09:06:20.804 [Test worker-SendThread(127.0.0.1:46253)] DEBUG org.apache.zookeeper.ClientCnxn - Reading reply sessionid:0x1624798348d0001, packet:: clientPath:null serverPath:null finished:false header:: 79,8  replyHeader:: 79,30,0  request:: '/brokers/ids,T  response:: v{'0} 
09:06:20.806 [ZkClient-EventThread-35-127.0.0.1:46253] DEBUG org.I0Itec.zkclient.ZkEventThread - Delivering event #2 done
09:06:20.806 [SyncThread:0] DEBUG org.apache.zookeeper.server.FinalRequestProcessor - Processing request:: sessionid:0x1624798348d0001 type:getChildren cxid:0x50 zxid:0xfffffffffffffffe txntype:unknown reqpath:/brokers/ids
09:06:20.806 [SyncThread:0] DEBUG org.apache.zookeeper.server.FinalRequestProcessor - sessionid:0x1624798348d0001 type:getChildren cxid:0x50 zxid:0xfffffffffffffffe txntype:unknown reqpath:/brokers/ids
09:06:20.807 [Test worker-SendThread(127.0.0.1:46253)] DEBUG org.apache.zookeeper.ClientCnxn - Reading reply sessionid:0x1624798348d0001, packet:: clientPath:null serverPath:null finished:false header:: 80,8  replyHeader:: 80,30,0  request:: '/brokers/ids,T  response:: v{'0} 
09:06:20.807 [SyncThread:0] DEBUG org.apache.zookeeper.server.FinalRequestProcessor - Processing request:: sessionid:0x1624798348d0001 type:getData cxid:0x51 zxid:0xfffffffffffffffe txntype:unknown reqpath:/brokers/ids/0
09:06:20.807 [SyncThread:0] DEBUG org.apache.zookeeper.server.FinalRequestProcessor - sessionid:0x1624798348d0001 type:getData cxid:0x51 zxid:0xfffffffffffffffe txntype:unknown reqpath:/brokers/ids/0
09:06:20.807 [Test worker-SendThread(127.0.0.1:46253)] DEBUG org.apache.zookeeper.ClientCnxn - Reading reply sessionid:0x1624798348d0001, packet:: clientPath:null serverPath:null finished:false header:: 81,4  replyHeader:: 81,30,0  request:: '/brokers/ids/0,F  response:: #7b226c697374656e65725f73656375726974795f70726f746f636f6c5f6d6170223a7b22504c41494e54455854223a22504c41494e54455854227d2c22656e64706f696e7473223a5b22504c41494e544558543a2f2f6c6f63616c686f73743a3434303633225d2c226a6d785f706f7274223a2d312c22686f7374223a226c6f63616c686f7374222c2274696d657374616d70223a2231353231363139353830373938222c22706f7274223a34343036332c2276657273696f6e223a347d,s{30,30,1521619580801,1521619580801,0,0,0,99720860797829121,190,0,30} 
09:06:20.814 [Test worker] INFO org.apache.kafka.common.utils.AppInfoParser - Kafka version : 1.0.0
09:06:20.814 [Test worker] INFO org.apache.kafka.common.utils.AppInfoParser - Kafka commitId : aaa7af6d4a11b29d
09:06:20.815 [controller-event-thread] DEBUG org.apache.kafka.common.metrics.Metrics - Added sensor with name connections-closed:broker-id-0
09:06:20.815 [controller-event-thread] DEBUG org.apache.kafka.common.metrics.Metrics - Added sensor with name connections-created:broker-id-0
09:06:20.815 [controller-event-thread] DEBUG org.apache.kafka.common.metrics.Metrics - Added sensor with name successful-authentication:broker-id-0
09:06:20.815 [controller-event-thread] DEBUG org.apache.kafka.common.metrics.Metrics - Added sensor with name failed-authentication:broker-id-0
09:06:20.815 [controller-event-thread] DEBUG org.apache.kafka.common.metrics.Metrics - Added sensor with name bytes-sent-received:broker-id-0
09:06:20.815 [controller-event-thread] DEBUG org.apache.kafka.common.metrics.Metrics - Added sensor with name bytes-sent:broker-id-0
09:06:20.816 [controller-event-thread] DEBUG org.apache.kafka.common.metrics.Metrics - Added sensor with name bytes-received:broker-id-0
09:06:20.816 [controller-event-thread] DEBUG org.apache.kafka.common.metrics.Metrics - Added sensor with name select-time:broker-id-0
09:06:20.816 [controller-event-thread] DEBUG org.apache.kafka.common.metrics.Metrics - Added sensor with name io-time:broker-id-0
09:06:20.817 [Test worker] INFO kafka.server.KafkaConfig - KafkaConfig values: 
	advertised.host.name = null
	advertised.listeners = null
	advertised.port = null
	alter.config.policy.class.name = null
	authorizer.class.name = 
	auto.create.topics.enable = true
	auto.leader.rebalance.enable = true
	background.threads = 10
	broker.id = 1
	broker.id.generation.enable = true
	broker.rack = null
	compression.type = producer
	connections.max.idle.ms = 600000
	controlled.shutdown.enable = true
	controlled.shutdown.max.retries = 3
	controlled.shutdown.retry.backoff.ms = 100
	controller.socket.timeout.ms = 1000
	create.topic.policy.class.name = null
	default.replication.factor = 1
	delete.records.purgatory.purge.interval.requests = 1
	delete.topic.enable = true
	fetch.purgatory.purge.interval.requests = 1000
	group.initial.rebalance.delay.ms = 0
	group.max.session.timeout.ms = 300000
	group.min.session.timeout.ms = 6000
	host.name = 
	inter.broker.listener.name = null
	inter.broker.protocol.version = 1.0-IV0
	leader.imbalance.check.interval.seconds = 300
	leader.imbalance.per.broker.percentage = 10
	listener.security.protocol.map = PLAINTEXT:PLAINTEXT,SSL:SSL,SASL_PLAINTEXT:SASL_PLAINTEXT,SASL_SSL:SASL_SSL
	listeners = PLAINTEXT://localhost:0
	log.cleaner.backoff.ms = 15000
	log.cleaner.dedupe.buffer.size = 2097152
	log.cleaner.delete.retention.ms = 86400000
	log.cleaner.enable = true
	log.cleaner.io.buffer.load.factor = 0.9
	log.cleaner.io.buffer.size = 524288
	log.cleaner.io.max.bytes.per.second = 1.7976931348623157E308
	log.cleaner.min.cleanable.ratio = 0.5
	log.cleaner.min.compaction.lag.ms = 0
	log.cleaner.threads = 1
	log.cleanup.policy = [delete]
	log.dir = /tmp/kafka-14480721975505648349
	log.dirs = null
	log.flush.interval.messages = 9223372036854775807
	log.flush.interval.ms = null
	log.flush.offset.checkpoint.interval.ms = 60000
	log.flush.scheduler.interval.ms = 9223372036854775807
	log.flush.start.offset.checkpoint.interval.ms = 60000
	log.index.interval.bytes = 4096
	log.index.size.max.bytes = 10485760
	log.message.format.version = 1.0-IV0
	log.message.timestamp.difference.max.ms = 9223372036854775807
	log.message.timestamp.type = CreateTime
	log.preallocate = false
	log.retention.bytes = -1
	log.retention.check.interval.ms = 300000
	log.retention.hours = 168
	log.retention.minutes = null
	log.retention.ms = null
	log.roll.hours = 168
	log.roll.jitter.hours = 0
	log.roll.jitter.ms = null
	log.roll.ms = null
	log.segment.bytes = 1073741824
	log.segment.delete.delay.ms = 1000
	max.connections.per.ip = 2147483647
	max.connections.per.ip.overrides = 
	message.max.bytes = 1000012
	metric.reporters = []
	metrics.num.samples = 2
	metrics.recording.level = INFO
	metrics.sample.window.ms = 30000
	min.insync.replicas = 1
	num.io.threads = 8
	num.network.threads = 3
	num.partitions = 1
	num.recovery.threads.per.data.dir = 1
	num.replica.fetchers = 1
	offset.metadata.max.bytes = 4096
	offsets.commit.required.acks = -1
	offsets.commit.timeout.ms = 5000
	offsets.load.buffer.size = 5242880
	offsets.retention.check.interval.ms = 600000
	offsets.retention.minutes = 1440
	offsets.topic.compression.codec = 0
	offsets.topic.num.partitions = 5
	offsets.topic.replication.factor = 1
	offsets.topic.segment.bytes = 104857600
	port = 9092
	principal.builder.class = null
	producer.purgatory.purge.interval.requests = 1000
	queued.max.request.bytes = -1
	queued.max.requests = 500
	quota.consumer.default = 9223372036854775807
	quota.producer.default = 9223372036854775807
	quota.window.num = 11
	quota.window.size.seconds = 1
	replica.fetch.backoff.ms = 1000
	replica.fetch.max.bytes = 1048576
	replica.fetch.min.bytes = 1
	replica.fetch.response.max.bytes = 10485760
	replica.fetch.wait.max.ms = 500
	replica.high.watermark.checkpoint.interval.ms = 5000
	replica.lag.time.max.ms = 10000
	replica.socket.receive.buffer.bytes = 65536
	replica.socket.timeout.ms = 1000
	replication.quota.window.num = 11
	replication.quota.window.size.seconds = 1
	request.timeout.ms = 30000
	reserved.broker.max.id = 1000
	sasl.enabled.mechanisms = [GSSAPI]
	sasl.kerberos.kinit.cmd = /usr/bin/kinit
	sasl.kerberos.min.time.before.relogin = 60000
	sasl.kerberos.principal.to.local.rules = [DEFAULT]
	sasl.kerberos.service.name = null
	sasl.kerberos.ticket.renew.jitter = 0.05
	sasl.kerberos.ticket.renew.window.factor = 0.8
	sasl.mechanism.inter.broker.protocol = GSSAPI
	security.inter.broker.protocol = PLAINTEXT
	socket.receive.buffer.bytes = 102400
	socket.request.max.bytes = 104857600
	socket.send.buffer.bytes = 102400
	ssl.cipher.suites = null
	ssl.client.auth = none
	ssl.enabled.protocols = [TLSv1.2, TLSv1.1, TLSv1]
	ssl.endpoint.identification.algorithm = null
	ssl.key.password = null
	ssl.keymanager.algorithm = SunX509
	ssl.keystore.location = null
	ssl.keystore.password = null
	ssl.keystore.type = JKS
	ssl.protocol = TLS
	ssl.provider = null
	ssl.secure.random.implementation = null
	ssl.trustmanager.algorithm = PKIX
	ssl.truststore.location = null
	ssl.truststore.password = null
	ssl.truststore.type = JKS
	transaction.abort.timed.out.transaction.cleanup.interval.ms = 60000
	transaction.max.timeout.ms = 900000
	transaction.remove.expired.transaction.cleanup.interval.ms = 3600000
	transaction.state.log.load.buffer.size = 5242880
	transaction.state.log.min.isr = 2
	transaction.state.log.num.partitions = 50
	transaction.state.log.replication.factor = 3
	transaction.state.log.segment.bytes = 104857600
	transactional.id.expiration.ms = 604800000
	unclean.leader.election.enable = false
	zookeeper.connect = 127.0.0.1:46253
	zookeeper.connection.timeout.ms = 10000
	zookeeper.session.timeout.ms = 6000
	zookeeper.set.acl = false
	zookeeper.sync.time.ms = 2000

09:06:20.819 [Test worker] DEBUG org.I0Itec.zkclient.ZkConnection - Creating new ZookKeeper instance to connect to 127.0.0.1:46253.
09:06:20.819 [ZkClient-EventThread-81-127.0.0.1:46253] INFO org.I0Itec.zkclient.ZkEventThread - Starting ZkClient event thread.
09:06:20.820 [Test worker] INFO org.apache.zookeeper.ZooKeeper - Initiating client connection, connectString=127.0.0.1:46253 sessionTimeout=6000 watcher=org.I0Itec.zkclient.ZkClient@2ae7ab8f
09:06:20.821 [Test worker-SendThread(127.0.0.1:46253)] INFO org.apache.zookeeper.ClientCnxn - Opening socket connection to server 127.0.0.1/127.0.0.1:46253. Will not attempt to authenticate using SASL (unknown error)
09:06:20.821 [Test worker-SendThread(127.0.0.1:46253)] INFO org.apache.zookeeper.ClientCnxn - Socket connection established to 127.0.0.1/127.0.0.1:46253, initiating session
09:06:20.821 [NIOServerCxn.Factory:/127.0.0.1:0] INFO org.apache.zookeeper.server.NIOServerCnxnFactory - Accepted socket connection from /127.0.0.1:58078
09:06:20.822 [Test worker-SendThread(127.0.0.1:46253)] DEBUG org.apache.zookeeper.ClientCnxn - Session establishment request sent on 127.0.0.1/127.0.0.1:46253
09:06:20.822 [Test worker] DEBUG org.I0Itec.zkclient.ZkClient - Awaiting connection to Zookeeper server
09:06:20.822 [Test worker] INFO org.I0Itec.zkclient.ZkClient - Waiting for keeper state SyncConnected
09:06:20.822 [NIOServerCxn.Factory:/127.0.0.1:0] DEBUG org.apache.zookeeper.server.ZooKeeperServer - Session establishment request from client /127.0.0.1:58078 client's lastZxid is 0x0
09:06:20.822 [NIOServerCxn.Factory:/127.0.0.1:0] INFO org.apache.zookeeper.server.ZooKeeperServer - Client attempting to establish new session at /127.0.0.1:58078
09:06:20.822 [SyncThread:0] DEBUG org.apache.zookeeper.server.FinalRequestProcessor - Processing request:: sessionid:0x1624798348d0002 type:createSession cxid:0x0 zxid:0x1f txntype:-10 reqpath:n/a
09:06:20.822 [SyncThread:0] DEBUG org.apache.zookeeper.server.FinalRequestProcessor - sessionid:0x1624798348d0002 type:createSession cxid:0x0 zxid:0x1f txntype:-10 reqpath:n/a
09:06:20.823 [SyncThread:0] INFO org.apache.zookeeper.server.ZooKeeperServer - Established session 0x1624798348d0002 with negotiated timeout 6000 for client /127.0.0.1:58078
09:06:20.823 [Test worker-SendThread(127.0.0.1:46253)] INFO org.apache.zookeeper.ClientCnxn - Session establishment complete on server 127.0.0.1/127.0.0.1:46253, sessionid = 0x1624798348d0002, negotiated timeout = 6000
09:06:20.823 [Test worker-EventThread] DEBUG org.I0Itec.zkclient.ZkClient - Received event: WatchedEvent state:SyncConnected type:None path:null
09:06:20.823 [Test worker-EventThread] INFO org.I0Itec.zkclient.ZkClient - zookeeper state changed (SyncConnected)
09:06:20.823 [Test worker-EventThread] DEBUG org.I0Itec.zkclient.ZkClient - Leaving process event
09:06:20.823 [Test worker] DEBUG org.I0Itec.zkclient.ZkClient - State is SyncConnected
09:06:20.824 [Controller-0-to-broker-0-send-thread] DEBUG org.apache.kafka.clients.NetworkClient - [Controller id=0, targetBrokerId=0] Initiating connection to node localhost:44063 (id: 0 rack: null)
09:06:20.825 [SyncThread:0] DEBUG org.apache.zookeeper.server.FinalRequestProcessor - Processing request:: sessionid:0x1624798348d0002 type:exists cxid:0x1 zxid:0xfffffffffffffffe txntype:unknown reqpath:/consumers
09:06:20.825 [SyncThread:0] DEBUG org.apache.zookeeper.server.FinalRequestProcessor - sessionid:0x1624798348d0002 type:exists cxid:0x1 zxid:0xfffffffffffffffe txntype:unknown reqpath:/consumers
09:06:20.826 [Test worker-SendThread(127.0.0.1:46253)] DEBUG org.apache.zookeeper.ClientCnxn - Reading reply sessionid:0x1624798348d0002, packet:: clientPath:null serverPath:null finished:false header:: 1,3  replyHeader:: 1,31,0  request:: '/consumers,F  response:: s{3,3,1521619580296,1521619580296,0,0,0,0,0,0,3} 
09:06:20.827 [SyncThread:0] DEBUG org.apache.zookeeper.server.FinalRequestProcessor - Processing request:: sessionid:0x1624798348d0002 type:exists cxid:0x2 zxid:0xfffffffffffffffe txntype:unknown reqpath:/brokers/ids
09:06:20.827 [SyncThread:0] DEBUG org.apache.zookeeper.server.FinalRequestProcessor - sessionid:0x1624798348d0002 type:exists cxid:0x2 zxid:0xfffffffffffffffe txntype:unknown reqpath:/brokers/ids
09:06:20.827 [Test worker-SendThread(127.0.0.1:46253)] DEBUG org.apache.zookeeper.ClientCnxn - Reading reply sessionid:0x1624798348d0002, packet:: clientPath:null serverPath:null finished:false header:: 2,3  replyHeader:: 2,31,0  request:: '/brokers/ids,F  response:: s{6,6,1521619580308,1521619580308,0,1,0,0,0,1,30} 
09:06:20.828 [SyncThread:0] DEBUG org.apache.zookeeper.server.FinalRequestProcessor - Processing request:: sessionid:0x1624798348d0002 type:exists cxid:0x3 zxid:0xfffffffffffffffe txntype:unknown reqpath:/brokers/topics
09:06:20.828 [Controller-0-to-broker-0-send-thread] DEBUG org.apache.kafka.common.network.Selector - [Controller id=0, targetBrokerId=0] Created socket with SO_RCVBUF = 530904, SO_SNDBUF = 1313280, SO_TIMEOUT = 0 to node 0
09:06:20.828 [SyncThread:0] DEBUG org.apache.zookeeper.server.FinalRequestProcessor - sessionid:0x1624798348d0002 type:exists cxid:0x3 zxid:0xfffffffffffffffe txntype:unknown reqpath:/brokers/topics
09:06:20.828 [Controller-0-to-broker-0-send-thread] DEBUG org.apache.kafka.clients.NetworkClient - [Controller id=0, targetBrokerId=0] Completed connection to node 0. Ready.
09:06:20.829 [Test worker-SendThread(127.0.0.1:46253)] DEBUG org.apache.zookeeper.ClientCnxn - Reading reply sessionid:0x1624798348d0002, packet:: clientPath:null serverPath:null finished:false header:: 3,3  replyHeader:: 3,31,0  request:: '/brokers/topics,F  response:: s{7,7,1521619580310,1521619580310,0,0,0,0,0,0,7} 
09:06:20.829 [SyncThread:0] DEBUG org.apache.zookeeper.server.FinalRequestProcessor - Processing request:: sessionid:0x1624798348d0002 type:exists cxid:0x4 zxid:0xfffffffffffffffe txntype:unknown reqpath:/config/changes
09:06:20.829 [SyncThread:0] DEBUG org.apache.zookeeper.server.FinalRequestProcessor - sessionid:0x1624798348d0002 type:exists cxid:0x4 zxid:0xfffffffffffffffe txntype:unknown reqpath:/config/changes
09:06:20.829 [Test worker-SendThread(127.0.0.1:46253)] DEBUG org.apache.zookeeper.ClientCnxn - Reading reply sessionid:0x1624798348d0002, packet:: clientPath:null serverPath:null finished:false header:: 4,3  replyHeader:: 4,31,0  request:: '/config/changes,F  response:: s{10,10,1521619580318,1521619580318,0,0,0,0,0,0,10} 
09:06:20.830 [SyncThread:0] DEBUG org.apache.zookeeper.server.FinalRequestProcessor - Processing request:: sessionid:0x1624798348d0002 type:exists cxid:0x5 zxid:0xfffffffffffffffe txntype:unknown reqpath:/config/topics
09:06:20.830 [SyncThread:0] DEBUG org.apache.zookeeper.server.FinalRequestProcessor - sessionid:0x1624798348d0002 type:exists cxid:0x5 zxid:0xfffffffffffffffe txntype:unknown reqpath:/config/topics
09:06:20.830 [Test worker-SendThread(127.0.0.1:46253)] DEBUG org.apache.zookeeper.ClientCnxn - Reading reply sessionid:0x1624798348d0002, packet:: clientPath:null serverPath:null finished:false header:: 5,3  replyHeader:: 5,31,0  request:: '/config/topics,F  response:: s{11,11,1521619580321,1521619580321,0,0,0,0,0,0,11} 
09:06:20.831 [SyncThread:0] DEBUG org.apache.zookeeper.server.FinalRequestProcessor - Processing request:: sessionid:0x1624798348d0002 type:exists cxid:0x6 zxid:0xfffffffffffffffe txntype:unknown reqpath:/config/clients
09:06:20.831 [SyncThread:0] DEBUG org.apache.zookeeper.server.FinalRequestProcessor - sessionid:0x1624798348d0002 type:exists cxid:0x6 zxid:0xfffffffffffffffe txntype:unknown reqpath:/config/clients
09:06:20.831 [Test worker-SendThread(127.0.0.1:46253)] DEBUG org.apache.zookeeper.ClientCnxn - Reading reply sessionid:0x1624798348d0002, packet:: clientPath:null serverPath:null finished:false header:: 6,3  replyHeader:: 6,31,0  request:: '/config/clients,F  response:: s{12,12,1521619580323,1521619580323,0,0,0,0,0,0,12} 
09:06:20.832 [SyncThread:0] DEBUG org.apache.zookeeper.server.FinalRequestProcessor - Processing request:: sessionid:0x1624798348d0002 type:exists cxid:0x7 zxid:0xfffffffffffffffe txntype:unknown reqpath:/admin/delete_topics
09:06:20.832 [SyncThread:0] DEBUG org.apache.zookeeper.server.FinalRequestProcessor - sessionid:0x1624798348d0002 type:exists cxid:0x7 zxid:0xfffffffffffffffe txntype:unknown reqpath:/admin/delete_topics
09:06:20.832 [Test worker-SendThread(127.0.0.1:46253)] DEBUG org.apache.zookeeper.ClientCnxn - Reading reply sessionid:0x1624798348d0002, packet:: clientPath:null serverPath:null finished:false header:: 7,3  replyHeader:: 7,31,0  request:: '/admin/delete_topics,F  response:: s{15,15,1521619580328,1521619580328,0,0,0,0,0,0,15} 
09:06:20.832 [SyncThread:0] DEBUG org.apache.zookeeper.server.FinalRequestProcessor - Processing request:: sessionid:0x1624798348d0002 type:exists cxid:0x8 zxid:0xfffffffffffffffe txntype:unknown reqpath:/brokers/seqid
09:06:20.832 [SyncThread:0] DEBUG org.apache.zookeeper.server.FinalRequestProcessor - sessionid:0x1624798348d0002 type:exists cxid:0x8 zxid:0xfffffffffffffffe txntype:unknown reqpath:/brokers/seqid
09:06:20.834 [Test worker-SendThread(127.0.0.1:46253)] DEBUG org.apache.zookeeper.ClientCnxn - Reading reply sessionid:0x1624798348d0002, packet:: clientPath:null serverPath:null finished:false header:: 8,3  replyHeader:: 8,31,0  request:: '/brokers/seqid,F  response:: s{16,16,1521619580331,1521619580331,0,0,0,0,0,0,16} 
09:06:20.835 [SyncThread:0] DEBUG org.apache.zookeeper.server.FinalRequestProcessor - Processing request:: sessionid:0x1624798348d0002 type:exists cxid:0x9 zxid:0xfffffffffffffffe txntype:unknown reqpath:/isr_change_notification
09:06:20.835 [SyncThread:0] DEBUG org.apache.zookeeper.server.FinalRequestProcessor - sessionid:0x1624798348d0002 type:exists cxid:0x9 zxid:0xfffffffffffffffe txntype:unknown reqpath:/isr_change_notification
09:06:20.835 [Test worker-SendThread(127.0.0.1:46253)] DEBUG org.apache.zookeeper.ClientCnxn - Reading reply sessionid:0x1624798348d0002, packet:: clientPath:null serverPath:null finished:false header:: 9,3  replyHeader:: 9,31,0  request:: '/isr_change_notification,F  response:: s{17,17,1521619580333,1521619580333,0,0,0,0,0,0,17} 
09:06:20.836 [SyncThread:0] DEBUG org.apache.zookeeper.server.FinalRequestProcessor - Processing request:: sessionid:0x1624798348d0002 type:exists cxid:0xa zxid:0xfffffffffffffffe txntype:unknown reqpath:/latest_producer_id_block
09:06:20.836 [SyncThread:0] DEBUG org.apache.zookeeper.server.FinalRequestProcessor - sessionid:0x1624798348d0002 type:exists cxid:0xa zxid:0xfffffffffffffffe txntype:unknown reqpath:/latest_producer_id_block
09:06:20.836 [Test worker-SendThread(127.0.0.1:46253)] DEBUG org.apache.zookeeper.ClientCnxn - Reading reply sessionid:0x1624798348d0002, packet:: clientPath:null serverPath:null finished:false header:: 10,3  replyHeader:: 10,31,0  request:: '/latest_producer_id_block,F  response:: s{18,26,1521619580336,1521619580726,1,0,0,0,60,0,18} 
09:06:20.838 [SyncThread:0] DEBUG org.apache.zookeeper.server.FinalRequestProcessor - Processing request:: sessionid:0x1624798348d0002 type:exists cxid:0xb zxid:0xfffffffffffffffe txntype:unknown reqpath:/log_dir_event_notification
09:06:20.838 [SyncThread:0] DEBUG org.apache.zookeeper.server.FinalRequestProcessor - sessionid:0x1624798348d0002 type:exists cxid:0xb zxid:0xfffffffffffffffe txntype:unknown reqpath:/log_dir_event_notification
09:06:20.839 [Test worker-SendThread(127.0.0.1:46253)] DEBUG org.apache.zookeeper.ClientCnxn - Reading reply sessionid:0x1624798348d0002, packet:: clientPath:null serverPath:null finished:false header:: 11,3  replyHeader:: 11,31,0  request:: '/log_dir_event_notification,F  response:: s{19,19,1521619580338,1521619580338,0,0,0,0,0,0,19} 
09:06:20.839 [SyncThread:0] DEBUG org.apache.zookeeper.server.FinalRequestProcessor - Processing request:: sessionid:0x1624798348d0002 type:getData cxid:0xc zxid:0xfffffffffffffffe txntype:unknown reqpath:/cluster/id
09:06:20.839 [SyncThread:0] DEBUG org.apache.zookeeper.server.FinalRequestProcessor - sessionid:0x1624798348d0002 type:getData cxid:0xc zxid:0xfffffffffffffffe txntype:unknown reqpath:/cluster/id
09:06:20.839 [Test worker-SendThread(127.0.0.1:46253)] DEBUG org.apache.zookeeper.ClientCnxn - Reading reply sessionid:0x1624798348d0002, packet:: clientPath:null serverPath:null finished:false header:: 12,4  replyHeader:: 12,31,0  request:: '/cluster/id,F  response:: #7b2276657273696f6e223a2231222c226964223a22746532323450734f514579746b4e766630492d767777227d,s{22,22,1521619580441,1521619580441,0,0,0,0,45,0,22} 
09:06:20.841 [Test worker] DEBUG org.apache.kafka.common.metrics.Metrics - Added sensor with name Fetch-delayQueue
09:06:20.842 [Test worker] DEBUG org.apache.kafka.common.metrics.Metrics - Added sensor with name Produce-delayQueue
09:06:20.842 [Test worker] DEBUG org.apache.kafka.common.metrics.Metrics - Added sensor with name Request-delayQueue
09:06:20.843 [SyncThread:0] DEBUG org.apache.zookeeper.server.FinalRequestProcessor - Processing request:: sessionid:0x1624798348d0002 type:getChildren cxid:0xd zxid:0xfffffffffffffffe txntype:unknown reqpath:/brokers/topics
09:06:20.843 [SyncThread:0] DEBUG org.apache.zookeeper.server.FinalRequestProcessor - sessionid:0x1624798348d0002 type:getChildren cxid:0xd zxid:0xfffffffffffffffe txntype:unknown reqpath:/brokers/topics
09:06:20.843 [Test worker-SendThread(127.0.0.1:46253)] DEBUG org.apache.zookeeper.ClientCnxn - Reading reply sessionid:0x1624798348d0002, packet:: clientPath:null serverPath:null finished:false header:: 13,8  replyHeader:: 13,31,0  request:: '/brokers/topics,F  response:: v{} 
09:06:20.846 [Test worker] DEBUG org.apache.kafka.common.metrics.Metrics - Added sensor with name MemoryPoolUtilization
09:06:20.862 [Test worker] DEBUG org.apache.kafka.common.metrics.Metrics - Added sensor with name connections-closed:listener-PLAINTEXTnetworkProcessor-0
09:06:20.862 [Test worker] DEBUG org.apache.kafka.common.metrics.Metrics - Added sensor with name connections-created:listener-PLAINTEXTnetworkProcessor-0
09:06:20.862 [Test worker] DEBUG org.apache.kafka.common.metrics.Metrics - Added sensor with name successful-authentication:listener-PLAINTEXTnetworkProcessor-0
09:06:20.862 [Test worker] DEBUG org.apache.kafka.common.metrics.Metrics - Added sensor with name failed-authentication:listener-PLAINTEXTnetworkProcessor-0
09:06:20.862 [Test worker] DEBUG org.apache.kafka.common.metrics.Metrics - Added sensor with name bytes-sent-received:listener-PLAINTEXTnetworkProcessor-0
09:06:20.862 [Test worker] DEBUG org.apache.kafka.common.metrics.Metrics - Added sensor with name bytes-sent:listener-PLAINTEXTnetworkProcessor-0
09:06:20.863 [Test worker] DEBUG org.apache.kafka.common.metrics.Metrics - Added sensor with name bytes-received:listener-PLAINTEXTnetworkProcessor-0
09:06:20.863 [Test worker] DEBUG org.apache.kafka.common.metrics.Metrics - Added sensor with name select-time:listener-PLAINTEXTnetworkProcessor-0
09:06:20.863 [Test worker] DEBUG org.apache.kafka.common.metrics.Metrics - Added sensor with name io-time:listener-PLAINTEXTnetworkProcessor-0
09:06:20.864 [Test worker] DEBUG org.apache.kafka.common.metrics.Metrics - Added sensor with name connections-closed:listener-PLAINTEXTnetworkProcessor-1
09:06:20.864 [Test worker] DEBUG org.apache.kafka.common.metrics.Metrics - Added sensor with name connections-created:listener-PLAINTEXTnetworkProcessor-1
09:06:20.864 [Test worker] DEBUG org.apache.kafka.common.metrics.Metrics - Added sensor with name successful-authentication:listener-PLAINTEXTnetworkProcessor-1
09:06:20.864 [Test worker] DEBUG org.apache.kafka.common.metrics.Metrics - Added sensor with name failed-authentication:listener-PLAINTEXTnetworkProcessor-1
09:06:20.864 [Test worker] DEBUG org.apache.kafka.common.metrics.Metrics - Added sensor with name bytes-sent-received:listener-PLAINTEXTnetworkProcessor-1
09:06:20.864 [Test worker] DEBUG org.apache.kafka.common.metrics.Metrics - Added sensor with name bytes-sent:listener-PLAINTEXTnetworkProcessor-1
09:06:20.864 [Test worker] DEBUG org.apache.kafka.common.metrics.Metrics - Added sensor with name bytes-received:listener-PLAINTEXTnetworkProcessor-1
09:06:20.865 [Test worker] DEBUG org.apache.kafka.common.metrics.Metrics - Added sensor with name select-time:listener-PLAINTEXTnetworkProcessor-1
09:06:20.865 [Test worker] DEBUG org.apache.kafka.common.metrics.Metrics - Added sensor with name io-time:listener-PLAINTEXTnetworkProcessor-1
09:06:20.865 [Test worker] DEBUG org.apache.kafka.common.metrics.Metrics - Added sensor with name connections-closed:listener-PLAINTEXTnetworkProcessor-2
09:06:20.865 [Test worker] DEBUG org.apache.kafka.common.metrics.Metrics - Added sensor with name connections-created:listener-PLAINTEXTnetworkProcessor-2
09:06:20.865 [Test worker] DEBUG org.apache.kafka.common.metrics.Metrics - Added sensor with name successful-authentication:listener-PLAINTEXTnetworkProcessor-2
09:06:20.866 [Test worker] DEBUG org.apache.kafka.common.metrics.Metrics - Added sensor with name failed-authentication:listener-PLAINTEXTnetworkProcessor-2
09:06:20.866 [Test worker] DEBUG org.apache.kafka.common.metrics.Metrics - Added sensor with name bytes-sent-received:listener-PLAINTEXTnetworkProcessor-2
09:06:20.866 [Test worker] DEBUG org.apache.kafka.common.metrics.Metrics - Added sensor with name bytes-sent:listener-PLAINTEXTnetworkProcessor-2
09:06:20.866 [Test worker] DEBUG org.apache.kafka.common.metrics.Metrics - Added sensor with name bytes-received:listener-PLAINTEXTnetworkProcessor-2
09:06:20.866 [Test worker] DEBUG org.apache.kafka.common.metrics.Metrics - Added sensor with name select-time:listener-PLAINTEXTnetworkProcessor-2
09:06:20.866 [Test worker] DEBUG org.apache.kafka.common.metrics.Metrics - Added sensor with name io-time:listener-PLAINTEXTnetworkProcessor-2
09:06:20.873 [SyncThread:0] DEBUG org.apache.zookeeper.server.FinalRequestProcessor - Processing request:: sessionid:0x1624798348d0002 type:exists cxid:0xe zxid:0xfffffffffffffffe txntype:unknown reqpath:/controller
09:06:20.873 [SyncThread:0] DEBUG org.apache.zookeeper.server.FinalRequestProcessor - sessionid:0x1624798348d0002 type:exists cxid:0xe zxid:0xfffffffffffffffe txntype:unknown reqpath:/controller
09:06:20.873 [Test worker-SendThread(127.0.0.1:46253)] DEBUG org.apache.zookeeper.ClientCnxn - Reading reply sessionid:0x1624798348d0002, packet:: clientPath:null serverPath:null finished:false header:: 14,3  replyHeader:: 14,31,0  request:: '/controller,T  response:: s{23,23,1521619580713,1521619580713,0,0,0,99720860797829121,54,0,23} 
09:06:20.873 [controller-event-thread] DEBUG org.I0Itec.zkclient.ZkClient - Subscribed data changes for /controller
09:06:20.873 [SyncThread:0] DEBUG org.apache.zookeeper.server.FinalRequestProcessor - Processing request:: sessionid:0x1624798348d0002 type:getData cxid:0xf zxid:0xfffffffffffffffe txntype:unknown reqpath:/brokers/topics/__consumer_offsets
09:06:20.873 [SyncThread:0] DEBUG org.apache.zookeeper.server.FinalRequestProcessor - sessionid:0x1624798348d0002 type:getData cxid:0xf zxid:0xfffffffffffffffe txntype:unknown reqpath:/brokers/topics/__consumer_offsets
09:06:20.874 [Test worker-SendThread(127.0.0.1:46253)] DEBUG org.apache.zookeeper.ClientCnxn - Reading reply sessionid:0x1624798348d0002, packet:: clientPath:null serverPath:null finished:false header:: 15,4  replyHeader:: 15,31,-101  request:: '/brokers/topics/__consumer_offsets,F  response::  
09:06:20.874 [SyncThread:0] DEBUG org.apache.zookeeper.server.FinalRequestProcessor - Processing request:: sessionid:0x1624798348d0002 type:getData cxid:0x10 zxid:0xfffffffffffffffe txntype:unknown reqpath:/controller
09:06:20.874 [SyncThread:0] DEBUG org.apache.zookeeper.server.FinalRequestProcessor - sessionid:0x1624798348d0002 type:getData cxid:0x10 zxid:0xfffffffffffffffe txntype:unknown reqpath:/controller
09:06:20.874 [Test worker-SendThread(127.0.0.1:46253)] DEBUG org.apache.zookeeper.ClientCnxn - Reading reply sessionid:0x1624798348d0002, packet:: clientPath:null serverPath:null finished:false header:: 16,4  replyHeader:: 16,31,0  request:: '/controller,T  response:: #7b2276657273696f6e223a312c2262726f6b65726964223a302c2274696d657374616d70223a2231353231363139353830373038227d,s{23,23,1521619580713,1521619580713,0,0,0,99720860797829121,54,0,23} 
09:06:20.874 [SyncThread:0] DEBUG org.apache.zookeeper.server.FinalRequestProcessor - Processing request:: sessionid:0x1624798348d0002 type:getData cxid:0x11 zxid:0xfffffffffffffffe txntype:unknown reqpath:/latest_producer_id_block
09:06:20.874 [SyncThread:0] DEBUG org.apache.zookeeper.server.FinalRequestProcessor - sessionid:0x1624798348d0002 type:getData cxid:0x11 zxid:0xfffffffffffffffe txntype:unknown reqpath:/latest_producer_id_block
09:06:20.875 [Test worker-SendThread(127.0.0.1:46253)] DEBUG org.apache.zookeeper.ClientCnxn - Reading reply sessionid:0x1624798348d0002, packet:: clientPath:null serverPath:null finished:false header:: 17,4  replyHeader:: 17,31,0  request:: '/latest_producer_id_block,F  response:: #7b2276657273696f6e223a312c2262726f6b6572223a302c22626c6f636b5f7374617274223a2230222c22626c6f636b5f656e64223a22393939227d,s{18,26,1521619580336,1521619580726,1,0,0,0,60,0,18} 
09:06:20.876 [SyncThread:0] DEBUG org.apache.zookeeper.server.FinalRequestProcessor - Processing request:: sessionid:0x1624798348d0002 type:setData cxid:0x12 zxid:0x20 txntype:5 reqpath:n/a
09:06:20.876 [SyncThread:0] DEBUG org.apache.zookeeper.server.FinalRequestProcessor - sessionid:0x1624798348d0002 type:setData cxid:0x12 zxid:0x20 txntype:5 reqpath:n/a
09:06:20.876 [Test worker-SendThread(127.0.0.1:46253)] DEBUG org.apache.zookeeper.ClientCnxn - Reading reply sessionid:0x1624798348d0002, packet:: clientPath:null serverPath:null finished:false header:: 18,5  replyHeader:: 18,32,0  request:: '/latest_producer_id_block,#7b2276657273696f6e223a312c2262726f6b6572223a312c22626c6f636b5f7374617274223a2231303030222c22626c6f636b5f656e64223a2231393939227d,1  response:: s{18,32,1521619580336,1521619580876,2,0,0,0,64,0,18} 
09:06:20.877 [SyncThread:0] DEBUG org.apache.zookeeper.server.FinalRequestProcessor - Processing request:: sessionid:0x1624798348d0002 type:getData cxid:0x13 zxid:0xfffffffffffffffe txntype:unknown reqpath:/brokers/topics/__transaction_state
09:06:20.877 [SyncThread:0] DEBUG org.apache.zookeeper.server.FinalRequestProcessor - sessionid:0x1624798348d0002 type:getData cxid:0x13 zxid:0xfffffffffffffffe txntype:unknown reqpath:/brokers/topics/__transaction_state
09:06:20.877 [Test worker-SendThread(127.0.0.1:46253)] DEBUG org.apache.zookeeper.ClientCnxn - Reading reply sessionid:0x1624798348d0002, packet:: clientPath:null serverPath:null finished:false header:: 19,4  replyHeader:: 19,32,-101  request:: '/brokers/topics/__transaction_state,F  response::  
09:06:20.877 [Test worker] DEBUG org.apache.kafka.common.metrics.Metrics - Added sensor with name connections-closed:
09:06:20.877 [Test worker] DEBUG org.apache.kafka.common.metrics.Metrics - Added sensor with name connections-created:
09:06:20.878 [Test worker] DEBUG org.apache.kafka.common.metrics.Metrics - Added sensor with name successful-authentication:
09:06:20.878 [Test worker] DEBUG org.apache.kafka.common.metrics.Metrics - Added sensor with name failed-authentication:
09:06:20.878 [Test worker] DEBUG org.apache.kafka.common.metrics.Metrics - Added sensor with name bytes-sent-received:
09:06:20.878 [Test worker] DEBUG org.apache.kafka.common.metrics.Metrics - Added sensor with name bytes-sent:
09:06:20.878 [Test worker] DEBUG org.apache.kafka.common.metrics.Metrics - Added sensor with name bytes-received:
09:06:20.878 [Test worker] DEBUG org.apache.kafka.common.metrics.Metrics - Added sensor with name select-time:
09:06:20.878 [Test worker] DEBUG org.apache.kafka.common.metrics.Metrics - Added sensor with name io-time:
09:06:20.880 [SyncThread:0] DEBUG org.apache.zookeeper.server.FinalRequestProcessor - Processing request:: sessionid:0x1624798348d0002 type:exists cxid:0x14 zxid:0xfffffffffffffffe txntype:unknown reqpath:/config/changes
09:06:20.880 [SyncThread:0] DEBUG org.apache.zookeeper.server.FinalRequestProcessor - sessionid:0x1624798348d0002 type:exists cxid:0x14 zxid:0xfffffffffffffffe txntype:unknown reqpath:/config/changes
09:06:20.880 [Test worker-SendThread(127.0.0.1:46253)] DEBUG org.apache.zookeeper.ClientCnxn - Reading reply sessionid:0x1624798348d0002, packet:: clientPath:null serverPath:null finished:false header:: 20,3  replyHeader:: 20,32,0  request:: '/config/changes,F  response:: s{10,10,1521619580318,1521619580318,0,0,0,0,0,0,10} 
09:06:20.881 [SyncThread:0] DEBUG org.apache.zookeeper.server.FinalRequestProcessor - Processing request:: sessionid:0x1624798348d0002 type:exists cxid:0x15 zxid:0xfffffffffffffffe txntype:unknown reqpath:/config/changes
09:06:20.881 [SyncThread:0] DEBUG org.apache.zookeeper.server.FinalRequestProcessor - sessionid:0x1624798348d0002 type:exists cxid:0x15 zxid:0xfffffffffffffffe txntype:unknown reqpath:/config/changes
09:06:20.881 [Test worker-SendThread(127.0.0.1:46253)] DEBUG org.apache.zookeeper.ClientCnxn - Reading reply sessionid:0x1624798348d0002, packet:: clientPath:null serverPath:null finished:false header:: 21,3  replyHeader:: 21,32,0  request:: '/config/changes,T  response:: s{10,10,1521619580318,1521619580318,0,0,0,0,0,0,10} 
09:06:20.881 [SyncThread:0] DEBUG org.apache.zookeeper.server.FinalRequestProcessor - Processing request:: sessionid:0x1624798348d0002 type:getChildren cxid:0x16 zxid:0xfffffffffffffffe txntype:unknown reqpath:/config/changes
09:06:20.881 [SyncThread:0] DEBUG org.apache.zookeeper.server.FinalRequestProcessor - sessionid:0x1624798348d0002 type:getChildren cxid:0x16 zxid:0xfffffffffffffffe txntype:unknown reqpath:/config/changes
09:06:20.881 [Test worker-SendThread(127.0.0.1:46253)] DEBUG org.apache.zookeeper.ClientCnxn - Reading reply sessionid:0x1624798348d0002, packet:: clientPath:null serverPath:null finished:false header:: 22,8  replyHeader:: 22,32,0  request:: '/config/changes,T  response:: v{} 
09:06:20.881 [SyncThread:0] DEBUG org.apache.zookeeper.server.FinalRequestProcessor - Processing request:: sessionid:0x1624798348d0002 type:getChildren cxid:0x17 zxid:0xfffffffffffffffe txntype:unknown reqpath:/config/changes
09:06:20.881 [SyncThread:0] DEBUG org.apache.zookeeper.server.FinalRequestProcessor - sessionid:0x1624798348d0002 type:getChildren cxid:0x17 zxid:0xfffffffffffffffe txntype:unknown reqpath:/config/changes
09:06:20.882 [Test worker-SendThread(127.0.0.1:46253)] DEBUG org.apache.zookeeper.ClientCnxn - Reading reply sessionid:0x1624798348d0002, packet:: clientPath:null serverPath:null finished:false header:: 23,8  replyHeader:: 23,32,0  request:: '/config/changes,T  response:: v{} 
09:06:20.882 [SyncThread:0] DEBUG org.apache.zookeeper.server.FinalRequestProcessor - Processing request:: sessionid:0x1624798348d0002 type:getChildren cxid:0x18 zxid:0xfffffffffffffffe txntype:unknown reqpath:/config/topics
09:06:20.882 [SyncThread:0] DEBUG org.apache.zookeeper.server.FinalRequestProcessor - sessionid:0x1624798348d0002 type:getChildren cxid:0x18 zxid:0xfffffffffffffffe txntype:unknown reqpath:/config/topics
09:06:20.882 [Test worker-SendThread(127.0.0.1:46253)] DEBUG org.apache.zookeeper.ClientCnxn - Reading reply sessionid:0x1624798348d0002, packet:: clientPath:null serverPath:null finished:false header:: 24,8  replyHeader:: 24,32,0  request:: '/config/topics,F  response:: v{} 
09:06:20.882 [SyncThread:0] DEBUG org.apache.zookeeper.server.FinalRequestProcessor - Processing request:: sessionid:0x1624798348d0002 type:getChildren cxid:0x19 zxid:0xfffffffffffffffe txntype:unknown reqpath:/config/clients
09:06:20.883 [SyncThread:0] DEBUG org.apache.zookeeper.server.FinalRequestProcessor - sessionid:0x1624798348d0002 type:getChildren cxid:0x19 zxid:0xfffffffffffffffe txntype:unknown reqpath:/config/clients
09:06:20.883 [Test worker-SendThread(127.0.0.1:46253)] DEBUG org.apache.zookeeper.ClientCnxn - Reading reply sessionid:0x1624798348d0002, packet:: clientPath:null serverPath:null finished:false header:: 25,8  replyHeader:: 25,32,0  request:: '/config/clients,F  response:: v{} 
09:06:20.883 [SyncThread:0] DEBUG org.apache.zookeeper.server.FinalRequestProcessor - Processing request:: sessionid:0x1624798348d0002 type:getChildren cxid:0x1a zxid:0xfffffffffffffffe txntype:unknown reqpath:/config/users
09:06:20.883 [SyncThread:0] DEBUG org.apache.zookeeper.server.FinalRequestProcessor - sessionid:0x1624798348d0002 type:getChildren cxid:0x1a zxid:0xfffffffffffffffe txntype:unknown reqpath:/config/users
09:06:20.883 [Test worker-SendThread(127.0.0.1:46253)] DEBUG org.apache.zookeeper.ClientCnxn - Reading reply sessionid:0x1624798348d0002, packet:: clientPath:null serverPath:null finished:false header:: 26,8  replyHeader:: 26,32,-101  request:: '/config/users,F  response:: v{} 
09:06:20.884 [SyncThread:0] DEBUG org.apache.zookeeper.server.FinalRequestProcessor - Processing request:: sessionid:0x1624798348d0002 type:getChildren cxid:0x1b zxid:0xfffffffffffffffe txntype:unknown reqpath:/config/users
09:06:20.884 [SyncThread:0] DEBUG org.apache.zookeeper.server.FinalRequestProcessor - sessionid:0x1624798348d0002 type:getChildren cxid:0x1b zxid:0xfffffffffffffffe txntype:unknown reqpath:/config/users
09:06:20.884 [Test worker-SendThread(127.0.0.1:46253)] DEBUG org.apache.zookeeper.ClientCnxn - Reading reply sessionid:0x1624798348d0002, packet:: clientPath:null serverPath:null finished:false header:: 27,8  replyHeader:: 27,32,-101  request:: '/config/users,F  response:: v{} 
09:06:20.884 [SyncThread:0] DEBUG org.apache.zookeeper.server.FinalRequestProcessor - Processing request:: sessionid:0x1624798348d0002 type:getChildren cxid:0x1c zxid:0xfffffffffffffffe txntype:unknown reqpath:/config/brokers
09:06:20.884 [SyncThread:0] DEBUG org.apache.zookeeper.server.FinalRequestProcessor - sessionid:0x1624798348d0002 type:getChildren cxid:0x1c zxid:0xfffffffffffffffe txntype:unknown reqpath:/config/brokers
09:06:20.884 [Test worker-SendThread(127.0.0.1:46253)] DEBUG org.apache.zookeeper.ClientCnxn - Reading reply sessionid:0x1624798348d0002, packet:: clientPath:null serverPath:null finished:false header:: 28,8  replyHeader:: 28,32,-101  request:: '/config/brokers,F  response:: v{} 
09:06:20.885 [ProcessThread(sid:0 cport:46253):] INFO org.apache.zookeeper.server.PrepRequestProcessor - Got user-level KeeperException when processing sessionid:0x1624798348d0002 type:create cxid:0x1d zxid:0x21 txntype:-1 reqpath:n/a Error Path:/brokers Error:KeeperErrorCode = NodeExists for /brokers
09:06:20.885 [ProcessThread(sid:0 cport:46253):] INFO org.apache.zookeeper.server.PrepRequestProcessor - Got user-level KeeperException when processing sessionid:0x1624798348d0002 type:create cxid:0x1e zxid:0x22 txntype:-1 reqpath:n/a Error Path:/brokers/ids Error:KeeperErrorCode = NodeExists for /brokers/ids
09:06:20.885 [SyncThread:0] DEBUG org.apache.zookeeper.server.FinalRequestProcessor - Processing request:: sessionid:0x1624798348d0002 type:create cxid:0x1d zxid:0x21 txntype:-1 reqpath:n/a
09:06:20.885 [SyncThread:0] DEBUG org.apache.zookeeper.server.DataTree - Ignoring processTxn failure hdr: -1 : error: -110
09:06:20.885 [SyncThread:0] DEBUG org.apache.zookeeper.server.FinalRequestProcessor - Processing request:: sessionid:0x1624798348d0002 type:create cxid:0x1e zxid:0x22 txntype:-1 reqpath:n/a
09:06:20.885 [SyncThread:0] DEBUG org.apache.zookeeper.server.DataTree - Ignoring processTxn failure hdr: -1 : error: -110
09:06:20.885 [Test worker-SendThread(127.0.0.1:46253)] DEBUG org.apache.zookeeper.ClientCnxn - Reading reply sessionid:0x1624798348d0002, packet:: clientPath:/brokers serverPath:/brokers finished:false header:: 29,1  replyHeader:: 29,33,-110  request:: '/brokers,,v{s{31,s{'world,'anyone}}},0  response::  
09:06:20.886 [SyncThread:0] DEBUG org.apache.zookeeper.server.FinalRequestProcessor - Processing request:: sessionid:0x1624798348d0002 type:create cxid:0x1f zxid:0x23 txntype:1 reqpath:n/a
09:06:20.886 [Test worker-SendThread(127.0.0.1:46253)] DEBUG org.apache.zookeeper.ClientCnxn - Reading reply sessionid:0x1624798348d0002, packet:: clientPath:/brokers/ids serverPath:/brokers/ids finished:false header:: 30,1  replyHeader:: 30,34,-110  request:: '/brokers/ids,,v{s{31,s{'world,'anyone}}},0  response::  
09:06:20.886 [SyncThread:0] DEBUG org.apache.zookeeper.server.FinalRequestProcessor - sessionid:0x1624798348d0002 type:create cxid:0x1f zxid:0x23 txntype:1 reqpath:n/a
09:06:20.886 [Test worker-SendThread(127.0.0.1:46253)] DEBUG org.apache.zookeeper.ClientCnxn - Got notification sessionid:0x1624798348d0001
09:06:20.886 [Test worker-SendThread(127.0.0.1:46253)] DEBUG org.apache.zookeeper.ClientCnxn - Got WatchedEvent state:SyncConnected type:NodeChildrenChanged path:/brokers/ids for sessionid 0x1624798348d0001
09:06:20.886 [Test worker-EventThread] DEBUG org.I0Itec.zkclient.ZkClient - Received event: WatchedEvent state:SyncConnected type:NodeChildrenChanged path:/brokers/ids
09:06:20.886 [Test worker-EventThread] DEBUG org.I0Itec.zkclient.ZkEventThread - New event: ZkEvent[Children of /brokers/ids changed sent to kafka.controller.BrokerChangeListener@2046e889]
09:06:20.886 [Test worker-EventThread] DEBUG org.I0Itec.zkclient.ZkClient - Leaving process event
09:06:20.886 [ZkClient-EventThread-35-127.0.0.1:46253] DEBUG org.I0Itec.zkclient.ZkEventThread - Delivering event #3 ZkEvent[Children of /brokers/ids changed sent to kafka.controller.BrokerChangeListener@2046e889]
09:06:20.886 [Test worker-SendThread(127.0.0.1:46253)] DEBUG org.apache.zookeeper.ClientCnxn - Reading reply sessionid:0x1624798348d0002, packet:: clientPath:/brokers/ids/1 serverPath:/brokers/ids/1 finished:false header:: 31,1  replyHeader:: 31,35,0  request:: '/brokers/ids/1,#7b226c697374656e65725f73656375726974795f70726f746f636f6c5f6d6170223a7b22504c41494e54455854223a22504c41494e54455854227d2c22656e64706f696e7473223a5b22504c41494e544558543a2f2f6c6f63616c686f73743a3336313731225d2c226a6d785f706f7274223a2d312c22686f7374223a226c6f63616c686f7374222c2274696d657374616d70223a2231353231363139353830383835222c22706f7274223a33363137312c2276657273696f6e223a347d,v{s{31,s{'world,'anyone}}},1  response:: '/brokers/ids/1 
09:06:20.886 [SyncThread:0] DEBUG org.apache.zookeeper.server.FinalRequestProcessor - Processing request:: sessionid:0x1624798348d0001 type:exists cxid:0x52 zxid:0xfffffffffffffffe txntype:unknown reqpath:/brokers/ids
09:06:20.886 [SyncThread:0] DEBUG org.apache.zookeeper.server.FinalRequestProcessor - sessionid:0x1624798348d0001 type:exists cxid:0x52 zxid:0xfffffffffffffffe txntype:unknown reqpath:/brokers/ids
09:06:20.886 [Test worker-SendThread(127.0.0.1:46253)] DEBUG org.apache.zookeeper.ClientCnxn - Reading reply sessionid:0x1624798348d0001, packet:: clientPath:null serverPath:null finished:false header:: 82,3  replyHeader:: 82,35,0  request:: '/brokers/ids,T  response:: s{6,6,1521619580308,1521619580308,0,2,0,0,0,2,35} 
09:06:20.886 [SyncThread:0] DEBUG org.apache.zookeeper.server.FinalRequestProcessor - Processing request:: sessionid:0x1624798348d0001 type:getChildren cxid:0x53 zxid:0xfffffffffffffffe txntype:unknown reqpath:/brokers/ids
09:06:20.886 [SyncThread:0] DEBUG org.apache.zookeeper.server.FinalRequestProcessor - sessionid:0x1624798348d0001 type:getChildren cxid:0x53 zxid:0xfffffffffffffffe txntype:unknown reqpath:/brokers/ids
09:06:20.887 [Test worker-SendThread(127.0.0.1:46253)] DEBUG org.apache.zookeeper.ClientCnxn - Reading reply sessionid:0x1624798348d0001, packet:: clientPath:null serverPath:null finished:false header:: 83,8  replyHeader:: 83,35,0  request:: '/brokers/ids,T  response:: v{'0,'1} 
09:06:20.887 [Test worker] INFO org.apache.kafka.common.utils.AppInfoParser - Kafka version : 1.0.0
09:06:20.887 [Test worker] INFO org.apache.kafka.common.utils.AppInfoParser - Kafka commitId : aaa7af6d4a11b29d
09:06:20.887 [ZkClient-EventThread-35-127.0.0.1:46253] DEBUG org.I0Itec.zkclient.ZkEventThread - Delivering event #3 done
09:06:20.887 [SyncThread:0] DEBUG org.apache.zookeeper.server.FinalRequestProcessor - Processing request:: sessionid:0x1624798348d0001 type:getChildren cxid:0x54 zxid:0xfffffffffffffffe txntype:unknown reqpath:/brokers/ids
09:06:20.887 [SyncThread:0] DEBUG org.apache.zookeeper.server.FinalRequestProcessor - sessionid:0x1624798348d0001 type:getChildren cxid:0x54 zxid:0xfffffffffffffffe txntype:unknown reqpath:/brokers/ids
09:06:20.887 [Test worker-SendThread(127.0.0.1:46253)] DEBUG org.apache.zookeeper.ClientCnxn - Reading reply sessionid:0x1624798348d0001, packet:: clientPath:null serverPath:null finished:false header:: 84,8  replyHeader:: 84,35,0  request:: '/brokers/ids,T  response:: v{'0,'1} 
09:06:20.888 [SyncThread:0] DEBUG org.apache.zookeeper.server.FinalRequestProcessor - Processing request:: sessionid:0x1624798348d0001 type:getData cxid:0x55 zxid:0xfffffffffffffffe txntype:unknown reqpath:/brokers/ids/0
09:06:20.888 [SyncThread:0] DEBUG org.apache.zookeeper.server.FinalRequestProcessor - sessionid:0x1624798348d0001 type:getData cxid:0x55 zxid:0xfffffffffffffffe txntype:unknown reqpath:/brokers/ids/0
09:06:20.888 [Test worker-SendThread(127.0.0.1:46253)] DEBUG org.apache.zookeeper.ClientCnxn - Reading reply sessionid:0x1624798348d0001, packet:: clientPath:null serverPath:null finished:false header:: 85,4  replyHeader:: 85,35,0  request:: '/brokers/ids/0,F  response:: #7b226c697374656e65725f73656375726974795f70726f746f636f6c5f6d6170223a7b22504c41494e54455854223a22504c41494e54455854227d2c22656e64706f696e7473223a5b22504c41494e544558543a2f2f6c6f63616c686f73743a3434303633225d2c226a6d785f706f7274223a2d312c22686f7374223a226c6f63616c686f7374222c2274696d657374616d70223a2231353231363139353830373938222c22706f7274223a34343036332c2276657273696f6e223a347d,s{30,30,1521619580801,1521619580801,0,0,0,99720860797829121,190,0,30} 
09:06:20.889 [SyncThread:0] DEBUG org.apache.zookeeper.server.FinalRequestProcessor - Processing request:: sessionid:0x1624798348d0001 type:getData cxid:0x56 zxid:0xfffffffffffffffe txntype:unknown reqpath:/brokers/ids/1
09:06:20.889 [SyncThread:0] DEBUG org.apache.zookeeper.server.FinalRequestProcessor - sessionid:0x1624798348d0001 type:getData cxid:0x56 zxid:0xfffffffffffffffe txntype:unknown reqpath:/brokers/ids/1
09:06:20.889 [Test worker-SendThread(127.0.0.1:46253)] DEBUG org.apache.zookeeper.ClientCnxn - Reading reply sessionid:0x1624798348d0001, packet:: clientPath:null serverPath:null finished:false header:: 86,4  replyHeader:: 86,35,0  request:: '/brokers/ids/1,F  response:: #7b226c697374656e65725f73656375726974795f70726f746f636f6c5f6d6170223a7b22504c41494e54455854223a22504c41494e54455854227d2c22656e64706f696e7473223a5b22504c41494e544558543a2f2f6c6f63616c686f73743a3336313731225d2c226a6d785f706f7274223a2d312c22686f7374223a226c6f63616c686f7374222c2274696d657374616d70223a2231353231363139353830383835222c22706f7274223a33363137312c2276657273696f6e223a347d,s{35,35,1521619580885,1521619580885,0,0,0,99720860797829122,190,0,35} 
09:06:20.890 [controller-event-thread] DEBUG org.apache.kafka.common.metrics.Metrics - Added sensor with name connections-closed:broker-id-1
09:06:20.890 [controller-event-thread] DEBUG org.apache.kafka.common.metrics.Metrics - Added sensor with name connections-created:broker-id-1
09:06:20.891 [controller-event-thread] DEBUG org.apache.kafka.common.metrics.Metrics - Added sensor with name successful-authentication:broker-id-1
09:06:20.891 [controller-event-thread] DEBUG org.apache.kafka.common.metrics.Metrics - Added sensor with name failed-authentication:broker-id-1
09:06:20.891 [controller-event-thread] DEBUG org.apache.kafka.common.metrics.Metrics - Added sensor with name bytes-sent-received:broker-id-1
09:06:20.891 [Test worker] INFO org.apache.kafka.clients.admin.AdminClientConfig - AdminClientConfig values: 
	bootstrap.servers = [127.0.0.1:44063, 127.0.0.1:36171]
	client.id = 
	connections.max.idle.ms = 300000
	metadata.max.age.ms = 300000
	metric.reporters = []
	metrics.num.samples = 2
	metrics.recording.level = INFO
	metrics.sample.window.ms = 30000
	receive.buffer.bytes = 65536
	reconnect.backoff.max.ms = 1000
	reconnect.backoff.ms = 50
	request.timeout.ms = 120000
	retries = 5
	retry.backoff.ms = 100
	sasl.jaas.config = null
	sasl.kerberos.kinit.cmd = /usr/bin/kinit
	sasl.kerberos.min.time.before.relogin = 60000
	sasl.kerberos.service.name = null
	sasl.kerberos.ticket.renew.jitter = 0.05
	sasl.kerberos.ticket.renew.window.factor = 0.8
	sasl.mechanism = GSSAPI
	security.protocol = PLAINTEXT
	send.buffer.bytes = 131072
	ssl.cipher.suites = null
	ssl.enabled.protocols = [TLSv1.2, TLSv1.1, TLSv1]
	ssl.endpoint.identification.algorithm = null
	ssl.key.password = null
	ssl.keymanager.algorithm = SunX509
	ssl.keystore.location = null
	ssl.keystore.password = null
	ssl.keystore.type = JKS
	ssl.protocol = TLS
	ssl.provider = null
	ssl.secure.random.implementation = null
	ssl.trustmanager.algorithm = PKIX
	ssl.truststore.location = null
	ssl.truststore.password = null
	ssl.truststore.type = JKS

09:06:20.891 [controller-event-thread] DEBUG org.apache.kafka.common.metrics.Metrics - Added sensor with name bytes-sent:broker-id-1
09:06:20.891 [controller-event-thread] DEBUG org.apache.kafka.common.metrics.Metrics - Added sensor with name bytes-received:broker-id-1
09:06:20.891 [controller-event-thread] DEBUG org.apache.kafka.common.metrics.Metrics - Added sensor with name select-time:broker-id-1
09:06:20.891 [controller-event-thread] DEBUG org.apache.kafka.common.metrics.Metrics - Added sensor with name io-time:broker-id-1
09:06:20.893 [Controller-0-to-broker-1-send-thread] DEBUG org.apache.kafka.clients.NetworkClient - [Controller id=0, targetBrokerId=1] Initiating connection to node localhost:36171 (id: 1 rack: null)
09:06:20.893 [Controller-0-to-broker-1-send-thread] DEBUG org.apache.kafka.common.network.Selector - [Controller id=0, targetBrokerId=1] Created socket with SO_RCVBUF = 530904, SO_SNDBUF = 1313280, SO_TIMEOUT = 0 to node 1
09:06:20.894 [Controller-0-to-broker-1-send-thread] DEBUG org.apache.kafka.clients.NetworkClient - [Controller id=0, targetBrokerId=1] Completed connection to node 1. Ready.
09:06:20.897 [Test worker] DEBUG org.apache.kafka.common.metrics.Metrics - Added sensor with name connections-closed:
09:06:20.897 [Test worker] DEBUG org.apache.kafka.common.metrics.Metrics - Added sensor with name connections-created:
09:06:20.897 [Test worker] DEBUG org.apache.kafka.common.metrics.Metrics - Added sensor with name successful-authentication:
09:06:20.898 [Test worker] DEBUG org.apache.kafka.common.metrics.Metrics - Added sensor with name failed-authentication:
09:06:20.898 [Test worker] DEBUG org.apache.kafka.common.metrics.Metrics - Added sensor with name bytes-sent-received:
09:06:20.898 [Test worker] DEBUG org.apache.kafka.common.metrics.Metrics - Added sensor with name bytes-sent:
09:06:20.898 [Test worker] DEBUG org.apache.kafka.common.metrics.Metrics - Added sensor with name bytes-received:
09:06:20.898 [Test worker] DEBUG org.apache.kafka.common.metrics.Metrics - Added sensor with name select-time:
09:06:20.898 [Test worker] DEBUG org.apache.kafka.common.metrics.Metrics - Added sensor with name io-time:
09:06:20.899 [Test worker] DEBUG org.apache.kafka.clients.Metadata - Updated cluster metadata version 1 to Cluster(id = null, nodes = [127.0.0.1:36171 (id: -2 rack: null), 127.0.0.1:44063 (id: -1 rack: null)], partitions = [])
09:06:20.900 [Test worker] INFO org.apache.kafka.common.utils.AppInfoParser - Kafka version : 1.0.0
09:06:20.900 [Test worker] INFO org.apache.kafka.common.utils.AppInfoParser - Kafka commitId : aaa7af6d4a11b29d
09:06:20.900 [Test worker] DEBUG org.apache.kafka.clients.admin.KafkaAdminClient - [AdminClient clientId=adminclient-1] Kafka admin client initialized
09:06:20.903 [Test worker] DEBUG org.apache.kafka.clients.admin.KafkaAdminClient - [AdminClient clientId=adminclient-1] Queueing Call(callName=createTopics, deadlineMs=1521619700903) with a timeout 120000 ms from now.
09:06:21.000 [kafka-admin-client-thread | adminclient-1] DEBUG org.apache.kafka.clients.NetworkClient - [AdminClient clientId=adminclient-1] Initialize connection to node 127.0.0.1:36171 (id: -2 rack: null) for sending metadata request
09:06:21.000 [kafka-admin-client-thread | adminclient-1] DEBUG org.apache.kafka.clients.NetworkClient - [AdminClient clientId=adminclient-1] Initiating connection to node 127.0.0.1:36171 (id: -2 rack: null)
09:06:21.000 [kafka-admin-client-thread | adminclient-1] DEBUG org.apache.kafka.common.metrics.Metrics - Added sensor with name node--2.bytes-sent
09:06:21.001 [kafka-admin-client-thread | adminclient-1] DEBUG org.apache.kafka.common.metrics.Metrics - Added sensor with name node--2.bytes-received
09:06:21.001 [kafka-admin-client-thread | adminclient-1] DEBUG org.apache.kafka.common.metrics.Metrics - Added sensor with name node--2.latency
09:06:21.001 [kafka-admin-client-thread | adminclient-1] DEBUG org.apache.kafka.common.network.Selector - [AdminClient clientId=adminclient-1] Created socket with SO_RCVBUF = 65536, SO_SNDBUF = 131072, SO_TIMEOUT = 0 to node -2
09:06:21.001 [kafka-admin-client-thread | adminclient-1] DEBUG org.apache.kafka.clients.NetworkClient - [AdminClient clientId=adminclient-1] Completed connection to node -2. Fetching API versions.
09:06:21.001 [kafka-admin-client-thread | adminclient-1] DEBUG org.apache.kafka.clients.NetworkClient - [AdminClient clientId=adminclient-1] Initiating API versions fetch from node -2.
09:06:21.002 [kafka-admin-client-thread | adminclient-1] DEBUG org.apache.kafka.clients.NetworkClient - [AdminClient clientId=adminclient-1] Initialize connection to node 127.0.0.1:44063 (id: -1 rack: null) for sending metadata request
09:06:21.002 [kafka-admin-client-thread | adminclient-1] DEBUG org.apache.kafka.clients.NetworkClient - [AdminClient clientId=adminclient-1] Initiating connection to node 127.0.0.1:44063 (id: -1 rack: null)
09:06:21.002 [kafka-admin-client-thread | adminclient-1] DEBUG org.apache.kafka.common.metrics.Metrics - Added sensor with name node--1.bytes-sent
09:06:21.002 [kafka-admin-client-thread | adminclient-1] DEBUG org.apache.kafka.common.metrics.Metrics - Added sensor with name node--1.bytes-received
09:06:21.002 [kafka-admin-client-thread | adminclient-1] DEBUG org.apache.kafka.common.metrics.Metrics - Added sensor with name node--1.latency
09:06:21.002 [kafka-admin-client-thread | adminclient-1] DEBUG org.apache.kafka.common.network.Selector - [AdminClient clientId=adminclient-1] Created socket with SO_RCVBUF = 65536, SO_SNDBUF = 131072, SO_TIMEOUT = 0 to node -1
09:06:21.003 [kafka-admin-client-thread | adminclient-1] DEBUG org.apache.kafka.clients.NetworkClient - [AdminClient clientId=adminclient-1] Completed connection to node -1. Fetching API versions.
09:06:21.003 [kafka-admin-client-thread | adminclient-1] DEBUG org.apache.kafka.clients.NetworkClient - [AdminClient clientId=adminclient-1] Initiating API versions fetch from node -1.
09:06:21.007 [kafka-admin-client-thread | adminclient-1] DEBUG org.apache.kafka.clients.NetworkClient - [AdminClient clientId=adminclient-1] Recorded API versions for node -2: (Produce(0): 0 to 5 [usable: 5], Fetch(1): 0 to 6 [usable: 6], ListOffsets(2): 0 to 2 [usable: 2], Metadata(3): 0 to 5 [usable: 5], LeaderAndIsr(4): 0 to 1 [usable: 1], StopReplica(5): 0 [usable: 0], UpdateMetadata(6): 0 to 4 [usable: 4], ControlledShutdown(7): 0 to 1 [usable: 1], OffsetCommit(8): 0 to 3 [usable: 3], OffsetFetch(9): 0 to 3 [usable: 3], FindCoordinator(10): 0 to 1 [usable: 1], JoinGroup(11): 0 to 2 [usable: 2], Heartbeat(12): 0 to 1 [usable: 1], LeaveGroup(13): 0 to 1 [usable: 1], SyncGroup(14): 0 to 1 [usable: 1], DescribeGroups(15): 0 to 1 [usable: 1], ListGroups(16): 0 to 1 [usable: 1], SaslHandshake(17): 0 to 1 [usable: 1], ApiVersions(18): 0 to 1 [usable: 1], CreateTopics(19): 0 to 2 [usable: 2], DeleteTopics(20): 0 to 1 [usable: 1], DeleteRecords(21): 0 [usable: 0], InitProducerId(22): 0 [usable: 0], OffsetForLeaderEpoch(23): 0 [usable: 0], AddPartitionsToTxn(24): 0 [usable: 0], AddOffsetsToTxn(25): 0 [usable: 0], EndTxn(26): 0 [usable: 0], WriteTxnMarkers(27): 0 [usable: 0], TxnOffsetCommit(28): 0 [usable: 0], DescribeAcls(29): 0 [usable: 0], CreateAcls(30): 0 [usable: 0], DeleteAcls(31): 0 [usable: 0], DescribeConfigs(32): 0 [usable: 0], AlterConfigs(33): 0 [usable: 0], AlterReplicaLogDirs(34): 0 [usable: 0], DescribeLogDirs(35): 0 [usable: 0], SaslAuthenticate(36): 0 [usable: 0], CreatePartitions(37): 0 [usable: 0])
09:06:21.008 [kafka-admin-client-thread | adminclient-1] DEBUG org.apache.kafka.clients.NetworkClient - [AdminClient clientId=adminclient-1] Sending metadata request (type=MetadataRequest, topics=) to node 127.0.0.1:36171 (id: -2 rack: null)
09:06:21.009 [kafka-admin-client-thread | adminclient-1] DEBUG org.apache.kafka.clients.NetworkClient - [AdminClient clientId=adminclient-1] Recorded API versions for node -1: (Produce(0): 0 to 5 [usable: 5], Fetch(1): 0 to 6 [usable: 6], ListOffsets(2): 0 to 2 [usable: 2], Metadata(3): 0 to 5 [usable: 5], LeaderAndIsr(4): 0 to 1 [usable: 1], StopReplica(5): 0 [usable: 0], UpdateMetadata(6): 0 to 4 [usable: 4], ControlledShutdown(7): 0 to 1 [usable: 1], OffsetCommit(8): 0 to 3 [usable: 3], OffsetFetch(9): 0 to 3 [usable: 3], FindCoordinator(10): 0 to 1 [usable: 1], JoinGroup(11): 0 to 2 [usable: 2], Heartbeat(12): 0 to 1 [usable: 1], LeaveGroup(13): 0 to 1 [usable: 1], SyncGroup(14): 0 to 1 [usable: 1], DescribeGroups(15): 0 to 1 [usable: 1], ListGroups(16): 0 to 1 [usable: 1], SaslHandshake(17): 0 to 1 [usable: 1], ApiVersions(18): 0 to 1 [usable: 1], CreateTopics(19): 0 to 2 [usable: 2], DeleteTopics(20): 0 to 1 [usable: 1], DeleteRecords(21): 0 [usable: 0], InitProducerId(22): 0 [usable: 0], OffsetForLeaderEpoch(23): 0 [usable: 0], AddPartitionsToTxn(24): 0 [usable: 0], AddOffsetsToTxn(25): 0 [usable: 0], EndTxn(26): 0 [usable: 0], WriteTxnMarkers(27): 0 [usable: 0], TxnOffsetCommit(28): 0 [usable: 0], DescribeAcls(29): 0 [usable: 0], CreateAcls(30): 0 [usable: 0], DeleteAcls(31): 0 [usable: 0], DescribeConfigs(32): 0 [usable: 0], AlterConfigs(33): 0 [usable: 0], AlterReplicaLogDirs(34): 0 [usable: 0], DescribeLogDirs(35): 0 [usable: 0], SaslAuthenticate(36): 0 [usable: 0], CreatePartitions(37): 0 [usable: 0])
09:06:21.013 [kafka-admin-client-thread | adminclient-1] DEBUG org.apache.kafka.clients.Metadata - Updated cluster metadata version 2 to Cluster(id = te224PsOQEytkNvf0I-vww, nodes = [localhost:44063 (id: 0 rack: null), localhost:36171 (id: 1 rack: null)], partitions = [])
09:06:21.013 [kafka-admin-client-thread | adminclient-1] DEBUG org.apache.kafka.clients.NetworkClient - [AdminClient clientId=adminclient-1] Initiating connection to node localhost:44063 (id: 0 rack: null)
09:06:21.014 [kafka-admin-client-thread | adminclient-1] DEBUG org.apache.kafka.common.metrics.Metrics - Added sensor with name node-0.bytes-sent
09:06:21.014 [kafka-admin-client-thread | adminclient-1] DEBUG org.apache.kafka.common.metrics.Metrics - Added sensor with name node-0.bytes-received
09:06:21.014 [kafka-admin-client-thread | adminclient-1] DEBUG org.apache.kafka.common.metrics.Metrics - Added sensor with name node-0.latency
09:06:21.014 [kafka-admin-client-thread | adminclient-1] DEBUG org.apache.kafka.common.network.Selector - [AdminClient clientId=adminclient-1] Created socket with SO_RCVBUF = 65536, SO_SNDBUF = 131072, SO_TIMEOUT = 0 to node 0
09:06:21.014 [kafka-admin-client-thread | adminclient-1] DEBUG org.apache.kafka.clients.NetworkClient - [AdminClient clientId=adminclient-1] Completed connection to node 0. Fetching API versions.
09:06:21.014 [kafka-admin-client-thread | adminclient-1] DEBUG org.apache.kafka.clients.NetworkClient - [AdminClient clientId=adminclient-1] Initiating API versions fetch from node 0.
09:06:21.016 [kafka-admin-client-thread | adminclient-1] DEBUG org.apache.kafka.clients.NetworkClient - [AdminClient clientId=adminclient-1] Recorded API versions for node 0: (Produce(0): 0 to 5 [usable: 5], Fetch(1): 0 to 6 [usable: 6], ListOffsets(2): 0 to 2 [usable: 2], Metadata(3): 0 to 5 [usable: 5], LeaderAndIsr(4): 0 to 1 [usable: 1], StopReplica(5): 0 [usable: 0], UpdateMetadata(6): 0 to 4 [usable: 4], ControlledShutdown(7): 0 to 1 [usable: 1], OffsetCommit(8): 0 to 3 [usable: 3], OffsetFetch(9): 0 to 3 [usable: 3], FindCoordinator(10): 0 to 1 [usable: 1], JoinGroup(11): 0 to 2 [usable: 2], Heartbeat(12): 0 to 1 [usable: 1], LeaveGroup(13): 0 to 1 [usable: 1], SyncGroup(14): 0 to 1 [usable: 1], DescribeGroups(15): 0 to 1 [usable: 1], ListGroups(16): 0 to 1 [usable: 1], SaslHandshake(17): 0 to 1 [usable: 1], ApiVersions(18): 0 to 1 [usable: 1], CreateTopics(19): 0 to 2 [usable: 2], DeleteTopics(20): 0 to 1 [usable: 1], DeleteRecords(21): 0 [usable: 0], InitProducerId(22): 0 [usable: 0], OffsetForLeaderEpoch(23): 0 [usable: 0], AddPartitionsToTxn(24): 0 [usable: 0], AddOffsetsToTxn(25): 0 [usable: 0], EndTxn(26): 0 [usable: 0], WriteTxnMarkers(27): 0 [usable: 0], TxnOffsetCommit(28): 0 [usable: 0], DescribeAcls(29): 0 [usable: 0], CreateAcls(30): 0 [usable: 0], DeleteAcls(31): 0 [usable: 0], DescribeConfigs(32): 0 [usable: 0], AlterConfigs(33): 0 [usable: 0], AlterReplicaLogDirs(34): 0 [usable: 0], DescribeLogDirs(35): 0 [usable: 0], SaslAuthenticate(36): 0 [usable: 0], CreatePartitions(37): 0 [usable: 0])
09:06:21.025 [SyncThread:0] DEBUG org.apache.zookeeper.server.FinalRequestProcessor - Processing request:: sessionid:0x1624798348d0001 type:exists cxid:0x57 zxid:0xfffffffffffffffe txntype:unknown reqpath:/brokers/topics/rawUserEarningTopic
09:06:21.025 [SyncThread:0] DEBUG org.apache.zookeeper.server.FinalRequestProcessor - sessionid:0x1624798348d0001 type:exists cxid:0x57 zxid:0xfffffffffffffffe txntype:unknown reqpath:/brokers/topics/rawUserEarningTopic
09:06:21.025 [Test worker-SendThread(127.0.0.1:46253)] DEBUG org.apache.zookeeper.ClientCnxn - Reading reply sessionid:0x1624798348d0001, packet:: clientPath:null serverPath:null finished:false header:: 87,3  replyHeader:: 87,35,-101  request:: '/brokers/topics/rawUserEarningTopic,F  response::  
09:06:21.027 [ProcessThread(sid:0 cport:46253):] INFO org.apache.zookeeper.server.PrepRequestProcessor - Got user-level KeeperException when processing sessionid:0x1624798348d0001 type:setData cxid:0x58 zxid:0x24 txntype:-1 reqpath:n/a Error Path:/config/topics/rawUserEarningTopic Error:KeeperErrorCode = NoNode for /config/topics/rawUserEarningTopic
09:06:21.027 [SyncThread:0] DEBUG org.apache.zookeeper.server.FinalRequestProcessor - Processing request:: sessionid:0x1624798348d0001 type:setData cxid:0x58 zxid:0x24 txntype:-1 reqpath:n/a
09:06:21.027 [SyncThread:0] DEBUG org.apache.zookeeper.server.DataTree - Ignoring processTxn failure hdr: -1 : error: -101
09:06:21.027 [Test worker-SendThread(127.0.0.1:46253)] DEBUG org.apache.zookeeper.ClientCnxn - Reading reply sessionid:0x1624798348d0001, packet:: clientPath:null serverPath:null finished:false header:: 88,5  replyHeader:: 88,36,-101  request:: '/config/topics/rawUserEarningTopic,#7b2276657273696f6e223a312c22636f6e666967223a7b7d7d,-1  response::  
09:06:21.028 [ProcessThread(sid:0 cport:46253):] INFO org.apache.zookeeper.server.PrepRequestProcessor - Got user-level KeeperException when processing sessionid:0x1624798348d0001 type:create cxid:0x59 zxid:0x25 txntype:-1 reqpath:n/a Error Path:/config/topics Error:KeeperErrorCode = NodeExists for /config/topics
09:06:21.028 [SyncThread:0] DEBUG org.apache.zookeeper.server.FinalRequestProcessor - Processing request:: sessionid:0x1624798348d0001 type:create cxid:0x59 zxid:0x25 txntype:-1 reqpath:n/a
09:06:21.028 [SyncThread:0] DEBUG org.apache.zookeeper.server.DataTree - Ignoring processTxn failure hdr: -1 : error: -110
09:06:21.028 [Test worker-SendThread(127.0.0.1:46253)] DEBUG org.apache.zookeeper.ClientCnxn - Reading reply sessionid:0x1624798348d0001, packet:: clientPath:null serverPath:null finished:false header:: 89,1  replyHeader:: 89,37,-110  request:: '/config/topics,,v{s{31,s{'world,'anyone}}},0  response::  
09:06:21.029 [SyncThread:0] DEBUG org.apache.zookeeper.server.FinalRequestProcessor - Processing request:: sessionid:0x1624798348d0001 type:create cxid:0x5a zxid:0x26 txntype:1 reqpath:n/a
09:06:21.029 [SyncThread:0] DEBUG org.apache.zookeeper.server.FinalRequestProcessor - sessionid:0x1624798348d0001 type:create cxid:0x5a zxid:0x26 txntype:1 reqpath:n/a
09:06:21.029 [Test worker-SendThread(127.0.0.1:46253)] DEBUG org.apache.zookeeper.ClientCnxn - Reading reply sessionid:0x1624798348d0001, packet:: clientPath:null serverPath:null finished:false header:: 90,1  replyHeader:: 90,38,0  request:: '/config/topics/rawUserEarningTopic,#7b2276657273696f6e223a312c22636f6e666967223a7b7d7d,v{s{31,s{'world,'anyone}}},0  response:: '/config/topics/rawUserEarningTopic 
09:06:21.031 [SyncThread:0] DEBUG org.apache.zookeeper.server.FinalRequestProcessor - Processing request:: sessionid:0x1624798348d0001 type:create cxid:0x5b zxid:0x27 txntype:1 reqpath:n/a
09:06:21.031 [Test worker-SendThread(127.0.0.1:46253)] DEBUG org.apache.zookeeper.ClientCnxn - Got notification sessionid:0x1624798348d0001
09:06:21.031 [SyncThread:0] DEBUG org.apache.zookeeper.server.FinalRequestProcessor - sessionid:0x1624798348d0001 type:create cxid:0x5b zxid:0x27 txntype:1 reqpath:n/a
09:06:21.031 [Test worker-SendThread(127.0.0.1:46253)] DEBUG org.apache.zookeeper.ClientCnxn - Got WatchedEvent state:SyncConnected type:NodeChildrenChanged path:/brokers/topics for sessionid 0x1624798348d0001
09:06:21.031 [Test worker-EventThread] DEBUG org.I0Itec.zkclient.ZkClient - Received event: WatchedEvent state:SyncConnected type:NodeChildrenChanged path:/brokers/topics
09:06:21.031 [Test worker-EventThread] DEBUG org.I0Itec.zkclient.ZkEventThread - New event: ZkEvent[Children of /brokers/topics changed sent to kafka.controller.TopicChangeListener@4d6ab13d]
09:06:21.031 [Test worker-EventThread] DEBUG org.I0Itec.zkclient.ZkClient - Leaving process event
09:06:21.031 [ZkClient-EventThread-35-127.0.0.1:46253] DEBUG org.I0Itec.zkclient.ZkEventThread - Delivering event #4 ZkEvent[Children of /brokers/topics changed sent to kafka.controller.TopicChangeListener@4d6ab13d]
09:06:21.031 [Test worker-SendThread(127.0.0.1:46253)] DEBUG org.apache.zookeeper.ClientCnxn - Reading reply sessionid:0x1624798348d0001, packet:: clientPath:null serverPath:null finished:false header:: 91,1  replyHeader:: 91,39,0  request:: '/brokers/topics/rawUserEarningTopic,#7b2276657273696f6e223a312c22706172746974696f6e73223a7b2231223a5b312c305d2c2230223a5b302c315d7d7d,v{s{31,s{'world,'anyone}}},0  response:: '/brokers/topics/rawUserEarningTopic 
09:06:21.031 [SyncThread:0] DEBUG org.apache.zookeeper.server.FinalRequestProcessor - Processing request:: sessionid:0x1624798348d0001 type:exists cxid:0x5c zxid:0xfffffffffffffffe txntype:unknown reqpath:/brokers/topics
09:06:21.031 [SyncThread:0] DEBUG org.apache.zookeeper.server.FinalRequestProcessor - sessionid:0x1624798348d0001 type:exists cxid:0x5c zxid:0xfffffffffffffffe txntype:unknown reqpath:/brokers/topics
09:06:21.032 [Test worker-SendThread(127.0.0.1:46253)] DEBUG org.apache.zookeeper.ClientCnxn - Reading reply sessionid:0x1624798348d0001, packet:: clientPath:null serverPath:null finished:false header:: 92,3  replyHeader:: 92,39,0  request:: '/brokers/topics,T  response:: s{7,7,1521619580310,1521619580310,0,1,0,0,0,1,39} 
09:06:21.032 [SyncThread:0] DEBUG org.apache.zookeeper.server.FinalRequestProcessor - Processing request:: sessionid:0x1624798348d0001 type:getChildren cxid:0x5d zxid:0xfffffffffffffffe txntype:unknown reqpath:/brokers/topics
09:06:21.032 [SyncThread:0] DEBUG org.apache.zookeeper.server.FinalRequestProcessor - sessionid:0x1624798348d0001 type:getChildren cxid:0x5d zxid:0xfffffffffffffffe txntype:unknown reqpath:/brokers/topics
09:06:21.032 [Test worker-SendThread(127.0.0.1:46253)] DEBUG org.apache.zookeeper.ClientCnxn - Reading reply sessionid:0x1624798348d0001, packet:: clientPath:null serverPath:null finished:false header:: 93,8  replyHeader:: 93,39,0  request:: '/brokers/topics,T  response:: v{'rawUserEarningTopic} 
09:06:21.033 [SyncThread:0] DEBUG org.apache.zookeeper.server.FinalRequestProcessor - Processing request:: sessionid:0x1624798348d0001 type:exists cxid:0x5e zxid:0xfffffffffffffffe txntype:unknown reqpath:/brokers/topics/userEarningTopic
09:06:21.033 [ZkClient-EventThread-35-127.0.0.1:46253] DEBUG org.I0Itec.zkclient.ZkEventThread - Delivering event #4 done
09:06:21.034 [SyncThread:0] DEBUG org.apache.zookeeper.server.FinalRequestProcessor - sessionid:0x1624798348d0001 type:exists cxid:0x5e zxid:0xfffffffffffffffe txntype:unknown reqpath:/brokers/topics/userEarningTopic
09:06:21.034 [SyncThread:0] DEBUG org.apache.zookeeper.server.FinalRequestProcessor - Processing request:: sessionid:0x1624798348d0001 type:getData cxid:0x5f zxid:0xfffffffffffffffe txntype:unknown reqpath:/brokers/topics/rawUserEarningTopic
09:06:21.034 [SyncThread:0] DEBUG org.apache.zookeeper.server.FinalRequestProcessor - sessionid:0x1624798348d0001 type:getData cxid:0x5f zxid:0xfffffffffffffffe txntype:unknown reqpath:/brokers/topics/rawUserEarningTopic
09:06:21.034 [Test worker-SendThread(127.0.0.1:46253)] DEBUG org.apache.zookeeper.ClientCnxn - Reading reply sessionid:0x1624798348d0001, packet:: clientPath:null serverPath:null finished:false header:: 94,3  replyHeader:: 94,39,-101  request:: '/brokers/topics/userEarningTopic,F  response::  
09:06:21.034 [Test worker-SendThread(127.0.0.1:46253)] DEBUG org.apache.zookeeper.ClientCnxn - Reading reply sessionid:0x1624798348d0001, packet:: clientPath:null serverPath:null finished:false header:: 95,4  replyHeader:: 95,39,0  request:: '/brokers/topics/rawUserEarningTopic,F  response:: #7b2276657273696f6e223a312c22706172746974696f6e73223a7b2231223a5b312c305d2c2230223a5b302c315d7d7d,s{39,39,1521619581030,1521619581030,0,0,0,0,48,0,39} 
09:06:21.035 [ProcessThread(sid:0 cport:46253):] INFO org.apache.zookeeper.server.PrepRequestProcessor - Got user-level KeeperException when processing sessionid:0x1624798348d0001 type:setData cxid:0x60 zxid:0x28 txntype:-1 reqpath:n/a Error Path:/config/topics/userEarningTopic Error:KeeperErrorCode = NoNode for /config/topics/userEarningTopic
09:06:21.035 [SyncThread:0] DEBUG org.apache.zookeeper.server.FinalRequestProcessor - Processing request:: sessionid:0x1624798348d0001 type:setData cxid:0x60 zxid:0x28 txntype:-1 reqpath:n/a
09:06:21.035 [SyncThread:0] DEBUG org.apache.zookeeper.server.DataTree - Ignoring processTxn failure hdr: -1 : error: -101
09:06:21.035 [Test worker-SendThread(127.0.0.1:46253)] DEBUG org.apache.zookeeper.ClientCnxn - Reading reply sessionid:0x1624798348d0001, packet:: clientPath:null serverPath:null finished:false header:: 96,5  replyHeader:: 96,40,-101  request:: '/config/topics/userEarningTopic,#7b2276657273696f6e223a312c22636f6e666967223a7b7d7d,-1  response::  
09:06:21.036 [ProcessThread(sid:0 cport:46253):] INFO org.apache.zookeeper.server.PrepRequestProcessor - Got user-level KeeperException when processing sessionid:0x1624798348d0001 type:create cxid:0x61 zxid:0x29 txntype:-1 reqpath:n/a Error Path:/config/topics Error:KeeperErrorCode = NodeExists for /config/topics
09:06:21.036 [SyncThread:0] DEBUG org.apache.zookeeper.server.FinalRequestProcessor - Processing request:: sessionid:0x1624798348d0001 type:create cxid:0x61 zxid:0x29 txntype:-1 reqpath:n/a
09:06:21.036 [SyncThread:0] DEBUG org.apache.zookeeper.server.DataTree - Ignoring processTxn failure hdr: -1 : error: -110
09:06:21.036 [Test worker-SendThread(127.0.0.1:46253)] DEBUG org.apache.zookeeper.ClientCnxn - Reading reply sessionid:0x1624798348d0001, packet:: clientPath:null serverPath:null finished:false header:: 97,1  replyHeader:: 97,41,-110  request:: '/config/topics,,v{s{31,s{'world,'anyone}}},0  response::  
09:06:21.038 [SyncThread:0] DEBUG org.apache.zookeeper.server.FinalRequestProcessor - Processing request:: sessionid:0x1624798348d0001 type:create cxid:0x62 zxid:0x2a txntype:1 reqpath:n/a
09:06:21.038 [SyncThread:0] DEBUG org.apache.zookeeper.server.FinalRequestProcessor - sessionid:0x1624798348d0001 type:create cxid:0x62 zxid:0x2a txntype:1 reqpath:n/a
09:06:21.038 [Test worker-SendThread(127.0.0.1:46253)] DEBUG org.apache.zookeeper.ClientCnxn - Reading reply sessionid:0x1624798348d0001, packet:: clientPath:null serverPath:null finished:false header:: 98,1  replyHeader:: 98,42,0  request:: '/config/topics/userEarningTopic,#7b2276657273696f6e223a312c22636f6e666967223a7b7d7d,v{s{31,s{'world,'anyone}}},0  response:: '/config/topics/userEarningTopic 
09:06:21.039 [SyncThread:0] DEBUG org.apache.zookeeper.server.FinalRequestProcessor - Processing request:: sessionid:0x1624798348d0001 type:create cxid:0x63 zxid:0x2b txntype:1 reqpath:n/a
09:06:21.039 [Test worker-SendThread(127.0.0.1:46253)] DEBUG org.apache.zookeeper.ClientCnxn - Got notification sessionid:0x1624798348d0001
09:06:21.039 [SyncThread:0] DEBUG org.apache.zookeeper.server.FinalRequestProcessor - sessionid:0x1624798348d0001 type:create cxid:0x63 zxid:0x2b txntype:1 reqpath:n/a
09:06:21.039 [Test worker-SendThread(127.0.0.1:46253)] DEBUG org.apache.zookeeper.ClientCnxn - Got WatchedEvent state:SyncConnected type:NodeChildrenChanged path:/brokers/topics for sessionid 0x1624798348d0001
09:06:21.039 [Test worker-EventThread] DEBUG org.I0Itec.zkclient.ZkClient - Received event: WatchedEvent state:SyncConnected type:NodeChildrenChanged path:/brokers/topics
09:06:21.040 [Test worker-EventThread] DEBUG org.I0Itec.zkclient.ZkEventThread - New event: ZkEvent[Children of /brokers/topics changed sent to kafka.controller.TopicChangeListener@4d6ab13d]
09:06:21.040 [Test worker-SendThread(127.0.0.1:46253)] DEBUG org.apache.zookeeper.ClientCnxn - Reading reply sessionid:0x1624798348d0001, packet:: clientPath:null serverPath:null finished:false header:: 99,1  replyHeader:: 99,43,0  request:: '/brokers/topics/userEarningTopic,#7b2276657273696f6e223a312c22706172746974696f6e73223a7b2231223a5b302c315d2c2230223a5b312c305d7d7d,v{s{31,s{'world,'anyone}}},0  response:: '/brokers/topics/userEarningTopic 
09:06:21.040 [ZkClient-EventThread-35-127.0.0.1:46253] DEBUG org.I0Itec.zkclient.ZkEventThread - Delivering event #5 ZkEvent[Children of /brokers/topics changed sent to kafka.controller.TopicChangeListener@4d6ab13d]
09:06:21.040 [Test worker-EventThread] DEBUG org.I0Itec.zkclient.ZkClient - Leaving process event
09:06:21.040 [SyncThread:0] DEBUG org.apache.zookeeper.server.FinalRequestProcessor - Processing request:: sessionid:0x1624798348d0001 type:exists cxid:0x64 zxid:0xfffffffffffffffe txntype:unknown reqpath:/brokers/topics
09:06:21.040 [SyncThread:0] DEBUG org.apache.zookeeper.server.FinalRequestProcessor - sessionid:0x1624798348d0001 type:exists cxid:0x64 zxid:0xfffffffffffffffe txntype:unknown reqpath:/brokers/topics
09:06:21.040 [Test worker-SendThread(127.0.0.1:46253)] DEBUG org.apache.zookeeper.ClientCnxn - Reading reply sessionid:0x1624798348d0001, packet:: clientPath:null serverPath:null finished:false header:: 100,3  replyHeader:: 100,43,0  request:: '/brokers/topics,T  response:: s{7,7,1521619580310,1521619580310,0,2,0,0,0,2,43} 
09:06:21.040 [SyncThread:0] DEBUG org.apache.zookeeper.server.FinalRequestProcessor - Processing request:: sessionid:0x1624798348d0001 type:getChildren cxid:0x65 zxid:0xfffffffffffffffe txntype:unknown reqpath:/brokers/topics
09:06:21.040 [SyncThread:0] DEBUG org.apache.zookeeper.server.FinalRequestProcessor - sessionid:0x1624798348d0001 type:getChildren cxid:0x65 zxid:0xfffffffffffffffe txntype:unknown reqpath:/brokers/topics
09:06:21.041 [Test worker-SendThread(127.0.0.1:46253)] DEBUG org.apache.zookeeper.ClientCnxn - Reading reply sessionid:0x1624798348d0001, packet:: clientPath:null serverPath:null finished:false header:: 101,8  replyHeader:: 101,43,0  request:: '/brokers/topics,T  response:: v{'userEarningTopic,'rawUserEarningTopic} 
09:06:21.041 [ZkClient-EventThread-35-127.0.0.1:46253] DEBUG org.I0Itec.zkclient.ZkEventThread - Delivering event #5 done
09:06:21.042 [SyncThread:0] DEBUG org.apache.zookeeper.server.FinalRequestProcessor - Processing request:: sessionid:0x1624798348d0001 type:exists cxid:0x66 zxid:0xfffffffffffffffe txntype:unknown reqpath:/brokers/topics/rawUserEarningTopic
09:06:21.042 [SyncThread:0] DEBUG org.apache.zookeeper.server.FinalRequestProcessor - sessionid:0x1624798348d0001 type:exists cxid:0x66 zxid:0xfffffffffffffffe txntype:unknown reqpath:/brokers/topics/rawUserEarningTopic
09:06:21.042 [Test worker-SendThread(127.0.0.1:46253)] DEBUG org.apache.zookeeper.ClientCnxn - Reading reply sessionid:0x1624798348d0001, packet:: clientPath:null serverPath:null finished:false header:: 102,3  replyHeader:: 102,43,0  request:: '/brokers/topics/rawUserEarningTopic,T  response:: s{39,39,1521619581030,1521619581030,0,0,0,0,48,0,39} 
09:06:21.042 [controller-event-thread] DEBUG org.I0Itec.zkclient.ZkClient - Subscribed data changes for /brokers/topics/rawUserEarningTopic
09:06:21.048 [SyncThread:0] DEBUG org.apache.zookeeper.server.FinalRequestProcessor - Processing request:: sessionid:0x1624798348d0001 type:getData cxid:0x67 zxid:0xfffffffffffffffe txntype:unknown reqpath:/brokers/topics/rawUserEarningTopic/partitions/1/state
09:06:21.048 [SyncThread:0] DEBUG org.apache.zookeeper.server.FinalRequestProcessor - sessionid:0x1624798348d0001 type:getData cxid:0x67 zxid:0xfffffffffffffffe txntype:unknown reqpath:/brokers/topics/rawUserEarningTopic/partitions/1/state
09:06:21.048 [Test worker-SendThread(127.0.0.1:46253)] DEBUG org.apache.zookeeper.ClientCnxn - Reading reply sessionid:0x1624798348d0001, packet:: clientPath:null serverPath:null finished:false header:: 103,4  replyHeader:: 103,43,-101  request:: '/brokers/topics/rawUserEarningTopic/partitions/1/state,F  response::  
09:06:21.049 [SyncThread:0] DEBUG org.apache.zookeeper.server.FinalRequestProcessor - Processing request:: sessionid:0x1624798348d0001 type:getData cxid:0x68 zxid:0xfffffffffffffffe txntype:unknown reqpath:/brokers/topics/rawUserEarningTopic/partitions/1/state
09:06:21.049 [SyncThread:0] DEBUG org.apache.zookeeper.server.FinalRequestProcessor - sessionid:0x1624798348d0001 type:getData cxid:0x68 zxid:0xfffffffffffffffe txntype:unknown reqpath:/brokers/topics/rawUserEarningTopic/partitions/1/state
09:06:21.050 [Test worker-SendThread(127.0.0.1:46253)] DEBUG org.apache.zookeeper.ClientCnxn - Reading reply sessionid:0x1624798348d0001, packet:: clientPath:null serverPath:null finished:false header:: 104,4  replyHeader:: 104,43,-101  request:: '/brokers/topics/rawUserEarningTopic/partitions/1/state,F  response::  
09:06:21.050 [SyncThread:0] DEBUG org.apache.zookeeper.server.FinalRequestProcessor - Processing request:: sessionid:0x1624798348d0001 type:getData cxid:0x69 zxid:0xfffffffffffffffe txntype:unknown reqpath:/brokers/topics/rawUserEarningTopic/partitions/0/state
09:06:21.050 [SyncThread:0] DEBUG org.apache.zookeeper.server.FinalRequestProcessor - sessionid:0x1624798348d0001 type:getData cxid:0x69 zxid:0xfffffffffffffffe txntype:unknown reqpath:/brokers/topics/rawUserEarningTopic/partitions/0/state
09:06:21.050 [Test worker-SendThread(127.0.0.1:46253)] DEBUG org.apache.zookeeper.ClientCnxn - Reading reply sessionid:0x1624798348d0001, packet:: clientPath:null serverPath:null finished:false header:: 105,4  replyHeader:: 105,43,-101  request:: '/brokers/topics/rawUserEarningTopic/partitions/0/state,F  response::  
09:06:21.051 [SyncThread:0] DEBUG org.apache.zookeeper.server.FinalRequestProcessor - Processing request:: sessionid:0x1624798348d0001 type:getData cxid:0x6a zxid:0xfffffffffffffffe txntype:unknown reqpath:/brokers/topics/rawUserEarningTopic/partitions/0/state
09:06:21.051 [SyncThread:0] DEBUG org.apache.zookeeper.server.FinalRequestProcessor - sessionid:0x1624798348d0001 type:getData cxid:0x6a zxid:0xfffffffffffffffe txntype:unknown reqpath:/brokers/topics/rawUserEarningTopic/partitions/0/state
09:06:21.051 [Test worker-SendThread(127.0.0.1:46253)] DEBUG org.apache.zookeeper.ClientCnxn - Reading reply sessionid:0x1624798348d0001, packet:: clientPath:null serverPath:null finished:false header:: 106,4  replyHeader:: 106,43,-101  request:: '/brokers/topics/rawUserEarningTopic/partitions/0/state,F  response::  
09:06:21.054 [ProcessThread(sid:0 cport:46253):] INFO org.apache.zookeeper.server.PrepRequestProcessor - Got user-level KeeperException when processing sessionid:0x1624798348d0001 type:create cxid:0x6b zxid:0x2c txntype:-1 reqpath:n/a Error Path:/brokers/topics/rawUserEarningTopic/partitions/1 Error:KeeperErrorCode = NoNode for /brokers/topics/rawUserEarningTopic/partitions/1
09:06:21.054 [SyncThread:0] DEBUG org.apache.zookeeper.server.FinalRequestProcessor - Processing request:: sessionid:0x1624798348d0001 type:create cxid:0x6b zxid:0x2c txntype:-1 reqpath:n/a
09:06:21.055 [SyncThread:0] DEBUG org.apache.zookeeper.server.DataTree - Ignoring processTxn failure hdr: -1 : error: -101
09:06:21.055 [Test worker-SendThread(127.0.0.1:46253)] DEBUG org.apache.zookeeper.ClientCnxn - Reading reply sessionid:0x1624798348d0001, packet:: clientPath:null serverPath:null finished:false header:: 107,1  replyHeader:: 107,44,-101  request:: '/brokers/topics/rawUserEarningTopic/partitions/1/state,#7b22636f6e74726f6c6c65725f65706f6368223a312c226c6561646572223a312c2276657273696f6e223a312c226c65616465725f65706f6368223a302c22697372223a5b312c305d7d,v{s{31,s{'world,'anyone}}},0  response::  
09:06:21.057 [ProcessThread(sid:0 cport:46253):] INFO org.apache.zookeeper.server.PrepRequestProcessor - Got user-level KeeperException when processing sessionid:0x1624798348d0001 type:create cxid:0x6c zxid:0x2d txntype:-1 reqpath:n/a Error Path:/brokers/topics/rawUserEarningTopic/partitions Error:KeeperErrorCode = NoNode for /brokers/topics/rawUserEarningTopic/partitions
09:06:21.057 [SyncThread:0] DEBUG org.apache.zookeeper.server.FinalRequestProcessor - Processing request:: sessionid:0x1624798348d0001 type:create cxid:0x6c zxid:0x2d txntype:-1 reqpath:n/a
09:06:21.058 [SyncThread:0] DEBUG org.apache.zookeeper.server.DataTree - Ignoring processTxn failure hdr: -1 : error: -101
09:06:21.058 [Test worker-SendThread(127.0.0.1:46253)] DEBUG org.apache.zookeeper.ClientCnxn - Reading reply sessionid:0x1624798348d0001, packet:: clientPath:null serverPath:null finished:false header:: 108,1  replyHeader:: 108,45,-101  request:: '/brokers/topics/rawUserEarningTopic/partitions/1,,v{s{31,s{'world,'anyone}}},0  response::  
09:06:21.059 [SyncThread:0] DEBUG org.apache.zookeeper.server.FinalRequestProcessor - Processing request:: sessionid:0x1624798348d0001 type:create cxid:0x6d zxid:0x2e txntype:1 reqpath:n/a
09:06:21.059 [SyncThread:0] DEBUG org.apache.zookeeper.server.FinalRequestProcessor - sessionid:0x1624798348d0001 type:create cxid:0x6d zxid:0x2e txntype:1 reqpath:n/a
09:06:21.059 [Test worker-SendThread(127.0.0.1:46253)] DEBUG org.apache.zookeeper.ClientCnxn - Reading reply sessionid:0x1624798348d0001, packet:: clientPath:null serverPath:null finished:false header:: 109,1  replyHeader:: 109,46,0  request:: '/brokers/topics/rawUserEarningTopic/partitions,,v{s{31,s{'world,'anyone}}},0  response:: '/brokers/topics/rawUserEarningTopic/partitions 
09:06:21.060 [SyncThread:0] DEBUG org.apache.zookeeper.server.FinalRequestProcessor - Processing request:: sessionid:0x1624798348d0001 type:create cxid:0x6e zxid:0x2f txntype:1 reqpath:n/a
09:06:21.060 [SyncThread:0] DEBUG org.apache.zookeeper.server.FinalRequestProcessor - sessionid:0x1624798348d0001 type:create cxid:0x6e zxid:0x2f txntype:1 reqpath:n/a
09:06:21.060 [Test worker-SendThread(127.0.0.1:46253)] DEBUG org.apache.zookeeper.ClientCnxn - Reading reply sessionid:0x1624798348d0001, packet:: clientPath:null serverPath:null finished:false header:: 110,1  replyHeader:: 110,47,0  request:: '/brokers/topics/rawUserEarningTopic/partitions/1,,v{s{31,s{'world,'anyone}}},0  response:: '/brokers/topics/rawUserEarningTopic/partitions/1 
09:06:21.061 [SyncThread:0] DEBUG org.apache.zookeeper.server.FinalRequestProcessor - Processing request:: sessionid:0x1624798348d0001 type:create cxid:0x6f zxid:0x30 txntype:1 reqpath:n/a
09:06:21.061 [SyncThread:0] DEBUG org.apache.zookeeper.server.FinalRequestProcessor - sessionid:0x1624798348d0001 type:create cxid:0x6f zxid:0x30 txntype:1 reqpath:n/a
09:06:21.061 [Test worker-SendThread(127.0.0.1:46253)] DEBUG org.apache.zookeeper.ClientCnxn - Reading reply sessionid:0x1624798348d0001, packet:: clientPath:null serverPath:null finished:false header:: 111,1  replyHeader:: 111,48,0  request:: '/brokers/topics/rawUserEarningTopic/partitions/1/state,#7b22636f6e74726f6c6c65725f65706f6368223a312c226c6561646572223a312c2276657273696f6e223a312c226c65616465725f65706f6368223a302c22697372223a5b312c305d7d,v{s{31,s{'world,'anyone}}},0  response:: '/brokers/topics/rawUserEarningTopic/partitions/1/state 
09:06:21.068 [ProcessThread(sid:0 cport:46253):] INFO org.apache.zookeeper.server.PrepRequestProcessor - Got user-level KeeperException when processing sessionid:0x1624798348d0001 type:create cxid:0x70 zxid:0x31 txntype:-1 reqpath:n/a Error Path:/brokers/topics/rawUserEarningTopic/partitions/0 Error:KeeperErrorCode = NoNode for /brokers/topics/rawUserEarningTopic/partitions/0
09:06:21.068 [SyncThread:0] DEBUG org.apache.zookeeper.server.FinalRequestProcessor - Processing request:: sessionid:0x1624798348d0001 type:create cxid:0x70 zxid:0x31 txntype:-1 reqpath:n/a
09:06:21.068 [SyncThread:0] DEBUG org.apache.zookeeper.server.DataTree - Ignoring processTxn failure hdr: -1 : error: -101
09:06:21.068 [Test worker-SendThread(127.0.0.1:46253)] DEBUG org.apache.zookeeper.ClientCnxn - Reading reply sessionid:0x1624798348d0001, packet:: clientPath:null serverPath:null finished:false header:: 112,1  replyHeader:: 112,49,-101  request:: '/brokers/topics/rawUserEarningTopic/partitions/0/state,#7b22636f6e74726f6c6c65725f65706f6368223a312c226c6561646572223a302c2276657273696f6e223a312c226c65616465725f65706f6368223a302c22697372223a5b302c315d7d,v{s{31,s{'world,'anyone}}},0  response::  
09:06:21.069 [SyncThread:0] DEBUG org.apache.zookeeper.server.FinalRequestProcessor - Processing request:: sessionid:0x1624798348d0001 type:create cxid:0x71 zxid:0x32 txntype:1 reqpath:n/a
09:06:21.069 [SyncThread:0] DEBUG org.apache.zookeeper.server.FinalRequestProcessor - sessionid:0x1624798348d0001 type:create cxid:0x71 zxid:0x32 txntype:1 reqpath:n/a
09:06:21.069 [Test worker-SendThread(127.0.0.1:46253)] DEBUG org.apache.zookeeper.ClientCnxn - Reading reply sessionid:0x1624798348d0001, packet:: clientPath:null serverPath:null finished:false header:: 113,1  replyHeader:: 113,50,0  request:: '/brokers/topics/rawUserEarningTopic/partitions/0,,v{s{31,s{'world,'anyone}}},0  response:: '/brokers/topics/rawUserEarningTopic/partitions/0 
09:06:21.069 [SyncThread:0] DEBUG org.apache.zookeeper.server.FinalRequestProcessor - Processing request:: sessionid:0x1624798348d0001 type:create cxid:0x72 zxid:0x33 txntype:1 reqpath:n/a
09:06:21.069 [SyncThread:0] DEBUG org.apache.zookeeper.server.FinalRequestProcessor - sessionid:0x1624798348d0001 type:create cxid:0x72 zxid:0x33 txntype:1 reqpath:n/a
09:06:21.070 [Test worker-SendThread(127.0.0.1:46253)] DEBUG org.apache.zookeeper.ClientCnxn - Reading reply sessionid:0x1624798348d0001, packet:: clientPath:null serverPath:null finished:false header:: 114,1  replyHeader:: 114,51,0  request:: '/brokers/topics/rawUserEarningTopic/partitions/0/state,#7b22636f6e74726f6c6c65725f65706f6368223a312c226c6561646572223a302c2276657273696f6e223a312c226c65616465725f65706f6368223a302c22697372223a5b302c315d7d,v{s{31,s{'world,'anyone}}},0  response:: '/brokers/topics/rawUserEarningTopic/partitions/0/state 
09:06:21.076 [SyncThread:0] DEBUG org.apache.zookeeper.server.FinalRequestProcessor - Processing request:: sessionid:0x1624798348d0001 type:getData cxid:0x73 zxid:0xfffffffffffffffe txntype:unknown reqpath:/brokers/topics/userEarningTopic
09:06:21.077 [SyncThread:0] DEBUG org.apache.zookeeper.server.FinalRequestProcessor - sessionid:0x1624798348d0001 type:getData cxid:0x73 zxid:0xfffffffffffffffe txntype:unknown reqpath:/brokers/topics/userEarningTopic
09:06:21.077 [Test worker-SendThread(127.0.0.1:46253)] DEBUG org.apache.zookeeper.ClientCnxn - Reading reply sessionid:0x1624798348d0001, packet:: clientPath:null serverPath:null finished:false header:: 115,4  replyHeader:: 115,51,0  request:: '/brokers/topics/userEarningTopic,F  response:: #7b2276657273696f6e223a312c22706172746974696f6e73223a7b2231223a5b302c315d2c2230223a5b312c305d7d7d,s{43,43,1521619581039,1521619581039,0,0,0,0,48,0,43} 
09:06:21.078 [SyncThread:0] DEBUG org.apache.zookeeper.server.FinalRequestProcessor - Processing request:: sessionid:0x1624798348d0001 type:exists cxid:0x74 zxid:0xfffffffffffffffe txntype:unknown reqpath:/brokers/topics/userEarningTopic
09:06:21.078 [SyncThread:0] DEBUG org.apache.zookeeper.server.FinalRequestProcessor - sessionid:0x1624798348d0001 type:exists cxid:0x74 zxid:0xfffffffffffffffe txntype:unknown reqpath:/brokers/topics/userEarningTopic
09:06:21.078 [Test worker-SendThread(127.0.0.1:46253)] DEBUG org.apache.zookeeper.ClientCnxn - Reading reply sessionid:0x1624798348d0001, packet:: clientPath:null serverPath:null finished:false header:: 116,3  replyHeader:: 116,51,0  request:: '/brokers/topics/userEarningTopic,T  response:: s{43,43,1521619581039,1521619581039,0,0,0,0,48,0,43} 
09:06:21.078 [controller-event-thread] DEBUG org.I0Itec.zkclient.ZkClient - Subscribed data changes for /brokers/topics/userEarningTopic
09:06:21.079 [SyncThread:0] DEBUG org.apache.zookeeper.server.FinalRequestProcessor - Processing request:: sessionid:0x1624798348d0001 type:getData cxid:0x75 zxid:0xfffffffffffffffe txntype:unknown reqpath:/brokers/topics/userEarningTopic/partitions/0/state
09:06:21.079 [SyncThread:0] DEBUG org.apache.zookeeper.server.FinalRequestProcessor - sessionid:0x1624798348d0001 type:getData cxid:0x75 zxid:0xfffffffffffffffe txntype:unknown reqpath:/brokers/topics/userEarningTopic/partitions/0/state
09:06:21.079 [Test worker-SendThread(127.0.0.1:46253)] DEBUG org.apache.zookeeper.ClientCnxn - Reading reply sessionid:0x1624798348d0001, packet:: clientPath:null serverPath:null finished:false header:: 117,4  replyHeader:: 117,51,-101  request:: '/brokers/topics/userEarningTopic/partitions/0/state,F  response::  
09:06:21.080 [SyncThread:0] DEBUG org.apache.zookeeper.server.FinalRequestProcessor - Processing request:: sessionid:0x1624798348d0001 type:getData cxid:0x76 zxid:0xfffffffffffffffe txntype:unknown reqpath:/brokers/topics/userEarningTopic/partitions/0/state
09:06:21.080 [SyncThread:0] DEBUG org.apache.zookeeper.server.FinalRequestProcessor - sessionid:0x1624798348d0001 type:getData cxid:0x76 zxid:0xfffffffffffffffe txntype:unknown reqpath:/brokers/topics/userEarningTopic/partitions/0/state
09:06:21.080 [Test worker-SendThread(127.0.0.1:46253)] DEBUG org.apache.zookeeper.ClientCnxn - Reading reply sessionid:0x1624798348d0001, packet:: clientPath:null serverPath:null finished:false header:: 118,4  replyHeader:: 118,51,-101  request:: '/brokers/topics/userEarningTopic/partitions/0/state,F  response::  
09:06:21.080 [SyncThread:0] DEBUG org.apache.zookeeper.server.FinalRequestProcessor - Processing request:: sessionid:0x1624798348d0001 type:getData cxid:0x77 zxid:0xfffffffffffffffe txntype:unknown reqpath:/brokers/topics/userEarningTopic/partitions/1/state
09:06:21.080 [SyncThread:0] DEBUG org.apache.zookeeper.server.FinalRequestProcessor - sessionid:0x1624798348d0001 type:getData cxid:0x77 zxid:0xfffffffffffffffe txntype:unknown reqpath:/brokers/topics/userEarningTopic/partitions/1/state
09:06:21.080 [Test worker-SendThread(127.0.0.1:46253)] DEBUG org.apache.zookeeper.ClientCnxn - Reading reply sessionid:0x1624798348d0001, packet:: clientPath:null serverPath:null finished:false header:: 119,4  replyHeader:: 119,51,-101  request:: '/brokers/topics/userEarningTopic/partitions/1/state,F  response::  
09:06:21.081 [SyncThread:0] DEBUG org.apache.zookeeper.server.FinalRequestProcessor - Processing request:: sessionid:0x1624798348d0001 type:getData cxid:0x78 zxid:0xfffffffffffffffe txntype:unknown reqpath:/brokers/topics/userEarningTopic/partitions/1/state
09:06:21.081 [SyncThread:0] DEBUG org.apache.zookeeper.server.FinalRequestProcessor - sessionid:0x1624798348d0001 type:getData cxid:0x78 zxid:0xfffffffffffffffe txntype:unknown reqpath:/brokers/topics/userEarningTopic/partitions/1/state
09:06:21.081 [Test worker-SendThread(127.0.0.1:46253)] DEBUG org.apache.zookeeper.ClientCnxn - Reading reply sessionid:0x1624798348d0001, packet:: clientPath:null serverPath:null finished:false header:: 120,4  replyHeader:: 120,51,-101  request:: '/brokers/topics/userEarningTopic/partitions/1/state,F  response::  
09:06:21.082 [ProcessThread(sid:0 cport:46253):] INFO org.apache.zookeeper.server.PrepRequestProcessor - Got user-level KeeperException when processing sessionid:0x1624798348d0001 type:create cxid:0x79 zxid:0x34 txntype:-1 reqpath:n/a Error Path:/brokers/topics/userEarningTopic/partitions/0 Error:KeeperErrorCode = NoNode for /brokers/topics/userEarningTopic/partitions/0
09:06:21.082 [SyncThread:0] DEBUG org.apache.zookeeper.server.FinalRequestProcessor - Processing request:: sessionid:0x1624798348d0001 type:create cxid:0x79 zxid:0x34 txntype:-1 reqpath:n/a
09:06:21.082 [SyncThread:0] DEBUG org.apache.zookeeper.server.DataTree - Ignoring processTxn failure hdr: -1 : error: -101
09:06:21.082 [Test worker-SendThread(127.0.0.1:46253)] DEBUG org.apache.zookeeper.ClientCnxn - Reading reply sessionid:0x1624798348d0001, packet:: clientPath:null serverPath:null finished:false header:: 121,1  replyHeader:: 121,52,-101  request:: '/brokers/topics/userEarningTopic/partitions/0/state,#7b22636f6e74726f6c6c65725f65706f6368223a312c226c6561646572223a312c2276657273696f6e223a312c226c65616465725f65706f6368223a302c22697372223a5b312c305d7d,v{s{31,s{'world,'anyone}}},0  response::  
09:06:21.082 [ProcessThread(sid:0 cport:46253):] INFO org.apache.zookeeper.server.PrepRequestProcessor - Got user-level KeeperException when processing sessionid:0x1624798348d0001 type:create cxid:0x7a zxid:0x35 txntype:-1 reqpath:n/a Error Path:/brokers/topics/userEarningTopic/partitions Error:KeeperErrorCode = NoNode for /brokers/topics/userEarningTopic/partitions
09:06:21.082 [SyncThread:0] DEBUG org.apache.zookeeper.server.FinalRequestProcessor - Processing request:: sessionid:0x1624798348d0001 type:create cxid:0x7a zxid:0x35 txntype:-1 reqpath:n/a
09:06:21.083 [SyncThread:0] DEBUG org.apache.zookeeper.server.DataTree - Ignoring processTxn failure hdr: -1 : error: -101
09:06:21.083 [Test worker-SendThread(127.0.0.1:46253)] DEBUG org.apache.zookeeper.ClientCnxn - Reading reply sessionid:0x1624798348d0001, packet:: clientPath:null serverPath:null finished:false header:: 122,1  replyHeader:: 122,53,-101  request:: '/brokers/topics/userEarningTopic/partitions/0,,v{s{31,s{'world,'anyone}}},0  response::  
09:06:21.083 [SyncThread:0] DEBUG org.apache.zookeeper.server.FinalRequestProcessor - Processing request:: sessionid:0x1624798348d0001 type:create cxid:0x7b zxid:0x36 txntype:1 reqpath:n/a
09:06:21.083 [SyncThread:0] DEBUG org.apache.zookeeper.server.FinalRequestProcessor - sessionid:0x1624798348d0001 type:create cxid:0x7b zxid:0x36 txntype:1 reqpath:n/a
09:06:21.083 [Test worker-SendThread(127.0.0.1:46253)] DEBUG org.apache.zookeeper.ClientCnxn - Reading reply sessionid:0x1624798348d0001, packet:: clientPath:null serverPath:null finished:false header:: 123,1  replyHeader:: 123,54,0  request:: '/brokers/topics/userEarningTopic/partitions,,v{s{31,s{'world,'anyone}}},0  response:: '/brokers/topics/userEarningTopic/partitions 
09:06:21.084 [SyncThread:0] DEBUG org.apache.zookeeper.server.FinalRequestProcessor - Processing request:: sessionid:0x1624798348d0002 type:getData cxid:0x20 zxid:0xfffffffffffffffe txntype:unknown reqpath:/config/topics/rawUserEarningTopic
09:06:21.084 [SyncThread:0] DEBUG org.apache.zookeeper.server.FinalRequestProcessor - sessionid:0x1624798348d0002 type:getData cxid:0x20 zxid:0xfffffffffffffffe txntype:unknown reqpath:/config/topics/rawUserEarningTopic
09:06:21.084 [SyncThread:0] DEBUG org.apache.zookeeper.server.FinalRequestProcessor - Processing request:: sessionid:0x1624798348d0001 type:getData cxid:0x7c zxid:0xfffffffffffffffe txntype:unknown reqpath:/config/topics/rawUserEarningTopic
09:06:21.084 [SyncThread:0] DEBUG org.apache.zookeeper.server.FinalRequestProcessor - sessionid:0x1624798348d0001 type:getData cxid:0x7c zxid:0xfffffffffffffffe txntype:unknown reqpath:/config/topics/rawUserEarningTopic
09:06:21.084 [Test worker-SendThread(127.0.0.1:46253)] DEBUG org.apache.zookeeper.ClientCnxn - Reading reply sessionid:0x1624798348d0002, packet:: clientPath:null serverPath:null finished:false header:: 32,4  replyHeader:: 32,54,0  request:: '/config/topics/rawUserEarningTopic,F  response:: #7b2276657273696f6e223a312c22636f6e666967223a7b7d7d,s{38,38,1521619581029,1521619581029,0,0,0,0,25,0,38} 
09:06:21.084 [Test worker-SendThread(127.0.0.1:46253)] DEBUG org.apache.zookeeper.ClientCnxn - Reading reply sessionid:0x1624798348d0001, packet:: clientPath:null serverPath:null finished:false header:: 124,4  replyHeader:: 124,54,0  request:: '/config/topics/rawUserEarningTopic,F  response:: #7b2276657273696f6e223a312c22636f6e666967223a7b7d7d,s{38,38,1521619581029,1521619581029,0,0,0,0,25,0,38} 
09:06:21.084 [SyncThread:0] DEBUG org.apache.zookeeper.server.FinalRequestProcessor - Processing request:: sessionid:0x1624798348d0001 type:create cxid:0x7d zxid:0x37 txntype:1 reqpath:n/a
09:06:21.084 [SyncThread:0] DEBUG org.apache.zookeeper.server.FinalRequestProcessor - sessionid:0x1624798348d0001 type:create cxid:0x7d zxid:0x37 txntype:1 reqpath:n/a
09:06:21.085 [Test worker-SendThread(127.0.0.1:46253)] DEBUG org.apache.zookeeper.ClientCnxn - Reading reply sessionid:0x1624798348d0001, packet:: clientPath:null serverPath:null finished:false header:: 125,1  replyHeader:: 125,55,0  request:: '/brokers/topics/userEarningTopic/partitions/0,,v{s{31,s{'world,'anyone}}},0  response:: '/brokers/topics/userEarningTopic/partitions/0 
09:06:21.085 [SyncThread:0] DEBUG org.apache.zookeeper.server.FinalRequestProcessor - Processing request:: sessionid:0x1624798348d0001 type:create cxid:0x7e zxid:0x38 txntype:1 reqpath:n/a
09:06:21.085 [SyncThread:0] DEBUG org.apache.zookeeper.server.FinalRequestProcessor - sessionid:0x1624798348d0001 type:create cxid:0x7e zxid:0x38 txntype:1 reqpath:n/a
09:06:21.085 [Test worker-SendThread(127.0.0.1:46253)] DEBUG org.apache.zookeeper.ClientCnxn - Reading reply sessionid:0x1624798348d0001, packet:: clientPath:null serverPath:null finished:false header:: 126,1  replyHeader:: 126,56,0  request:: '/brokers/topics/userEarningTopic/partitions/0/state,#7b22636f6e74726f6c6c65725f65706f6368223a312c226c6561646572223a312c2276657273696f6e223a312c226c65616465725f65706f6368223a302c22697372223a5b312c305d7d,v{s{31,s{'world,'anyone}}},0  response:: '/brokers/topics/userEarningTopic/partitions/0/state 
09:06:21.086 [ProcessThread(sid:0 cport:46253):] INFO org.apache.zookeeper.server.PrepRequestProcessor - Got user-level KeeperException when processing sessionid:0x1624798348d0001 type:create cxid:0x7f zxid:0x39 txntype:-1 reqpath:n/a Error Path:/brokers/topics/userEarningTopic/partitions/1 Error:KeeperErrorCode = NoNode for /brokers/topics/userEarningTopic/partitions/1
09:06:21.086 [SyncThread:0] DEBUG org.apache.zookeeper.server.FinalRequestProcessor - Processing request:: sessionid:0x1624798348d0001 type:create cxid:0x7f zxid:0x39 txntype:-1 reqpath:n/a
09:06:21.086 [SyncThread:0] DEBUG org.apache.zookeeper.server.DataTree - Ignoring processTxn failure hdr: -1 : error: -101
09:06:21.087 [Test worker-SendThread(127.0.0.1:46253)] DEBUG org.apache.zookeeper.ClientCnxn - Reading reply sessionid:0x1624798348d0001, packet:: clientPath:null serverPath:null finished:false header:: 127,1  replyHeader:: 127,57,-101  request:: '/brokers/topics/userEarningTopic/partitions/1/state,#7b22636f6e74726f6c6c65725f65706f6368223a312c226c6561646572223a302c2276657273696f6e223a312c226c65616465725f65706f6368223a302c22697372223a5b302c315d7d,v{s{31,s{'world,'anyone}}},0  response::  
09:06:21.087 [SyncThread:0] DEBUG org.apache.zookeeper.server.FinalRequestProcessor - Processing request:: sessionid:0x1624798348d0001 type:create cxid:0x80 zxid:0x3a txntype:1 reqpath:n/a
09:06:21.087 [SyncThread:0] DEBUG org.apache.zookeeper.server.FinalRequestProcessor - sessionid:0x1624798348d0001 type:create cxid:0x80 zxid:0x3a txntype:1 reqpath:n/a
09:06:21.090 [Test worker-SendThread(127.0.0.1:46253)] DEBUG org.apache.zookeeper.ClientCnxn - Reading reply sessionid:0x1624798348d0001, packet:: clientPath:null serverPath:null finished:false header:: 128,1  replyHeader:: 128,58,0  request:: '/brokers/topics/userEarningTopic/partitions/1,,v{s{31,s{'world,'anyone}}},0  response:: '/brokers/topics/userEarningTopic/partitions/1 
09:06:21.091 [SyncThread:0] DEBUG org.apache.zookeeper.server.FinalRequestProcessor - Processing request:: sessionid:0x1624798348d0001 type:create cxid:0x81 zxid:0x3b txntype:1 reqpath:n/a
09:06:21.091 [SyncThread:0] DEBUG org.apache.zookeeper.server.FinalRequestProcessor - sessionid:0x1624798348d0001 type:create cxid:0x81 zxid:0x3b txntype:1 reqpath:n/a
09:06:21.092 [Test worker-SendThread(127.0.0.1:46253)] DEBUG org.apache.zookeeper.ClientCnxn - Reading reply sessionid:0x1624798348d0001, packet:: clientPath:null serverPath:null finished:false header:: 129,1  replyHeader:: 129,59,0  request:: '/brokers/topics/userEarningTopic/partitions/1/state,#7b22636f6e74726f6c6c65725f65706f6368223a312c226c6561646572223a302c2276657273696f6e223a312c226c65616465725f65706f6368223a302c22697372223a5b302c315d7d,v{s{31,s{'world,'anyone}}},0  response:: '/brokers/topics/userEarningTopic/partitions/1/state 
09:06:21.142 [SyncThread:0] DEBUG org.apache.zookeeper.server.FinalRequestProcessor - Processing request:: sessionid:0x1624798348d0001 type:getData cxid:0x82 zxid:0xfffffffffffffffe txntype:unknown reqpath:/config/topics/rawUserEarningTopic
09:06:21.142 [SyncThread:0] DEBUG org.apache.zookeeper.server.FinalRequestProcessor - sessionid:0x1624798348d0001 type:getData cxid:0x82 zxid:0xfffffffffffffffe txntype:unknown reqpath:/config/topics/rawUserEarningTopic
09:06:21.142 [SyncThread:0] DEBUG org.apache.zookeeper.server.FinalRequestProcessor - Processing request:: sessionid:0x1624798348d0002 type:getData cxid:0x21 zxid:0xfffffffffffffffe txntype:unknown reqpath:/config/topics/rawUserEarningTopic
09:06:21.142 [SyncThread:0] DEBUG org.apache.zookeeper.server.FinalRequestProcessor - sessionid:0x1624798348d0002 type:getData cxid:0x21 zxid:0xfffffffffffffffe txntype:unknown reqpath:/config/topics/rawUserEarningTopic
09:06:21.142 [Test worker-SendThread(127.0.0.1:46253)] DEBUG org.apache.zookeeper.ClientCnxn - Reading reply sessionid:0x1624798348d0001, packet:: clientPath:null serverPath:null finished:false header:: 130,4  replyHeader:: 130,59,0  request:: '/config/topics/rawUserEarningTopic,F  response:: #7b2276657273696f6e223a312c22636f6e666967223a7b7d7d,s{38,38,1521619581029,1521619581029,0,0,0,0,25,0,38} 
09:06:21.142 [Test worker-SendThread(127.0.0.1:46253)] DEBUG org.apache.zookeeper.ClientCnxn - Reading reply sessionid:0x1624798348d0002, packet:: clientPath:null serverPath:null finished:false header:: 33,4  replyHeader:: 33,59,0  request:: '/config/topics/rawUserEarningTopic,F  response:: #7b2276657273696f6e223a312c22636f6e666967223a7b7d7d,s{38,38,1521619581029,1521619581029,0,0,0,0,25,0,38} 
09:06:21.161 [kafka-request-handler-3] DEBUG org.apache.kafka.common.metrics.Metrics - Added sensor with name connections-closed:broker-id-0fetcher-id-0
09:06:21.162 [kafka-request-handler-5] DEBUG org.apache.kafka.common.metrics.Metrics - Added sensor with name connections-closed:broker-id-1fetcher-id-0
09:06:21.162 [kafka-request-handler-3] DEBUG org.apache.kafka.common.metrics.Metrics - Added sensor with name connections-created:broker-id-0fetcher-id-0
09:06:21.162 [kafka-request-handler-3] DEBUG org.apache.kafka.common.metrics.Metrics - Added sensor with name successful-authentication:broker-id-0fetcher-id-0
09:06:21.162 [kafka-request-handler-5] DEBUG org.apache.kafka.common.metrics.Metrics - Added sensor with name connections-created:broker-id-1fetcher-id-0
09:06:21.162 [kafka-request-handler-3] DEBUG org.apache.kafka.common.metrics.Metrics - Added sensor with name failed-authentication:broker-id-0fetcher-id-0
09:06:21.162 [kafka-request-handler-5] DEBUG org.apache.kafka.common.metrics.Metrics - Added sensor with name successful-authentication:broker-id-1fetcher-id-0
09:06:21.162 [kafka-request-handler-3] DEBUG org.apache.kafka.common.metrics.Metrics - Added sensor with name bytes-sent-received:broker-id-0fetcher-id-0
09:06:21.162 [kafka-request-handler-5] DEBUG org.apache.kafka.common.metrics.Metrics - Added sensor with name failed-authentication:broker-id-1fetcher-id-0
09:06:21.162 [kafka-request-handler-3] DEBUG org.apache.kafka.common.metrics.Metrics - Added sensor with name bytes-sent:broker-id-0fetcher-id-0
09:06:21.162 [kafka-request-handler-5] DEBUG org.apache.kafka.common.metrics.Metrics - Added sensor with name bytes-sent-received:broker-id-1fetcher-id-0
09:06:21.162 [kafka-request-handler-5] DEBUG org.apache.kafka.common.metrics.Metrics - Added sensor with name bytes-sent:broker-id-1fetcher-id-0
09:06:21.163 [kafka-request-handler-3] DEBUG org.apache.kafka.common.metrics.Metrics - Added sensor with name bytes-received:broker-id-0fetcher-id-0
09:06:21.163 [kafka-request-handler-5] DEBUG org.apache.kafka.common.metrics.Metrics - Added sensor with name bytes-received:broker-id-1fetcher-id-0
09:06:21.163 [kafka-request-handler-3] DEBUG org.apache.kafka.common.metrics.Metrics - Added sensor with name select-time:broker-id-0fetcher-id-0
09:06:21.163 [kafka-request-handler-5] DEBUG org.apache.kafka.common.metrics.Metrics - Added sensor with name select-time:broker-id-1fetcher-id-0
09:06:21.163 [kafka-request-handler-3] DEBUG org.apache.kafka.common.metrics.Metrics - Added sensor with name io-time:broker-id-0fetcher-id-0
09:06:21.164 [kafka-request-handler-5] DEBUG org.apache.kafka.common.metrics.Metrics - Added sensor with name io-time:broker-id-1fetcher-id-0
09:06:21.170 [ReplicaFetcherThread-0-1] DEBUG org.apache.kafka.clients.NetworkClient - [ReplicaFetcher replicaId=0, leaderId=1, fetcherId=0] Initiating connection to node localhost:36171 (id: 1 rack: null)
09:06:21.171 [ReplicaFetcherThread-0-1] DEBUG org.apache.kafka.common.network.Selector - [ReplicaFetcher replicaId=0, leaderId=1, fetcherId=0] Created socket with SO_RCVBUF = 65536, SO_SNDBUF = 1313280, SO_TIMEOUT = 0 to node 1
09:06:21.171 [ReplicaFetcherThread-0-1] DEBUG org.apache.kafka.clients.NetworkClient - [ReplicaFetcher replicaId=0, leaderId=1, fetcherId=0] Completed connection to node 1. Ready.
09:06:21.181 [SyncThread:0] DEBUG org.apache.zookeeper.server.FinalRequestProcessor - Processing request:: sessionid:0x1624798348d0002 type:getData cxid:0x22 zxid:0xfffffffffffffffe txntype:unknown reqpath:/config/topics/userEarningTopic
09:06:21.181 [SyncThread:0] DEBUG org.apache.zookeeper.server.FinalRequestProcessor - sessionid:0x1624798348d0002 type:getData cxid:0x22 zxid:0xfffffffffffffffe txntype:unknown reqpath:/config/topics/userEarningTopic
09:06:21.181 [SyncThread:0] DEBUG org.apache.zookeeper.server.FinalRequestProcessor - Processing request:: sessionid:0x1624798348d0001 type:getData cxid:0x83 zxid:0xfffffffffffffffe txntype:unknown reqpath:/config/topics/userEarningTopic
09:06:21.181 [SyncThread:0] DEBUG org.apache.zookeeper.server.FinalRequestProcessor - sessionid:0x1624798348d0001 type:getData cxid:0x83 zxid:0xfffffffffffffffe txntype:unknown reqpath:/config/topics/userEarningTopic
09:06:21.181 [Test worker-SendThread(127.0.0.1:46253)] DEBUG org.apache.zookeeper.ClientCnxn - Reading reply sessionid:0x1624798348d0002, packet:: clientPath:null serverPath:null finished:false header:: 34,4  replyHeader:: 34,59,0  request:: '/config/topics/userEarningTopic,F  response:: #7b2276657273696f6e223a312c22636f6e666967223a7b7d7d,s{42,42,1521619581037,1521619581037,0,0,0,0,25,0,42} 
09:06:21.181 [Test worker-SendThread(127.0.0.1:46253)] DEBUG org.apache.zookeeper.ClientCnxn - Reading reply sessionid:0x1624798348d0001, packet:: clientPath:null serverPath:null finished:false header:: 131,4  replyHeader:: 131,59,0  request:: '/config/topics/userEarningTopic,F  response:: #7b2276657273696f6e223a312c22636f6e666967223a7b7d7d,s{42,42,1521619581037,1521619581037,0,0,0,0,25,0,42} 
09:06:21.181 [ReplicaFetcherThread-0-1] DEBUG org.apache.kafka.clients.NetworkClient - [ReplicaFetcher replicaId=0, leaderId=1, fetcherId=0] Using older server API v5 to send FETCH {replica_id=0,max_wait_time=500,min_bytes=1,max_bytes=10485760,isolation_level=0,topics=[{topic=rawUserEarningTopic,partitions=[{partition=1,fetch_offset=0,log_start_offset=0,max_bytes=1048576}]}]} with correlation id 1 to node 1
09:06:21.188 [SyncThread:0] DEBUG org.apache.zookeeper.server.FinalRequestProcessor - Processing request:: sessionid:0x1624798348d0001 type:getData cxid:0x84 zxid:0xfffffffffffffffe txntype:unknown reqpath:/config/topics/userEarningTopic
09:06:21.188 [SyncThread:0] DEBUG org.apache.zookeeper.server.FinalRequestProcessor - sessionid:0x1624798348d0001 type:getData cxid:0x84 zxid:0xfffffffffffffffe txntype:unknown reqpath:/config/topics/userEarningTopic
09:06:21.188 [Test worker-SendThread(127.0.0.1:46253)] DEBUG org.apache.zookeeper.ClientCnxn - Reading reply sessionid:0x1624798348d0001, packet:: clientPath:null serverPath:null finished:false header:: 132,4  replyHeader:: 132,59,0  request:: '/config/topics/userEarningTopic,F  response:: #7b2276657273696f6e223a312c22636f6e666967223a7b7d7d,s{42,42,1521619581037,1521619581037,0,0,0,0,25,0,42} 
09:06:21.188 [SyncThread:0] DEBUG org.apache.zookeeper.server.FinalRequestProcessor - Processing request:: sessionid:0x1624798348d0002 type:getData cxid:0x23 zxid:0xfffffffffffffffe txntype:unknown reqpath:/config/topics/userEarningTopic
09:06:21.188 [SyncThread:0] DEBUG org.apache.zookeeper.server.FinalRequestProcessor - sessionid:0x1624798348d0002 type:getData cxid:0x23 zxid:0xfffffffffffffffe txntype:unknown reqpath:/config/topics/userEarningTopic
09:06:21.189 [Test worker-SendThread(127.0.0.1:46253)] DEBUG org.apache.zookeeper.ClientCnxn - Reading reply sessionid:0x1624798348d0002, packet:: clientPath:null serverPath:null finished:false header:: 35,4  replyHeader:: 35,59,0  request:: '/config/topics/userEarningTopic,F  response:: #7b2276657273696f6e223a312c22636f6e666967223a7b7d7d,s{42,42,1521619581037,1521619581037,0,0,0,0,25,0,42} 
09:06:21.196 [ReplicaFetcherThread-0-0] DEBUG org.apache.kafka.clients.NetworkClient - [ReplicaFetcher replicaId=1, leaderId=0, fetcherId=0] Initiating connection to node localhost:44063 (id: 0 rack: null)
09:06:21.197 [ReplicaFetcherThread-0-0] DEBUG org.apache.kafka.common.network.Selector - [ReplicaFetcher replicaId=1, leaderId=0, fetcherId=0] Created socket with SO_RCVBUF = 65536, SO_SNDBUF = 1313280, SO_TIMEOUT = 0 to node 0
09:06:21.197 [ReplicaFetcherThread-0-0] DEBUG org.apache.kafka.clients.NetworkClient - [ReplicaFetcher replicaId=1, leaderId=0, fetcherId=0] Completed connection to node 0. Ready.
09:06:21.199 [ReplicaFetcherThread-0-0] DEBUG org.apache.kafka.clients.NetworkClient - [ReplicaFetcher replicaId=1, leaderId=0, fetcherId=0] Using older server API v5 to send FETCH {replica_id=1,max_wait_time=500,min_bytes=1,max_bytes=10485760,isolation_level=0,topics=[{topic=rawUserEarningTopic,partitions=[{partition=0,fetch_offset=0,log_start_offset=0,max_bytes=1048576}]},{topic=userEarningTopic,partitions=[{partition=1,fetch_offset=0,log_start_offset=0,max_bytes=1048576}]}]} with correlation id 1 to node 0
09:06:21.201 [Test worker] DEBUG org.apache.kafka.clients.admin.KafkaAdminClient - [AdminClient clientId=adminclient-1] Initiating close operation.
09:06:21.201 [Test worker] DEBUG org.apache.kafka.clients.admin.KafkaAdminClient - [AdminClient clientId=adminclient-1] Waiting for the I/O thread to exit. Hard shutdown in 31536000000 ms.
09:06:21.202 [kafka-admin-client-thread | adminclient-1] DEBUG org.apache.kafka.common.metrics.Metrics - Removed sensor with name connections-closed:
09:06:21.202 [kafka-admin-client-thread | adminclient-1] DEBUG org.apache.kafka.common.metrics.Metrics - Removed sensor with name connections-created:
09:06:21.202 [kafka-admin-client-thread | adminclient-1] DEBUG org.apache.kafka.common.metrics.Metrics - Removed sensor with name successful-authentication:
09:06:21.202 [kafka-admin-client-thread | adminclient-1] DEBUG org.apache.kafka.common.metrics.Metrics - Removed sensor with name failed-authentication:
09:06:21.202 [kafka-admin-client-thread | adminclient-1] DEBUG org.apache.kafka.common.metrics.Metrics - Removed sensor with name bytes-sent-received:
09:06:21.202 [kafka-admin-client-thread | adminclient-1] DEBUG org.apache.kafka.common.metrics.Metrics - Removed sensor with name bytes-sent:
09:06:21.202 [kafka-admin-client-thread | adminclient-1] DEBUG org.apache.kafka.common.metrics.Metrics - Removed sensor with name bytes-received:
09:06:21.203 [kafka-admin-client-thread | adminclient-1] DEBUG org.apache.kafka.common.metrics.Metrics - Removed sensor with name select-time:
09:06:21.203 [kafka-admin-client-thread | adminclient-1] DEBUG org.apache.kafka.common.metrics.Metrics - Removed sensor with name io-time:
09:06:21.203 [kafka-admin-client-thread | adminclient-1] DEBUG org.apache.kafka.common.metrics.Metrics - Removed sensor with name node--2.bytes-sent
09:06:21.203 [kafka-admin-client-thread | adminclient-1] DEBUG org.apache.kafka.common.metrics.Metrics - Removed sensor with name node--2.bytes-received
09:06:21.203 [kafka-admin-client-thread | adminclient-1] DEBUG org.apache.kafka.common.metrics.Metrics - Removed sensor with name node--2.latency
09:06:21.203 [kafka-admin-client-thread | adminclient-1] DEBUG org.apache.kafka.common.metrics.Metrics - Removed sensor with name node--1.bytes-sent
09:06:21.203 [kafka-admin-client-thread | adminclient-1] DEBUG org.apache.kafka.common.metrics.Metrics - Removed sensor with name node--1.bytes-received
09:06:21.203 [kafka-admin-client-thread | adminclient-1] DEBUG org.apache.kafka.common.metrics.Metrics - Removed sensor with name node--1.latency
09:06:21.203 [kafka-admin-client-thread | adminclient-1] DEBUG org.apache.kafka.common.metrics.Metrics - Removed sensor with name node-0.bytes-sent
09:06:21.203 [kafka-network-thread-0-ListenerName(PLAINTEXT)-PLAINTEXT-2] DEBUG org.apache.kafka.common.network.Selector - [SocketServer brokerId=0] Connection with /127.0.0.1 disconnected
java.io.EOFException: null
	at org.apache.kafka.common.network.NetworkReceive.readFromReadableChannel(NetworkReceive.java:124)
	at org.apache.kafka.common.network.NetworkReceive.readFrom(NetworkReceive.java:93)
	at org.apache.kafka.common.network.KafkaChannel.receive(KafkaChannel.java:231)
	at org.apache.kafka.common.network.KafkaChannel.read(KafkaChannel.java:192)
	at org.apache.kafka.common.network.Selector.attemptRead(Selector.java:528)
	at org.apache.kafka.common.network.Selector.pollSelectionKeys(Selector.java:469)
	at org.apache.kafka.common.network.Selector.poll(Selector.java:398)
	at kafka.network.Processor.poll(SocketServer.scala:535)
	at kafka.network.Processor.run(SocketServer.scala:452)
	at java.base/java.lang.Thread.run(Thread.java:844)
09:06:21.203 [kafka-network-thread-0-ListenerName(PLAINTEXT)-PLAINTEXT-1] DEBUG org.apache.kafka.common.network.Selector - [SocketServer brokerId=0] Connection with /127.0.0.1 disconnected
java.io.EOFException: null
	at org.apache.kafka.common.network.NetworkReceive.readFromReadableChannel(NetworkReceive.java:124)
	at org.apache.kafka.common.network.NetworkReceive.readFrom(NetworkReceive.java:93)
	at org.apache.kafka.common.network.KafkaChannel.receive(KafkaChannel.java:231)
	at org.apache.kafka.common.network.KafkaChannel.read(KafkaChannel.java:192)
	at org.apache.kafka.common.network.Selector.attemptRead(Selector.java:528)
	at org.apache.kafka.common.network.Selector.pollSelectionKeys(Selector.java:469)
	at org.apache.kafka.common.network.Selector.poll(Selector.java:398)
	at kafka.network.Processor.poll(SocketServer.scala:535)
	at kafka.network.Processor.run(SocketServer.scala:452)
	at java.base/java.lang.Thread.run(Thread.java:844)
09:06:21.203 [kafka-network-thread-1-ListenerName(PLAINTEXT)-PLAINTEXT-1] DEBUG org.apache.kafka.common.network.Selector - [SocketServer brokerId=1] Connection with /127.0.0.1 disconnected
java.io.EOFException: null
	at org.apache.kafka.common.network.NetworkReceive.readFromReadableChannel(NetworkReceive.java:124)
	at org.apache.kafka.common.network.NetworkReceive.readFrom(NetworkReceive.java:93)
	at org.apache.kafka.common.network.KafkaChannel.receive(KafkaChannel.java:231)
	at org.apache.kafka.common.network.KafkaChannel.read(KafkaChannel.java:192)
	at org.apache.kafka.common.network.Selector.attemptRead(Selector.java:528)
	at org.apache.kafka.common.network.Selector.pollSelectionKeys(Selector.java:469)
	at org.apache.kafka.common.network.Selector.poll(Selector.java:398)
	at kafka.network.Processor.poll(SocketServer.scala:535)
	at kafka.network.Processor.run(SocketServer.scala:452)
	at java.base/java.lang.Thread.run(Thread.java:844)
09:06:21.203 [kafka-admin-client-thread | adminclient-1] DEBUG org.apache.kafka.common.metrics.Metrics - Removed sensor with name node-0.bytes-received
09:06:21.204 [kafka-admin-client-thread | adminclient-1] DEBUG org.apache.kafka.common.metrics.Metrics - Removed sensor with name node-0.latency
09:06:21.204 [kafka-admin-client-thread | adminclient-1] DEBUG org.apache.kafka.clients.admin.KafkaAdminClient - [AdminClient clientId=adminclient-1] Exiting AdminClientRunnable thread.
09:06:21.204 [Test worker] DEBUG org.apache.kafka.clients.admin.KafkaAdminClient - [AdminClient clientId=adminclient-1] Kafka admin client closed.
09:06:21.207 [Test worker] DEBUG org.springframework.test.context.support.AbstractDirtiesContextTestExecutionListener - Before test class: context [DefaultTestContext@4b3f415f testClass = KafkaTopologyTest, testInstance = [null], testMethod = [null], testException = [null], mergedContextConfiguration = [ReactiveWebMergedContextConfiguration@61b92104 testClass = KafkaTopologyTest, locations = '{}', classes = '{class home.earning.consumer.KafkaConsumerEarningStarter, class home.earning.consumer.KafkaConsumerEarningStarter}', contextInitializerClasses = '[]', activeProfiles = '{}', propertySourceLocations = '{classpath:test-application.properties}', propertySourceProperties = '{org.springframework.boot.test.context.SpringBootTestContextBootstrapper=true}', contextCustomizers = set[org.springframework.boot.test.autoconfigure.properties.PropertyMappingContextCustomizer@0, org.springframework.boot.test.autoconfigure.web.servlet.WebDriverContextCustomizerFactory$Customizer@6ec83e82, org.springframework.boot.test.context.filter.ExcludeFilterContextCustomizer@31bf6572, org.springframework.boot.test.json.DuplicateJsonObjectContextCustomizerFactory$DuplicateJsonObjectContextCustomizer@47bd0463, org.springframework.boot.test.mock.mockito.MockitoContextCustomizer@0, org.springframework.boot.test.web.client.TestRestTemplateContextCustomizer@164e214a, org.springframework.boot.test.web.reactive.server.WebTestClientContextCustomizer@6e5d540], contextLoader = 'org.springframework.boot.test.context.SpringBootContextLoader', parent = [null]], attributes = map[[empty]]], class annotated with @DirtiesContext [true] with mode [AFTER_CLASS].
09:06:21.207 [Test worker] DEBUG org.springframework.test.annotation.ProfileValueUtils - Retrieved @ProfileValueSourceConfiguration [null] for test class [home.kafka.consumer.KafkaTopologyTest]
09:06:21.207 [Test worker] DEBUG org.springframework.test.annotation.ProfileValueUtils - Retrieved ProfileValueSource type [class org.springframework.test.annotation.SystemProfileValueSource] for class [home.kafka.consumer.KafkaTopologyTest]
09:06:21.212 [Test worker] DEBUG org.springframework.test.context.support.DependencyInjectionTestExecutionListener - Performing dependency injection for test context [[DefaultTestContext@4b3f415f testClass = KafkaTopologyTest, testInstance = home.kafka.consumer.KafkaTopologyTest@2c6db32a, testMethod = [null], testException = [null], mergedContextConfiguration = [ReactiveWebMergedContextConfiguration@61b92104 testClass = KafkaTopologyTest, locations = '{}', classes = '{class home.earning.consumer.KafkaConsumerEarningStarter, class home.earning.consumer.KafkaConsumerEarningStarter}', contextInitializerClasses = '[]', activeProfiles = '{}', propertySourceLocations = '{classpath:test-application.properties}', propertySourceProperties = '{org.springframework.boot.test.context.SpringBootTestContextBootstrapper=true}', contextCustomizers = set[org.springframework.boot.test.autoconfigure.properties.PropertyMappingContextCustomizer@0, org.springframework.boot.test.autoconfigure.web.servlet.WebDriverContextCustomizerFactory$Customizer@6ec83e82, org.springframework.boot.test.context.filter.ExcludeFilterContextCustomizer@31bf6572, org.springframework.boot.test.json.DuplicateJsonObjectContextCustomizerFactory$DuplicateJsonObjectContextCustomizer@47bd0463, org.springframework.boot.test.mock.mockito.MockitoContextCustomizer@0, org.springframework.boot.test.web.client.TestRestTemplateContextCustomizer@164e214a, org.springframework.boot.test.web.reactive.server.WebTestClientContextCustomizer@6e5d540], contextLoader = 'org.springframework.boot.test.context.SpringBootContextLoader', parent = [null]], attributes = map[[empty]]]].
09:06:21.232 [Test worker] DEBUG org.springframework.core.env.StandardEnvironment - Adding PropertySource 'systemProperties' with lowest search precedence
09:06:21.232 [Test worker] DEBUG org.springframework.core.env.StandardEnvironment - Adding PropertySource 'systemEnvironment' with lowest search precedence
09:06:21.232 [Test worker] DEBUG org.springframework.core.env.StandardEnvironment - Initialized StandardEnvironment with PropertySources [MapPropertySource@1288736485 {name='systemProperties', properties={sun.desktop=gnome, awt.toolkit=sun.awt.X11.XToolkit, java.specification.version=9, file.encoding.pkg=sun.io, sun.cpu.isalist=, sun.jnu.encoding=UTF-8, org.gradle.test.worker=1, java.class.path=/home/alex/.gradle/caches/4.5.1/workerMain/gradle-worker.jar:/home/alex/src/tetralog-examples/kafka-consumer-earning/build/classes/java/test:/home/alex/src/tetralog-examples/kafka-consumer-earning/build/resources/test:/home/alex/src/tetralog-examples/kafka-consumer-earning/build/classes/java/main:/home/alex/src/tetralog-examples/kafka-consumer-earning/build/resources/main:/home/alex/.gradle/caches/modules-2/files-2.1/org.springframework.boot/spring-boot-starter-actuator/2.0.0.RELEASE/22d7f64be5452ddad3fd0d651c818de658a18f3e/spring-boot-starter-actuator-2.0.0.RELEASE.jar:/home/alex/.gradle/caches/modules-2/files-2.1/org.springframework.boot/spring-boot-starter-webflux/2.0.0.RELEASE/e62ffe86d692cc5cc1e1cd5e96c27e524c1bb8fd/spring-boot-starter-webflux-2.0.0.RELEASE.jar:/home/alex/.m2/repository/home/kafka-payload/1.2/kafka-payload-1.2.jar:/home/alex/.gradle/caches/modules-2/files-2.1/org.springframework.kafka/spring-kafka/2.1.4.RELEASE/a3c791ec3fc4948df7450311ecaed03263908fd2/spring-kafka-2.1.4.RELEASE.jar:/home/alex/.gradle/caches/modules-2/files-2.1/org.apache.kafka/kafka-streams/1.0.0/a6c87c367176beb7650eb2df173fd9fe6e38656f/kafka-streams-1.0.0.jar:/home/alex/.gradle/caches/modules-2/files-2.1/javax.xml.bind/jaxb-api/2.2.8/f0287831b3e3550b82b5bd19152d460061859ce6/jaxb-api-2.2.8.jar:/home/alex/.gradle/caches/modules-2/files-2.1/org.springframework.boot/spring-boot-starter-test/2.0.0.RELEASE/4ff0e1d9bd315a4a5867e9c6128691cac8b37348/spring-boot-starter-test-2.0.0.RELEASE.jar:/home/alex/.gradle/caches/modules-2/files-2.1/io.projectreactor/reactor-test/3.1.5.RELEASE/d54acad5cead02ad02821945161724e42389bd7c/reactor-test-3.1.5.RELEASE.jar:/home/alex/.gradle/caches/modules-2/files-2.1/org.springframework.kafka/spring-kafka-test/2.1.4.RELEASE/75f2e32e5298836783cd824b5e4387b92a97b0e/spring-kafka-test-2.1.4.RELEASE.jar:/home/alex/.gradle/caches/modules-2/files-2.1/org.springframework.boot/spring-boot-starter-json/2.0.0.RELEASE/5a09c939d8bd60d7f163c1c0c20a3127ba9fffa/spring-boot-starter-json-2.0.0.RELEASE.jar:/home/alex/.gradle/caches/modules-2/files-2.1/org.springframework.boot/spring-boot-starter/2.0.0.RELEASE/6d7d8e4bf053cd1833f3c7dbce676bc274f0892f/spring-boot-starter-2.0.0.RELEASE.jar:/home/alex/.gradle/caches/modules-2/files-2.1/org.springframework.boot/spring-boot-actuator-autoconfigure/2.0.0.RELEASE/ffaa094aef881dbb30621f6f042dcfec125ffe9/spring-boot-actuator-autoconfigure-2.0.0.RELEASE.jar:/home/alex/.gradle/caches/modules-2/files-2.1/io.micrometer/micrometer-core/1.0.1/698281b5829a16ddea19f3a5d4414d7ece1d3f11/micrometer-core-1.0.1.jar:/home/alex/.gradle/caches/modules-2/files-2.1/org.springframework.boot/spring-boot-starter-reactor-netty/2.0.0.RELEASE/73645f53ad7a9ecac382e15b85f6a04a45615e36/spring-boot-starter-reactor-netty-2.0.0.RELEASE.jar:/home/alex/.gradle/caches/modules-2/files-2.1/org.hibernate.validator/hibernate-validator/6.0.7.Final/8b9d9c7ec8c73963ea0fe81912fc67711a4ef76/hibernate-validator-6.0.7.Final.jar:/home/alex/.gradle/caches/modules-2/files-2.1/org.springframework/spring-webflux/5.0.4.RELEASE/4439ead1f8e413f7ae920704fb35b5b5a8847f1d/spring-webflux-5.0.4.RELEASE.jar:/home/alex/.gradle/caches/modules-2/files-2.1/org.springframework/spring-web/5.0.4.RELEASE/9565bbc67bf1a850a6505deaa5103931712a7b80/spring-web-5.0.4.RELEASE.jar:/home/alex/.gradle/caches/modules-2/files-2.1/org.synchronoss.cloud/nio-multipart-parser/1.1.0/c6c417fec6612584b1c34d4dd98c5a4e47e8c754/nio-multipart-parser-1.1.0.jar:/home/alex/.gradle/caches/modules-2/files-2.1/org.springframework.boot/spring-boot-test-autoconfigure/2.0.0.RELEASE/db0595321e96929d9473cf061f3408972d03c6aa/spring-boot-test-autoconfigure-2.0.0.RELEASE.jar:/home/alex/.gradle/caches/modules-2/files-2.1/org.springframework.boot/spring-boot-test/2.0.0.RELEASE/1565e78c2801bd3c7ece0a8ddc08e5ed53676878/spring-boot-test-2.0.0.RELEASE.jar:/home/alex/.gradle/caches/modules-2/files-2.1/org.springframework.boot/spring-boot-autoconfigure/2.0.0.RELEASE/c89896a469ecf92996ecba40755919896ace5470/spring-boot-autoconfigure-2.0.0.RELEASE.jar:/home/alex/.gradle/caches/modules-2/files-2.1/org.springframework.boot/spring-boot-actuator/2.0.0.RELEASE/309a5d45b09e361d29c9e7d1def644d70a50173b/spring-boot-actuator-2.0.0.RELEASE.jar:/home/alex/.gradle/caches/modules-2/files-2.1/org.springframework.boot/spring-boot/2.0.0.RELEASE/771da2071ff14a47f108642a641c204ae4ef7b15/spring-boot-2.0.0.RELEASE.jar:/home/alex/.gradle/caches/modules-2/files-2.1/org.springframework/spring-context/5.0.4.RELEASE/3e76d08c851113077642c5704f0f94d5ce58e905/spring-context-5.0.4.RELEASE.jar:/home/alex/.gradle/caches/modules-2/files-2.1/org.springframework/spring-messaging/5.0.4.RELEASE/21c0ee684684c50a6b13eaa894b2ceb3860dff12/spring-messaging-5.0.4.RELEASE.jar:/home/alex/.gradle/caches/modules-2/files-2.1/org.springframework/spring-tx/5.0.4.RELEASE/7afc193c5d2b812ee6d2ccaf6fcc81fb83bfb4a7/spring-tx-5.0.4.RELEASE.jar:/home/alex/.gradle/caches/modules-2/files-2.1/org.springframework.retry/spring-retry/1.2.2.RELEASE/638928732585c450e461f0a132b6834ad7cf3af0/spring-retry-1.2.2.RELEASE.jar:/home/alex/.gradle/caches/modules-2/files-2.1/org.apache.kafka/kafka_2.11/1.0.0/c21875affc4842d83c4590d61614fec7f99325b1/kafka_2.11-1.0.0.jar:/home/alex/.gradle/caches/modules-2/files-2.1/org.apache.kafka/kafka_2.11/1.0.0/6be10c39e6d5033c6aca1f64446d205c60b0dd19/kafka_2.11-1.0.0-test.jar:/home/alex/.gradle/caches/modules-2/files-2.1/org.apache.kafka/connect-json/1.0.0/4bcd05d3bcc2f04673407b2c483d783362677f0e/connect-json-1.0.0.jar:/home/alex/.gradle/caches/modules-2/files-2.1/org.apache.kafka/connect-api/1.0.0/ef429b6530db431bf8611aaebe6796fbb72499c/connect-api-1.0.0.jar:/home/alex/.gradle/caches/modules-2/files-2.1/org.apache.kafka/kafka-clients/1.0.0/98a12cfff3a5b7ca77e68aba7adccfd817b2d846/kafka-clients-1.0.0.jar:/home/alex/.gradle/caches/modules-2/files-2.1/org.apache.kafka/kafka-clients/1.0.0/33c05e2e1b33bf68ce5c8bb39b0ba7c2ac0338df/kafka-clients-1.0.0-test.jar:/home/alex/.gradle/caches/modules-2/files-2.1/com.jayway.jsonpath/json-path/2.4.0/765a4401ceb2dc8d40553c2075eb80a8fa35c2ae/json-path-2.4.0.jar:/home/alex/.gradle/caches/modules-2/files-2.1/org.synchronoss.cloud/nio-stream-storage/1.1.3/986dba5f6e5eed20f0dba6ddc8e8a64a9ebdc2f3/nio-stream-storage-1.1.3.jar:/home/alex/.gradle/caches/modules-2/files-2.1/com.yammer.metrics/metrics-core/2.2.0/f82c035cfa786d3cbec362c38c22a5f5b1bc8724/metrics-core-2.2.0.jar:/home/alex/.gradle/caches/modules-2/files-2.1/com.101tec/zkclient/0.10/c54d4b5a5e89af75a80b6d5857400165ce5188d0/zkclient-0.10.jar:/home/alex/.gradle/caches/modules-2/files-2.1/org.springframework.boot/spring-boot-starter-logging/2.0.0.RELEASE/fe939b71659ef1f98a53cce0b5bcf771685cf6a6/spring-boot-starter-logging-2.0.0.RELEASE.jar:/home/alex/.gradle/caches/modules-2/files-2.1/ch.qos.logback/logback-classic/1.2.3/7c4f3c474fb2c041d8028740440937705ebb473a/logback-classic-1.2.3.jar:/home/alex/.gradle/caches/modules-2/files-2.1/org.apache.logging.log4j/log4j-to-slf4j/2.10.0/f7e631ccf49cfc0aefa4a2a728da7d374c05bd3c/log4j-to-slf4j-2.10.0.jar:/home/alex/.gradle/caches/modules-2/files-2.1/org.slf4j/jul-to-slf4j/1.7.25/af5364cd6679bfffb114f0dec8a157aaa283b76/jul-to-slf4j-1.7.25.jar:/home/alex/.gradle/caches/modules-2/files-2.1/org.apache.zookeeper/zookeeper/3.4.10/8eebdbb7a9df83e02eaa42d0e5da0b57bf2e4da/zookeeper-3.4.10.jar:/home/alex/.gradle/caches/modules-2/files-2.1/org.slf4j/slf4j-api/1.7.25/da76ca59f6a57ee3102f8f9bd9cee742973efa8a/slf4j-api-1.7.25.jar:/home/alex/.gradle/caches/modules-2/files-2.1/org.rocksdb/rocksdbjni/5.7.3/421b44ad957a2b6cce5adedc204db551831b553d/rocksdbjni-5.7.3.jar:/home/alex/.gradle/caches/modules-2/files-2.1/com.fasterxml.jackson.datatype/jackson-datatype-jsr310/2.9.4/12d52679a6615c7972ea25bd8ebb60b191fe79b7/jackson-datatype-jsr310-2.9.4.jar:/home/alex/.gradle/caches/modules-2/files-2.1/com.fasterxml.jackson.datatype/jackson-datatype-jdk8/2.9.4/63ac052d52a70a15820d3dc07ea757826fd51d40/jackson-datatype-jdk8-2.9.4.jar:/home/alex/.gradle/caches/modules-2/files-2.1/com.fasterxml.jackson.module/jackson-module-parameter-names/2.9.4/5833c819877c3e85bad847f4d2fa4e70379217c6/jackson-module-parameter-names-2.9.4.jar:/home/alex/.gradle/caches/modules-2/files-2.1/com.fasterxml.jackson.core/jackson-databind/2.9.4/498bbc3b94f566982c7f7c6d4d303fce365529be/jackson-databind-2.9.4.jar:/home/alex/.gradle/caches/modules-2/files-2.1/com.fasterxml.jackson.core/jackson-core/2.9.4/a9a71ec1aa37da47db168fede9a4a5fb5e374320/jackson-core-2.9.4.jar:/home/alex/.gradle/caches/modules-2/files-2.1/junit/junit/4.12/2973d150c0dc1fefe998f834810d68f278ea58ec/junit-4.12.jar:/home/alex/.gradle/caches/modules-2/files-2.1/org.assertj/assertj-core/3.9.1/c5ce126b15f28d56cd8f960c1a6a058b9c9aea87/assertj-core-3.9.1.jar:/home/alex/.gradle/caches/modules-2/files-2.1/org.mockito/mockito-core/2.15.0/b84bfbbc29cd22c9529409627af6ea2897f4fa85/mockito-core-2.15.0.jar:/home/alex/.gradle/caches/modules-2/files-2.1/org.hamcrest/hamcrest-library/1.3/4785a3c21320980282f9f33d0d1264a69040538f/hamcrest-library-1.3.jar:/home/alex/.gradle/caches/modules-2/files-2.1/org.hamcrest/hamcrest-core/1.3/42a25dc3219429f0e5d060061f71acb49bf010a0/hamcrest-core-1.3.jar:/home/alex/.gradle/caches/modules-2/files-2.1/org.skyscreamer/jsonassert/1.5.0/6c9d5fe2f59da598d9aefc1cfc6528ff3cf32df3/jsonassert-1.5.0.jar:/home/alex/.gradle/caches/modules-2/files-2.1/org.springframework/spring-test/5.0.4.RELEASE/3fc10b6535a113593fa8780951465012a7677e21/spring-test-5.0.4.RELEASE.jar:/home/alex/.gradle/caches/modules-2/files-2.1/org.springframework/spring-aop/5.0.4.RELEASE/f8e029e54c0267dadb6b9f713f3feb54ec4f3a0e/spring-aop-5.0.4.RELEASE.jar:/home/alex/.gradle/caches/modules-2/files-2.1/org.springframework/spring-beans/5.0.4.RELEASE/7a8c3d48d4c33621e64d1399721d8e067450fcbd/spring-beans-5.0.4.RELEASE.jar:/home/alex/.gradle/caches/modules-2/files-2.1/org.springframework/spring-expression/5.0.4.RELEASE/4bda161f2e34c1486f2527a23eb47293567f473c/spring-expression-5.0.4.RELEASE.jar:/home/alex/.gradle/caches/modules-2/files-2.1/org.springframework/spring-core/5.0.4.RELEASE/2221a957b5561a34f044350ba4e30ef5870254a3/spring-core-5.0.4.RELEASE.jar:/home/alex/.gradle/caches/modules-2/files-2.1/org.xmlunit/xmlunit-core/2.5.1/4ffdb346572a7356f7521cd3119ce5287d2e339d/xmlunit-core-2.5.1.jar:/home/alex/.gradle/caches/modules-2/files-2.1/io.projectreactor.ipc/reactor-netty/0.7.5.RELEASE/a0153cc761873de10de654a5d3fb580f760d5a79/reactor-netty-0.7.5.RELEASE.jar:/home/alex/.gradle/caches/modules-2/files-2.1/io.projectreactor/reactor-core/3.1.5.RELEASE/bae1d739d0eaf1466ca7d78c4a7b1d0502849658/reactor-core-3.1.5.RELEASE.jar:/home/alex/.gradle/caches/modules-2/files-2.1/javax.annotation/javax.annotation-api/1.3.2/934c04d3cfef185a8008e7bf34331b79730a9d43/javax.annotation-api-1.3.2.jar:/home/alex/.gradle/caches/modules-2/files-2.1/org.yaml/snakeyaml/1.19/2d998d3d674b172a588e54ab619854d073f555b5/snakeyaml-1.19.jar:/home/alex/.gradle/caches/modules-2/files-2.1/org.hdrhistogram/HdrHistogram/2.1.10/9e1ac84eed220281841b75e72fb9de5a297fbf04/HdrHistogram-2.1.10.jar:/home/alex/.gradle/caches/modules-2/files-2.1/org.latencyutils/LatencyUtils/2.0.3/769c0b82cb2421c8256300e907298a9410a2a3d3/LatencyUtils-2.0.3.jar:/home/alex/.gradle/caches/modules-2/files-2.1/javax.validation/validation-api/2.0.1.Final/cb855558e6271b1b32e716d24cb85c7f583ce09e/validation-api-2.0.1.Final.jar:/home/alex/.gradle/caches/modules-2/files-2.1/org.jboss.logging/jboss-logging/3.3.2.Final/3789d00e859632e6c6206adc0c71625559e6e3b0/jboss-logging-3.3.2.Final.jar:/home/alex/.gradle/caches/modules-2/files-2.1/com.fasterxml/classmate/1.3.4/3d5f48f10bbe4eb7bd862f10c0583be2e0053c6/classmate-1.3.4.jar:/home/alex/.gradle/caches/modules-2/files-2.1/org.lz4/lz4-java/1.4/9bedb74f461a87ff2161bdf0778ad8ca6bad3e1c/lz4-java-1.4.jar:/home/alex/.gradle/caches/modules-2/files-2.1/org.xerial.snappy/snappy-java/1.1.4/d94ae6d7d27242eaa4b6c323f881edbb98e48da6/snappy-java-1.1.4.jar:/home/alex/.gradle/caches/modules-2/files-2.1/com.fasterxml.jackson.core/jackson-annotations/2.9.0/7c10d545325e3a6e72e06381afe469fd40eb701/jackson-annotations-2.9.0.jar:/home/alex/.gradle/caches/modules-2/files-2.1/net.minidev/json-smart/2.3/7396407491352ce4fa30de92efb158adb76b5b/json-smart-2.3.jar:/home/alex/.gradle/caches/modules-2/files-2.1/net.bytebuddy/byte-buddy/1.7.10/3c8ec287c0a5bd04b1e3f11723bc46a50346602b/byte-buddy-1.7.10.jar:/home/alex/.gradle/caches/modules-2/files-2.1/net.bytebuddy/byte-buddy-agent/1.7.10/9b092a8fb9112b89f6cb23fc929cfb931b14007b/byte-buddy-agent-1.7.10.jar:/home/alex/.gradle/caches/modules-2/files-2.1/org.objenesis/objenesis/2.6/639033469776fd37c08358c6b92a4761feb2af4b/objenesis-2.6.jar:/home/alex/.gradle/caches/modules-2/files-2.1/com.vaadin.external.google/android-json/0.0.20131108.vaadin1/fa26d351fe62a6a17f5cda1287c1c6110dec413f/android-json-0.0.20131108.vaadin1.jar:/home/alex/.gradle/caches/modules-2/files-2.1/org.springframework/spring-jcl/5.0.4.RELEASE/3053e2bad0a18571bdbb9596ce51f9d458f5934f/spring-jcl-5.0.4.RELEASE.jar:/home/alex/.gradle/caches/modules-2/files-2.1/org.reactivestreams/reactive-streams/1.0.2/323964c36556eb0e6209f65c1cef72b53b461ab8/reactive-streams-1.0.2.jar:/home/alex/.gradle/caches/modules-2/files-2.1/net.sf.jopt-simple/jopt-simple/5.0.4/4fdac2fbe92dfad86aa6e9301736f6b4342a3f5c/jopt-simple-5.0.4.jar:/home/alex/.gradle/caches/modules-2/files-2.1/org.scala-lang/scala-library/2.11.11/e283d2b7fde6504f6a86458b1f6af465353907cc/scala-library-2.11.11.jar:/home/alex/.gradle/caches/modules-2/files-2.1/io.netty/netty-handler-proxy/4.1.22.Final/8eabe24f0b8e95d0873964666ad070179ca81e72/netty-handler-proxy-4.1.22.Final.jar:/home/alex/.gradle/caches/modules-2/files-2.1/io.netty/netty-codec-http/4.1.22.Final/3805f3ca0d57630200defc7f9bb6ed3382dcb10b/netty-codec-http-4.1.22.Final.jar:/home/alex/.gradle/caches/modules-2/files-2.1/io.netty/netty-handler/4.1.22.Final/a3a16b17d5a5ed6f784b0daba95e28d940356109/netty-handler-4.1.22.Final.jar:/home/alex/.gradle/caches/modules-2/files-2.1/io.netty/netty-transport-native-epoll/4.1.22.Final/8d2149a9381fe8e38c44a9433d752aaa060bd4d3/netty-transport-native-epoll-4.1.22.Final.jar:/home/alex/.gradle/caches/modules-2/files-2.1/net.minidev/accessors-smart/1.2/c592b500269bfde36096641b01238a8350f8aa31/accessors-smart-1.2.jar:/home/alex/.gradle/caches/modules-2/files-2.1/ch.qos.logback/logback-core/1.2.3/864344400c3d4d92dfeb0a305dc87d953677c03c/logback-core-1.2.3.jar:/home/alex/.gradle/caches/modules-2/files-2.1/org.apache.logging.log4j/log4j-api/2.10.0/fec5797a55b786184a537abd39c3fa1449d752d6/log4j-api-2.10.0.jar:/home/alex/.gradle/caches/modules-2/files-2.1/io.netty/netty-codec-socks/4.1.22.Final/d077b39da2dedc5dc5db50a44e5f4c30353e86f3/netty-codec-socks-4.1.22.Final.jar:/home/alex/.gradle/caches/modules-2/files-2.1/io.netty/netty-codec/4.1.22.Final/239c0af275952e70bb4adf7cf8c03d88ddc394c9/netty-codec-4.1.22.Final.jar:/home/alex/.gradle/caches/modules-2/files-2.1/io.netty/netty-transport-native-unix-common/4.1.22.Final/6bacdbb3711aa9db2984da0b0ed7c5bc838136d2/netty-transport-native-unix-common-4.1.22.Final.jar:/home/alex/.gradle/caches/modules-2/files-2.1/io.netty/netty-transport/4.1.22.Final/3bd455cd9e5e5fb2e08fd9cd0acfa54c079ca989/netty-transport-4.1.22.Final.jar:/home/alex/.gradle/caches/modules-2/files-2.1/io.netty/netty-buffer/4.1.22.Final/15e964a2095031364f534a6e21977f5ee9ca32a9/netty-buffer-4.1.22.Final.jar:/home/alex/.gradle/caches/modules-2/files-2.1/io.netty/netty-resolver/4.1.22.Final/b5484d17a97cb57b07d2a1ac092c249e47234c17/netty-resolver-4.1.22.Final.jar:/home/alex/.gradle/caches/modules-2/files-2.1/io.netty/netty-common/4.1.22.Final/56ff4deca53fc791ed59ac2b72eb6718714a4de9/netty-common-4.1.22.Final.jar:/home/alex/.gradle/caches/modules-2/files-2.1/org.ow2.asm/asm/5.0.4/da08b8cce7bbf903602a25a3a163ae252435795/asm-5.0.4.jar:/home/alex/.gradle/caches/modules-2/files-2.1/log4j/log4j/1.2.16/7999a63bfccbc7c247a9aea10d83d4272bd492c6/log4j-1.2.16.jar, java.vm.vendor=Oracle Corporation, sun.arch.data.model=64, user.variant=, java.vendor.url=http://java.oracle.com/, user.timezone=Europe/Berlin, os.name=Linux, java.vm.specification.version=9, user.country=US, sun.java.launcher=SUN_STANDARD, sun.boot.library.path=/usr/lib/jvm/java-9-openjdk/lib, sun.java.command=worker.org.gradle.process.internal.worker.GradleWorkerMain 'Gradle Test Executor 1', jdk.debug=release, sun.cpu.endian=little, user.home=/home/alex, user.language=en, java.specification.vendor=Oracle Corporation, org.gradle.native=false, spring.embedded.kafka.brokers=127.0.0.1:44063,127.0.0.1:36171, java.home=/usr/lib/jvm/java-9-openjdk, file.separator=/, java.vm.compressedOopsMode=Zero based, line.separator=
, java.specification.name=Java Platform API Specification, java.vm.specification.vendor=Oracle Corporation, java.awt.graphicsenv=sun.awt.X11GraphicsEnvironment, sun.management.compiler=HotSpot 64-Bit Tiered Compilers, java.runtime.version=9.0.4+11, user.name=alex, path.separator=:, os.version=4.14.27-1-MANJARO, java.runtime.name=OpenJDK Runtime Environment, file.encoding=UTF-8, java.vm.name=OpenJDK 64-Bit Server VM, java.vendor.url.bug=http://bugreport.java.com/bugreport/, java.io.tmpdir=/tmp, java.version=9.0.4, user.dir=/home/alex/src/tetralog-examples/kafka-consumer-earning, os.arch=amd64, java.vm.specification.name=Java Virtual Machine Specification, java.awt.printerjob=sun.print.PSPrinterJob, sun.os.patch.level=unknown, java.library.path=/usr/java/packages/lib:/usr/lib64:/lib64:/lib:/usr/lib, java.vm.info=mixed mode, java.vendor=Oracle Corporation, spring.embedded.zookeeper.connect=127.0.0.1:46253, java.vm.version=9.0.4+11, sun.io.unicode.encoding=UnicodeLittle, java.class.version=53.0}}, SystemEnvironmentPropertySource@1803833128 {name='systemEnvironment', properties={PATH=/home/alex/.nvm/versions/node/v8.0.0/bin:/usr/local/sbin:/usr/local/bin:/usr/bin:/usr/lib/jvm/default/bin:/usr/bin/site_perl:/usr/bin/vendor_perl:/usr/bin/core_perl, XAUTHORITY=/run/user/1000/gdm/Xauthority, LC_MEASUREMENT=en_US.UTF-8, LC_TELEPHONE=en_US.UTF-8, GDMSESSION=gnome, LC_TIME=en_US.UTF-8, DBUS_SESSION_BUS_ADDRESS=unix:path=/run/user/1000/bus, XDG_CURRENT_DESKTOP=GNOME, MAIL=/var/spool/mail/alex, MOZ_PLUGIN_PATH=/usr/lib/mozilla/plugins, COLORTERM=truecolor, SESSION_MANAGER=local/alex-pc:@/tmp/.ICE-unix/733,unix/alex-pc:/tmp/.ICE-unix/733, USERNAME=alex, LC_PAPER=en_US.UTF-8, LOGNAME=alex, PWD=/home/alex/src/tetralog-examples/kafka-consumer-earning, GJS_DEBUG_TOPICS=JS ERROR;JS LOG, WINDOWID=41943142, NVM_CD_FLAGS=, SHELL=/bin/bash, LC_ADDRESS=en_US.UTF-8, OLDPWD=/home/alex/src/tetralog-examples/kafka-consumer-earning, GNOME_DESKTOP_SESSION_ID=this-is-deprecated, XDG_SESSION_DESKTOP=gnome, LS_COLORS=rs=0:di=01;34:ln=01;36:mh=00:pi=40;33:so=01;35:do=01;35:bd=40;33;01:cd=40;33;01:or=01;05;37;41:mi=01;05;37;41:su=37;41:sg=30;43:ca=30;41:tw=30;42:ow=34;42:st=37;44:ex=01;32:*.tar=01;31:*.tgz=01;31:*.arc=01;31:*.arj=01;31:*.taz=01;31:*.lha=01;31:*.lz4=01;31:*.lzh=01;31:*.lzma=01;31:*.tlz=01;31:*.txz=01;31:*.tzo=01;31:*.t7z=01;31:*.zip=01;31:*.z=01;31:*.Z=01;31:*.dz=01;31:*.gz=01;31:*.lrz=01;31:*.lz=01;31:*.lzo=01;31:*.xz=01;31:*.bz2=01;31:*.bz=01;31:*.tbz=01;31:*.tbz2=01;31:*.tz=01;31:*.deb=01;31:*.rpm=01;31:*.jar=01;31:*.war=01;31:*.ear=01;31:*.sar=01;31:*.rar=01;31:*.alz=01;31:*.ace=01;31:*.zoo=01;31:*.cpio=01;31:*.7z=01;31:*.rz=01;31:*.cab=01;31:*.jpg=01;35:*.jpeg=01;35:*.gif=01;35:*.bmp=01;35:*.pbm=01;35:*.pgm=01;35:*.ppm=01;35:*.tga=01;35:*.xbm=01;35:*.xpm=01;35:*.tif=01;35:*.tiff=01;35:*.png=01;35:*.svg=01;35:*.svgz=01;35:*.mng=01;35:*.pcx=01;35:*.mov=01;35:*.mpg=01;35:*.mpeg=01;35:*.m2v=01;35:*.mkv=01;35:*.webm=01;35:*.ogm=01;35:*.mp4=01;35:*.m4v=01;35:*.mp4v=01;35:*.vob=01;35:*.qt=01;35:*.nuv=01;35:*.wmv=01;35:*.asf=01;35:*.rm=01;35:*.rmvb=01;35:*.flc=01;35:*.avi=01;35:*.fli=01;35:*.flv=01;35:*.gl=01;35:*.dl=01;35:*.xcf=01;35:*.xwd=01;35:*.yuv=01;35:*.cgm=01;35:*.emf=01;35:*.axv=01;35:*.anx=01;35:*.ogv=01;35:*.ogx=01;35:*.pdf=00;32:*.ps=00;32:*.txt=00;32:*.patch=00;32:*.diff=00;32:*.log=00;32:*.tex=00;32:*.doc=00;32:*.aac=00;36:*.au=00;36:*.flac=00;36:*.m4a=00;36:*.mid=00;36:*.midi=00;36:*.mka=00;36:*.mp3=00;36:*.mpc=00;36:*.ogg=00;36:*.ra=00;36:*.wav=00;36:*.axa=00;36:*.oga=00;36:*.spx=00;36:*.xspf=00;36:, SHLVL=1, LC_IDENTIFICATION=en_US.UTF-8, LC_MONETARY=en_US.UTF-8, JAVA_HOME=/usr/lib/jvm/java-9-openjdk/, TERM=xterm-256color, LANG=en_US.UTF-8, XDG_SESSION_TYPE=x11, XDG_SESSION_ID=c1, GRADLE_HOME=/usr/share/java/gradle, MAVEN_OPTS=-Xmx512m, DISPLAY=:0, LC_NAME=en_US.UTF-8, GDM_LANG=en_US.UTF-8, NVM_DIR=/home/alex/.nvm, DESKTOP_SESSION=gnome, USER=alex, XDG_MENU_PREFIX=gnome-, VTE_VERSION=5103, WINDOWPATH=1, LC_NUMERIC=en_US.UTF-8, GJS_DEBUG_OUTPUT=stderr, XDG_SEAT=seat0, SSH_AUTH_SOCK=/run/user/1000/keyring/ssh, EDITOR=/usr/bin/nano, YAOURT_COLORS=nb=1:pkg=1:ver=1;32:lver=1;45:installed=1;42:grp=1;34:od=1;41;5:votes=1;44:dsc=0:other=1;35, QT_QPA_PLATFORMTHEME=qt5ct, XDG_RUNTIME_DIR=/run/user/1000, XDG_VTNR=1, NVM_BIN=/home/alex/.nvm/versions/node/v8.0.0/bin, HOME=/home/alex}}]
09:06:21.237 [Test worker] DEBUG org.springframework.core.env.StandardEnvironment - Adding PropertySource 'class path resource [test-application.properties]' with highest search precedence
09:06:21.238 [Test worker] DEBUG org.springframework.test.context.support.TestPropertySourceUtils - Adding inlined properties to environment: {spring.jmx.enabled=false, org.springframework.boot.test.context.SpringBootTestContextBootstrapper=true, server.port=-1}
09:06:21.238 [Test worker] DEBUG org.springframework.core.env.StandardEnvironment - Adding PropertySource 'Inlined Test Properties' with highest search precedence

  .   ____          _            __ _ _
 /\\ / ___'_ __ _ _(_)_ __  __ _ \ \ \ \
( ( )\___ | '_ | '_| | '_ \/ _` | \ \ \ \
 \\/  ___)| |_)| | | | | || (_| |  ) ) ) )
  '  |____| .__|_| |_|_| |_\__, | / / / /
 =========|_|==============|___/=/_/_/_/
 :: Spring Boot ::        (v2.0.0.RELEASE)

2018-03-21 09:06:21.460  INFO 17460 --- [    Test worker] home.kafka.consumer.KafkaTopologyTest    : Starting KafkaTopologyTest on alex-pc with PID 17460 (started by alex in /home/alex/src/tetralog-examples/kafka-consumer-earning)
2018-03-21 09:06:21.461  INFO 17460 --- [    Test worker] home.kafka.consumer.KafkaTopologyTest    : No active profile set, falling back to default profiles: default
2018-03-21 09:06:21.487  INFO 17460 --- [    Test worker] r.c.GenericReactiveWebApplicationContext : Refreshing org.springframework.boot.web.reactive.context.GenericReactiveWebApplicationContext@4daac079: startup date [Wed Mar 21 09:06:21 CET 2018]; root of context hierarchy
2018-03-21 09:06:22.240  INFO 17460 --- [    Test worker] trationDelegate$BeanPostProcessorChecker : Bean 'org.springframework.kafka.annotation.KafkaBootstrapConfiguration' of type [org.springframework.kafka.annotation.KafkaBootstrapConfiguration$$EnhancerBySpringCGLIB$$f473c92c] is not eligible for getting processed by all BeanPostProcessors (for example: not eligible for auto-proxying)
2018-03-21 09:06:22.297  INFO 17460 --- [    Test worker] org.apache.kafka.streams.StreamsConfig   : StreamsConfig values: 
	application.id = topology-app-id
	application.server = 
	bootstrap.servers = [127.0.0.1:44063, 127.0.0.1:36171]
	buffered.records.per.partition = 1000
	cache.max.bytes.buffering = 10485760
	client.id = topology-client-id
	commit.interval.ms = 300
	connections.max.idle.ms = 540000
	default.deserialization.exception.handler = class org.apache.kafka.streams.errors.LogAndFailExceptionHandler
	default.key.serde = class org.apache.kafka.common.serialization.Serdes$StringSerde
	default.timestamp.extractor = class org.apache.kafka.streams.processor.FailOnInvalidTimestamp
	default.value.serde = class home.kafka.payload.user_earning.UserEarningSerde
	key.serde = null
	metadata.max.age.ms = 300000
	metric.reporters = []
	metrics.num.samples = 2
	metrics.recording.level = INFO
	metrics.sample.window.ms = 30000
	num.standby.replicas = 0
	num.stream.threads = 1
	partition.grouper = class org.apache.kafka.streams.processor.DefaultPartitionGrouper
	poll.ms = 100
	processing.guarantee = at_least_once
	receive.buffer.bytes = 32768
	reconnect.backoff.max.ms = 1000
	reconnect.backoff.ms = 50
	replication.factor = 1
	request.timeout.ms = 40000
	retry.backoff.ms = 100
	rocksdb.config.setter = null
	security.protocol = PLAINTEXT
	send.buffer.bytes = 131072
	state.cleanup.delay.ms = 600000
	state.dir = /tmp/kafka-streams
	timestamp.extractor = null
	value.serde = null
	windowstore.changelog.additional.retention.ms = 86400000
	zookeeper.connect = 

2018-03-21 09:06:22.336  INFO 17460 --- [    Test worker] o.a.k.s.p.internals.StreamThread         : stream-thread [topology-client-id-StreamThread-1] Creating restore consumer client
2018-03-21 09:06:22.340  INFO 17460 --- [    Test worker] o.a.k.clients.consumer.ConsumerConfig    : ConsumerConfig values: 
	auto.commit.interval.ms = 5000
	auto.offset.reset = earliest
	bootstrap.servers = [127.0.0.1:44063, 127.0.0.1:36171]
	check.crcs = true
	client.id = topology-client-id-StreamThread-1-restore-consumer
	connections.max.idle.ms = 540000
	enable.auto.commit = false
	exclude.internal.topics = true
	fetch.max.bytes = 52428800
	fetch.max.wait.ms = 500
	fetch.min.bytes = 1
	group.id = 
	heartbeat.interval.ms = 3000
	interceptor.classes = null
	internal.leave.group.on.close = false
	isolation.level = read_uncommitted
	key.deserializer = class org.apache.kafka.common.serialization.ByteArrayDeserializer
	max.partition.fetch.bytes = 1048576
	max.poll.interval.ms = 2147483647
	max.poll.records = 1000
	metadata.max.age.ms = 300000
	metric.reporters = []
	metrics.num.samples = 2
	metrics.recording.level = INFO
	metrics.sample.window.ms = 30000
	partition.assignment.strategy = [class org.apache.kafka.clients.consumer.RangeAssignor]
	receive.buffer.bytes = 65536
	reconnect.backoff.max.ms = 1000
	reconnect.backoff.ms = 50
	request.timeout.ms = 305000
	retry.backoff.ms = 100
	sasl.jaas.config = null
	sasl.kerberos.kinit.cmd = /usr/bin/kinit
	sasl.kerberos.min.time.before.relogin = 60000
	sasl.kerberos.service.name = null
	sasl.kerberos.ticket.renew.jitter = 0.05
	sasl.kerberos.ticket.renew.window.factor = 0.8
	sasl.mechanism = GSSAPI
	security.protocol = PLAINTEXT
	send.buffer.bytes = 131072
	session.timeout.ms = 10000
	ssl.cipher.suites = null
	ssl.enabled.protocols = [TLSv1.2, TLSv1.1, TLSv1]
	ssl.endpoint.identification.algorithm = null
	ssl.key.password = null
	ssl.keymanager.algorithm = SunX509
	ssl.keystore.location = null
	ssl.keystore.password = null
	ssl.keystore.type = JKS
	ssl.protocol = TLS
	ssl.provider = null
	ssl.secure.random.implementation = null
	ssl.trustmanager.algorithm = PKIX
	ssl.truststore.location = null
	ssl.truststore.password = null
	ssl.truststore.type = JKS
	value.deserializer = class org.apache.kafka.common.serialization.ByteArrayDeserializer

2018-03-21 09:06:22.385  INFO 17460 --- [    Test worker] o.a.kafka.common.utils.AppInfoParser     : Kafka version : 1.0.0
2018-03-21 09:06:22.385  INFO 17460 --- [    Test worker] o.a.kafka.common.utils.AppInfoParser     : Kafka commitId : aaa7af6d4a11b29d
2018-03-21 09:06:22.388  INFO 17460 --- [    Test worker] o.a.k.s.p.internals.StreamThread         : stream-thread [topology-client-id-StreamThread-1] Creating shared producer client
2018-03-21 09:06:22.392  INFO 17460 --- [    Test worker] o.a.k.clients.producer.ProducerConfig    : ProducerConfig values: 
	acks = 1
	batch.size = 16384
	bootstrap.servers = [127.0.0.1:44063, 127.0.0.1:36171]
	buffer.memory = 33554432
	client.id = topology-client-id-StreamThread-1-producer
	compression.type = none
	connections.max.idle.ms = 540000
	enable.idempotence = false
	interceptor.classes = null
	key.serializer = class org.apache.kafka.common.serialization.ByteArraySerializer
	linger.ms = 100
	max.block.ms = 60000
	max.in.flight.requests.per.connection = 5
	max.request.size = 1048576
	metadata.max.age.ms = 300000
	metric.reporters = []
	metrics.num.samples = 2
	metrics.recording.level = INFO
	metrics.sample.window.ms = 30000
	partitioner.class = class org.apache.kafka.clients.producer.internals.DefaultPartitioner
	receive.buffer.bytes = 32768
	reconnect.backoff.max.ms = 1000
	reconnect.backoff.ms = 50
	request.timeout.ms = 30000
	retries = 10
	retry.backoff.ms = 100
	sasl.jaas.config = null
	sasl.kerberos.kinit.cmd = /usr/bin/kinit
	sasl.kerberos.min.time.before.relogin = 60000
	sasl.kerberos.service.name = null
	sasl.kerberos.ticket.renew.jitter = 0.05
	sasl.kerberos.ticket.renew.window.factor = 0.8
	sasl.mechanism = GSSAPI
	security.protocol = PLAINTEXT
	send.buffer.bytes = 131072
	ssl.cipher.suites = null
	ssl.enabled.protocols = [TLSv1.2, TLSv1.1, TLSv1]
	ssl.endpoint.identification.algorithm = null
	ssl.key.password = null
	ssl.keymanager.algorithm = SunX509
	ssl.keystore.location = null
	ssl.keystore.password = null
	ssl.keystore.type = JKS
	ssl.protocol = TLS
	ssl.provider = null
	ssl.secure.random.implementation = null
	ssl.trustmanager.algorithm = PKIX
	ssl.truststore.location = null
	ssl.truststore.password = null
	ssl.truststore.type = JKS
	transaction.timeout.ms = 60000
	transactional.id = null
	value.serializer = class org.apache.kafka.common.serialization.ByteArraySerializer

2018-03-21 09:06:22.403  INFO 17460 --- [    Test worker] o.a.kafka.common.utils.AppInfoParser     : Kafka version : 1.0.0
2018-03-21 09:06:22.404  INFO 17460 --- [    Test worker] o.a.kafka.common.utils.AppInfoParser     : Kafka commitId : aaa7af6d4a11b29d
2018-03-21 09:06:22.408  INFO 17460 --- [    Test worker] o.a.k.s.p.internals.StreamThread         : stream-thread [topology-client-id-StreamThread-1] Creating consumer client
2018-03-21 09:06:22.409  INFO 17460 --- [    Test worker] o.a.k.s.p.internals.StreamThread         : stream-thread [topology-client-id-StreamThread-1] Custom offset resets specified updating configs original auto offset reset earliest
2018-03-21 09:06:22.409  INFO 17460 --- [    Test worker] o.a.k.clients.consumer.ConsumerConfig    : ConsumerConfig values: 
	auto.commit.interval.ms = 5000
	auto.offset.reset = none
	bootstrap.servers = [127.0.0.1:44063, 127.0.0.1:36171]
	check.crcs = true
	client.id = topology-client-id-StreamThread-1-consumer
	connections.max.idle.ms = 540000
	enable.auto.commit = false
	exclude.internal.topics = true
	fetch.max.bytes = 52428800
	fetch.max.wait.ms = 500
	fetch.min.bytes = 1
	group.id = topology-app-id
	heartbeat.interval.ms = 3000
	interceptor.classes = null
	internal.leave.group.on.close = false
	isolation.level = read_uncommitted
	key.deserializer = class org.apache.kafka.common.serialization.ByteArrayDeserializer
	max.partition.fetch.bytes = 1048576
	max.poll.interval.ms = 2147483647
	max.poll.records = 1000
	metadata.max.age.ms = 300000
	metric.reporters = []
	metrics.num.samples = 2
	metrics.recording.level = INFO
	metrics.sample.window.ms = 30000
	partition.assignment.strategy = [org.apache.kafka.streams.processor.internals.StreamPartitionAssignor]
	receive.buffer.bytes = 65536
	reconnect.backoff.max.ms = 1000
	reconnect.backoff.ms = 50
	request.timeout.ms = 305000
	retry.backoff.ms = 100
	sasl.jaas.config = null
	sasl.kerberos.kinit.cmd = /usr/bin/kinit
	sasl.kerberos.min.time.before.relogin = 60000
	sasl.kerberos.service.name = null
	sasl.kerberos.ticket.renew.jitter = 0.05
	sasl.kerberos.ticket.renew.window.factor = 0.8
	sasl.mechanism = GSSAPI
	security.protocol = PLAINTEXT
	send.buffer.bytes = 131072
	session.timeout.ms = 10000
	ssl.cipher.suites = null
	ssl.enabled.protocols = [TLSv1.2, TLSv1.1, TLSv1]
	ssl.endpoint.identification.algorithm = null
	ssl.key.password = null
	ssl.keymanager.algorithm = SunX509
	ssl.keystore.location = null
	ssl.keystore.password = null
	ssl.keystore.type = JKS
	ssl.protocol = TLS
	ssl.provider = null
	ssl.secure.random.implementation = null
	ssl.trustmanager.algorithm = PKIX
	ssl.truststore.location = null
	ssl.truststore.password = null
	ssl.truststore.type = JKS
	value.deserializer = class org.apache.kafka.common.serialization.ByteArrayDeserializer

2018-03-21 09:06:22.417  INFO 17460 --- [    Test worker] o.a.kafka.common.utils.AppInfoParser     : Kafka version : 1.0.0
2018-03-21 09:06:22.417  INFO 17460 --- [    Test worker] o.a.kafka.common.utils.AppInfoParser     : Kafka commitId : aaa7af6d4a11b29d
2018-03-21 09:06:22.476  INFO 17460 --- [-StreamThread-1] o.a.k.s.p.internals.StreamThread         : stream-thread [topology-client-id-StreamThread-1] Starting
2018-03-21 09:06:22.476  INFO 17460 --- [-StreamThread-1] o.a.k.s.p.internals.StreamThread         : stream-thread [topology-client-id-StreamThread-1] State transition from CREATED to RUNNING
2018-03-21 09:06:22.476  INFO 17460 --- [    Test worker] org.apache.kafka.streams.KafkaStreams    : stream-client [topology-client-id]Started Streams client
2018-03-21 09:06:22.500  INFO 17460 --- [0 cport:46253):] o.a.z.server.PrepRequestProcessor        : Got user-level KeeperException when processing sessionid:0x1624798348d0001 type:setData cxid:0x8a zxid:0x3c txntype:-1 reqpath:n/a Error Path:/config/topics/__consumer_offsets Error:KeeperErrorCode = NoNode for /config/topics/__consumer_offsets
2018-03-21 09:06:22.501  INFO 17460 --- [0 cport:46253):] o.a.z.server.PrepRequestProcessor        : Got user-level KeeperException when processing sessionid:0x1624798348d0001 type:create cxid:0x8b zxid:0x3d txntype:-1 reqpath:n/a Error Path:/config/topics Error:KeeperErrorCode = NodeExists for /config/topics
2018-03-21 09:06:22.512  INFO 17460 --- [0 cport:46253):] o.a.z.server.PrepRequestProcessor        : Got user-level KeeperException when processing sessionid:0x1624798348d0001 type:create cxid:0x9a zxid:0x40 txntype:-1 reqpath:n/a Error Path:/brokers/topics/__consumer_offsets/partitions/0 Error:KeeperErrorCode = NoNode for /brokers/topics/__consumer_offsets/partitions/0
2018-03-21 09:06:22.513  INFO 17460 --- [0 cport:46253):] o.a.z.server.PrepRequestProcessor        : Got user-level KeeperException when processing sessionid:0x1624798348d0001 type:create cxid:0x9c zxid:0x41 txntype:-1 reqpath:n/a Error Path:/brokers/topics/__consumer_offsets/partitions Error:KeeperErrorCode = NoNode for /brokers/topics/__consumer_offsets/partitions
2018-03-21 09:06:22.516  INFO 17460 --- [0 cport:46253):] o.a.z.server.PrepRequestProcessor        : Got user-level KeeperException when processing sessionid:0x1624798348d0001 type:create cxid:0xa0 zxid:0x45 txntype:-1 reqpath:n/a Error Path:/brokers/topics/__consumer_offsets/partitions/3 Error:KeeperErrorCode = NoNode for /brokers/topics/__consumer_offsets/partitions/3
2018-03-21 09:06:22.518  INFO 17460 --- [0 cport:46253):] o.a.z.server.PrepRequestProcessor        : Got user-level KeeperException when processing sessionid:0x1624798348d0001 type:create cxid:0xa3 zxid:0x48 txntype:-1 reqpath:n/a Error Path:/brokers/topics/__consumer_offsets/partitions/4 Error:KeeperErrorCode = NoNode for /brokers/topics/__consumer_offsets/partitions/4
2018-03-21 09:06:22.521  INFO 17460 --- [0 cport:46253):] o.a.z.server.PrepRequestProcessor        : Got user-level KeeperException when processing sessionid:0x1624798348d0001 type:create cxid:0xa6 zxid:0x4b txntype:-1 reqpath:n/a Error Path:/brokers/topics/__consumer_offsets/partitions/2 Error:KeeperErrorCode = NoNode for /brokers/topics/__consumer_offsets/partitions/2
2018-03-21 09:06:22.523  INFO 17460 --- [0 cport:46253):] o.a.z.server.PrepRequestProcessor        : Got user-level KeeperException when processing sessionid:0x1624798348d0001 type:create cxid:0xa9 zxid:0x4e txntype:-1 reqpath:n/a Error Path:/brokers/topics/__consumer_offsets/partitions/1 Error:KeeperErrorCode = NoNode for /brokers/topics/__consumer_offsets/partitions/1
2018-03-21 09:06:22.616  INFO 17460 --- [-StreamThread-1] o.a.k.c.c.internals.AbstractCoordinator  : [Consumer clientId=topology-client-id-StreamThread-1-consumer, groupId=topology-app-id] Discovered coordinator localhost:36171 (id: 2147483646 rack: null)
2018-03-21 09:06:22.618  INFO 17460 --- [-StreamThread-1] o.a.k.c.c.internals.ConsumerCoordinator  : [Consumer clientId=topology-client-id-StreamThread-1-consumer, groupId=topology-app-id] Revoking previously assigned partitions []
2018-03-21 09:06:22.618  INFO 17460 --- [-StreamThread-1] o.a.k.s.p.internals.StreamThread         : stream-thread [topology-client-id-StreamThread-1] State transition from RUNNING to PARTITIONS_REVOKED
2018-03-21 09:06:22.618  INFO 17460 --- [-StreamThread-1] org.apache.kafka.streams.KafkaStreams    : stream-client [topology-client-id]State transition from RUNNING to REBALANCING
2018-03-21 09:06:22.619  INFO 17460 --- [-StreamThread-1] o.a.k.s.p.internals.StreamThread         : stream-thread [topology-client-id-StreamThread-1] partition revocation took 1 ms.
	suspended active tasks: []
	suspended standby tasks: []
2018-03-21 09:06:22.619  INFO 17460 --- [-StreamThread-1] o.a.k.c.c.internals.AbstractCoordinator  : [Consumer clientId=topology-client-id-StreamThread-1-consumer, groupId=topology-app-id] (Re-)joining group
2018-03-21 09:06:22.755  INFO 17460 --- [0 cport:46253):] o.a.z.server.PrepRequestProcessor        : Got user-level KeeperException when processing sessionid:0x1624798348d0001 type:setData cxid:0xaf zxid:0x51 txntype:-1 reqpath:n/a Error Path:/config/topics/topology-app-id-userEarning-changelog Error:KeeperErrorCode = NoNode for /config/topics/topology-app-id-userEarning-changelog
2018-03-21 09:06:22.756  INFO 17460 --- [0 cport:46253):] o.a.z.server.PrepRequestProcessor        : Got user-level KeeperException when processing sessionid:0x1624798348d0001 type:create cxid:0xb0 zxid:0x52 txntype:-1 reqpath:n/a Error Path:/config/topics Error:KeeperErrorCode = NodeExists for /config/topics
2018-03-21 09:06:22.762  INFO 17460 --- [0 cport:46253):] o.a.z.server.PrepRequestProcessor        : Got user-level KeeperException when processing sessionid:0x1624798348d0001 type:create cxid:0xb9 zxid:0x55 txntype:-1 reqpath:n/a Error Path:/brokers/topics/topology-app-id-userEarning-changelog/partitions/1 Error:KeeperErrorCode = NoNode for /brokers/topics/topology-app-id-userEarning-changelog/partitions/1
2018-03-21 09:06:22.763  INFO 17460 --- [0 cport:46253):] o.a.z.server.PrepRequestProcessor        : Got user-level KeeperException when processing sessionid:0x1624798348d0001 type:create cxid:0xba zxid:0x56 txntype:-1 reqpath:n/a Error Path:/brokers/topics/topology-app-id-userEarning-changelog/partitions Error:KeeperErrorCode = NoNode for /brokers/topics/topology-app-id-userEarning-changelog/partitions
2018-03-21 09:06:22.766  INFO 17460 --- [0 cport:46253):] o.a.z.server.PrepRequestProcessor        : Got user-level KeeperException when processing sessionid:0x1624798348d0001 type:create cxid:0xbe zxid:0x5a txntype:-1 reqpath:n/a Error Path:/brokers/topics/topology-app-id-userEarning-changelog/partitions/0 Error:KeeperErrorCode = NoNode for /brokers/topics/topology-app-id-userEarning-changelog/partitions/0
2018-03-21 09:06:22.828  INFO 17460 --- [    Test worker] o.s.w.r.handler.SimpleUrlHandlerMapping  : Mapped URL path [/webjars/**] onto handler of type [class org.springframework.web.reactive.resource.ResourceWebHandler]
2018-03-21 09:06:22.828  INFO 17460 --- [    Test worker] o.s.w.r.handler.SimpleUrlHandlerMapping  : Mapped URL path [/**] onto handler of type [class org.springframework.web.reactive.resource.ResourceWebHandler]
2018-03-21 09:06:22.834  INFO 17460 --- [-StreamThread-1] o.a.k.s.p.i.StreamPartitionAssignor      : stream-thread [topology-client-id-StreamThread-1-consumer] Assigned tasks to clients as {02e87308-ea15-4be2-acc0-cbc91ebd7add=[activeTasks: ([0_0, 0_1]) standbyTasks: ([]) assignedTasks: ([0_0, 0_1]) prevActiveTasks: ([]) prevAssignedTasks: ([0_0, 0_1]) capacity: 1]}.
2018-03-21 09:06:22.885  INFO 17460 --- [-StreamThread-1] o.a.k.c.c.internals.AbstractCoordinator  : [Consumer clientId=topology-client-id-StreamThread-1-consumer, groupId=topology-app-id] Successfully joined group with generation 1
2018-03-21 09:06:22.886  INFO 17460 --- [-StreamThread-1] o.a.k.c.c.internals.ConsumerCoordinator  : [Consumer clientId=topology-client-id-StreamThread-1-consumer, groupId=topology-app-id] Setting newly assigned partitions [rawUserEarningTopic-1, rawUserEarningTopic-0]
2018-03-21 09:06:22.887  INFO 17460 --- [-StreamThread-1] o.a.k.s.p.internals.StreamThread         : stream-thread [topology-client-id-StreamThread-1] State transition from PARTITIONS_REVOKED to PARTITIONS_ASSIGNED
2018-03-21 09:06:22.900  INFO 17460 --- [-StreamThread-1] o.a.k.s.p.internals.StreamThread         : stream-thread [topology-client-id-StreamThread-1] partition assignment took 13 ms.
	current active tasks: [0_0, 0_1]
	current standby tasks: []
	previous active tasks: []

2018-03-21 09:06:22.908  INFO 17460 --- [-StreamThread-1] o.a.k.s.p.internals.StreamThread         : stream-thread [topology-client-id-StreamThread-1] Setting topic 'rawUserEarningTopic' to consume from latest offset
2018-03-21 09:06:22.996  INFO 17460 --- [-StreamThread-1] h.e.c.topology.UserEarningProcessor      : processor init
2018-03-21 09:06:23.006  INFO 17460 --- [-StreamThread-1] h.e.c.topology.UserEarningProcessor      : processor init
2018-03-21 09:06:23.056  INFO 17460 --- [-StreamThread-1] o.a.k.s.p.internals.StreamThread         : stream-thread [topology-client-id-StreamThread-1] State transition from PARTITIONS_ASSIGNED to RUNNING
2018-03-21 09:06:23.057  INFO 17460 --- [-StreamThread-1] org.apache.kafka.streams.KafkaStreams    : stream-client [topology-client-id]State transition from REBALANCING to RUNNING
2018-03-21 09:06:23.253  INFO 17460 --- [    Test worker] .b.a.e.w.r.WebFluxEndpointHandlerMapping : Mapped "{[/actuator/health],methods=[GET],produces=[application/vnd.spring-boot.actuator.v2+json || application/json]}" onto public org.reactivestreams.Publisher<org.springframework.http.ResponseEntity<java.lang.Object>> org.springframework.boot.actuate.endpoint.web.reactive.AbstractWebFluxEndpointHandlerMapping$ReadOperationHandler.handle(org.springframework.web.server.ServerWebExchange)
2018-03-21 09:06:23.254  INFO 17460 --- [    Test worker] .b.a.e.w.r.WebFluxEndpointHandlerMapping : Mapped "{[/actuator/info],methods=[GET],produces=[application/vnd.spring-boot.actuator.v2+json || application/json]}" onto public org.reactivestreams.Publisher<org.springframework.http.ResponseEntity<java.lang.Object>> org.springframework.boot.actuate.endpoint.web.reactive.AbstractWebFluxEndpointHandlerMapping$ReadOperationHandler.handle(org.springframework.web.server.ServerWebExchange)
2018-03-21 09:06:23.255  INFO 17460 --- [    Test worker] .b.a.e.w.r.WebFluxEndpointHandlerMapping : Mapped "{[/actuator],methods=[GET],produces=[application/vnd.spring-boot.actuator.v2+json || application/json]}" onto protected java.util.Map<java.lang.String, java.util.Map<java.lang.String, org.springframework.boot.actuate.endpoint.web.Link>> org.springframework.boot.actuate.endpoint.web.reactive.WebFluxEndpointHandlerMapping.links(org.springframework.web.server.ServerWebExchange)
2018-03-21 09:06:23.300  INFO 17460 --- [    Test worker] o.s.w.r.r.m.a.ControllerMethodResolver   : Looking for @ControllerAdvice: org.springframework.boot.web.reactive.context.GenericReactiveWebApplicationContext@4daac079: startup date [Wed Mar 21 09:06:21 CET 2018]; root of context hierarchy
2018-03-21 09:06:23.611  INFO 17460 --- [    Test worker] o.a.k.clients.admin.AdminClientConfig    : AdminClientConfig values: 
	bootstrap.servers = [127.0.0.1:44063, 127.0.0.1:36171]
	client.id = 
	connections.max.idle.ms = 300000
	metadata.max.age.ms = 300000
	metric.reporters = []
	metrics.num.samples = 2
	metrics.recording.level = INFO
	metrics.sample.window.ms = 30000
	receive.buffer.bytes = 65536
	reconnect.backoff.max.ms = 1000
	reconnect.backoff.ms = 50
	request.timeout.ms = 120000
	retries = 5
	retry.backoff.ms = 100
	sasl.jaas.config = null
	sasl.kerberos.kinit.cmd = /usr/bin/kinit
	sasl.kerberos.min.time.before.relogin = 60000
	sasl.kerberos.service.name = null
	sasl.kerberos.ticket.renew.jitter = 0.05
	sasl.kerberos.ticket.renew.window.factor = 0.8
	sasl.mechanism = GSSAPI
	security.protocol = PLAINTEXT
	send.buffer.bytes = 131072
	ssl.cipher.suites = null
	ssl.enabled.protocols = [TLSv1.2, TLSv1.1, TLSv1]
	ssl.endpoint.identification.algorithm = null
	ssl.key.password = null
	ssl.keymanager.algorithm = SunX509
	ssl.keystore.location = null
	ssl.keystore.password = null
	ssl.keystore.type = JKS
	ssl.protocol = TLS
	ssl.provider = null
	ssl.secure.random.implementation = null
	ssl.trustmanager.algorithm = PKIX
	ssl.truststore.location = null
	ssl.truststore.password = null
	ssl.truststore.type = JKS

2018-03-21 09:06:23.612  INFO 17460 --- [    Test worker] o.a.kafka.common.utils.AppInfoParser     : Kafka version : 1.0.0
2018-03-21 09:06:23.612  INFO 17460 --- [    Test worker] o.a.kafka.common.utils.AppInfoParser     : Kafka commitId : aaa7af6d4a11b29d
2018-03-21 09:06:23.728  INFO 17460 --- [    Test worker] o.springframework.kafka.core.KafkaAdmin  : Topic 'userEarningTopic' exists but has a different partition count: 2 not 1
2018-03-21 09:06:23.738  INFO 17460 --- [    Test worker] o.s.c.support.DefaultLifecycleProcessor  : Starting beans in phase 2147482647
2018-03-21 09:06:23.739  INFO 17460 --- [    Test worker] o.a.k.s.p.internals.StreamThread         : stream-thread [topology-client-id-StreamThread-2] Creating restore consumer client
2018-03-21 09:06:23.739  INFO 17460 --- [    Test worker] o.a.k.clients.consumer.ConsumerConfig    : ConsumerConfig values: 
	auto.commit.interval.ms = 5000
	auto.offset.reset = earliest
	bootstrap.servers = [127.0.0.1:44063, 127.0.0.1:36171]
	check.crcs = true
	client.id = topology-client-id-StreamThread-2-restore-consumer
	connections.max.idle.ms = 540000
	enable.auto.commit = false
	exclude.internal.topics = true
	fetch.max.bytes = 52428800
	fetch.max.wait.ms = 500
	fetch.min.bytes = 1
	group.id = 
	heartbeat.interval.ms = 3000
	interceptor.classes = null
	internal.leave.group.on.close = false
	isolation.level = read_uncommitted
	key.deserializer = class org.apache.kafka.common.serialization.ByteArrayDeserializer
	max.partition.fetch.bytes = 1048576
	max.poll.interval.ms = 2147483647
	max.poll.records = 1000
	metadata.max.age.ms = 300000
	metric.reporters = []
	metrics.num.samples = 2
	metrics.recording.level = INFO
	metrics.sample.window.ms = 30000
	partition.assignment.strategy = [class org.apache.kafka.clients.consumer.RangeAssignor]
	receive.buffer.bytes = 65536
	reconnect.backoff.max.ms = 1000
	reconnect.backoff.ms = 50
	request.timeout.ms = 305000
	retry.backoff.ms = 100
	sasl.jaas.config = null
	sasl.kerberos.kinit.cmd = /usr/bin/kinit
	sasl.kerberos.min.time.before.relogin = 60000
	sasl.kerberos.service.name = null
	sasl.kerberos.ticket.renew.jitter = 0.05
	sasl.kerberos.ticket.renew.window.factor = 0.8
	sasl.mechanism = GSSAPI
	security.protocol = PLAINTEXT
	send.buffer.bytes = 131072
	session.timeout.ms = 10000
	ssl.cipher.suites = null
	ssl.enabled.protocols = [TLSv1.2, TLSv1.1, TLSv1]
	ssl.endpoint.identification.algorithm = null
	ssl.key.password = null
	ssl.keymanager.algorithm = SunX509
	ssl.keystore.location = null
	ssl.keystore.password = null
	ssl.keystore.type = JKS
	ssl.protocol = TLS
	ssl.provider = null
	ssl.secure.random.implementation = null
	ssl.trustmanager.algorithm = PKIX
	ssl.truststore.location = null
	ssl.truststore.password = null
	ssl.truststore.type = JKS
	value.deserializer = class org.apache.kafka.common.serialization.ByteArrayDeserializer

2018-03-21 09:06:23.741  INFO 17460 --- [    Test worker] o.a.kafka.common.utils.AppInfoParser     : Kafka version : 1.0.0
2018-03-21 09:06:23.741  INFO 17460 --- [    Test worker] o.a.kafka.common.utils.AppInfoParser     : Kafka commitId : aaa7af6d4a11b29d
2018-03-21 09:06:23.741  INFO 17460 --- [    Test worker] o.a.k.s.p.internals.StreamThread         : stream-thread [topology-client-id-StreamThread-2] Creating shared producer client
2018-03-21 09:06:23.742  INFO 17460 --- [    Test worker] o.a.k.clients.producer.ProducerConfig    : ProducerConfig values: 
	acks = 1
	batch.size = 16384
	bootstrap.servers = [127.0.0.1:44063, 127.0.0.1:36171]
	buffer.memory = 33554432
	client.id = topology-client-id-StreamThread-2-producer
	compression.type = none
	connections.max.idle.ms = 540000
	enable.idempotence = false
	interceptor.classes = null
	key.serializer = class org.apache.kafka.common.serialization.ByteArraySerializer
	linger.ms = 100
	max.block.ms = 60000
	max.in.flight.requests.per.connection = 5
	max.request.size = 1048576
	metadata.max.age.ms = 300000
	metric.reporters = []
	metrics.num.samples = 2
	metrics.recording.level = INFO
	metrics.sample.window.ms = 30000
	partitioner.class = class org.apache.kafka.clients.producer.internals.DefaultPartitioner
	receive.buffer.bytes = 32768
	reconnect.backoff.max.ms = 1000
	reconnect.backoff.ms = 50
	request.timeout.ms = 30000
	retries = 10
	retry.backoff.ms = 100
	sasl.jaas.config = null
	sasl.kerberos.kinit.cmd = /usr/bin/kinit
	sasl.kerberos.min.time.before.relogin = 60000
	sasl.kerberos.service.name = null
	sasl.kerberos.ticket.renew.jitter = 0.05
	sasl.kerberos.ticket.renew.window.factor = 0.8
	sasl.mechanism = GSSAPI
	security.protocol = PLAINTEXT
	send.buffer.bytes = 131072
	ssl.cipher.suites = null
	ssl.enabled.protocols = [TLSv1.2, TLSv1.1, TLSv1]
	ssl.endpoint.identification.algorithm = null
	ssl.key.password = null
	ssl.keymanager.algorithm = SunX509
	ssl.keystore.location = null
	ssl.keystore.password = null
	ssl.keystore.type = JKS
	ssl.protocol = TLS
	ssl.provider = null
	ssl.secure.random.implementation = null
	ssl.trustmanager.algorithm = PKIX
	ssl.truststore.location = null
	ssl.truststore.password = null
	ssl.truststore.type = JKS
	transaction.timeout.ms = 60000
	transactional.id = null
	value.serializer = class org.apache.kafka.common.serialization.ByteArraySerializer

2018-03-21 09:06:23.744  INFO 17460 --- [    Test worker] o.a.kafka.common.utils.AppInfoParser     : Kafka version : 1.0.0
2018-03-21 09:06:23.744  INFO 17460 --- [    Test worker] o.a.kafka.common.utils.AppInfoParser     : Kafka commitId : aaa7af6d4a11b29d
2018-03-21 09:06:23.744  INFO 17460 --- [    Test worker] o.a.k.s.p.internals.StreamThread         : stream-thread [topology-client-id-StreamThread-2] Creating consumer client
2018-03-21 09:06:23.744  INFO 17460 --- [    Test worker] o.a.k.clients.consumer.ConsumerConfig    : ConsumerConfig values: 
	auto.commit.interval.ms = 5000
	auto.offset.reset = earliest
	bootstrap.servers = [127.0.0.1:44063, 127.0.0.1:36171]
	check.crcs = true
	client.id = topology-client-id-StreamThread-2-consumer
	connections.max.idle.ms = 540000
	enable.auto.commit = false
	exclude.internal.topics = true
	fetch.max.bytes = 52428800
	fetch.max.wait.ms = 500
	fetch.min.bytes = 1
	group.id = topology-app-id
	heartbeat.interval.ms = 3000
	interceptor.classes = null
	internal.leave.group.on.close = false
	isolation.level = read_uncommitted
	key.deserializer = class org.apache.kafka.common.serialization.ByteArrayDeserializer
	max.partition.fetch.bytes = 1048576
	max.poll.interval.ms = 2147483647
	max.poll.records = 1000
	metadata.max.age.ms = 300000
	metric.reporters = []
	metrics.num.samples = 2
	metrics.recording.level = INFO
	metrics.sample.window.ms = 30000
	partition.assignment.strategy = [org.apache.kafka.streams.processor.internals.StreamPartitionAssignor]
	receive.buffer.bytes = 65536
	reconnect.backoff.max.ms = 1000
	reconnect.backoff.ms = 50
	request.timeout.ms = 305000
	retry.backoff.ms = 100
	sasl.jaas.config = null
	sasl.kerberos.kinit.cmd = /usr/bin/kinit
	sasl.kerberos.min.time.before.relogin = 60000
	sasl.kerberos.service.name = null
	sasl.kerberos.ticket.renew.jitter = 0.05
	sasl.kerberos.ticket.renew.window.factor = 0.8
	sasl.mechanism = GSSAPI
	security.protocol = PLAINTEXT
	send.buffer.bytes = 131072
	session.timeout.ms = 10000
	ssl.cipher.suites = null
	ssl.enabled.protocols = [TLSv1.2, TLSv1.1, TLSv1]
	ssl.endpoint.identification.algorithm = null
	ssl.key.password = null
	ssl.keymanager.algorithm = SunX509
	ssl.keystore.location = null
	ssl.keystore.password = null
	ssl.keystore.type = JKS
	ssl.protocol = TLS
	ssl.provider = null
	ssl.secure.random.implementation = null
	ssl.trustmanager.algorithm = PKIX
	ssl.truststore.location = null
	ssl.truststore.password = null
	ssl.truststore.type = JKS
	value.deserializer = class org.apache.kafka.common.serialization.ByteArrayDeserializer

2018-03-21 09:06:23.747  INFO 17460 --- [    Test worker] o.a.kafka.common.utils.AppInfoParser     : Kafka version : 1.0.0
2018-03-21 09:06:23.747  INFO 17460 --- [    Test worker] o.a.kafka.common.utils.AppInfoParser     : Kafka commitId : aaa7af6d4a11b29d
2018-03-21 09:06:23.817  INFO 17460 --- [    Test worker] org.apache.kafka.streams.KafkaStreams    : stream-client [topology-client-id]Started Streams client
2018-03-21 09:06:23.817  INFO 17460 --- [-StreamThread-2] o.a.k.s.p.internals.StreamThread         : stream-thread [topology-client-id-StreamThread-2] Starting
2018-03-21 09:06:23.817  INFO 17460 --- [    Test worker] o.s.c.support.DefaultLifecycleProcessor  : Starting beans in phase 2147483547
2018-03-21 09:06:23.817  INFO 17460 --- [-StreamThread-2] o.a.k.s.p.internals.StreamThread         : stream-thread [topology-client-id-StreamThread-2] State transition from CREATED to RUNNING
2018-03-21 09:06:23.828  INFO 17460 --- [-StreamThread-2] o.a.k.c.c.internals.AbstractCoordinator  : [Consumer clientId=topology-client-id-StreamThread-2-consumer, groupId=topology-app-id] Discovered coordinator localhost:36171 (id: 2147483646 rack: null)
2018-03-21 09:06:23.831  INFO 17460 --- [-StreamThread-2] o.a.k.c.c.internals.ConsumerCoordinator  : [Consumer clientId=topology-client-id-StreamThread-2-consumer, groupId=topology-app-id] Revoking previously assigned partitions []
2018-03-21 09:06:23.833  INFO 17460 --- [-StreamThread-2] o.a.k.s.p.internals.StreamThread         : stream-thread [topology-client-id-StreamThread-2] State transition from RUNNING to PARTITIONS_REVOKED
2018-03-21 09:06:23.833  INFO 17460 --- [-StreamThread-2] org.apache.kafka.streams.KafkaStreams    : stream-client [topology-client-id]State transition from RUNNING to REBALANCING
2018-03-21 09:06:23.833  INFO 17460 --- [-StreamThread-2] o.a.k.s.p.internals.StreamThread         : stream-thread [topology-client-id-StreamThread-2] partition revocation took 0 ms.
	suspended active tasks: []
	suspended standby tasks: []
2018-03-21 09:06:23.833  INFO 17460 --- [-StreamThread-2] o.a.k.c.c.internals.AbstractCoordinator  : [Consumer clientId=topology-client-id-StreamThread-2-consumer, groupId=topology-app-id] (Re-)joining group
2018-03-21 09:06:23.853  INFO 17460 --- [    Test worker] home.kafka.consumer.KafkaTopologyTest    : Started KafkaTopologyTest in 2.607 seconds (JVM running for 4.786)
2018-03-21 09:06:23.923  INFO 17460 --- [    Test worker] o.a.k.clients.producer.ProducerConfig    : ProducerConfig values: 
	acks = 1
	batch.size = 16384
	bootstrap.servers = [127.0.0.1:44063, 127.0.0.1:36171]
	buffer.memory = 33554432
	client.id = 
	compression.type = none
	connections.max.idle.ms = 540000
	enable.idempotence = false
	interceptor.classes = null
	key.serializer = class org.apache.kafka.common.serialization.StringSerializer
	linger.ms = 1
	max.block.ms = 60000
	max.in.flight.requests.per.connection = 5
	max.request.size = 1048576
	metadata.max.age.ms = 300000
	metric.reporters = []
	metrics.num.samples = 2
	metrics.recording.level = INFO
	metrics.sample.window.ms = 30000
	partitioner.class = class org.apache.kafka.clients.producer.internals.DefaultPartitioner
	receive.buffer.bytes = 32768
	reconnect.backoff.max.ms = 1000
	reconnect.backoff.ms = 50
	request.timeout.ms = 30000
	retries = 0
	retry.backoff.ms = 100
	sasl.jaas.config = null
	sasl.kerberos.kinit.cmd = /usr/bin/kinit
	sasl.kerberos.min.time.before.relogin = 60000
	sasl.kerberos.service.name = null
	sasl.kerberos.ticket.renew.jitter = 0.05
	sasl.kerberos.ticket.renew.window.factor = 0.8
	sasl.mechanism = GSSAPI
	security.protocol = PLAINTEXT
	send.buffer.bytes = 131072
	ssl.cipher.suites = null
	ssl.enabled.protocols = [TLSv1.2, TLSv1.1, TLSv1]
	ssl.endpoint.identification.algorithm = null
	ssl.key.password = null
	ssl.keymanager.algorithm = SunX509
	ssl.keystore.location = null
	ssl.keystore.password = null
	ssl.keystore.type = JKS
	ssl.protocol = TLS
	ssl.provider = null
	ssl.secure.random.implementation = null
	ssl.trustmanager.algorithm = PKIX
	ssl.truststore.location = null
	ssl.truststore.password = null
	ssl.truststore.type = JKS
	transaction.timeout.ms = 60000
	transactional.id = null
	value.serializer = class home.kafka.payload.user_earning.UserEarningSerde

2018-03-21 09:06:23.925  INFO 17460 --- [    Test worker] o.a.kafka.common.utils.AppInfoParser     : Kafka version : 1.0.0
2018-03-21 09:06:23.925  INFO 17460 --- [    Test worker] o.a.kafka.common.utils.AppInfoParser     : Kafka commitId : aaa7af6d4a11b29d
2018-03-21 09:06:23.985  INFO 17460 --- [    Test worker] o.a.k.clients.consumer.ConsumerConfig    : ConsumerConfig values: 
	auto.commit.interval.ms = 10
	auto.offset.reset = latest
	bootstrap.servers = [127.0.0.1:44063, 127.0.0.1:36171]
	check.crcs = true
	client.id = home.kafka.consumer
	connections.max.idle.ms = 540000
	enable.auto.commit = false
	exclude.internal.topics = true
	fetch.max.bytes = 52428800
	fetch.max.wait.ms = 500
	fetch.min.bytes = 1
	group.id = home.kafka.consumer
	heartbeat.interval.ms = 3000
	interceptor.classes = null
	internal.leave.group.on.close = true
	isolation.level = read_uncommitted
	key.deserializer = class org.apache.kafka.common.serialization.StringDeserializer
	max.partition.fetch.bytes = 1048576
	max.poll.interval.ms = 300000
	max.poll.records = 500
	metadata.max.age.ms = 300000
	metric.reporters = []
	metrics.num.samples = 2
	metrics.recording.level = INFO
	metrics.sample.window.ms = 30000
	partition.assignment.strategy = [class org.apache.kafka.clients.consumer.RangeAssignor]
	receive.buffer.bytes = 65536
	reconnect.backoff.max.ms = 1000
	reconnect.backoff.ms = 50
	request.timeout.ms = 305000
	retry.backoff.ms = 100
	sasl.jaas.config = null
	sasl.kerberos.kinit.cmd = /usr/bin/kinit
	sasl.kerberos.min.time.before.relogin = 60000
	sasl.kerberos.service.name = null
	sasl.kerberos.ticket.renew.jitter = 0.05
	sasl.kerberos.ticket.renew.window.factor = 0.8
	sasl.mechanism = GSSAPI
	security.protocol = PLAINTEXT
	send.buffer.bytes = 131072
	session.timeout.ms = 60000
	ssl.cipher.suites = null
	ssl.enabled.protocols = [TLSv1.2, TLSv1.1, TLSv1]
	ssl.endpoint.identification.algorithm = null
	ssl.key.password = null
	ssl.keymanager.algorithm = SunX509
	ssl.keystore.location = null
	ssl.keystore.password = null
	ssl.keystore.type = JKS
	ssl.protocol = TLS
	ssl.provider = null
	ssl.secure.random.implementation = null
	ssl.trustmanager.algorithm = PKIX
	ssl.truststore.location = null
	ssl.truststore.password = null
	ssl.truststore.type = JKS
	value.deserializer = class home.kafka.payload.user_earning.UserEarningSerde

2018-03-21 09:06:23.987  WARN 17460 --- [    Test worker] o.a.k.clients.consumer.ConsumerConfig    : The configuration 'application.id' was supplied but isn't a known config.
2018-03-21 09:06:23.987  INFO 17460 --- [    Test worker] o.a.kafka.common.utils.AppInfoParser     : Kafka version : 1.0.0
2018-03-21 09:06:23.987  INFO 17460 --- [    Test worker] o.a.kafka.common.utils.AppInfoParser     : Kafka commitId : aaa7af6d4a11b29d
2018-03-21 09:06:23.991  INFO 17460 --- [    Test worker] o.s.s.c.ThreadPoolTaskScheduler          : Initializing ExecutorService 
2018-03-21 09:06:24.009  INFO 17460 --- [           -C-1] o.a.k.c.c.internals.AbstractCoordinator  : [Consumer clientId=home.kafka.consumer, groupId=home.kafka.consumer] Discovered coordinator localhost:36171 (id: 2147483646 rack: null)
2018-03-21 09:06:24.010  INFO 17460 --- [           -C-1] o.a.k.c.c.internals.ConsumerCoordinator  : [Consumer clientId=home.kafka.consumer, groupId=home.kafka.consumer] Revoking previously assigned partitions []
2018-03-21 09:06:24.011  INFO 17460 --- [           -C-1] o.s.k.l.KafkaMessageListenerContainer    : partitions revoked: []
2018-03-21 09:06:24.011  INFO 17460 --- [           -C-1] o.a.k.c.c.internals.AbstractCoordinator  : [Consumer clientId=home.kafka.consumer, groupId=home.kafka.consumer] (Re-)joining group
2018-03-21 09:06:24.017  INFO 17460 --- [           -C-1] o.a.k.c.c.internals.AbstractCoordinator  : [Consumer clientId=home.kafka.consumer, groupId=home.kafka.consumer] Successfully joined group with generation 1
2018-03-21 09:06:24.019  INFO 17460 --- [           -C-1] o.a.k.c.c.internals.ConsumerCoordinator  : [Consumer clientId=home.kafka.consumer, groupId=home.kafka.consumer] Setting newly assigned partitions [userEarningTopic-0, userEarningTopic-1]
2018-03-21 09:06:24.038  INFO 17460 --- [           -C-1] o.s.k.l.KafkaMessageListenerContainer    : partitions assigned: [userEarningTopic-0, userEarningTopic-1]
2018-03-21 09:06:24.047  INFO 17460 --- [-StreamThread-1] h.e.c.topology.UserEarningProcessor      : to process key: UUID with userEarning: {"id":1,"uuid":"UUID","firstName":"Guido","lastName":"Milanezo","age":22,"totalEarned":0,"jobEarnings":[{"companyName":"linkedin","months":12,"salary":90000,"earning":90000.00}]}
2018-03-21 09:06:25.889  INFO 17460 --- [-StreamThread-1] o.a.k.c.c.internals.ConsumerCoordinator  : [Consumer clientId=topology-client-id-StreamThread-1-consumer, groupId=topology-app-id] Revoking previously assigned partitions [rawUserEarningTopic-1, rawUserEarningTopic-0]
2018-03-21 09:06:25.889  INFO 17460 --- [-StreamThread-1] o.a.k.s.p.internals.StreamThread         : stream-thread [topology-client-id-StreamThread-1] State transition from RUNNING to PARTITIONS_REVOKED
2018-03-21 09:06:25.889  INFO 17460 --- [-StreamThread-1] org.apache.kafka.streams.KafkaStreams    : stream-client [topology-client-id]State transition from RUNNING to REBALANCING
2018-03-21 09:06:25.891  INFO 17460 --- [-StreamThread-1] h.e.c.topology.UserEarningProcessor      : processor close time!
2018-03-21 09:06:25.892  INFO 17460 --- [-StreamThread-1] h.e.c.topology.UserEarningProcessor      : processor close time!
2018-03-21 09:06:25.892  INFO 17460 --- [-StreamThread-1] o.a.k.s.p.internals.StreamThread         : stream-thread [topology-client-id-StreamThread-1] partition revocation took 3 ms.
	suspended active tasks: [0_0, 0_1]
	suspended standby tasks: []
2018-03-21 09:06:25.892  INFO 17460 --- [-StreamThread-1] o.a.k.c.c.internals.AbstractCoordinator  : [Consumer clientId=topology-client-id-StreamThread-1-consumer, groupId=topology-app-id] (Re-)joining group
2018-03-21 09:06:25.998  INFO 17460 --- [-StreamThread-1] o.a.k.s.p.i.StreamPartitionAssignor      : stream-thread [topology-client-id-StreamThread-1-consumer] Assigned tasks to clients as {92afc382-469d-4303-89a4-7af3237d5a50=[activeTasks: ([0_1]) standbyTasks: ([]) assignedTasks: ([0_1]) prevActiveTasks: ([]) prevAssignedTasks: ([0_0, 0_1]) capacity: 1], 02e87308-ea15-4be2-acc0-cbc91ebd7add=[activeTasks: ([0_0]) standbyTasks: ([]) assignedTasks: ([0_0]) prevActiveTasks: ([0_0, 0_1]) prevAssignedTasks: ([0_0, 0_1]) capacity: 1]}.
2018-03-21 09:06:26.001  INFO 17460 --- [-StreamThread-1] o.a.k.c.c.internals.AbstractCoordinator  : [Consumer clientId=topology-client-id-StreamThread-1-consumer, groupId=topology-app-id] Successfully joined group with generation 2
2018-03-21 09:06:26.002  INFO 17460 --- [-StreamThread-2] o.a.k.c.c.internals.AbstractCoordinator  : [Consumer clientId=topology-client-id-StreamThread-2-consumer, groupId=topology-app-id] Successfully joined group with generation 2
2018-03-21 09:06:26.003  INFO 17460 --- [-StreamThread-1] o.a.k.c.c.internals.ConsumerCoordinator  : [Consumer clientId=topology-client-id-StreamThread-1-consumer, groupId=topology-app-id] Setting newly assigned partitions [rawUserEarningTopic-0]
2018-03-21 09:06:26.004  INFO 17460 --- [-StreamThread-1] o.a.k.s.p.internals.StreamThread         : stream-thread [topology-client-id-StreamThread-1] State transition from PARTITIONS_REVOKED to PARTITIONS_ASSIGNED
2018-03-21 09:06:26.005 ERROR 17460 --- [-StreamThread-2] o.a.k.s.p.internals.StreamThread         : stream-thread [topology-client-id-StreamThread-2] Encountered the following error during processing:

java.lang.IllegalArgumentException: Assigned partition rawUserEarningTopic-1 for non-subscribed topic regex pattern; subscription pattern is 
	at org.apache.kafka.clients.consumer.internals.SubscriptionState.assignFromSubscribed(SubscriptionState.java:195) ~[kafka-clients-1.0.0.jar:na]
	at org.apache.kafka.clients.consumer.internals.ConsumerCoordinator.onJoinComplete(ConsumerCoordinator.java:225) ~[kafka-clients-1.0.0.jar:na]
	at org.apache.kafka.clients.consumer.internals.AbstractCoordinator.joinGroupIfNeeded(AbstractCoordinator.java:367) ~[kafka-clients-1.0.0.jar:na]
	at org.apache.kafka.clients.consumer.internals.AbstractCoordinator.ensureActiveGroup(AbstractCoordinator.java:316) ~[kafka-clients-1.0.0.jar:na]
	at org.apache.kafka.clients.consumer.internals.ConsumerCoordinator.poll(ConsumerCoordinator.java:295) ~[kafka-clients-1.0.0.jar:na]
	at org.apache.kafka.clients.consumer.KafkaConsumer.pollOnce(KafkaConsumer.java:1138) ~[kafka-clients-1.0.0.jar:na]
	at org.apache.kafka.clients.consumer.KafkaConsumer.poll(KafkaConsumer.java:1103) ~[kafka-clients-1.0.0.jar:na]
	at org.apache.kafka.streams.processor.internals.StreamThread.pollRequests(StreamThread.java:851) ~[kafka-streams-1.0.0.jar:na]
	at org.apache.kafka.streams.processor.internals.StreamThread.runOnce(StreamThread.java:808) ~[kafka-streams-1.0.0.jar:na]
	at org.apache.kafka.streams.processor.internals.StreamThread.runLoop(StreamThread.java:774) ~[kafka-streams-1.0.0.jar:na]
	at org.apache.kafka.streams.processor.internals.StreamThread.run(StreamThread.java:744) ~[kafka-streams-1.0.0.jar:na]

2018-03-21 09:06:26.006  INFO 17460 --- [-StreamThread-2] o.a.k.s.p.internals.StreamThread         : stream-thread [topology-client-id-StreamThread-2] State transition from PARTITIONS_REVOKED to PENDING_SHUTDOWN
2018-03-21 09:06:26.006  INFO 17460 --- [-StreamThread-2] o.a.k.s.p.internals.StreamThread         : stream-thread [topology-client-id-StreamThread-2] Shutting down
2018-03-21 09:06:26.006  INFO 17460 --- [-StreamThread-1] h.e.c.topology.UserEarningProcessor      : processor init
2018-03-21 09:06:26.007  INFO 17460 --- [-StreamThread-2] o.a.k.clients.producer.KafkaProducer     : [Producer clientId=topology-client-id-StreamThread-2-producer] Closing the Kafka producer with timeoutMillis = 9223372036854775807 ms.
2018-03-21 09:06:26.007  INFO 17460 --- [-StreamThread-1] o.a.k.s.p.internals.StreamThread         : stream-thread [topology-client-id-StreamThread-1] partition assignment took 3 ms.
	current active tasks: [0_0]
	current standby tasks: []
	previous active tasks: [0_0, 0_1]

2018-03-21 09:06:26.009  INFO 17460 --- [-StreamThread-1] o.a.k.s.p.internals.StreamThread         : stream-thread [topology-client-id-StreamThread-1] Setting topic 'rawUserEarningTopic' to consume from latest offset
2018-03-21 09:06:26.009  INFO 17460 --- [-StreamThread-1] o.a.k.s.p.internals.StreamThread         : stream-thread [topology-client-id-StreamThread-1] State transition from PARTITIONS_ASSIGNED to RUNNING
2018-03-21 09:06:26.009  INFO 17460 --- [-StreamThread-1] org.apache.kafka.streams.KafkaStreams    : stream-client [topology-client-id]State transition from REBALANCING to RUNNING
2018-03-21 09:06:26.013  INFO 17460 --- [-StreamThread-2] o.a.k.s.p.internals.StreamThread         : stream-thread [topology-client-id-StreamThread-2] State transition from PENDING_SHUTDOWN to DEAD
2018-03-21 09:06:26.013  INFO 17460 --- [-StreamThread-2] org.apache.kafka.streams.KafkaStreams    : stream-client [topology-client-id]State transition from REBALANCING to ERROR
2018-03-21 09:06:26.013  WARN 17460 --- [-StreamThread-2] org.apache.kafka.streams.KafkaStreams    : stream-client [topology-client-id]All stream threads have died. The instance will be in error state and should be closed.
2018-03-21 09:06:26.013  INFO 17460 --- [-StreamThread-2] o.a.k.s.p.internals.StreamThread         : stream-thread [topology-client-id-StreamThread-2] Shutdown complete
2018-03-21 09:06:38.004  INFO 17460 --- [-StreamThread-1] o.a.k.c.c.internals.ConsumerCoordinator  : [Consumer clientId=topology-client-id-StreamThread-1-consumer, groupId=topology-app-id] Revoking previously assigned partitions [rawUserEarningTopic-0]
2018-03-21 09:06:38.004  INFO 17460 --- [-StreamThread-1] o.a.k.s.p.internals.StreamThread         : stream-thread [topology-client-id-StreamThread-1] State transition from RUNNING to PARTITIONS_REVOKED
2018-03-21 09:06:38.004  INFO 17460 --- [-StreamThread-1] org.apache.kafka.streams.KafkaStreams    : stream-client [topology-client-id]State transition from RUNNING to REBALANCING
2018-03-21 09:06:38.005  INFO 17460 --- [-StreamThread-1] h.e.c.topology.UserEarningProcessor      : processor close time!
2018-03-21 09:06:38.005  INFO 17460 --- [-StreamThread-1] o.a.k.s.p.internals.StreamThread         : stream-thread [topology-client-id-StreamThread-1] partition revocation took 1 ms.
	suspended active tasks: [0_0]
	suspended standby tasks: []
2018-03-21 09:06:38.006  INFO 17460 --- [-StreamThread-1] o.a.k.c.c.internals.AbstractCoordinator  : [Consumer clientId=topology-client-id-StreamThread-1-consumer, groupId=topology-app-id] (Re-)joining group
2018-03-21 09:06:38.111  INFO 17460 --- [-StreamThread-1] o.a.k.s.p.i.StreamPartitionAssignor      : stream-thread [topology-client-id-StreamThread-1-consumer] Assigned tasks to clients as {02e87308-ea15-4be2-acc0-cbc91ebd7add=[activeTasks: ([0_0, 0_1]) standbyTasks: ([]) assignedTasks: ([0_0, 0_1]) prevActiveTasks: ([0_0]) prevAssignedTasks: ([0_0, 0_1]) capacity: 1]}.
2018-03-21 09:06:38.113  INFO 17460 --- [-StreamThread-1] o.a.k.c.c.internals.AbstractCoordinator  : [Consumer clientId=topology-client-id-StreamThread-1-consumer, groupId=topology-app-id] Successfully joined group with generation 3
2018-03-21 09:06:38.114  INFO 17460 --- [-StreamThread-1] o.a.k.c.c.internals.ConsumerCoordinator  : [Consumer clientId=topology-client-id-StreamThread-1-consumer, groupId=topology-app-id] Setting newly assigned partitions [rawUserEarningTopic-1, rawUserEarningTopic-0]
2018-03-21 09:06:38.114  INFO 17460 --- [-StreamThread-1] o.a.k.s.p.internals.StreamThread         : stream-thread [topology-client-id-StreamThread-1] State transition from PARTITIONS_REVOKED to PARTITIONS_ASSIGNED
2018-03-21 09:06:38.115  INFO 17460 --- [-StreamThread-1] h.e.c.topology.UserEarningProcessor      : processor init
2018-03-21 09:06:38.116  INFO 17460 --- [-StreamThread-1] o.a.k.s.p.internals.StreamThread         : stream-thread [topology-client-id-StreamThread-1] partition assignment took 2 ms.
	current active tasks: [0_0, 0_1]
	current standby tasks: []
	previous active tasks: [0_0]

2018-03-21 09:06:38.118  INFO 17460 --- [-StreamThread-1] o.a.k.s.p.internals.StreamThread         : stream-thread [topology-client-id-StreamThread-1] Setting topic 'rawUserEarningTopic' to consume from latest offset
2018-03-21 09:06:38.122  INFO 17460 --- [-StreamThread-1] h.e.c.topology.UserEarningProcessor      : processor init
2018-03-21 09:06:38.124  INFO 17460 --- [-StreamThread-1] o.a.k.s.p.internals.StreamThread         : stream-thread [topology-client-id-StreamThread-1] State transition from PARTITIONS_ASSIGNED to RUNNING
2018-03-21 09:06:38.125  INFO 17460 --- [-StreamThread-1] org.apache.kafka.streams.KafkaStreams    : stream-client [topology-client-id]State transition from REBALANCING to RUNNING
2018-03-21 09:06:38.142  INFO 17460 --- [-StreamThread-1] h.e.c.topology.UserEarningProcessor      : forwared key: UUID with userEarning: {"id":1,"uuid":"UUID","firstName":"Guido","lastName":"Milanezo","age":22,"totalEarned":90000,"jobEarnings":[{"companyName":"linkedin","months":12,"salary":90000,"earning":90000.00}]}
2018-03-21 09:06:38.248  INFO 17460 --- [    Test worker] r.c.GenericReactiveWebApplicationContext : Closing org.springframework.boot.web.reactive.context.GenericReactiveWebApplicationContext@4daac079: startup date [Wed Mar 21 09:06:21 CET 2018]; root of context hierarchy
2018-03-21 09:06:38.250  INFO 17460 --- [    Test worker] o.s.c.support.DefaultLifecycleProcessor  : Stopping beans in phase 2147483547
2018-03-21 09:06:38.250  INFO 17460 --- [    Test worker] o.s.c.support.DefaultLifecycleProcessor  : Stopping beans in phase 2147482647
2018-03-21 09:06:38.250  INFO 17460 --- [    Test worker] org.apache.kafka.streams.KafkaStreams    : stream-client [topology-client-id]State transition from ERROR to PENDING_SHUTDOWN
2018-03-21 09:06:38.250  INFO 17460 --- [    Test worker] o.a.k.s.p.internals.StreamThread         : stream-thread [topology-client-id-StreamThread-2] Informed to shut down
2018-03-21 09:06:38.252  INFO 17460 --- [ms-close-thread] org.apache.kafka.streams.KafkaStreams    : stream-client [topology-client-id]State transition from PENDING_SHUTDOWN to NOT_RUNNING
2018-03-21 09:06:38.252  INFO 17460 --- [    Test worker] org.apache.kafka.streams.KafkaStreams    : stream-client [topology-client-id]Streams client stopped completely
2018-03-21 09:06:38.253  INFO 17460 --- [    Test worker] o.s.c.support.DefaultLifecycleProcessor  : Stopping beans in phase 0
2018-03-21 09:06:38.254  INFO 17460 --- [    Test worker] h.e.c.topology.UserEarningProcessor      : processor close time!
2018-03-21 09:06:38.254  INFO 17460 --- [    Test worker] org.apache.kafka.streams.KafkaStreams    : stream-client [topology-client-id]State transition from RUNNING to PENDING_SHUTDOWN
2018-03-21 09:06:38.254  INFO 17460 --- [    Test worker] o.a.k.s.p.internals.StreamThread         : stream-thread [topology-client-id-StreamThread-1] Informed to shut down
2018-03-21 09:06:38.254  INFO 17460 --- [    Test worker] o.a.k.s.p.internals.StreamThread         : stream-thread [topology-client-id-StreamThread-1] State transition from RUNNING to PENDING_SHUTDOWN
2018-03-21 09:06:38.344  INFO 17460 --- [-StreamThread-1] o.a.k.s.p.internals.StreamThread         : stream-thread [topology-client-id-StreamThread-1] Shutting down
2018-03-21 09:06:38.345  INFO 17460 --- [-StreamThread-1] h.e.c.topology.UserEarningProcessor      : processor close time!
2018-03-21 09:06:38.346  INFO 17460 --- [-StreamThread-1] h.e.c.topology.UserEarningProcessor      : processor close time!
2018-03-21 09:06:38.347  INFO 17460 --- [-StreamThread-1] o.a.k.clients.producer.KafkaProducer     : [Producer clientId=topology-client-id-StreamThread-1-producer] Closing the Kafka producer with timeoutMillis = 9223372036854775807 ms.
2018-03-21 09:06:38.351  INFO 17460 --- [-StreamThread-1] o.a.k.s.p.internals.StreamThread         : stream-thread [topology-client-id-StreamThread-1] State transition from PENDING_SHUTDOWN to DEAD
2018-03-21 09:06:38.351  INFO 17460 --- [-StreamThread-1] o.a.k.s.p.internals.StreamThread         : stream-thread [topology-client-id-StreamThread-1] Shutdown complete
2018-03-21 09:06:38.351  INFO 17460 --- [ms-close-thread] org.apache.kafka.streams.KafkaStreams    : stream-client [topology-client-id]State transition from PENDING_SHUTDOWN to NOT_RUNNING
2018-03-21 09:06:38.351  INFO 17460 --- [    Test worker] org.apache.kafka.streams.KafkaStreams    : stream-client [topology-client-id]Streams client stopped completely
2018-03-21 09:06:38.441  WARN 17460 --- [           -C-1] org.apache.kafka.clients.NetworkClient   : [Consumer clientId=home.kafka.consumer, groupId=home.kafka.consumer] Connection to node 0 could not be established. Broker may not be available.
2018-03-21 09:06:38.494  WARN 17460 --- [r-0-send-thread] org.apache.kafka.clients.NetworkClient   : [Controller id=0, targetBrokerId=0] Connection to node 0 could not be established. Broker may not be available.
2018-03-21 09:06:38.543  WARN 17460 --- [           -C-1] org.apache.kafka.clients.NetworkClient   : [Consumer clientId=home.kafka.consumer, groupId=home.kafka.consumer] Connection to node 0 could not be established. Broker may not be available.
2018-03-21 09:06:38.596  WARN 17460 --- [r-0-send-thread] org.apache.kafka.clients.NetworkClient   : [Controller id=0, targetBrokerId=0] Connection to node 0 could not be established. Broker may not be available.
2018-03-21 09:06:38.697  WARN 17460 --- [r-0-send-thread] org.apache.kafka.clients.NetworkClient   : [Controller id=0, targetBrokerId=0] Connection to node 0 could not be established. Broker may not be available.
2018-03-21 09:06:38.798  WARN 17460 --- [r-0-send-thread] org.apache.kafka.clients.NetworkClient   : [Controller id=0, targetBrokerId=0] Connection to node 0 could not be established. Broker may not be available.
2018-03-21 09:06:38.898  WARN 17460 --- [r-0-send-thread] org.apache.kafka.clients.NetworkClient   : [Controller id=0, targetBrokerId=0] Connection to node 0 could not be established. Broker may not be available.
2018-03-21 09:06:38.999  WARN 17460 --- [r-0-send-thread] org.apache.kafka.clients.NetworkClient   : [Controller id=0, targetBrokerId=0] Connection to node 0 could not be established. Broker may not be available.
2018-03-21 09:06:39.100  WARN 17460 --- [r-0-send-thread] org.apache.kafka.clients.NetworkClient   : [Controller id=0, targetBrokerId=0] Connection to node 0 could not be established. Broker may not be available.
2018-03-21 09:06:39.201  WARN 17460 --- [r-0-send-thread] org.apache.kafka.clients.NetworkClient   : [Controller id=0, targetBrokerId=0] Connection to node 0 could not be established. Broker may not be available.
2018-03-21 09:06:39.301  WARN 17460 --- [r-0-send-thread] org.apache.kafka.clients.NetworkClient   : [Controller id=0, targetBrokerId=0] Connection to node 0 could not be established. Broker may not be available.
2018-03-21 09:06:39.402  WARN 17460 --- [r-0-send-thread] org.apache.kafka.clients.NetworkClient   : [Controller id=0, targetBrokerId=0] Connection to node 0 could not be established. Broker may not be available.
2018-03-21 09:06:39.503  WARN 17460 --- [r-0-send-thread] org.apache.kafka.clients.NetworkClient   : [Controller id=0, targetBrokerId=0] Connection to node 0 could not be established. Broker may not be available.
2018-03-21 09:06:39.604  WARN 17460 --- [r-0-send-thread] org.apache.kafka.clients.NetworkClient   : [Controller id=0, targetBrokerId=0] Connection to node 0 could not be established. Broker may not be available.
2018-03-21 09:06:39.704  WARN 17460 --- [r-0-send-thread] org.apache.kafka.clients.NetworkClient   : [Controller id=0, targetBrokerId=0] Connection to node 0 could not be established. Broker may not be available.
2018-03-21 09:06:39.805  WARN 17460 --- [r-0-send-thread] org.apache.kafka.clients.NetworkClient   : [Controller id=0, targetBrokerId=0] Connection to node 0 could not be established. Broker may not be available.
2018-03-21 09:06:39.906  WARN 17460 --- [r-0-send-thread] org.apache.kafka.clients.NetworkClient   : [Controller id=0, targetBrokerId=0] Connection to node 0 could not be established. Broker may not be available.
2018-03-21 09:06:40.007  WARN 17460 --- [r-0-send-thread] org.apache.kafka.clients.NetworkClient   : [Controller id=0, targetBrokerId=0] Connection to node 0 could not be established. Broker may not be available.
2018-03-21 09:06:40.107  WARN 17460 --- [r-0-send-thread] org.apache.kafka.clients.NetworkClient   : [Controller id=0, targetBrokerId=0] Connection to node 0 could not be established. Broker may not be available.
2018-03-21 09:06:40.208  WARN 17460 --- [r-0-send-thread] org.apache.kafka.clients.NetworkClient   : [Controller id=0, targetBrokerId=0] Connection to node 0 could not be established. Broker may not be available.
2018-03-21 09:06:40.309  WARN 17460 --- [r-0-send-thread] org.apache.kafka.clients.NetworkClient   : [Controller id=0, targetBrokerId=0] Connection to node 0 could not be established. Broker may not be available.
2018-03-21 09:06:40.328  INFO 17460 --- [127.0.0.1:46253] org.I0Itec.zkclient.ZkEventThread        : Terminate ZkClient event thread.
2018-03-21 09:06:40.328  INFO 17460 --- [0 cport:46253):] o.a.z.server.PrepRequestProcessor        : Processed session termination for sessionid: 0x1624798348d0001
2018-03-21 09:06:40.329  INFO 17460 --- [    Test worker] org.apache.zookeeper.ZooKeeper           : Session: 0x1624798348d0001 closed
2018-03-21 09:06:40.329  INFO 17460 --- [ker-EventThread] org.apache.zookeeper.ClientCnxn          : EventThread shut down for session: 0x1624798348d0001
2018-03-21 09:06:40.330  INFO 17460 --- [ry:/127.0.0.1:0] o.apache.zookeeper.server.NIOServerCnxn  : Closed socket connection for client /127.0.0.1:58076 which had sessionid 0x1624798348d0001
2018-03-21 09:06:40.359  INFO 17460 --- [0 cport:46253):] o.a.z.server.PrepRequestProcessor        : Got user-level KeeperException when processing sessionid:0x1624798348d0002 type:delete cxid:0x60 zxid:0x64 txntype:-1 reqpath:n/a Error Path:/admin/preferred_replica_election Error:KeeperErrorCode = NoNode for /admin/preferred_replica_election
2018-03-21 09:06:40.675  WARN 17460 --- [           -C-1] org.apache.kafka.clients.NetworkClient   : [Consumer clientId=home.kafka.consumer, groupId=home.kafka.consumer] Connection to node 0 could not be established. Broker may not be available.
2018-03-21 09:06:40.676  WARN 17460 --- [ad | producer-1] org.apache.kafka.clients.NetworkClient   : [Producer clientId=producer-1] Connection to node 0 could not be established. Broker may not be available.
2018-03-21 09:06:40.676  INFO 17460 --- [           -C-1] o.a.k.c.c.internals.AbstractCoordinator  : [Consumer clientId=home.kafka.consumer, groupId=home.kafka.consumer] Marking the coordinator localhost:36171 (id: 2147483646 rack: null) dead
2018-03-21 09:06:40.727  WARN 17460 --- [ad | producer-1] org.apache.kafka.clients.NetworkClient   : [Producer clientId=producer-1] Connection to node 1 could not be established. Broker may not be available.
2018-03-21 09:06:40.727  WARN 17460 --- [ad | producer-1] org.apache.kafka.clients.NetworkClient   : [Producer clientId=producer-1] Connection to node 0 could not be established. Broker may not be available.
2018-03-21 09:06:40.728  WARN 17460 --- [           -C-1] org.apache.kafka.clients.NetworkClient   : [Consumer clientId=home.kafka.consumer, groupId=home.kafka.consumer] Connection to node 1 could not be established. Broker may not be available.
2018-03-21 09:06:40.828  WARN 17460 --- [ad | producer-1] org.apache.kafka.clients.NetworkClient   : [Producer clientId=producer-1] Connection to node 0 could not be established. Broker may not be available.
2018-03-21 09:06:40.879  WARN 17460 --- [ad | producer-1] org.apache.kafka.clients.NetworkClient   : [Producer clientId=producer-1] Connection to node 1 could not be established. Broker may not be available.
2018-03-21 09:06:40.879  WARN 17460 --- [           -C-1] org.apache.kafka.clients.NetworkClient   : [Consumer clientId=home.kafka.consumer, groupId=home.kafka.consumer] Connection to node 1 could not be established. Broker may not be available.
2018-03-21 09:06:41.080  WARN 17460 --- [ad | producer-1] org.apache.kafka.clients.NetworkClient   : [Producer clientId=producer-1] Connection to node 0 could not be established. Broker may not be available.
2018-03-21 09:06:41.080  WARN 17460 --- [           -C-1] org.apache.kafka.clients.NetworkClient   : [Consumer clientId=home.kafka.consumer, groupId=home.kafka.consumer] Connection to node 1 could not be established. Broker may not be available.
2018-03-21 09:06:41.131  WARN 17460 --- [ad | producer-1] org.apache.kafka.clients.NetworkClient   : [Producer clientId=producer-1] Connection to node 1 could not be established. Broker may not be available.
2018-03-21 09:06:41.131  WARN 17460 --- [           -C-1] org.apache.kafka.clients.NetworkClient   : [Consumer clientId=home.kafka.consumer, groupId=home.kafka.consumer] Connection to node 0 could not be established. Broker may not be available.
2018-03-21 09:06:41.432  WARN 17460 --- [ad | producer-1] org.apache.kafka.clients.NetworkClient   : [Producer clientId=producer-1] Connection to node 0 could not be established. Broker may not be available.
2018-03-21 09:06:41.432  WARN 17460 --- [           -C-1] org.apache.kafka.clients.NetworkClient   : [Consumer clientId=home.kafka.consumer, groupId=home.kafka.consumer] Connection to node 1 could not be established. Broker may not be available.
2018-03-21 09:06:41.499  INFO 17460 --- [127.0.0.1:46253] org.I0Itec.zkclient.ZkEventThread        : Terminate ZkClient event thread.
2018-03-21 09:06:41.499  INFO 17460 --- [0 cport:46253):] o.a.z.server.PrepRequestProcessor        : Processed session termination for sessionid: 0x1624798348d0002
2018-03-21 09:06:41.499  INFO 17460 --- [    Test worker] org.apache.zookeeper.ZooKeeper           : Session: 0x1624798348d0002 closed
2018-03-21 09:06:41.499  INFO 17460 --- [ker-EventThread] org.apache.zookeeper.ClientCnxn          : EventThread shut down for session: 0x1624798348d0002
2018-03-21 09:06:41.500  INFO 17460 --- [ry:/127.0.0.1:0] o.apache.zookeeper.server.NIOServerCnxn  : Closed socket connection for client /127.0.0.1:58078 which had sessionid 0x1624798348d0002
2018-03-21 09:06:41.503  INFO 17460 --- [127.0.0.1:46253] org.I0Itec.zkclient.ZkEventThread        : Terminate ZkClient event thread.
2018-03-21 09:06:41.503  INFO 17460 --- [0 cport:46253):] o.a.z.server.PrepRequestProcessor        : Processed session termination for sessionid: 0x1624798348d0000
2018-03-21 09:06:41.503  INFO 17460 --- [    Test worker] org.apache.zookeeper.ZooKeeper           : Session: 0x1624798348d0000 closed
2018-03-21 09:06:41.503  INFO 17460 --- [ker-EventThread] org.apache.zookeeper.ClientCnxn          : EventThread shut down for session: 0x1624798348d0000
2018-03-21 09:06:41.503  INFO 17460 --- [ry:/127.0.0.1:0] o.apache.zookeeper.server.NIOServerCnxn  : Closed socket connection for client /127.0.0.1:58074 which had sessionid 0x1624798348d0000
2018-03-21 09:06:41.504  INFO 17460 --- [    Test worker] o.a.zookeeper.server.ZooKeeperServer     : shutting down
2018-03-21 09:06:41.504 ERROR 17460 --- [    Test worker] o.a.zookeeper.server.ZooKeeperServer     : ZKShutdownHandler is not registered, so ZooKeeper server won't take any action on ERROR or SHUTDOWN server state changes
2018-03-21 09:06:41.504  INFO 17460 --- [    Test worker] o.a.zookeeper.server.SessionTrackerImpl  : Shutting down
2018-03-21 09:06:41.504  INFO 17460 --- [    Test worker] o.a.z.server.PrepRequestProcessor        : Shutting down
2018-03-21 09:06:41.504  INFO 17460 --- [    Test worker] o.a.z.server.SyncRequestProcessor        : Shutting down
2018-03-21 09:06:41.504  INFO 17460 --- [0 cport:46253):] o.a.z.server.PrepRequestProcessor        : PrepRequestProcessor exited loop!
2018-03-21 09:06:41.504  INFO 17460 --- [   SyncThread:0] o.a.z.server.SyncRequestProcessor        : SyncRequestProcessor exited!
2018-03-21 09:06:41.504  INFO 17460 --- [    Test worker] o.a.z.server.FinalRequestProcessor       : shutdown of request processor complete
2018-03-21 09:06:41.504  INFO 17460 --- [ry:/127.0.0.1:0] o.a.z.server.NIOServerCnxnFactory        : NIOServerCnxn factory exited run method
]]></system-out>
  <system-err><![CDATA[Exception in thread "topology-client-id-StreamThread-2" java.lang.IllegalArgumentException: Assigned partition rawUserEarningTopic-1 for non-subscribed topic regex pattern; subscription pattern is 
	at org.apache.kafka.clients.consumer.internals.SubscriptionState.assignFromSubscribed(SubscriptionState.java:195)
	at org.apache.kafka.clients.consumer.internals.ConsumerCoordinator.onJoinComplete(ConsumerCoordinator.java:225)
	at org.apache.kafka.clients.consumer.internals.AbstractCoordinator.joinGroupIfNeeded(AbstractCoordinator.java:367)
	at org.apache.kafka.clients.consumer.internals.AbstractCoordinator.ensureActiveGroup(AbstractCoordinator.java:316)
	at org.apache.kafka.clients.consumer.internals.ConsumerCoordinator.poll(ConsumerCoordinator.java:295)
	at org.apache.kafka.clients.consumer.KafkaConsumer.pollOnce(KafkaConsumer.java:1138)
	at org.apache.kafka.clients.consumer.KafkaConsumer.poll(KafkaConsumer.java:1103)
	at org.apache.kafka.streams.processor.internals.StreamThread.pollRequests(StreamThread.java:851)
	at org.apache.kafka.streams.processor.internals.StreamThread.runOnce(StreamThread.java:808)
	at org.apache.kafka.streams.processor.internals.StreamThread.runLoop(StreamThread.java:774)
	at org.apache.kafka.streams.processor.internals.StreamThread.run(StreamThread.java:744)
]]></system-err>
</testsuite>
